rf	rfcat	sex	age	risk30	risk60	risk80
"htdiag_or_highbp"	0	0	1	2.15e-11	1.11e-06	5.13e-06
"htdiag_or_highbp"	1	0	1	3.30e-11	1.71e-06	7.87e-06
"htdiag_or_highbp"	0	1	1	3.70e-11	1.91e-06	8.83e-06
"htdiag_or_highbp"	1	1	1	5.49e-11	2.84e-06	.0000131
"htdiag_or_highbp"	0	0	2	9.16e-11	4.73e-06	.0000218
"htdiag_or_highbp"	1	0	2	1.30e-10	6.69e-06	.0000309
"htdiag_or_highbp"	0	1	2	1.68e-10	8.67e-06	.00004
"htdiag_or_highbp"	1	1	2	2.23e-10	.0000115	.0000531
"htdiag_or_highbp"	0	0	3	2.43e-10	.0000126	.000058
"htdiag_or_highbp"	1	0	3	3.47e-10	.0000179	.0000828
"htdiag_or_highbp"	0	1	3	4.73e-10	.0000244	.0001127
"htdiag_or_highbp"	1	1	3	6.50e-10	.0000336	.0001551
"htdiag_or_highbp"	0	0	4	6.32e-10	.0000327	.0001508
"htdiag_or_highbp"	1	0	4	9.30e-10	.000048	.0002217
"htdiag_or_highbp"	0	1	4	1.31e-09	.0000676	.0003121
"htdiag_or_highbp"	1	1	4	1.88e-09	.0000971	.000448
"htdiag_or_highbp"	0	0	5	1.59e-09	.0000823	.0003799
"htdiag_or_highbp"	1	0	5	2.32e-09	.00012	.0005537
"htdiag_or_highbp"	0	1	5	3.58e-09	.000185	.0008539
"htdiag_or_highbp"	1	1	5	4.97e-09	.0002566	.0011833
"htdiag_or_highbp"	0	0	6	5.64e-09	.0002911	.0013424
"htdiag_or_highbp"	1	0	6	7.54e-09	.0003894	.0017949
"htdiag_or_highbp"	0	1	6	1.21e-08	.0006223	.0028655
"htdiag_or_highbp"	1	1	6	1.57e-08	.0008096	.0037225
"respiratory_disease"	0	0	1	2.22e-11	1.15e-06	5.30e-06
"respiratory_disease"	1	0	1	6.00e-11	3.10e-06	.0000143
"respiratory_disease"	0	1	1	3.89e-11	2.01e-06	9.27e-06
"respiratory_disease"	1	1	1	9.81e-11	5.07e-06	.0000234
"respiratory_disease"	0	0	2	9.70e-11	5.01e-06	.0000231
"respiratory_disease"	1	0	2	2.54e-10	.0000131	.0000606
"respiratory_disease"	0	1	2	1.80e-10	9.28e-06	.0000428
"respiratory_disease"	1	1	2	4.44e-10	.0000229	.0001059
"respiratory_disease"	0	0	3	2.65e-10	.0000137	.0000631
"respiratory_disease"	1	0	3	6.74e-10	.0000348	.0001608
"respiratory_disease"	0	1	3	5.23e-10	.000027	.0001248
"respiratory_disease"	1	1	3	1.30e-09	.0000671	.0003096
"respiratory_disease"	0	0	4	7.04e-10	.0000363	.0001678
"respiratory_disease"	1	0	4	1.75e-09	.0000903	.0004167
"respiratory_disease"	0	1	4	1.47e-09	.0000757	.0003496
"respiratory_disease"	1	1	4	3.65e-09	.0001887	.0008707
"respiratory_disease"	0	0	5	1.79e-09	.0000925	.0004268
"respiratory_disease"	1	0	5	4.34e-09	.0002242	.0010343
"respiratory_disease"	0	1	5	3.82e-09	.0001974	.000911
"respiratory_disease"	1	1	5	9.08e-09	.0004688	.0021601
"respiratory_disease"	0	0	6	6.40e-09	.0003303	.001523
"respiratory_disease"	1	0	6	1.30e-08	.0006696	.003083
"respiratory_disease"	0	1	6	1.26e-08	.0006522	.0030024
"respiratory_disease"	1	1	6	2.58e-08	.0013326	.0061161
"cardiac_disease"	0	0	1	2.23e-11	1.15e-06	5.31e-06
"cardiac_disease"	1	0	1	3.48e-11	1.80e-06	8.31e-06
"cardiac_disease"	0	1	1	3.89e-11	2.01e-06	9.28e-06
"cardiac_disease"	1	1	1	6.57e-11	3.39e-06	.0000157
"cardiac_disease"	0	0	2	9.76e-11	5.04e-06	.0000233
"cardiac_disease"	1	0	2	2.04e-10	.0000105	.0000487
"cardiac_disease"	0	1	2	1.79e-10	9.23e-06	.0000426
"cardiac_disease"	1	1	2	3.75e-10	.0000194	.0000894
"cardiac_disease"	0	0	3	2.68e-10	.0000139	.0000641
"cardiac_disease"	1	0	3	6.13e-10	.0000317	.0001463
"cardiac_disease"	0	1	3	5.13e-10	.0000265	.0001225
"cardiac_disease"	1	1	3	1.09e-09	.0000563	.0002598
"cardiac_disease"	0	0	4	7.18e-10	.0000371	.0001712
"cardiac_disease"	1	0	4	1.68e-09	.0000865	.0003994
"cardiac_disease"	0	1	4	1.42e-09	.0000735	.0003392
"cardiac_disease"	1	1	4	2.96e-09	.0001529	.0007053
"cardiac_disease"	0	0	5	1.80e-09	.0000929	.0004287
"cardiac_disease"	1	0	5	3.96e-09	.0002043	.0009423
"cardiac_disease"	0	1	5	3.67e-09	.0001896	.0008749
"cardiac_disease"	1	1	5	7.25e-09	.0003744	.0017257
"cardiac_disease"	0	0	6	5.81e-09	.0002998	.0013824
"cardiac_disease"	1	0	6	1.10e-08	.0005666	.0026095
"cardiac_disease"	0	1	6	1.15e-08	.0005949	.0027391
"cardiac_disease"	1	1	6	2.02e-08	.0010405	.0047807
"chronic_liver_disease"	0	0	1	2.23e-11	1.15e-06	5.31e-06
"chronic_liver_disease"	1	0	1	6.21e-11	3.21e-06	.0000148
"chronic_liver_disease"	0	1	1	3.89e-11	2.01e-06	9.28e-06
"chronic_liver_disease"	1	1	1	1.13e-10	5.83e-06	.0000269
"chronic_liver_disease"	0	0	2	9.82e-11	5.07e-06	.0000234
"chronic_liver_disease"	1	0	2	2.28e-10	.0000118	.0000543
"chronic_liver_disease"	0	1	2	1.81e-10	9.35e-06	.0000432
"chronic_liver_disease"	1	1	2	4.14e-10	.0000214	.0000987
"chronic_liver_disease"	0	0	3	2.76e-10	.0000143	.0000658
"chronic_liver_disease"	1	0	3	6.79e-10	.0000351	.0001619
"chronic_liver_disease"	0	1	3	5.40e-10	.0000279	.0001288
"chronic_liver_disease"	1	1	3	1.35e-09	.0000695	.0003211
"chronic_liver_disease"	0	0	4	7.68e-10	.0000397	.0001832
"chronic_liver_disease"	1	0	4	2.07e-09	.0001071	.0004941
"chronic_liver_disease"	0	1	4	1.60e-09	.0000825	.0003809
"chronic_liver_disease"	1	1	4	4.34e-09	.000224	.0010325
"chronic_liver_disease"	0	0	5	2.05e-09	.000106	.0004892
"chronic_liver_disease"	1	0	5	4.85e-09	.0002505	.001155
"chronic_liver_disease"	0	1	5	4.46e-09	.0002303	.0010621
"chronic_liver_disease"	1	1	5	1.06e-08	.0005493	.002528
"chronic_liver_disease"	0	0	6	7.16e-09	.0003696	.0017035
"chronic_liver_disease"	1	0	6	1.35e-08	.0006971	.0032077
"chronic_liver_disease"	0	1	6	1.48e-08	.0007617	.0035034
"chronic_liver_disease"	1	1	6	2.82e-08	.0014523	.0066534
"stroke_dementia"	0	0	1	2.23e-11	1.15e-06	5.31e-06
"stroke_dementia"	1	0	1	7.03e-11	3.63e-06	.0000168
"stroke_dementia"	0	1	1	3.90e-11	2.01e-06	9.30e-06
"stroke_dementia"	1	1	1	1.10e-10	5.70e-06	.0000263
"stroke_dementia"	0	0	2	9.80e-11	5.06e-06	.0000234
"stroke_dementia"	1	0	2	2.85e-10	.0000147	.000068
"stroke_dementia"	0	1	2	1.81e-10	9.36e-06	.0000432
"stroke_dementia"	1	1	2	5.28e-10	.0000273	.0001259
"stroke_dementia"	0	0	3	2.73e-10	.0000141	.0000651
"stroke_dementia"	1	0	3	8.71e-10	.000045	.0002077
"stroke_dementia"	0	1	3	5.34e-10	.0000276	.0001275
"stroke_dementia"	1	1	3	1.61e-09	.0000832	.0003842
"stroke_dementia"	0	0	4	7.47e-10	.0000386	.0001781
"stroke_dementia"	1	0	4	2.38e-09	.0001229	.000567
"stroke_dementia"	0	1	4	1.54e-09	.0000796	.0003674
"stroke_dementia"	1	1	4	4.44e-09	.0002292	.0010571
"stroke_dementia"	0	0	5	1.92e-09	.0000994	.0004586
"stroke_dementia"	1	0	5	5.33e-09	.0002751	.0012686
"stroke_dementia"	0	1	5	4.10e-09	.0002119	.0009778
"stroke_dementia"	1	1	5	1.06e-08	.0005449	.0025094
"stroke_dementia"	0	0	6	6.26e-09	.0003233	.0014909
"stroke_dementia"	1	0	6	1.40e-08	.000723	.003328
"stroke_dementia"	0	1	6	1.28e-08	.0006622	.0030483
"stroke_dementia"	1	1	6	2.78e-08	.0014324	.0065709
"other_neuro"	0	0	1	2.21e-11	1.14e-06	5.28e-06
"other_neuro"	1	0	1	6.58e-11	3.40e-06	.0000157
"other_neuro"	0	1	1	3.88e-11	2.01e-06	9.26e-06
"other_neuro"	1	1	1	1.01e-10	5.22e-06	.0000241
"other_neuro"	0	0	2	9.75e-11	5.04e-06	.0000233
"other_neuro"	1	0	2	2.68e-10	.0000138	.0000639
"other_neuro"	0	1	2	1.81e-10	9.36e-06	.0000432
"other_neuro"	1	1	2	4.99e-10	.0000258	.0001189
"other_neuro"	0	0	3	2.73e-10	.0000141	.0000652
"other_neuro"	1	0	3	7.74e-10	.00004	.0001847
"other_neuro"	0	1	3	5.41e-10	.0000279	.0001289
"other_neuro"	1	1	3	1.63e-09	.0000841	.0003883
"other_neuro"	0	0	4	7.61e-10	.0000393	.0001814
"other_neuro"	1	0	4	2.23e-09	.0001154	.0005324
"other_neuro"	0	1	4	1.59e-09	.0000823	.0003797
"other_neuro"	1	1	4	4.97e-09	.0002564	.0011824
"other_neuro"	0	0	5	2.01e-09	.000104	.0004802
"other_neuro"	1	0	5	5.74e-09	.0002966	.0013676
"other_neuro"	0	1	5	4.36e-09	.0002252	.0010386
"other_neuro"	1	1	5	1.23e-08	.0006333	.0029158
"other_neuro"	0	0	6	6.96e-09	.0003595	.0016574
"other_neuro"	1	0	6	1.83e-08	.0009452	.0043432
"other_neuro"	0	1	6	1.42e-08	.0007337	.0033759
"other_neuro"	1	1	6	3.55e-08	.0018273	.0083633
"organ_transplant"	0	0	1	2.22e-11	1.15e-06	5.30e-06
"organ_transplant"	1	0	1	2.84e-10	.0000147	.0000678
"organ_transplant"	0	1	1	3.89e-11	2.01e-06	9.27e-06
"organ_transplant"	1	1	1	4.07e-10	.000021	.0000972
"organ_transplant"	0	0	2	9.79e-11	5.06e-06	.0000234
"organ_transplant"	1	0	2	1.13e-09	.0000586	.0002704
"organ_transplant"	0	1	2	1.81e-10	9.33e-06	.0000431
"organ_transplant"	1	1	2	1.96e-09	.0001014	.0004682
"organ_transplant"	0	0	3	2.75e-10	.0000142	.0000657
"organ_transplant"	1	0	3	3.12e-09	.0001613	.0007442
"organ_transplant"	0	1	3	5.38e-10	.0000278	.0001284
"organ_transplant"	1	1	3	6.07e-09	.0003136	.0014465
"organ_transplant"	0	0	4	7.70e-10	.0000398	.0001836
"organ_transplant"	1	0	4	8.73e-09	.0004504	.0020749
"organ_transplant"	0	1	4	1.60e-09	.0000825	.0003809
"organ_transplant"	1	1	4	1.76e-08	.0009091	.0041809
"organ_transplant"	0	0	5	2.06e-09	.0001066	.0004919
"organ_transplant"	1	0	5	1.66e-08	.0008576	.0039432
"organ_transplant"	0	1	5	4.48e-09	.0002311	.0010662
"organ_transplant"	1	1	5	3.90e-08	.0020101	.0091934
"organ_transplant"	0	0	6	7.19e-09	.000371	.0017102
"organ_transplant"	1	0	6	3.93e-08	.0020262	.009268
"organ_transplant"	0	1	6	1.48e-08	.0007644	.0035161
"organ_transplant"	1	1	6	8.09e-08	.0041553	.0187926
"spleen"	0	0	1	2.23e-11	1.15e-06	5.33e-06
"spleen"	1	0	1	4.52e-11	2.33e-06	.0000108
"spleen"	0	1	1	3.91e-11	2.02e-06	9.32e-06
"spleen"	1	1	1	7.63e-11	3.94e-06	.0000182
"spleen"	0	0	2	9.87e-11	5.10e-06	.0000236
"spleen"	1	0	2	1.78e-10	9.20e-06	.0000425
"spleen"	0	1	2	1.83e-10	9.43e-06	.0000436
"spleen"	1	1	2	3.28e-10	.0000169	.0000782
"spleen"	0	0	3	2.78e-10	.0000144	.0000664
"spleen"	1	0	3	6.21e-10	.0000321	.000148
"spleen"	0	1	3	5.48e-10	.0000283	.0001308
"spleen"	1	1	3	9.83e-10	.0000508	.0002343
"spleen"	0	0	4	7.79e-10	.0000403	.0001859
"spleen"	1	0	4	1.56e-09	.0000804	.0003712
"spleen"	0	1	4	1.63e-09	.0000844	.0003894
"spleen"	1	1	4	3.20e-09	.000165	.0007612
"spleen"	0	0	5	2.08e-09	.0001072	.0004949
"spleen"	1	0	5	3.75e-09	.0001937	.0008939
"spleen"	0	1	5	4.53e-09	.0002337	.0010778
"spleen"	1	1	5	8.29e-09	.0004277	.0019708
"spleen"	0	0	6	7.19e-09	.0003714	.001712
"spleen"	1	0	6	1.19e-08	.000616	.0028363
"spleen"	0	1	6	1.48e-08	.0007658	.0035223
"spleen"	1	1	6	2.29e-08	.0011808	.005424
"ra_sle_psoriasis"	0	0	1	2.20e-11	1.14e-06	5.26e-06
"ra_sle_psoriasis"	1	0	1	3.07e-11	1.59e-06	7.33e-06
"ra_sle_psoriasis"	0	1	1	3.87e-11	2.00e-06	9.24e-06
"ra_sle_psoriasis"	1	1	1	5.31e-11	2.75e-06	.0000127
"ra_sle_psoriasis"	0	0	2	9.75e-11	5.04e-06	.0000233
"ra_sle_psoriasis"	1	0	2	1.23e-10	6.37e-06	.0000294
"ra_sle_psoriasis"	0	1	2	1.81e-10	9.36e-06	.0000432
"ra_sle_psoriasis"	1	1	2	2.20e-10	.0000114	.0000524
"ra_sle_psoriasis"	0	0	3	2.73e-10	.0000141	.0000651
"ra_sle_psoriasis"	1	0	3	3.63e-10	.0000188	.0000866
"ra_sle_psoriasis"	0	1	3	5.41e-10	.000028	.0001291
"ra_sle_psoriasis"	1	1	3	6.93e-10	.0000358	.0001654
"ra_sle_psoriasis"	0	0	4	7.59e-10	.0000392	.000181
"ra_sle_psoriasis"	1	0	4	1.05e-09	.0000541	.0002496
"ra_sle_psoriasis"	0	1	4	1.60e-09	.0000829	.0003826
"ra_sle_psoriasis"	1	1	4	2.11e-09	.0001092	.000504
"ra_sle_psoriasis"	0	0	5	2.02e-09	.0001043	.0004812
"ra_sle_psoriasis"	1	0	5	2.76e-09	.0001423	.0006566
"ra_sle_psoriasis"	0	1	5	4.43e-09	.0002288	.0010552
"ra_sle_psoriasis"	1	1	5	5.87e-09	.0003029	.0013967
"ra_sle_psoriasis"	0	0	6	7.09e-09	.000366	.0016868
"ra_sle_psoriasis"	1	0	6	8.57e-09	.0004424	.0020384
"ra_sle_psoriasis"	0	1	6	1.47e-08	.000757	.0034818
"ra_sle_psoriasis"	1	1	6	1.74e-08	.0008984	.00413
"immunosuppression"	0	0	1	2.10e-11	1.09e-06	5.02e-06
"immunosuppression"	1	0	1	4.65e-11	2.40e-06	.0000111
"immunosuppression"	0	1	1	3.87e-11	2.00e-06	9.23e-06
"immunosuppression"	1	1	1	9.09e-11	4.69e-06	.0000217
"immunosuppression"	0	0	2	9.64e-11	4.98e-06	.000023
"immunosuppression"	1	0	2	1.50e-10	7.77e-06	.0000359
"immunosuppression"	0	1	2	1.81e-10	9.33e-06	.0000431
"immunosuppression"	1	1	2	3.76e-10	.0000194	.0000898
"immunosuppression"	0	0	3	2.76e-10	.0000143	.0000659
"immunosuppression"	1	0	3	5.27e-10	.0000272	.0001257
"immunosuppression"	0	1	3	5.43e-10	.000028	.0001294
"immunosuppression"	1	1	3	1.27e-09	.0000658	.0003036
"immunosuppression"	0	0	4	7.76e-10	.0000401	.0001852
"immunosuppression"	1	0	4	1.95e-09	.0001007	.0004644
"immunosuppression"	0	1	4	1.62e-09	.0000839	.0003873
"immunosuppression"	1	1	4	4.00e-09	.0002063	.0009516
"immunosuppression"	0	0	5	2.07e-09	.000107	.0004939
"immunosuppression"	1	0	5	5.45e-09	.0002815	.0012969
"immunosuppression"	0	1	5	4.51e-09	.0002329	.0010742
"immunosuppression"	1	1	5	1.22e-08	.0006287	.0028886
"immunosuppression"	0	0	6	7.19e-09	.0003712	.0017109
"immunosuppression"	1	0	6	1.55e-08	.0008019	.0036895
"immunosuppression"	0	1	6	1.48e-08	.0007644	.0035157
"immunosuppression"	1	1	6	3.55e-08	.0018245	.0083167
"obese4cat"	1	0	1	1.94e-11	1.00e-06	4.63e-06
"obese4cat"	2	0	1	2.85e-11	1.47e-06	6.81e-06
"obese4cat"	3	0	1	3.58e-11	1.85e-06	8.53e-06
"obese4cat"	4	0	1	5.20e-11	2.69e-06	.0000124
"obese4cat"	1	1	1	3.59e-11	1.86e-06	8.57e-06
"obese4cat"	2	1	1	5.85e-11	3.02e-06	.000014
"obese4cat"	3	1	1	7.14e-11	3.69e-06	.000017
"obese4cat"	4	1	1	1.02e-10	5.25e-06	.0000242
"obese4cat"	1	0	2	8.23e-11	4.25e-06	.0000196
"obese4cat"	2	0	2	1.18e-10	6.07e-06	.000028
"obese4cat"	3	0	2	1.52e-10	7.87e-06	.0000363
"obese4cat"	4	0	2	2.26e-10	.0000117	.0000539
"obese4cat"	1	1	2	1.60e-10	8.28e-06	.0000382
"obese4cat"	2	1	2	2.29e-10	.0000118	.0000546
"obese4cat"	3	1	2	3.08e-10	.0000159	.0000734
"obese4cat"	4	1	2	4.64e-10	.000024	.0001106
"obese4cat"	1	0	3	2.21e-10	.0000114	.0000528
"obese4cat"	2	0	3	3.28e-10	.0000169	.0000782
"obese4cat"	3	0	3	4.38e-10	.0000226	.0001046
"obese4cat"	4	0	3	6.61e-10	.0000341	.0001576
"obese4cat"	1	1	3	4.56e-10	.0000236	.0001089
"obese4cat"	2	1	3	6.56e-10	.0000339	.0001565
"obese4cat"	3	1	3	9.06e-10	.0000468	.000216
"obese4cat"	4	1	3	1.41e-09	.0000731	.0003373
"obese4cat"	1	0	4	6.07e-10	.0000314	.0001448
"obese4cat"	2	0	4	9.34e-10	.0000483	.0002229
"obese4cat"	3	0	4	1.29e-09	.0000666	.0003074
"obese4cat"	4	0	4	2.03e-09	.0001051	.0004849
"obese4cat"	1	1	4	1.33e-09	.0000685	.0003163
"obese4cat"	2	1	4	1.98e-09	.0001021	.0004711
"obese4cat"	3	1	4	2.82e-09	.0001458	.0006728
"obese4cat"	4	1	4	4.39e-09	.0002267	.0010462
"obese4cat"	1	0	5	1.65e-09	.000085	.0003925
"obese4cat"	2	0	5	2.58e-09	.0001335	.000616
"obese4cat"	3	0	5	3.64e-09	.0001882	.0008684
"obese4cat"	4	0	5	5.64e-09	.0002911	.0013427
"obese4cat"	1	1	5	3.76e-09	.0001942	.000896
"obese4cat"	2	1	5	5.73e-09	.0002958	.0013642
"obese4cat"	3	1	5	8.10e-09	.0004183	.0019277
"obese4cat"	4	1	5	1.23e-08	.0006352	.0029253
"obese4cat"	1	0	6	6.47e-09	.0003338	.0015391
"obese4cat"	2	0	6	8.72e-09	.00045	.0020736
"obese4cat"	3	0	6	1.18e-08	.0006073	.0027957
"obese4cat"	4	0	6	1.68e-08	.0008694	.0039988
"obese4cat"	1	1	6	1.37e-08	.0007067	.0032516
"obese4cat"	2	1	6	1.86e-08	.0009579	.0044031
"obese4cat"	3	1	6	2.50e-08	.0012887	.0059143
"obese4cat"	4	1	6	3.37e-08	.0017381	.0079647
"smoke_nomiss"	1	0	1	2.00e-11	1.03e-06	4.76e-06
"smoke_nomiss"	2	0	1	3.06e-11	1.58e-06	7.31e-06
"smoke_nomiss"	3	0	1	1.94e-11	1.00e-06	4.63e-06
"smoke_nomiss"	1	1	1	3.40e-11	1.75e-06	8.10e-06
"smoke_nomiss"	2	1	1	5.85e-11	3.02e-06	.000014
"smoke_nomiss"	3	1	1	3.72e-11	1.92e-06	8.86e-06
"smoke_nomiss"	1	0	2	9.37e-11	4.84e-06	.0000224
"smoke_nomiss"	2	0	2	1.11e-10	5.75e-06	.0000265
"smoke_nomiss"	3	0	2	8.87e-11	4.58e-06	.0000212
"smoke_nomiss"	1	1	2	1.70e-10	8.81e-06	.0000407
"smoke_nomiss"	2	1	2	2.18e-10	.0000113	.000052
"smoke_nomiss"	3	1	2	1.59e-10	8.22e-06	.000038
"smoke_nomiss"	1	0	3	2.53e-10	.0000131	.0000603
"smoke_nomiss"	2	0	3	3.26e-10	.0000168	.0000777
"smoke_nomiss"	3	0	3	2.59e-10	.0000134	.0000617
"smoke_nomiss"	1	1	3	4.75e-10	.0000245	.0001134
"smoke_nomiss"	2	1	3	6.72e-10	.0000347	.0001603
"smoke_nomiss"	3	1	3	4.90e-10	.0000253	.0001169
"smoke_nomiss"	1	0	4	6.64e-10	.0000343	.0001584
"smoke_nomiss"	2	0	4	9.36e-10	.0000483	.0002231
"smoke_nomiss"	3	0	4	7.27e-10	.0000376	.0001735
"smoke_nomiss"	1	1	4	1.25e-09	.0000644	.0002975
"smoke_nomiss"	2	1	4	2.02e-09	.0001042	.0004808
"smoke_nomiss"	3	1	4	1.46e-09	.0000755	.0003485
"smoke_nomiss"	1	0	5	1.68e-09	.0000867	.0004
"smoke_nomiss"	2	0	5	2.50e-09	.0001289	.000595
"smoke_nomiss"	3	0	5	1.93e-09	.0000995	.0004595
"smoke_nomiss"	1	1	5	3.18e-09	.0001645	.000759
"smoke_nomiss"	2	1	5	5.29e-09	.0002731	.0012593
"smoke_nomiss"	3	1	5	3.92e-09	.0002023	.0009333
"smoke_nomiss"	1	0	6	6.07e-09	.0003134	.001445
"smoke_nomiss"	2	0	6	8.63e-09	.0004456	.0020531
"smoke_nomiss"	3	0	6	5.57e-09	.0002876	.0013267
"smoke_nomiss"	1	1	6	1.09e-08	.0005648	.0026008
"smoke_nomiss"	2	1	6	1.68e-08	.0008647	.0039755
"smoke_nomiss"	3	1	6	1.12e-08	.0005758	.0026522
"imd"	1	0	1	1.59e-11	8.21e-07	3.79e-06
"imd"	2	0	1	1.89e-11	9.76e-07	4.51e-06
"imd"	3	0	1	2.00e-11	1.03e-06	4.78e-06
"imd"	4	0	1	2.53e-11	1.31e-06	6.04e-06
"imd"	5	0	1	2.81e-11	1.45e-06	6.71e-06
"imd"	1	1	1	2.64e-11	1.36e-06	6.30e-06
"imd"	2	1	1	3.27e-11	1.69e-06	7.80e-06
"imd"	3	1	1	3.57e-11	1.85e-06	8.53e-06
"imd"	4	1	1	4.49e-11	2.32e-06	.0000107
"imd"	5	1	1	4.82e-11	2.49e-06	.0000115
"imd"	1	0	2	6.61e-11	3.41e-06	.0000158
"imd"	2	0	2	8.08e-11	4.17e-06	.0000193
"imd"	3	0	2	8.89e-11	4.59e-06	.0000212
"imd"	4	0	2	1.19e-10	6.16e-06	.0000284
"imd"	5	0	2	1.40e-10	7.24e-06	.0000334
"imd"	1	1	2	1.23e-10	6.37e-06	.0000294
"imd"	2	1	2	1.51e-10	7.79e-06	.000036
"imd"	3	1	2	1.66e-10	8.58e-06	.0000396
"imd"	4	1	2	2.18e-10	.0000113	.0000521
"imd"	5	1	2	2.44e-10	.0000126	.0000582
"imd"	1	0	3	1.76e-10	9.12e-06	.0000421
"imd"	2	0	3	2.19e-10	.0000113	.0000523
"imd"	3	0	3	2.48e-10	.0000128	.0000592
"imd"	4	0	3	3.45e-10	.0000178	.0000824
"imd"	5	0	3	4.26e-10	.000022	.0001016
"imd"	1	1	3	3.52e-10	.0000182	.000084
"imd"	2	1	3	4.38e-10	.0000226	.0001044
"imd"	3	1	3	4.94e-10	.0000255	.0001177
"imd"	4	1	3	6.74e-10	.0000348	.0001607
"imd"	5	1	3	8.01e-10	.0000414	.0001911
"imd"	1	0	4	4.83e-10	.000025	.0001152
"imd"	2	0	4	6.10e-10	.0000315	.0001454
"imd"	3	0	4	6.92e-10	.0000357	.000165
"imd"	4	0	4	9.81e-10	.0000507	.000234
"imd"	5	0	4	1.28e-09	.0000659	.0003042
"imd"	1	1	4	1.03e-09	.0000534	.0002467
"imd"	2	1	4	1.29e-09	.0000664	.0003067
"imd"	3	1	4	1.47e-09	.0000757	.0003496
"imd"	4	1	4	2.03e-09	.0001051	.0004849
"imd"	5	1	4	2.56e-09	.0001321	.0006098
"imd"	1	0	5	1.29e-09	.0000669	.0003087
"imd"	2	0	5	1.63e-09	.0000844	.0003895
"imd"	3	0	5	1.88e-09	.000097	.0004477
"imd"	4	0	5	2.70e-09	.0001392	.0006425
"imd"	5	0	5	3.62e-09	.0001868	.000862
"imd"	1	1	5	2.94e-09	.0001517	.0007
"imd"	2	1	5	3.68e-09	.0001899	.0008761
"imd"	3	1	5	4.15e-09	.0002144	.000989
"imd"	4	1	5	5.84e-09	.0003013	.0013894
"imd"	5	1	5	7.45e-09	.0003849	.001774
"imd"	1	0	6	4.64e-09	.0002397	.0011059
"imd"	2	0	6	5.88e-09	.0003035	.0013997
"imd"	3	0	6	6.53e-09	.0003371	.0015546
"imd"	4	0	6	9.03e-09	.0004662	.0021484
"imd"	5	0	6	1.15e-08	.0005947	.0027384
"imd"	1	1	6	1.00e-08	.0005176	.0023844
"imd"	2	1	6	1.24e-08	.0006397	.0029452
"imd"	3	1	6	1.39e-08	.0007176	.0033026
"imd"	4	1	6	1.89e-08	.0009725	.0044699
"imd"	5	1	6	2.34e-08	.0012043	.0055279
"asthmacat"	1	0	1	2.19e-11	1.13e-06	5.23e-06
"asthmacat"	2	0	1	2.30e-11	1.19e-06	5.49e-06
"asthmacat"	3	0	1	3.64e-11	1.88e-06	8.68e-06
"asthmacat"	1	1	1	3.96e-11	2.04e-06	9.44e-06
"asthmacat"	2	1	1	3.62e-11	1.87e-06	8.64e-06
"asthmacat"	3	1	1	5.75e-11	2.97e-06	.0000137
"asthmacat"	1	0	2	9.58e-11	4.95e-06	.0000229
"asthmacat"	2	0	2	1.06e-10	5.47e-06	.0000253
"asthmacat"	3	0	2	1.59e-10	8.21e-06	.0000379
"asthmacat"	1	1	2	1.81e-10	9.33e-06	.0000431
"asthmacat"	2	1	2	1.87e-10	9.68e-06	.0000447
"asthmacat"	3	1	2	2.91e-10	.000015	.0000694
"asthmacat"	1	0	3	2.64e-10	.0000137	.0000631
"asthmacat"	2	0	3	3.20e-10	.0000165	.0000764
"asthmacat"	3	0	3	5.01e-10	.0000259	.0001194
"asthmacat"	1	1	3	5.36e-10	.0000277	.0001278
"asthmacat"	2	1	3	5.95e-10	.0000307	.0001419
"asthmacat"	3	1	3	9.78e-10	.0000505	.0002333
"asthmacat"	1	0	4	7.32e-10	.0000378	.0001746
"asthmacat"	2	0	4	9.35e-10	.0000483	.000223
"asthmacat"	3	0	4	1.49e-09	.0000772	.0003561
"asthmacat"	1	1	4	1.58e-09	.0000818	.0003775
"asthmacat"	2	1	4	1.84e-09	.0000952	.0004393
"asthmacat"	3	1	4	3.08e-09	.0001593	.000735
"asthmacat"	1	0	5	1.95e-09	.0001007	.000465
"asthmacat"	2	0	5	2.53e-09	.0001306	.0006026
"asthmacat"	3	0	5	3.94e-09	.0002036	.0009395
"asthmacat"	1	1	5	4.38e-09	.000226	.0010426
"asthmacat"	2	1	5	5.22e-09	.0002694	.0012425
"asthmacat"	3	1	5	8.41e-09	.0004342	.002001
"asthmacat"	1	0	6	6.93e-09	.0003578	.0016493
"asthmacat"	2	0	6	8.21e-09	.0004239	.0019535
"asthmacat"	3	0	6	1.17e-08	.0006054	.0027864
"asthmacat"	1	1	6	1.44e-08	.0007435	.0034203
"asthmacat"	2	1	6	1.70e-08	.0008761	.0040259
"asthmacat"	3	1	6	2.51e-08	.0012943	.005937
"diabcat"	1	0	1	2.14e-11	1.10e-06	5.10e-06
"diabcat"	2	0	1	6.67e-11	3.45e-06	.0000159
"diabcat"	3	0	1	7.96e-11	4.11e-06	.000019
"diabcat"	4	0	1	6.50e-11	3.36e-06	.0000155
"diabcat"	1	1	1	3.76e-11	1.94e-06	8.96e-06
"diabcat"	2	1	1	1.23e-10	6.36e-06	.0000294
"diabcat"	3	1	1	1.39e-10	7.20e-06	.0000332
"diabcat"	4	1	1	1.12e-10	5.78e-06	.0000267
"diabcat"	1	0	2	8.95e-11	4.62e-06	.0000213
"diabcat"	2	0	2	2.24e-10	.0000116	.0000535
"diabcat"	3	0	2	3.18e-10	.0000164	.0000758
"diabcat"	4	0	2	2.57e-10	.0000133	.0000613
"diabcat"	1	1	2	1.63e-10	8.41e-06	.0000388
"diabcat"	2	1	2	4.06e-10	.000021	.0000969
"diabcat"	3	1	2	5.52e-10	.0000285	.0001316
"diabcat"	4	1	2	4.78e-10	.0000247	.0001141
"diabcat"	1	0	3	2.34e-10	.0000121	.0000557
"diabcat"	2	0	3	6.07e-10	.0000313	.0001447
"diabcat"	3	0	3	8.76e-10	.0000453	.000209
"diabcat"	4	0	3	7.26e-10	.0000375	.0001732
"diabcat"	1	1	3	4.42e-10	.0000228	.0001054
"diabcat"	2	1	3	1.10e-09	.0000566	.0002612
"diabcat"	3	1	3	1.55e-09	.0000801	.0003699
"diabcat"	4	1	3	1.34e-09	.000069	.0003185
"diabcat"	1	0	4	6.03e-10	.0000311	.0001438
"diabcat"	2	0	4	1.52e-09	.0000787	.0003633
"diabcat"	3	0	4	2.40e-09	.0001238	.0005716
"diabcat"	4	0	4	1.91e-09	.0000986	.0004548
"diabcat"	1	1	4	1.19e-09	.0000612	.0002828
"diabcat"	2	1	4	2.88e-09	.0001489	.0006872
"diabcat"	3	1	4	4.31e-09	.0002225	.0010266
"diabcat"	4	1	4	3.63e-09	.0001876	.0008654
"diabcat"	1	0	5	1.53e-09	.000079	.0003647
"diabcat"	2	0	5	3.72e-09	.0001922	.000887
"diabcat"	3	0	5	6.23e-09	.0003218	.0014841
"diabcat"	4	0	5	4.79e-09	.0002471	.0011399
"diabcat"	1	1	5	3.17e-09	.0001636	.0007551
"diabcat"	2	1	5	7.27e-09	.0003751	.0017297
"diabcat"	3	1	5	1.15e-08	.0005955	.0027431
"diabcat"	4	1	5	9.55e-09	.000493	.0022699
"diabcat"	1	0	6	5.39e-09	.0002783	.001284
"diabcat"	2	0	6	1.08e-08	.0005565	.0025638
"diabcat"	3	0	6	1.76e-08	.0009091	.0041814
"diabcat"	4	0	6	1.60e-08	.0008243	.0037934
"diabcat"	1	1	6	1.06e-08	.0005487	.0025279
"diabcat"	2	1	6	2.11e-08	.0010862	.0049919
"diabcat"	3	1	6	3.27e-08	.0016833	.0077166
"diabcat"	4	1	6	3.10e-08	.001596	.0073168
"cancer_exhaem_cat"	1	0	1	2.23e-11	1.15e-06	5.31e-06
"cancer_exhaem_cat"	2	0	1	5.38e-11	2.78e-06	.0000128
"cancer_exhaem_cat"	3	0	1	3.75e-11	1.94e-06	8.95e-06
"cancer_exhaem_cat"	4	0	1	3.22e-11	1.67e-06	7.69e-06
"cancer_exhaem_cat"	1	1	1	3.90e-11	2.02e-06	9.31e-06
"cancer_exhaem_cat"	2	1	1	9.27e-11	4.79e-06	.0000221
"cancer_exhaem_cat"	3	1	1	6.64e-11	3.43e-06	.0000158
"cancer_exhaem_cat"	4	1	1	5.30e-11	2.74e-06	.0000126
"cancer_exhaem_cat"	1	0	2	9.83e-11	5.08e-06	.0000234
"cancer_exhaem_cat"	2	0	2	1.79e-10	9.24e-06	.0000427
"cancer_exhaem_cat"	3	0	2	1.29e-10	6.66e-06	.0000308
"cancer_exhaem_cat"	4	0	2	1.07e-10	5.55e-06	.0000256
"cancer_exhaem_cat"	1	1	2	1.82e-10	9.42e-06	.0000435
"cancer_exhaem_cat"	2	1	2	3.72e-10	.0000192	.0000887
"cancer_exhaem_cat"	3	1	2	2.68e-10	.0000138	.0000639
"cancer_exhaem_cat"	4	1	2	2.01e-10	.0000104	.000048
"cancer_exhaem_cat"	1	0	3	2.76e-10	.0000143	.0000659
"cancer_exhaem_cat"	2	0	3	4.99e-10	.0000258	.000119
"cancer_exhaem_cat"	3	0	3	3.48e-10	.000018	.000083
"cancer_exhaem_cat"	4	0	3	2.90e-10	.000015	.0000691
"cancer_exhaem_cat"	1	1	3	5.44e-10	.0000281	.0001297
"cancer_exhaem_cat"	2	1	3	1.07e-09	.000055	.0002541
"cancer_exhaem_cat"	3	1	3	8.30e-10	.0000429	.000198
"cancer_exhaem_cat"	4	1	3	6.62e-10	.0000342	.0001579
"cancer_exhaem_cat"	1	0	4	7.66e-10	.0000396	.0001828
"cancer_exhaem_cat"	2	0	4	1.53e-09	.0000789	.0003642
"cancer_exhaem_cat"	3	0	4	1.03e-09	.0000532	.0002458
"cancer_exhaem_cat"	4	0	4	8.07e-10	.0000417	.0001924
"cancer_exhaem_cat"	1	1	4	1.60e-09	.0000826	.0003813
"cancer_exhaem_cat"	2	1	4	3.17e-09	.0001635	.0007543
"cancer_exhaem_cat"	3	1	4	2.19e-09	.0001129	.000521
"cancer_exhaem_cat"	4	1	4	1.86e-09	.0000962	.000444
"cancer_exhaem_cat"	1	0	5	2.04e-09	.0001051	.0004852
"cancer_exhaem_cat"	2	0	5	3.96e-09	.0002045	.0009434
"cancer_exhaem_cat"	3	0	5	2.69e-09	.000139	.0006416
"cancer_exhaem_cat"	4	0	5	2.11e-09	.000109	.0005031
"cancer_exhaem_cat"	1	1	5	4.38e-09	.0002262	.0010435
"cancer_exhaem_cat"	2	1	5	7.98e-09	.0004117	.0018971
"cancer_exhaem_cat"	3	1	5	5.65e-09	.0002915	.0013437
"cancer_exhaem_cat"	4	1	5	4.85e-09	.0002503	.0011542
"cancer_exhaem_cat"	1	0	6	7.13e-09	.0003679	.001696
"cancer_exhaem_cat"	2	0	6	1.18e-08	.0006093	.0028059
"cancer_exhaem_cat"	3	0	6	8.40e-09	.0004337	.0019978
"cancer_exhaem_cat"	4	0	6	7.08e-09	.0003656	.0016855
"cancer_exhaem_cat"	1	1	6	1.45e-08	.0007494	.0034471
"cancer_exhaem_cat"	2	1	6	2.40e-08	.0012366	.0056753
"cancer_exhaem_cat"	3	1	6	1.70e-08	.0008756	.0040268
"cancer_exhaem_cat"	4	1	6	1.49e-08	.0007687	.0035361
"cancer_haem_cat"	1	0	1	2.23e-11	1.15e-06	5.32e-06
"cancer_haem_cat"	2	0	1	1.02e-10	5.27e-06	.0000243
"cancer_haem_cat"	3	0	1	8.65e-11	4.47e-06	.0000206
"cancer_haem_cat"	4	0	1	5.10e-11	2.63e-06	.0000122
"cancer_haem_cat"	1	1	1	3.90e-11	2.01e-06	9.30e-06
"cancer_haem_cat"	2	1	1	1.60e-10	8.29e-06	.0000383
"cancer_haem_cat"	3	1	1	1.64e-10	8.46e-06	.000039
"cancer_haem_cat"	4	1	1	8.62e-11	4.45e-06	.0000206
"cancer_haem_cat"	1	0	2	9.84e-11	5.09e-06	.0000235
"cancer_haem_cat"	2	0	2	4.00e-10	.0000207	.0000955
"cancer_haem_cat"	3	0	2	4.47e-10	.0000231	.0001067
"cancer_haem_cat"	4	0	2	2.05e-10	.0000106	.0000488
"cancer_haem_cat"	1	1	2	1.82e-10	9.40e-06	.0000434
"cancer_haem_cat"	2	1	2	7.81e-10	.0000403	.0001863
"cancer_haem_cat"	3	1	2	7.19e-10	.0000371	.0001714
"cancer_haem_cat"	4	1	2	3.93e-10	.0000203	.0000937
"cancer_haem_cat"	1	0	3	2.77e-10	.0000143	.000066
"cancer_haem_cat"	2	0	3	1.10e-09	.0000569	.0002629
"cancer_haem_cat"	3	0	3	1.23e-09	.0000636	.0002937
"cancer_haem_cat"	4	0	3	6.02e-10	.0000311	.0001435
"cancer_haem_cat"	1	1	3	5.44e-10	.0000281	.0001297
"cancer_haem_cat"	2	1	3	2.18e-09	.0001124	.000519
"cancer_haem_cat"	3	1	3	2.32e-09	.0001196	.0005519
"cancer_haem_cat"	4	1	3	1.22e-09	.000063	.0002907
"cancer_haem_cat"	1	0	4	7.71e-10	.0000398	.0001838
"cancer_haem_cat"	2	0	4	2.96e-09	.0001527	.0007047
"cancer_haem_cat"	3	0	4	3.08e-09	.0001588	.0007331
"cancer_haem_cat"	4	0	4	1.73e-09	.0000895	.0004132
"cancer_haem_cat"	1	1	4	1.61e-09	.000083	.0003834
"cancer_haem_cat"	2	1	4	5.98e-09	.0003087	.0014235
"cancer_haem_cat"	3	1	4	6.48e-09	.0003348	.0015433
"cancer_haem_cat"	4	1	4	3.46e-09	.0001788	.000825
"cancer_haem_cat"	1	0	5	2.04e-09	.0001052	.0004856
"cancer_haem_cat"	2	0	5	7.38e-09	.000381	.0017566
"cancer_haem_cat"	3	0	5	7.71e-09	.0003979	.0018334
"cancer_haem_cat"	4	0	5	4.25e-09	.0002195	.0010126
"cancer_haem_cat"	1	1	5	4.41e-09	.0002277	.0010501
"cancer_haem_cat"	2	1	5	1.60e-08	.0008246	.0037953
"cancer_haem_cat"	3	1	5	1.63e-08	.0008395	.0038553
"cancer_haem_cat"	4	1	5	8.80e-09	.0004545	.0020945
"cancer_haem_cat"	1	0	6	7.07e-09	.0003652	.0016834
"cancer_haem_cat"	2	0	6	2.13e-08	.0010969	.005032
"cancer_haem_cat"	3	0	6	2.12e-08	.0010923	.0050205
"cancer_haem_cat"	4	0	6	1.28e-08	.0006624	.0030466
"cancer_haem_cat"	1	1	6	1.44e-08	.0007428	.0034176
"cancer_haem_cat"	2	1	6	4.77e-08	.0024579	.0112264
"cancer_haem_cat"	3	1	6	4.87e-08	.002506	.0114191
"cancer_haem_cat"	4	1	6	2.73e-08	.0014054	.0064429
"red_kidney_cat"	1	0	1	2.22e-11	1.15e-06	5.30e-06
"red_kidney_cat"	2	0	1	8.96e-11	4.63e-06	.0000214
"red_kidney_cat"	3	0	1	3.05e-10	.0000158	.0000728
"red_kidney_cat"	1	1	1	3.88e-11	2.01e-06	9.26e-06
"red_kidney_cat"	2	1	1	1.59e-10	8.21e-06	.0000379
"red_kidney_cat"	3	1	1	4.56e-10	.0000236	.0001089
"red_kidney_cat"	1	0	2	9.73e-11	5.02e-06	.0000232
"red_kidney_cat"	2	0	2	2.62e-10	.0000136	.0000626
"red_kidney_cat"	3	0	2	1.15e-09	.0000595	.0002746
"red_kidney_cat"	1	1	2	1.80e-10	9.28e-06	.0000428
"red_kidney_cat"	2	1	2	5.41e-10	.000028	.0001291
"red_kidney_cat"	3	1	2	1.95e-09	.0001005	.0004642
"red_kidney_cat"	1	0	3	2.68e-10	.0000138	.0000638
"red_kidney_cat"	2	0	3	6.54e-10	.0000338	.000156
"red_kidney_cat"	3	0	3	3.01e-09	.0001554	.000717
"red_kidney_cat"	1	1	3	5.26e-10	.0000271	.0001254
"red_kidney_cat"	2	1	3	1.45e-09	.0000747	.000345
"red_kidney_cat"	3	1	3	5.61e-09	.0002895	.0013354
"red_kidney_cat"	1	0	4	7.02e-10	.0000363	.0001675
"red_kidney_cat"	2	0	4	1.69e-09	.0000875	.0004037
"red_kidney_cat"	3	0	4	7.35e-09	.0003792	.001748
"red_kidney_cat"	1	1	4	1.47e-09	.0000759	.0003504
"red_kidney_cat"	2	1	4	3.73e-09	.0001928	.0008894
"red_kidney_cat"	3	1	4	1.42e-08	.000731	.003364
"red_kidney_cat"	1	0	5	1.63e-09	.0000845	.0003899
"red_kidney_cat"	2	0	5	3.65e-09	.0001883	.0008689
"red_kidney_cat"	3	0	5	1.39e-08	.0007163	.0032979
"red_kidney_cat"	1	1	5	3.58e-09	.0001847	.0008525
"red_kidney_cat"	2	1	5	7.89e-09	.0004075	.0018788
"red_kidney_cat"	3	1	5	2.59e-08	.001335	.006129
"red_kidney_cat"	1	0	6	4.42e-09	.0002282	.0010529
"red_kidney_cat"	2	0	6	9.08e-09	.0004689	.0021614
"red_kidney_cat"	3	0	6	2.78e-08	.001433	.0065828
"red_kidney_cat"	1	1	6	9.22e-09	.0004762	.0021953
"red_kidney_cat"	2	1	6	1.88e-08	.0009701	.0044632
"red_kidney_cat"	3	1	6	5.31e-08	.0027328	.01249
"Smoking, comorb=0"	1	0	1	1.70e-11	8.80e-07	4.07e-06
"Smoking, comorb=1"	1	0	1	3.54e-11	1.83e-06	8.44e-06
"Smoking, comorb=0"	2	0	1	2.58e-11	1.33e-06	6.15e-06
"Smoking, comorb=1"	2	0	1	4.74e-11	2.45e-06	.0000113
"Smoking, comorb=0"	3	0	1	1.64e-11	8.48e-07	3.92e-06
"Smoking, comorb=1"	3	0	1	3.09e-11	1.59e-06	7.36e-06
"Smoking, comorb=0"	1	1	1	3.04e-11	1.57e-06	7.25e-06
"Smoking, comorb=1"	1	1	1	5.44e-11	2.81e-06	.000013
"Smoking, comorb=0"	2	1	1	5.14e-11	2.66e-06	.0000123
"Smoking, comorb=1"	2	1	1	8.20e-11	4.23e-06	.0000196
"Smoking, comorb=0"	3	1	1	3.33e-11	1.72e-06	7.95e-06
"Smoking, comorb=1"	3	1	1	5.33e-11	2.75e-06	.0000127
"Smoking, comorb=0"	1	0	2	7.52e-11	3.89e-06	.0000179
"Smoking, comorb=1"	1	0	2	1.33e-10	6.85e-06	.0000317
"Smoking, comorb=0"	2	0	2	8.81e-11	4.55e-06	.000021
"Smoking, comorb=1"	2	0	2	1.55e-10	8.01e-06	.000037
"Smoking, comorb=0"	3	0	2	6.92e-11	3.58e-06	.0000165
"Smoking, comorb=1"	3	0	2	1.21e-10	6.25e-06	.0000289
"Smoking, comorb=0"	1	1	2	1.41e-10	7.27e-06	.0000336
"Smoking, comorb=1"	1	1	2	2.27e-10	.0000117	.000054
"Smoking, comorb=0"	2	1	2	1.69e-10	8.75e-06	.0000404
"Smoking, comorb=1"	2	1	2	2.88e-10	.0000149	.0000686
"Smoking, comorb=0"	3	1	2	1.28e-10	6.59e-06	.0000304
"Smoking, comorb=1"	3	1	2	2.11e-10	.0000109	.0000503
"Smoking, comorb=0"	1	0	3	1.83e-10	9.43e-06	.0000435
"Smoking, comorb=1"	1	0	3	3.31e-10	.0000171	.0000788
"Smoking, comorb=0"	2	0	3	2.21e-10	.0000114	.0000528
"Smoking, comorb=1"	2	0	3	4.24e-10	.0000219	.0001012
"Smoking, comorb=0"	3	0	3	1.69e-10	8.75e-06	.0000404
"Smoking, comorb=1"	3	0	3	3.30e-10	.000017	.0000787
"Smoking, comorb=0"	1	1	3	3.43e-10	.0000177	.0000819
"Smoking, comorb=1"	1	1	3	5.95e-10	.0000307	.0001419
"Smoking, comorb=0"	2	1	3	4.26e-10	.000022	.0001017
"Smoking, comorb=1"	2	1	3	8.29e-10	.0000428	.0001978
"Smoking, comorb=0"	3	1	3	3.20e-10	.0000165	.0000764
"Smoking, comorb=1"	3	1	3	6.12e-10	.0000316	.0001459
"Smoking, comorb=0"	1	0	4	4.09e-10	.0000211	.0000975
"Smoking, comorb=1"	1	0	4	8.10e-10	.0000418	.0001932
"Smoking, comorb=0"	2	0	4	5.12e-10	.0000265	.0001222
"Smoking, comorb=1"	2	0	4	1.12e-09	.0000577	.0002664
"Smoking, comorb=0"	3	0	4	3.78e-10	.0000195	.0000902
"Smoking, comorb=1"	3	0	4	8.54e-10	.0000441	.0002037
"Smoking, comorb=0"	1	1	4	7.60e-10	.0000392	.0001812
"Smoking, comorb=1"	1	1	4	1.48e-09	.0000763	.0003523
"Smoking, comorb=0"	2	1	4	9.82e-10	.0000507	.0002343
"Smoking, comorb=1"	2	1	4	2.30e-09	.0001189	.0005489
"Smoking, comorb=0"	3	1	4	7.35e-10	.000038	.0001753
"Smoking, comorb=1"	3	1	4	1.69e-09	.0000872	.0004027
"Smoking, comorb=0"	1	0	5	8.59e-10	.0000444	.000205
"Smoking, comorb=1"	1	0	5	1.88e-09	.0000971	.0004483
"Smoking, comorb=0"	2	0	5	1.07e-09	.0000551	.0002543
"Smoking, comorb=1"	2	0	5	2.74e-09	.0001417	.0006541
"Smoking, comorb=0"	3	0	5	8.14e-10	.0000421	.0001942
"Smoking, comorb=1"	3	0	5	2.09e-09	.0001081	.0004989
"Smoking, comorb=0"	1	1	5	1.60e-09	.0000829	.0003827
"Smoking, comorb=1"	1	1	5	3.54e-09	.0001828	.0008433
"Smoking, comorb=0"	2	1	5	2.04e-09	.0001055	.0004873
"Smoking, comorb=1"	2	1	5	5.68e-09	.0002933	.0013523
"Smoking, comorb=0"	3	1	5	1.57e-09	.0000812	.0003748
"Smoking, comorb=1"	3	1	5	4.23e-09	.0002183	.001007
"Smoking, comorb=0"	1	0	6	2.29e-09	.0001183	.0005464
"Smoking, comorb=1"	1	0	6	6.32e-09	.0003264	.0015047
"Smoking, comorb=0"	2	0	6	2.71e-09	.0001397	.0006452
"Smoking, comorb=1"	2	0	6	8.89e-09	.0004589	.0021143
"Smoking, comorb=0"	3	0	6	1.91e-09	.0000986	.0004553
"Smoking, comorb=1"	3	0	6	5.77e-09	.0002977	.0013734
"Smoking, comorb=0"	1	1	6	4.24e-09	.000219	.001011
"Smoking, comorb=1"	1	1	6	1.15e-08	.0005928	.0027294
"Smoking, comorb=0"	2	1	6	4.93e-09	.0002544	.0011743
"Smoking, comorb=1"	2	1	6	1.72e-08	.0008892	.0040879
"Smoking, comorb=0"	3	1	6	3.79e-09	.0001957	.0009031
"Smoking, comorb=1"	3	1	6	1.15e-08	.0005954	.0027426
