-------------------------------------------------------------------------------------------------------
      name:  <unnamed>
       log:  E:\analyses\alex-tmp-repo-3\analysis\output/an_bp_exploration_cox_models_cpnsdeath_imdTOor
> gan_transplant.log
  log type:  text
 opened on:  14 May 2020, 21:40:10

. 
. * Open dataset and fit specified model(s)
. use "cr_create_analysis_dataset_STSET_`outcome'.dta", clear
(Analysis dataset for the poor outcomes in Covid project)

. 
. 
. foreach var of any `varlist' {
  2. 
.         *General form of model
.         local model "age1 age2 age3 i.male i.`var' i.htdiag_or_highbp"
  3. 
.         *Fit and save model
.         cap erase ./output/models/an_bp_exploration_cox_models_`outcome'_AGESEX_`var'.ster
  4.         capture stcox `model' , strata(stp) 
  5.         if _rc==0 {
  6.                 estimates
  7.                 estimates save ./output/models/an_bp_exploration_cox_models_`outcome'_AGESEX_`var'
> , replace
  8.                 }
  9.         else di "WARNING - `var' vs `outcome' MODEL DID NOT SUCCESSFULLY FIT"
 10. 
. }

-------------------------------------------------------------------------------------------------------
active results
-------------------------------------------------------------------------------------------------------

Stratified Cox regr. -- Breslow method for ties

No. of subjects =   17,282,832                  Number of obs    =  17,282,832
No. of failures =        5,651
Time at risk    =   1449942098
                                                LR chi2(9)       =    15667.93
Log likelihood  =   -68163.133                  Prob > chi2      =      0.0000

------------------------------------------------------------------------------------
                _t | Haz. Ratio   Std. Err.      z    P>|z|     [95% Conf. Interval]
-------------------+----------------------------------------------------------------
              age1 |    1.11294   .0257741     4.62   0.000     1.063553     1.16462
              age2 |   1.043396   .0541736     0.82   0.413     .9424412    1.155164
              age3 |   .8645348   .1054421    -1.19   0.233     .6807169     1.09799
            1.male |   2.258238   .0628537    29.27   0.000     2.138346    2.384851
                   |
               imd |
                2  |   1.182702   .0533416     3.72   0.000     1.082642    1.292009
                3  |   1.349635   .0604583     6.69   0.000     1.236192    1.473489
                4  |   1.718962   .0755918    12.32   0.000      1.57701    1.873691
  5 most deprived  |   2.152148   .0961643    17.15   0.000     1.971687    2.349126
                   |
1.htdiag_or_highbp |   1.211699   .0382743     6.08   0.000     1.138958    1.289086
------------------------------------------------------------------------------------
                                                             Stratified by stp
(note: file ./output/models/an_bp_exploration_cox_models_cpnsdeath_AGESEX_imd.ster not found)
file ./output/models/an_bp_exploration_cox_models_cpnsdeath_AGESEX_imd.ster saved

-------------------------------------------------------------------------------------------------------
active results
-------------------------------------------------------------------------------------------------------

Stratified Cox regr. -- Breslow method for ties

No. of subjects =   17,282,832                  Number of obs    =  17,282,832
No. of failures =        5,651
Time at risk    =   1449942098
                                                LR chi2(8)       =    15798.31
Log likelihood  =   -68097.943                  Prob > chi2      =      0.0000

-------------------------------------------------------------------------------------
                 _t | Haz. Ratio   Std. Err.      z    P>|z|     [95% Conf. Interval]
--------------------+----------------------------------------------------------------
               age1 |   1.113641   .0259845     4.61   0.000      1.06386    1.165752
               age2 |   1.021109   .0533008     0.40   0.689     .9218074    1.131107
               age3 |   .9346552   .1145165    -0.55   0.581     .7351228    1.188346
             1.male |   2.330954   .0650845    30.31   0.000     2.206819    2.462073
                    |
          obese4cat |
 Obese I (30-34.9)  |   1.551491   .0530648    12.84   0.000     1.450895    1.659061
Obese II (35-39.9)  |   2.145326   .1074754    15.24   0.000     1.944689    2.366662
   Obese III (40+)  |   3.403121   .2247943    18.54   0.000     2.989861    3.873502
                    |
 1.htdiag_or_highbp |   1.110405   .0354234     3.28   0.001     1.043102     1.18205
-------------------------------------------------------------------------------------
                                                             Stratified by stp
(note: file ./output/models/an_bp_exploration_cox_models_cpnsdeath_AGESEX_obese4cat.ster not found)
file ./output/models/an_bp_exploration_cox_models_cpnsdeath_AGESEX_obese4cat.ster saved

-------------------------------------------------------------------------------------------------------
active results
-------------------------------------------------------------------------------------------------------

Stratified Cox regr. -- Breslow method for ties

No. of subjects =   17,282,832                  Number of obs    =  17,282,832
No. of failures =        5,651
Time at risk    =   1449942098
                                                LR chi2(6)       =    15404.23
Log likelihood  =   -68294.982                  Prob > chi2      =      0.0000

------------------------------------------------------------------------------------
                _t | Haz. Ratio   Std. Err.      z    P>|z|     [95% Conf. Interval]
-------------------+----------------------------------------------------------------
              age1 |   1.114425   .0258654     4.67   0.000     1.064866    1.166291
              age2 |   1.030951   .0535843     0.59   0.558     .9310999     1.14151
              age3 |    .895262   .1092572    -0.91   0.365     .7048067    1.137183
            1.male |   2.234691   .0621705    28.90   0.000     2.116101    2.359926
1.organ_transplant |   7.027043   1.010844    13.55   0.000     5.300622    9.315762
1.htdiag_or_highbp |   1.219922   .0385597     6.29   0.000      1.14664    1.297888
------------------------------------------------------------------------------------
                                                             Stratified by stp
(note: file ./output/models/an_bp_exploration_cox_models_cpnsdeath_AGESEX_organ_transplant.ster not fou
> nd)
file ./output/models/an_bp_exploration_cox_models_cpnsdeath_AGESEX_organ_transplant.ster saved

. 
. 
. * Close log file
. log close
      name:  <unnamed>
       log:  E:\analyses\alex-tmp-repo-3\analysis\output/an_bp_exploration_cox_models_cpnsdeath_imdTOor
> gan_transplant.log
  log type:  text
 closed on:  14 May 2020, 22:24:11
-------------------------------------------------------------------------------------------------------
