-------------------------------------------------------------------------------------------------------
      name:  <unnamed>
       log:  E:\analyses\alex-tmp-repo-3\analysis\output/an_bp_exploration_cox_models_cpnsdeath_other_i
> mmunosuppressionTOra_sle_psoriasis.log
  log type:  text
 opened on:  14 May 2020, 21:40:10

. 
. * Open dataset and fit specified model(s)
. use "cr_create_analysis_dataset_STSET_`outcome'.dta", clear
(Analysis dataset for the poor outcomes in Covid project)

. 
. 
. foreach var of any `varlist' {
  2. 
.         *General form of model
.         local model "age1 age2 age3 i.male i.`var' i.htdiag_or_highbp"
  3. 
.         *Fit and save model
.         cap erase ./output/models/an_bp_exploration_cox_models_`outcome'_AGESEX_`var'.ster
  4.         capture stcox `model' , strata(stp) 
  5.         if _rc==0 {
  6.                 estimates
  7.                 estimates save ./output/models/an_bp_exploration_cox_models_`outcome'_AGESEX_`var'
> , replace
  8.                 }
  9.         else di "WARNING - `var' vs `outcome' MODEL DID NOT SUCCESSFULLY FIT"
 10. 
. }

-------------------------------------------------------------------------------------------------------
active results
-------------------------------------------------------------------------------------------------------

Stratified Cox regr. -- Breslow method for ties

No. of subjects =   17,282,832                  Number of obs    =  17,282,832
No. of failures =        5,651
Time at risk    =   1449942098
                                                LR chi2(6)       =    15320.67
Log likelihood  =   -68336.765                  Prob > chi2      =      0.0000

-------------------------------------------------------------------------------------------
                       _t | Haz. Ratio   Std. Err.      z    P>|z|     [95% Conf. Interval]
--------------------------+----------------------------------------------------------------
                     age1 |   1.113973   .0259437     4.63   0.000     1.064268       1.166
                     age2 |   1.035077   .0539629     0.66   0.508     .9345353    1.146434
                     age3 |   .8842643   .1082216    -1.01   0.315     .6956757    1.123977
                   1.male |   2.240059   .0623029    29.00   0.000     2.121216     2.36556
1.other_immunosuppression |   2.282597   .3469091     5.43   0.000     1.694586    3.074644
       1.htdiag_or_highbp |    1.22975   .0388686     6.54   0.000     1.155881     1.30834
-------------------------------------------------------------------------------------------
                                                             Stratified by stp
(note: file ./output/models/an_bp_exploration_cox_models_cpnsdeath_AGESEX_other_immunosuppression.ster 
> not found)
file ./output/models/an_bp_exploration_cox_models_cpnsdeath_AGESEX_other_immunosuppression.ster saved

-------------------------------------------------------------------------------------------------------
active results
-------------------------------------------------------------------------------------------------------

Stratified Cox regr. -- Breslow method for ties

No. of subjects =   17,282,832                  Number of obs    =  17,282,832
No. of failures =        5,651
Time at risk    =   1449942098
                                                LR chi2(6)       =    15533.60
Log likelihood  =   -68230.297                  Prob > chi2      =      0.0000

------------------------------------------------------------------------------------
                _t | Haz. Ratio   Std. Err.      z    P>|z|     [95% Conf. Interval]
-------------------+----------------------------------------------------------------
              age1 |   1.117348   .0260623     4.76   0.000     1.067417    1.169615
              age2 |   1.022349   .0533505     0.42   0.672      .922954    1.132449
              age3 |    .912982   .1118194    -0.74   0.457     .7181407    1.160686
            1.male |   2.219057   .0617239    28.66   0.000     2.101319    2.343392
     1.other_neuro |   2.816968   .1644084    17.74   0.000     2.512481    3.158356
1.htdiag_or_highbp |    1.23385   .0389913     6.65   0.000     1.159747    1.312687
------------------------------------------------------------------------------------
                                                             Stratified by stp
(note: file ./output/models/an_bp_exploration_cox_models_cpnsdeath_AGESEX_other_neuro.ster not found)
file ./output/models/an_bp_exploration_cox_models_cpnsdeath_AGESEX_other_neuro.ster saved

-------------------------------------------------------------------------------------------------------
active results
-------------------------------------------------------------------------------------------------------

Stratified Cox regr. -- Breslow method for ties

No. of subjects =   17,282,832                  Number of obs    =  17,282,832
No. of failures =        5,651
Time at risk    =   1449942098
                                                LR chi2(6)       =    15341.31
Log likelihood  =   -68326.444                  Prob > chi2      =      0.0000

------------------------------------------------------------------------------------
                _t | Haz. Ratio   Std. Err.      z    P>|z|     [95% Conf. Interval]
-------------------+----------------------------------------------------------------
              age1 |   1.115548    .025959     4.70   0.000     1.065812    1.167605
              age2 |   1.027376   .0535119     0.52   0.604     .9276705    1.137798
              age3 |   .9028864   .1103981    -0.84   0.403     .7104845    1.147391
            1.male |   2.247756    .062526    29.12   0.000     2.128488    2.373707
1.ra_sle_psoriasis |   1.371649   .0629196     6.89   0.000      1.25371    1.500683
1.htdiag_or_highbp |   1.225677   .0387402     6.44   0.000     1.152051    1.304007
------------------------------------------------------------------------------------
                                                             Stratified by stp
(note: file ./output/models/an_bp_exploration_cox_models_cpnsdeath_AGESEX_ra_sle_psoriasis.ster not fou
> nd)
file ./output/models/an_bp_exploration_cox_models_cpnsdeath_AGESEX_ra_sle_psoriasis.ster saved

. 
. 
. * Close log file
. log close
      name:  <unnamed>
       log:  E:\analyses\alex-tmp-repo-3\analysis\output/an_bp_exploration_cox_models_cpnsdeath_other_i
> mmunosuppressionTOra_sle_psoriasis.log
  log type:  text
 closed on:  14 May 2020, 22:31:49
-------------------------------------------------------------------------------------------------------
