-------------------------------------------------------------------------------------------------------
      name:  <unnamed>
       log:  E:\analyses\alex-tmp-repo-3\analysis\output/an_bp_exploration_cox_models_cpnsdeath_smoke_n
> omissTOstroke_dementia.log
  log type:  text
 opened on:  14 May 2020, 21:40:10

. 
. * Open dataset and fit specified model(s)
. use "cr_create_analysis_dataset_STSET_`outcome'.dta", clear
(Analysis dataset for the poor outcomes in Covid project)

. 
. 
. foreach var of any `varlist' {
  2. 
.         *General form of model
.         local model "age1 age2 age3 i.male i.`var' i.htdiag_or_highbp"
  3. 
.         *Fit and save model
.         cap erase ./output/models/an_bp_exploration_cox_models_`outcome'_AGESEX_`var'.ster
  4.         capture stcox `model' , strata(stp) 
  5.         if _rc==0 {
  6.                 estimates
  7.                 estimates save ./output/models/an_bp_exploration_cox_models_`outcome'_AGESEX_`var'
> , replace
  8.                 }
  9.         else di "WARNING - `var' vs `outcome' MODEL DID NOT SUCCESSFULLY FIT"
 10. 
. }

-------------------------------------------------------------------------------------------------------
active results
-------------------------------------------------------------------------------------------------------

Stratified Cox regr. -- Breslow method for ties

No. of subjects =   17,282,832                  Number of obs    =  17,282,832
No. of failures =        5,651
Time at risk    =   1449942098
                                                LR chi2(7)       =    15536.03
Log likelihood  =   -68229.086                  Prob > chi2      =      0.0000

------------------------------------------------------------------------------------
                _t | Haz. Ratio   Std. Err.      z    P>|z|     [95% Conf. Interval]
-------------------+----------------------------------------------------------------
              age1 |   1.117808   .0264791     4.70   0.000     1.067096     1.17093
              age2 |   1.013413   .0535604     0.25   0.801      .913691     1.12402
              age3 |   .9364158   .1159894    -0.53   0.596     .7345721    1.193722
            1.male |   2.078662   .0585951    25.96   0.000     1.966933    2.196738
                   |
      smoke_nomiss |
           Former  |   1.560709   .0466902    14.88   0.000     1.471829    1.654956
          Current  |   1.124091    .063799     2.06   0.039     1.005751    1.256355
                   |
1.htdiag_or_highbp |   1.200923   .0380227     5.78   0.000     1.128665    1.277807
------------------------------------------------------------------------------------
                                                             Stratified by stp
(note: file ./output/models/an_bp_exploration_cox_models_cpnsdeath_AGESEX_smoke_nomiss.ster not found)
file ./output/models/an_bp_exploration_cox_models_cpnsdeath_AGESEX_smoke_nomiss.ster saved

-------------------------------------------------------------------------------------------------------
active results
-------------------------------------------------------------------------------------------------------

Stratified Cox regr. -- Breslow method for ties

No. of subjects =   17,282,832                  Number of obs    =  17,282,832
No. of failures =        5,651
Time at risk    =   1449942098
                                                LR chi2(6)       =    15303.77
Log likelihood  =   -68345.215                  Prob > chi2      =      0.0000

------------------------------------------------------------------------------------
                _t | Haz. Ratio   Std. Err.      z    P>|z|     [95% Conf. Interval]
-------------------+----------------------------------------------------------------
              age1 |   1.114737    .025885     4.68   0.000     1.065141    1.166643
              age2 |   1.031001   .0536069     0.59   0.557     .9311099    1.141609
              age3 |   .8939223   .1091294    -0.92   0.358      .703697     1.13557
            1.male |   2.239454   .0622884    28.99   0.000     2.120639    2.364926
          1.spleen |    1.75408   .3665228     2.69   0.007     1.164628    2.641872
1.htdiag_or_highbp |   1.229311   .0388523     6.53   0.000     1.155472    1.307868
------------------------------------------------------------------------------------
                                                             Stratified by stp
(note: file ./output/models/an_bp_exploration_cox_models_cpnsdeath_AGESEX_spleen.ster not found)
file ./output/models/an_bp_exploration_cox_models_cpnsdeath_AGESEX_spleen.ster saved

-------------------------------------------------------------------------------------------------------
active results
-------------------------------------------------------------------------------------------------------

Stratified Cox regr. -- Breslow method for ties

No. of subjects =   17,282,832                  Number of obs    =  17,282,832
No. of failures =        5,651
Time at risk    =   1449942098
                                                LR chi2(6)       =    15713.27
Log likelihood  =   -68140.463                  Prob > chi2      =      0.0000

------------------------------------------------------------------------------------
                _t | Haz. Ratio   Std. Err.      z    P>|z|     [95% Conf. Interval]
-------------------+----------------------------------------------------------------
              age1 |   1.112091   .0257111     4.60   0.000     1.062823    1.163643
              age2 |   1.040056   .0539025     0.76   0.449     .9395972    1.151255
              age3 |   .8654326    .105373    -1.19   0.235     .6816995    1.098686
            1.male |   2.199272   .0612151    28.31   0.000     2.082506    2.322584
 1.stroke_dementia |   2.216079   .0799693    22.05   0.000     2.064757    2.378492
1.htdiag_or_highbp |   1.194495   .0378528     5.61   0.000     1.122562    1.271038
------------------------------------------------------------------------------------
                                                             Stratified by stp
(note: file ./output/models/an_bp_exploration_cox_models_cpnsdeath_AGESEX_stroke_dementia.ster not foun
> d)
file ./output/models/an_bp_exploration_cox_models_cpnsdeath_AGESEX_stroke_dementia.ster saved

. 
. 
. * Close log file
. log close
      name:  <unnamed>
       log:  E:\analyses\alex-tmp-repo-3\analysis\output/an_bp_exploration_cox_models_cpnsdeath_smoke_n
> omissTOstroke_dementia.log
  log type:  text
 closed on:  14 May 2020, 22:24:11
-------------------------------------------------------------------------------------------------------
