-------------------------------------------------------------------------------------------------------
      name:  <unnamed>
       log:  E:\analyses\alex-tmp-repo-3\analysis\output/an_bp_exploration_cox_models_cpnsdeath_asthmac
> atTOcancer_haem_cat.log
  log type:  text
 opened on:  14 May 2020, 21:40:09

. 
. * Open dataset and fit specified model(s)
. use "cr_create_analysis_dataset_STSET_`outcome'.dta", clear
(Analysis dataset for the poor outcomes in Covid project)

. 
. 
. foreach var of any `varlist' {
  2. 
.         *General form of model
.         local model "age1 age2 age3 i.male i.`var' i.htdiag_or_highbp"
  3. 
.         *Fit and save model
.         cap erase ./output/models/an_bp_exploration_cox_models_`outcome'_AGESEX_`var'.ster
  4.         capture stcox `model' , strata(stp) 
  5.         if _rc==0 {
  6.                 estimates
  7.                 estimates save ./output/models/an_bp_exploration_cox_models_`outcome'_AGESEX_`var'
> , replace
  8.                 }
  9.         else di "WARNING - `var' vs `outcome' MODEL DID NOT SUCCESSFULLY FIT"
 10. 
. }

-------------------------------------------------------------------------------------------------------
active results
-------------------------------------------------------------------------------------------------------

Stratified Cox regr. -- Breslow method for ties

No. of subjects =   17,282,832                  Number of obs    =  17,282,832
No. of failures =        5,651
Time at risk    =   1449942098
                                                LR chi2(7)       =    15391.85
Log likelihood  =   -68301.177                  Prob > chi2      =      0.0000

------------------------------------------------------------------------------------
                _t | Haz. Ratio   Std. Err.      z    P>|z|     [95% Conf. Interval]
-------------------+----------------------------------------------------------------
              age1 |   1.116515   .0259715     4.74   0.000     1.066754    1.168596
              age2 |   1.027125   .0534836     0.51   0.607     .9274706    1.137487
              age3 |   .9026243   .1103408    -0.84   0.402     .7103172    1.146995
            1.male |   2.269186   .0631878    29.43   0.000      2.14866    2.396474
                   |
         asthmacat |
      Yes, no OCS  |   1.296597    .052339     6.43   0.000     1.197967    1.403346
     Yes with OCS  |   1.847671   .1332249     8.51   0.000     1.604166    2.128138
                   |
1.htdiag_or_highbp |   1.222611   .0386399     6.36   0.000     1.149176    1.300738
------------------------------------------------------------------------------------
                                                             Stratified by stp
(note: file ./output/models/an_bp_exploration_cox_models_cpnsdeath_AGESEX_asthmacat.ster not found)
file ./output/models/an_bp_exploration_cox_models_cpnsdeath_AGESEX_asthmacat.ster saved

-------------------------------------------------------------------------------------------------------
active results
-------------------------------------------------------------------------------------------------------

Stratified Cox regr. -- Breslow method for ties

No. of subjects =   17,282,832                  Number of obs    =  17,282,832
No. of failures =        5,651
Time at risk    =   1449942098
                                                LR chi2(8)       =    15331.35
Log likelihood  =   -68331.423                  Prob > chi2      =      0.0000

------------------------------------------------------------------------------------
                _t | Haz. Ratio   Std. Err.      z    P>|z|     [95% Conf. Interval]
-------------------+----------------------------------------------------------------
              age1 |   1.116686   .0260192     4.74   0.000     1.066837    1.168865
              age2 |   1.024769    .053443     0.47   0.639     .9251983    1.135056
              age3 |   .9079344   .1111445    -0.79   0.430     .7142576    1.154128
            1.male |   2.223664   .0619427    28.69   0.000     2.105513    2.348445
                   |
 cancer_exhaem_cat |
        Last year  |   1.664468   .1636842     5.18   0.000     1.372677    2.018287
    2-5 years ago  |   1.258064   .0826779     3.49   0.000     1.106021    1.431009
         5+ years  |    1.00108   .0453747     0.02   0.981     .9159832    1.094083
                   |
1.htdiag_or_highbp |   1.228263   .0388234     6.50   0.000     1.154479    1.306762
------------------------------------------------------------------------------------
                                                             Stratified by stp
(note: file ./output/models/an_bp_exploration_cox_models_cpnsdeath_AGESEX_cancer_exhaem_cat.ster not fo
> und)
file ./output/models/an_bp_exploration_cox_models_cpnsdeath_AGESEX_cancer_exhaem_cat.ster saved

-------------------------------------------------------------------------------------------------------
active results
-------------------------------------------------------------------------------------------------------

Stratified Cox regr. -- Breslow method for ties

No. of subjects =   17,282,832                  Number of obs    =  17,282,832
No. of failures =        5,651
Time at risk    =   1449942098
                                                LR chi2(8)       =    15443.99
Log likelihood  =   -68275.103                  Prob > chi2      =      0.0000

------------------------------------------------------------------------------------
                _t | Haz. Ratio   Std. Err.      z    P>|z|     [95% Conf. Interval]
-------------------+----------------------------------------------------------------
              age1 |   1.116933   .0260334     4.74   0.000     1.067057    1.169141
              age2 |    1.02399   .0534049     0.45   0.649     .9244905    1.134199
              age3 |   .9093514   .1113159    -0.78   0.438     .7153756    1.155924
            1.male |   2.221439    .061811    28.69   0.000     2.103536     2.34595
                   |
   cancer_haem_cat |
        Last year  |   3.683214   .7108317     6.76   0.000       2.5232    5.376532
    2-5 years ago  |   3.293571   .3735458    10.51   0.000       2.6371    4.113461
         5+ years  |    2.01289    .201353     6.99   0.000     1.654523    2.448878
                   |
1.htdiag_or_highbp |   1.231585   .0389231     6.59   0.000     1.157612    1.310285
------------------------------------------------------------------------------------
                                                             Stratified by stp
(note: file ./output/models/an_bp_exploration_cox_models_cpnsdeath_AGESEX_cancer_haem_cat.ster not foun
> d)
file ./output/models/an_bp_exploration_cox_models_cpnsdeath_AGESEX_cancer_haem_cat.ster saved

. 
. 
. * Close log file
. log close
      name:  <unnamed>
       log:  E:\analyses\alex-tmp-repo-3\analysis\output/an_bp_exploration_cox_models_cpnsdeath_asthmac
> atTOcancer_haem_cat.log
  log type:  text
 closed on:  14 May 2020, 22:32:59
-------------------------------------------------------------------------------------------------------
