--------------------------------------------------------------------------------------------------------------------
      name:  <unnamed>
       log:  E:\analyses\alex-tmp-repo-2\analysis\output/an_descriptive_tables.log
  log type:  text
 opened on:   1 May 2020, 18:39:23

. 
. use cr_create_analysis_dataset, clear
(Analysis dataset for the poor outcomes in Covid project)

. 
. 
. **********************************
. *  Distribution in whole cohort  *
. **********************************
. 
. 
. * Demographics
. summ age

    Variable |        Obs        Mean    Std. Dev.       Min        Max
-------------+---------------------------------------------------------
         age | 17,420,594    49.74279    18.73309         18        105

. tab agegroup

Grouped age |      Freq.     Percent        Cum.
------------+-----------------------------------
     18-<40 |  5,973,929       34.29       34.29
     40-<50 |  2,871,926       16.49       50.78
     50-<60 |  3,067,705       17.61       68.39
     60-<70 |  2,406,148       13.81       82.20
     70-<80 |  1,952,091       11.21       93.41
        80+ |  1,148,795        6.59      100.00
------------+-----------------------------------
      Total | 17,420,594      100.00

. tab male

       Male |      Freq.     Percent        Cum.
------------+-----------------------------------
          0 |  8,726,918       50.10       50.10
          1 |  8,693,676       49.90      100.00
------------+-----------------------------------
      Total | 17,420,594      100.00

. tab bmicat

         Grouped BMI |      Freq.     Percent        Cum.
---------------------+-----------------------------------
 Underweight (<18.5) |    314,161        2.30        2.30
  Normal (18.5-24.9) |  4,812,116       35.24       37.54
Overweight (25-29.9) |  4,727,688       34.62       72.15
   Obese I (30-34.9) |  2,405,886       17.62       89.77
  Obese II (35-39.9) |    930,210        6.81       96.58
     Obese III (40+) |    467,049        3.42      100.00
---------------------+-----------------------------------
               Total | 13,657,110      100.00

. tab bmicat, m

         Grouped BMI |      Freq.     Percent        Cum.
---------------------+-----------------------------------
 Underweight (<18.5) |    314,161        1.80        1.80
  Normal (18.5-24.9) |  4,812,116       27.62       29.43
Overweight (25-29.9) |  4,727,688       27.14       56.57
   Obese I (30-34.9) |  2,405,886       13.81       70.38
  Obese II (35-39.9) |    930,210        5.34       75.72
     Obese III (40+) |    467,049        2.68       78.40
        Unknown (.u) |  3,763,484       21.60      100.00
---------------------+-----------------------------------
               Total | 17,420,594      100.00

. tab obese4cat

 Evidence of obesity |
      (4 categories) |      Freq.     Percent        Cum.
---------------------+-----------------------------------
No record of obesity | 13,617,449       78.17       78.17
   Obese I (30-34.9) |  2,405,886       13.81       91.98
  Obese II (35-39.9) |    930,210        5.34       97.32
     Obese III (40+) |    467,049        2.68      100.00
---------------------+-----------------------------------
               Total | 17,420,594      100.00

. tab smoke

     Smoking |
      status |      Freq.     Percent        Cum.
-------------+-----------------------------------
       Never |  8,001,135       47.93       47.93
      Former |  5,726,055       34.30       82.24
     Current |  2,964,619       17.76      100.00
-------------+-----------------------------------
       Total | 16,691,809      100.00

. tab smoke, m

     Smoking |
      status |      Freq.     Percent        Cum.
-------------+-----------------------------------
       Never |  8,001,135       45.93       45.93
      Former |  5,726,055       32.87       78.80
     Current |  2,964,619       17.02       95.82
Unknown (.u) |    728,785        4.18      100.00
-------------+-----------------------------------
       Total | 17,420,594      100.00

. tab bpcat

 Grouped blood |
      pressure |      Freq.     Percent        Cum.
---------------+-----------------------------------
        Normal |  3,857,068       24.59       24.59
      Elevated |  2,503,613       15.96       40.55
 High, stage I |  5,569,261       35.51       76.06
High, stage II |  3,754,995       23.94      100.00
---------------+-----------------------------------
         Total | 15,684,937      100.00

. tab bpcat, m

 Grouped blood |
      pressure |      Freq.     Percent        Cum.
---------------+-----------------------------------
        Normal |  3,857,068       22.14       22.14
      Elevated |  2,503,613       14.37       36.51
 High, stage I |  5,569,261       31.97       68.48
High, stage II |  3,754,995       21.55       90.04
       Unknown |  1,735,657        9.96      100.00
---------------+-----------------------------------
         Total | 17,420,594      100.00

. tab htdiag_or_highbp

  Diagnosed |
hypertensio |
  n or high |
      blood |
   pressure |      Freq.     Percent        Cum.
------------+-----------------------------------
          0 | 11,463,129       65.80       65.80
          1 |  5,957,465       34.20      100.00
------------+-----------------------------------
      Total | 17,420,594      100.00

. 
. 
. * Comorbidities
. tab chronic_respiratory_disease

Respiratory |
    disease |
     (excl. |
    asthma) |      Freq.     Percent        Cum.
------------+-----------------------------------
          0 | 16,709,081       95.92       95.92
          1 |    711,513        4.08      100.00
------------+-----------------------------------
      Total | 17,420,594      100.00

. tab asthma

     Asthma |      Freq.     Percent        Cum.
------------+-----------------------------------
          0 | 14,647,826       84.08       84.08
          1 |  2,772,768       15.92      100.00
------------+-----------------------------------
      Total | 17,420,594      100.00

. tab asthmacat

     Asthma, |
  grouped by |
    severity |
   (OCS use) |      Freq.     Percent        Cum.
-------------+-----------------------------------
          No | 14,647,826       84.08       84.08
 Yes, no OCS |  2,477,001       14.22       98.30
Yes with OCS |    295,767        1.70      100.00
-------------+-----------------------------------
       Total | 17,420,594      100.00

. tab chronic_cardiac_disease

      Heart |
    disease |      Freq.     Percent        Cum.
------------+-----------------------------------
          0 | 16,240,096       93.22       93.22
          1 |  1,180,498        6.78      100.00
------------+-----------------------------------
      Total | 17,420,594      100.00

. tab diabetes

   Diabetes |      Freq.     Percent        Cum.
------------+-----------------------------------
          0 | 15,688,563       90.06       90.06
          1 |  1,732,031        9.94      100.00
------------+-----------------------------------
      Total | 17,420,594      100.00

. tab diabcat

         Diabetes, grouped |      Freq.     Percent        Cum.
---------------------------+-----------------------------------
               No diabetes | 15,688,563       90.06       90.06
       Controlled diabetes |  1,035,074        5.94       96.00
     Uncontrolled diabetes |    476,966        2.74       98.74
Diabetes, no hba1c measure |    219,991        1.26      100.00
---------------------------+-----------------------------------
                     Total | 17,420,594      100.00

. tab cancer_exhaem_cat

 Cancer (exc. |
haematologica |
  l), grouped |
by time since |
    diagnosis |      Freq.     Percent        Cum.
--------------+-----------------------------------
        Never | 16,553,387       95.02       95.02
    Last year |     82,148        0.47       95.49
2-5 years ago |    237,345        1.36       96.86
     5+ years |    547,714        3.14      100.00
--------------+-----------------------------------
        Total | 17,420,594      100.00

. tab cancer_haem_cat

Haematologica |
l malignancy, |
   grouped by |
   time since |
    diagnosis |      Freq.     Percent        Cum.
--------------+-----------------------------------
        Never | 17,319,492       99.42       99.42
    Last year |      8,859        0.05       99.47
2-5 years ago |     28,115        0.16       99.63
     5+ years |     64,128        0.37      100.00
--------------+-----------------------------------
        Total | 17,420,594      100.00

. tab chronic_liver_disease

    Chronic |
      liver |
    disease |      Freq.     Percent        Cum.
------------+-----------------------------------
          0 | 17,305,771       99.34       99.34
          1 |    114,823        0.66      100.00
------------+-----------------------------------
      Total | 17,420,594      100.00

. tab dementia

   dementia |      Freq.     Percent        Cum.
------------+-----------------------------------
          0 | 17,378,497       99.76       99.76
          1 |     42,097        0.24      100.00
------------+-----------------------------------
      Total | 17,420,594      100.00

. tab stroke

     stroke |      Freq.     Percent        Cum.
------------+-----------------------------------
          0 | 17,071,097       97.99       97.99
          1 |    349,497        2.01      100.00
------------+-----------------------------------
      Total | 17,420,594      100.00

. tab stroke_dementia

  Stroke or |
   dementia |      Freq.     Percent        Cum.
------------+-----------------------------------
          0 | 17,042,942       97.83       97.83
          1 |    377,652        2.17      100.00
------------+-----------------------------------
      Total | 17,420,594      100.00

. tab other_neuro

      Neuro |
  condition |
 other than |
stroke/deme |
       ntia |      Freq.     Percent        Cum.
------------+-----------------------------------
          0 | 17,247,624       99.01       99.01
          1 |    172,970        0.99      100.00
------------+-----------------------------------
      Total | 17,420,594      100.00

. tab chronic_kidney_disease

     Kidney |
    disease |      Freq.     Percent        Cum.
------------+-----------------------------------
          0 | 16,325,585       93.71       93.71
          1 |  1,095,009        6.29      100.00
------------+-----------------------------------
      Total | 17,420,594      100.00

. tab organ_transplant

      Organ |
 transplant |
  recipient |      Freq.     Percent        Cum.
------------+-----------------------------------
          0 | 17,400,387       99.88       99.88
          1 |     20,207        0.12      100.00
------------+-----------------------------------
      Total | 17,420,594      100.00

. tab chronic_kidney_disease

     Kidney |
    disease |      Freq.     Percent        Cum.
------------+-----------------------------------
          0 | 16,325,585       93.71       93.71
          1 |  1,095,009        6.29      100.00
------------+-----------------------------------
      Total | 17,420,594      100.00

. tab organ_transplant

      Organ |
 transplant |
  recipient |      Freq.     Percent        Cum.
------------+-----------------------------------
          0 | 17,400,387       99.88       99.88
          1 |     20,207        0.12      100.00
------------+-----------------------------------
      Total | 17,420,594      100.00

. tab spleen

     Spleen |
   problems |
(dysplenia, |
     sickle |
      cell) |      Freq.     Percent        Cum.
------------+-----------------------------------
          0 | 17,392,363       99.84       99.84
          1 |     28,231        0.16      100.00
------------+-----------------------------------
      Total | 17,420,594      100.00

. tab ra_sle_psoriasis

   RA, SLE, |
  Psoriasis |
(autoimmune |
   disease) |      Freq.     Percent        Cum.
------------+-----------------------------------
          0 | 16,534,279       94.91       94.91
          1 |    886,315        5.09      100.00
------------+-----------------------------------
      Total | 17,420,594      100.00

. tab other_immunosuppression

Immunosuppr |
      essed |
(combinatio |
          n |
 algorithm) |      Freq.     Percent        Cum.
------------+-----------------------------------
          0 | 17,140,445       98.39       98.39
          1 |    280,149        1.61      100.00
------------+-----------------------------------
      Total | 17,420,594      100.00

. 
. tab imd 

        Index of |
        Multiple |
     Deprivation |
           (IMD) |      Freq.     Percent        Cum.
-----------------+-----------------------------------
1 least deprived |  3,501,112       20.26       20.26
               2 |  3,478,439       20.12       40.38
               3 |  3,483,205       20.15       60.53
               4 |  3,479,518       20.13       80.66
 5 most deprived |  3,342,741       19.34      100.00
-----------------+-----------------------------------
           Total | 17,285,015      100.00

. tab imd, m

        Index of |
        Multiple |
     Deprivation |
           (IMD) |      Freq.     Percent        Cum.
-----------------+-----------------------------------
1 least deprived |  3,501,112       20.10       20.10
               2 |  3,478,439       19.97       40.06
               3 |  3,483,205       19.99       60.06
               4 |  3,479,518       19.97       80.03
 5 most deprived |  3,342,741       19.19       99.22
         Unknown |    135,579        0.78      100.00
-----------------+-----------------------------------
           Total | 17,420,594      100.00

. tab ethnicity

             Ethnicity |      Freq.     Percent        Cum.
-----------------------+-----------------------------------
                 White | 10,958,443       85.46       85.46
                 Mixed |    171,391        1.34       86.79
Asian or Asian British |  1,029,154        8.03       94.82
                 Black |    342,349        2.67       97.49
                 Other |    322,016        2.51      100.00
-----------------------+-----------------------------------
                 Total | 12,823,353      100.00

. tab ethnicity, m

             Ethnicity |      Freq.     Percent        Cum.
-----------------------+-----------------------------------
                 White | 10,958,443       62.91       62.91
                 Mixed |    171,391        0.98       63.89
Asian or Asian British |  1,029,154        5.91       69.80
                 Black |    342,349        1.97       71.76
                 Other |    322,016        1.85       73.61
               Unknown |  4,597,241       26.39      100.00
-----------------------+-----------------------------------
                 Total | 17,420,594      100.00

. *tab urban
. tab region

     Geographical region |      Freq.     Percent        Cum.
-------------------------+-----------------------------------
                    East |  4,049,564       23.25       23.25
           East Midlands |  3,067,130       17.61       40.85
                  London |  1,197,806        6.88       47.73
              North East |    810,319        4.65       52.38
              North West |  1,558,493        8.95       61.33
              South East |  1,174,256        6.74       68.07
              South West |  2,363,994       13.57       81.64
           West Midlands |    696,191        4.00       85.64
Yorkshire and The Humber |  2,502,150       14.36      100.00
-------------------------+-----------------------------------
                   Total | 17,419,903      100.00

. 
. 
. * Outcomes
. tab onscoviddeath

Failure/cen |
     soring |
  indicator |
        for |
   outcome: |
  ONS covid |
      death |      Freq.     Percent        Cum.
------------+-----------------------------------
          0 | 17,418,137       99.99       99.99
          1 |      2,457        0.01      100.00
------------+-----------------------------------
      Total | 17,420,594      100.00

. tab cpnsdeath

Failure/cen |
     soring |
  indicator |
        for |
   outcome: |
 CPNS covid |
      death |      Freq.     Percent        Cum.
------------+-----------------------------------
          0 | 17,414,887       99.97       99.97
          1 |      5,707        0.03      100.00
------------+-----------------------------------
      Total | 17,420,594      100.00

. tab ituadmission

Failure/cen |
     soring |
  indicator |
        for |
   outcome: |
        ITU |
  admission |      Freq.     Percent        Cum.
------------+-----------------------------------
          0 | 17,419,176       99.99       99.99
          1 |      1,418        0.01      100.00
------------+-----------------------------------
      Total | 17,420,594      100.00

. * tab ecds
. 
. 
. 
. 
. 
. **********************************
. *  Number (%) with each outcome  *
. **********************************
. 
. foreach outvar of varlist onscoviddeath cpnsdeath ituadmission {
  2. 
. *** Repeat for each outcome
. 
.         * Demographics
.         tab agegroup                                                    `outvar', col
  3.         tab male                                                                `outvar', col
  4.         tab bmicat                                                              `outvar', col m 
  5.         tab smoke                                                               `outvar', col m
  6.         tab obese4cat                                                   `outvar', col m 
  7. 
.         * Comorbidities
.         tab chronic_respiratory_disease                 `outvar', col
  8.         tab asthma                                                              `outvar', col
  9.         tab asthmacat                                                   `outvar', col
 10.         tab chronic_cardiac_disease                     `outvar', col
 11.         tab diabetes                                                    `outvar', col
 12.         tab diabcat                                                     `outvar', col
 13.         tab cancer_exhaem_cat                                   `outvar', col
 14.         tab cancer_haem_cat                                             `outvar', col
 15.         tab chronic_liver_disease                               `outvar', col
 16.         tab stroke                                                              `outvar', col
 17.         tab dementia                                                    `outvar', col
 18.         tab stroke_dementia                                     `outvar', col
 19.         tab other_neuro                                                 `outvar', col
 20.         tab chronic_kidney_disease                              `outvar', col
 21.         tab organ_transplant                                    `outvar', col
 22.         tab spleen                                                              `outvar', col
 23.         tab ra_sle_psoriasis                                    `outvar', col
 24.         tab other_immunosuppression                             `outvar', col
 25.         
.         tab imd                                                                 `outvar', col m
 26.         tab ethnicity                                                   `outvar', col m
 27.         *tab urban                                                              `outvar', col
.         tab region                                                              `outvar', col
 28. }

+-------------------+
| Key               |
|-------------------|
|     frequency     |
| column percentage |
+-------------------+

           |   Failure/censoring
           |     indicator for
           |  outcome: ONS covid
   Grouped |         death
       age |         0          1 |     Total
-----------+----------------------+----------
    18-<40 | 5,973,915         14 | 5,973,929 
           |     34.30       0.57 |     34.29 
-----------+----------------------+----------
    40-<50 | 2,871,893         33 | 2,871,926 
           |     16.49       1.34 |     16.49 
-----------+----------------------+----------
    50-<60 | 3,067,580        125 | 3,067,705 
           |     17.61       5.09 |     17.61 
-----------+----------------------+----------
    60-<70 | 2,405,847        301 | 2,406,148 
           |     13.81      12.25 |     13.81 
-----------+----------------------+----------
    70-<80 | 1,951,387        704 | 1,952,091 
           |     11.20      28.65 |     11.21 
-----------+----------------------+----------
       80+ | 1,147,515      1,280 | 1,148,795 
           |      6.59      52.10 |      6.59 
-----------+----------------------+----------
     Total |17,418,137      2,457 |17,420,594 
           |    100.00     100.00 |    100.00 

+-------------------+
| Key               |
|-------------------|
|     frequency     |
| column percentage |
+-------------------+

           |   Failure/censoring
           |     indicator for
           |  outcome: ONS covid
           |         death
      Male |         0          1 |     Total
-----------+----------------------+----------
         0 | 8,725,992        926 | 8,726,918 
           |     50.10      37.69 |     50.10 
-----------+----------------------+----------
         1 | 8,692,145      1,531 | 8,693,676 
           |     49.90      62.31 |     49.90 
-----------+----------------------+----------
     Total |17,418,137      2,457 |17,420,594 
           |    100.00     100.00 |    100.00 

+-------------------+
| Key               |
|-------------------|
|     frequency     |
| column percentage |
+-------------------+

                     |   Failure/censoring
                     |     indicator for
                     |  outcome: ONS covid
                     |         death
         Grouped BMI |         0          1 |     Total
---------------------+----------------------+----------
 Underweight (<18.5) |   314,089         72 |   314,161 
                     |      1.80       2.93 |      1.80 
---------------------+----------------------+----------
  Normal (18.5-24.9) | 4,811,492        624 | 4,812,116 
                     |     27.62      25.40 |     27.62 
---------------------+----------------------+----------
Overweight (25-29.9) | 4,726,966        722 | 4,727,688 
                     |     27.14      29.39 |     27.14 
---------------------+----------------------+----------
   Obese I (30-34.9) | 2,405,382        504 | 2,405,886 
                     |     13.81      20.51 |     13.81 
---------------------+----------------------+----------
  Obese II (35-39.9) |   930,014        196 |   930,210 
                     |      5.34       7.98 |      5.34 
---------------------+----------------------+----------
     Obese III (40+) |   466,934        115 |   467,049 
                     |      2.68       4.68 |      2.68 
---------------------+----------------------+----------
        Unknown (.u) | 3,763,260        224 | 3,763,484 
                     |     21.61       9.12 |     21.60 
---------------------+----------------------+----------
               Total |17,418,137      2,457 |17,420,594 
                     |    100.00     100.00 |    100.00 

+-------------------+
| Key               |
|-------------------|
|     frequency     |
| column percentage |
+-------------------+

             |   Failure/censoring
             |     indicator for
             |  outcome: ONS covid
     Smoking |         death
      status |         0          1 |     Total
-------------+----------------------+----------
       Never | 8,000,383        752 | 8,001,135 
             |     45.93      30.61 |     45.93 
-------------+----------------------+----------
      Former | 5,724,527      1,528 | 5,726,055 
             |     32.87      62.19 |     32.87 
-------------+----------------------+----------
     Current | 2,964,459        160 | 2,964,619 
             |     17.02       6.51 |     17.02 
-------------+----------------------+----------
Unknown (.u) |   728,768         17 |   728,785 
             |      4.18       0.69 |      4.18 
-------------+----------------------+----------
       Total |17,418,137      2,457 |17,420,594 
             |    100.00     100.00 |    100.00 

+-------------------+
| Key               |
|-------------------|
|     frequency     |
| column percentage |
+-------------------+

                     |   Failure/censoring
                     |     indicator for
                     |  outcome: ONS covid
 Evidence of obesity |         death
      (4 categories) |         0          1 |     Total
---------------------+----------------------+----------
No record of obesity |13,615,807      1,642 |13,617,449 
                     |     78.17      66.83 |     78.17 
---------------------+----------------------+----------
   Obese I (30-34.9) | 2,405,382        504 | 2,405,886 
                     |     13.81      20.51 |     13.81 
---------------------+----------------------+----------
  Obese II (35-39.9) |   930,014        196 |   930,210 
                     |      5.34       7.98 |      5.34 
---------------------+----------------------+----------
     Obese III (40+) |   466,934        115 |   467,049 
                     |      2.68       4.68 |      2.68 
---------------------+----------------------+----------
               Total |17,418,137      2,457 |17,420,594 
                     |    100.00     100.00 |    100.00 

+-------------------+
| Key               |
|-------------------|
|     frequency     |
| column percentage |
+-------------------+

           |   Failure/censoring
Respirator |     indicator for
 y disease |  outcome: ONS covid
    (excl. |         death
   asthma) |         0          1 |     Total
-----------+----------------------+----------
         0 |16,707,193      1,888 |16,709,081 
           |     95.92      76.84 |     95.92 
-----------+----------------------+----------
         1 |   710,944        569 |   711,513 
           |      4.08      23.16 |      4.08 
-----------+----------------------+----------
     Total |17,418,137      2,457 |17,420,594 
           |    100.00     100.00 |    100.00 

+-------------------+
| Key               |
|-------------------|
|     frequency     |
| column percentage |
+-------------------+

           |   Failure/censoring
           |     indicator for
           |  outcome: ONS covid
           |         death
    Asthma |         0          1 |     Total
-----------+----------------------+----------
         0 |14,645,783      2,043 |14,647,826 
           |     84.08      83.15 |     84.08 
-----------+----------------------+----------
         1 | 2,772,354        414 | 2,772,768 
           |     15.92      16.85 |     15.92 
-----------+----------------------+----------
     Total |17,418,137      2,457 |17,420,594 
           |    100.00     100.00 |    100.00 

+-------------------+
| Key               |
|-------------------|
|     frequency     |
| column percentage |
+-------------------+

             |   Failure/censoring
     Asthma, |     indicator for
  grouped by |  outcome: ONS covid
    severity |         death
   (OCS use) |         0          1 |     Total
-------------+----------------------+----------
          No |14,645,783      2,043 |14,647,826 
             |     84.08      83.15 |     84.08 
-------------+----------------------+----------
 Yes, no OCS | 2,476,683        318 | 2,477,001 
             |     14.22      12.94 |     14.22 
-------------+----------------------+----------
Yes with OCS |   295,671         96 |   295,767 
             |      1.70       3.91 |      1.70 
-------------+----------------------+----------
       Total |17,418,137      2,457 |17,420,594 
             |    100.00     100.00 |    100.00 

+-------------------+
| Key               |
|-------------------|
|     frequency     |
| column percentage |
+-------------------+

           |   Failure/censoring
           |     indicator for
           |  outcome: ONS covid
     Heart |         death
   disease |         0          1 |     Total
-----------+----------------------+----------
         0 |16,238,561      1,535 |16,240,096 
           |     93.23      62.47 |     93.22 
-----------+----------------------+----------
         1 | 1,179,576        922 | 1,180,498 
           |      6.77      37.53 |      6.78 
-----------+----------------------+----------
     Total |17,418,137      2,457 |17,420,594 
           |    100.00     100.00 |    100.00 

+-------------------+
| Key               |
|-------------------|
|     frequency     |
| column percentage |
+-------------------+

           |   Failure/censoring
           |     indicator for
           |  outcome: ONS covid
           |         death
  Diabetes |         0          1 |     Total
-----------+----------------------+----------
         0 |15,687,166      1,397 |15,688,563 
           |     90.06      56.86 |     90.06 
-----------+----------------------+----------
         1 | 1,730,971      1,060 | 1,732,031 
           |      9.94      43.14 |      9.94 
-----------+----------------------+----------
     Total |17,418,137      2,457 |17,420,594 
           |    100.00     100.00 |    100.00 

+-------------------+
| Key               |
|-------------------|
|     frequency     |
| column percentage |
+-------------------+

                      |   Failure/censoring
                      |     indicator for
                      |  outcome: ONS covid
                      |         death
    Diabetes, grouped |         0          1 |     Total
----------------------+----------------------+----------
          No diabetes |15,687,166      1,397 |15,688,563 
                      |     90.06      56.86 |     90.06 
----------------------+----------------------+----------
  Controlled diabetes | 1,034,464        610 | 1,035,074 
                      |      5.94      24.83 |      5.94 
----------------------+----------------------+----------
Uncontrolled diabetes |   476,623        343 |   476,966 
                      |      2.74      13.96 |      2.74 
----------------------+----------------------+----------
Diabetes, no hba1c me |   219,884        107 |   219,991 
                      |      1.26       4.35 |      1.26 
----------------------+----------------------+----------
                Total |17,418,137      2,457 |17,420,594 
                      |    100.00     100.00 |    100.00 

+-------------------+
| Key               |
|-------------------|
|     frequency     |
| column percentage |
+-------------------+

 Cancer (exc. |   Failure/censoring
haematologica |     indicator for
  l), grouped |  outcome: ONS covid
by time since |         death
    diagnosis |         0          1 |     Total
--------------+----------------------+----------
        Never |16,551,351      2,036 |16,553,387 
              |     95.02      82.87 |     95.02 
--------------+----------------------+----------
    Last year |    82,094         54 |    82,148 
              |      0.47       2.20 |      0.47 
--------------+----------------------+----------
2-5 years ago |   237,219        126 |   237,345 
              |      1.36       5.13 |      1.36 
--------------+----------------------+----------
     5+ years |   547,473        241 |   547,714 
              |      3.14       9.81 |      3.14 
--------------+----------------------+----------
        Total |17,418,137      2,457 |17,420,594 
              |    100.00     100.00 |    100.00 

+-------------------+
| Key               |
|-------------------|
|     frequency     |
| column percentage |
+-------------------+

Haematologica |   Failure/censoring
l malignancy, |     indicator for
   grouped by |  outcome: ONS covid
   time since |         death
    diagnosis |         0          1 |     Total
--------------+----------------------+----------
        Never |17,317,123      2,369 |17,319,492 
              |     99.42      96.42 |     99.42 
--------------+----------------------+----------
    Last year |     8,850          9 |     8,859 
              |      0.05       0.37 |      0.05 
--------------+----------------------+----------
2-5 years ago |    28,073         42 |    28,115 
              |      0.16       1.71 |      0.16 
--------------+----------------------+----------
     5+ years |    64,091         37 |    64,128 
              |      0.37       1.51 |      0.37 
--------------+----------------------+----------
        Total |17,418,137      2,457 |17,420,594 
              |    100.00     100.00 |    100.00 

+-------------------+
| Key               |
|-------------------|
|     frequency     |
| column percentage |
+-------------------+

           |   Failure/censoring
           |     indicator for
   Chronic |  outcome: ONS covid
     liver |         death
   disease |         0          1 |     Total
-----------+----------------------+----------
         0 |17,303,363      2,408 |17,305,771 
           |     99.34      98.01 |     99.34 
-----------+----------------------+----------
         1 |   114,774         49 |   114,823 
           |      0.66       1.99 |      0.66 
-----------+----------------------+----------
     Total |17,418,137      2,457 |17,420,594 
           |    100.00     100.00 |    100.00 

+-------------------+
| Key               |
|-------------------|
|     frequency     |
| column percentage |
+-------------------+

           |   Failure/censoring
           |     indicator for
           |  outcome: ONS covid
           |         death
    stroke |         0          1 |     Total
-----------+----------------------+----------
         0 |17,068,987      2,110 |17,071,097 
           |     98.00      85.88 |     97.99 
-----------+----------------------+----------
         1 |   349,150        347 |   349,497 
           |      2.00      14.12 |      2.01 
-----------+----------------------+----------
     Total |17,418,137      2,457 |17,420,594 
           |    100.00     100.00 |    100.00 

+-------------------+
| Key               |
|-------------------|
|     frequency     |
| column percentage |
+-------------------+

           |   Failure/censoring
           |     indicator for
           |  outcome: ONS covid
           |         death
  dementia |         0          1 |     Total
-----------+----------------------+----------
         0 |17,376,160      2,337 |17,378,497 
           |     99.76      95.12 |     99.76 
-----------+----------------------+----------
         1 |    41,977        120 |    42,097 
           |      0.24       4.88 |      0.24 
-----------+----------------------+----------
     Total |17,418,137      2,457 |17,420,594 
           |    100.00     100.00 |    100.00 

+-------------------+
| Key               |
|-------------------|
|     frequency     |
| column percentage |
+-------------------+

           |   Failure/censoring
           |     indicator for
           |  outcome: ONS covid
 Stroke or |         death
  dementia |         0          1 |     Total
-----------+----------------------+----------
         0 |17,040,908      2,034 |17,042,942 
           |     97.83      82.78 |     97.83 
-----------+----------------------+----------
         1 |   377,229        423 |   377,652 
           |      2.17      17.22 |      2.17 
-----------+----------------------+----------
     Total |17,418,137      2,457 |17,420,594 
           |    100.00     100.00 |    100.00 

+-------------------+
| Key               |
|-------------------|
|     frequency     |
| column percentage |
+-------------------+

     Neuro |   Failure/censoring
 condition |     indicator for
other than |  outcome: ONS covid
stroke/dem |         death
     entia |         0          1 |     Total
-----------+----------------------+----------
         0 |17,245,290      2,334 |17,247,624 
           |     99.01      94.99 |     99.01 
-----------+----------------------+----------
         1 |   172,847        123 |   172,970 
           |      0.99       5.01 |      0.99 
-----------+----------------------+----------
     Total |17,418,137      2,457 |17,420,594 
           |    100.00     100.00 |    100.00 

+-------------------+
| Key               |
|-------------------|
|     frequency     |
| column percentage |
+-------------------+

           |   Failure/censoring
           |     indicator for
           |  outcome: ONS covid
    Kidney |         death
   disease |         0          1 |     Total
-----------+----------------------+----------
         0 |16,324,207      1,378 |16,325,585 
           |     93.72      56.08 |     93.71 
-----------+----------------------+----------
         1 | 1,093,930      1,079 | 1,095,009 
           |      6.28      43.92 |      6.29 
-----------+----------------------+----------
     Total |17,418,137      2,457 |17,420,594 
           |    100.00     100.00 |    100.00 

+-------------------+
| Key               |
|-------------------|
|     frequency     |
| column percentage |
+-------------------+

           |   Failure/censoring
           |     indicator for
     Organ |  outcome: ONS covid
transplant |         death
 recipient |         0          1 |     Total
-----------+----------------------+----------
         0 |17,397,946      2,441 |17,400,387 
           |     99.88      99.35 |     99.88 
-----------+----------------------+----------
         1 |    20,191         16 |    20,207 
           |      0.12       0.65 |      0.12 
-----------+----------------------+----------
     Total |17,418,137      2,457 |17,420,594 
           |    100.00     100.00 |    100.00 

+-------------------+
| Key               |
|-------------------|
|     frequency     |
| column percentage |
+-------------------+

    Spleen |   Failure/censoring
  problems |     indicator for
(dysplenia |  outcome: ONS covid
  , sickle |         death
     cell) |         0          1 |     Total
-----------+----------------------+----------
         0 |17,389,920      2,443 |17,392,363 
           |     99.84      99.43 |     99.84 
-----------+----------------------+----------
         1 |    28,217         14 |    28,231 
           |      0.16       0.57 |      0.16 
-----------+----------------------+----------
     Total |17,418,137      2,457 |17,420,594 
           |    100.00     100.00 |    100.00 

+-------------------+
| Key               |
|-------------------|
|     frequency     |
| column percentage |
+-------------------+

           |   Failure/censoring
  RA, SLE, |     indicator for
 Psoriasis |  outcome: ONS covid
(autoimmun |         death
e disease) |         0          1 |     Total
-----------+----------------------+----------
         0 |16,532,077      2,202 |16,534,279 
           |     94.91      89.62 |     94.91 
-----------+----------------------+----------
         1 |   886,060        255 |   886,315 
           |      5.09      10.38 |      5.09 
-----------+----------------------+----------
     Total |17,418,137      2,457 |17,420,594 
           |    100.00     100.00 |    100.00 

+-------------------+
| Key               |
|-------------------|
|     frequency     |
| column percentage |
+-------------------+

Immunosupp |   Failure/censoring
    ressed |     indicator for
(combinati |  outcome: ONS covid
        on |         death
algorithm) |         0          1 |     Total
-----------+----------------------+----------
         0 |17,138,006      2,439 |17,140,445 
           |     98.39      99.27 |     98.39 
-----------+----------------------+----------
         1 |   280,131         18 |   280,149 
           |      1.61       0.73 |      1.61 
-----------+----------------------+----------
     Total |17,418,137      2,457 |17,420,594 
           |    100.00     100.00 |    100.00 

+-------------------+
| Key               |
|-------------------|
|     frequency     |
| column percentage |
+-------------------+

                 |   Failure/censoring
        Index of |     indicator for
        Multiple |  outcome: ONS covid
     Deprivation |         death
           (IMD) |         0          1 |     Total
-----------------+----------------------+----------
1 least deprived | 3,500,642        470 | 3,501,112 
                 |     20.10      19.13 |     20.10 
-----------------+----------------------+----------
               2 | 3,478,003        436 | 3,478,439 
                 |     19.97      17.75 |     19.97 
-----------------+----------------------+----------
               3 | 3,482,734        471 | 3,483,205 
                 |     19.99      19.17 |     19.99 
-----------------+----------------------+----------
               4 | 3,478,972        546 | 3,479,518 
                 |     19.97      22.22 |     19.97 
-----------------+----------------------+----------
 5 most deprived | 3,342,222        519 | 3,342,741 
                 |     19.19      21.12 |     19.19 
-----------------+----------------------+----------
         Unknown |   135,564         15 |   135,579 
                 |      0.78       0.61 |      0.78 
-----------------+----------------------+----------
           Total |17,418,137      2,457 |17,420,594 
                 |    100.00     100.00 |    100.00 

+-------------------+
| Key               |
|-------------------|
|     frequency     |
| column percentage |
+-------------------+

                      |   Failure/censoring
                      |     indicator for
                      |  outcome: ONS covid
                      |         death
            Ethnicity |         0          1 |     Total
----------------------+----------------------+----------
                White |10,956,934      1,509 |10,958,443 
                      |     62.91      61.42 |     62.91 
----------------------+----------------------+----------
                Mixed |   171,380         11 |   171,391 
                      |      0.98       0.45 |      0.98 
----------------------+----------------------+----------
Asian or Asian Britis | 1,028,952        202 | 1,029,154 
                      |      5.91       8.22 |      5.91 
----------------------+----------------------+----------
                Black |   342,272         77 |   342,349 
                      |      1.97       3.13 |      1.97 
----------------------+----------------------+----------
                Other |   321,976         40 |   322,016 
                      |      1.85       1.63 |      1.85 
----------------------+----------------------+----------
              Unknown | 4,596,623        618 | 4,597,241 
                      |     26.39      25.15 |     26.39 
----------------------+----------------------+----------
                Total |17,418,137      2,457 |17,420,594 
                      |    100.00     100.00 |    100.00 

+-------------------+
| Key               |
|-------------------|
|     frequency     |
| column percentage |
+-------------------+

                      |   Failure/censoring
                      |     indicator for
                      |  outcome: ONS covid
                      |         death
  Geographical region |         0          1 |     Total
----------------------+----------------------+----------
                 East | 4,048,989        575 | 4,049,564 
                      |     23.25      23.40 |     23.25 
----------------------+----------------------+----------
        East Midlands | 3,066,693        437 | 3,067,130 
                      |     17.61      17.79 |     17.61 
----------------------+----------------------+----------
               London | 1,197,460        346 | 1,197,806 
                      |      6.88      14.08 |      6.88 
----------------------+----------------------+----------
           North East |   810,241         78 |   810,319 
                      |      4.65       3.17 |      4.65 
----------------------+----------------------+----------
           North West | 1,558,255        238 | 1,558,493 
                      |      8.95       9.69 |      8.95 
----------------------+----------------------+----------
           South East | 1,174,113        143 | 1,174,256 
                      |      6.74       5.82 |      6.74 
----------------------+----------------------+----------
           South West | 2,363,793        201 | 2,363,994 
                      |     13.57       8.18 |     13.57 
----------------------+----------------------+----------
        West Midlands |   696,014        177 |   696,191 
                      |      4.00       7.20 |      4.00 
----------------------+----------------------+----------
Yorkshire and The H.. | 2,501,888        262 | 2,502,150 
                      |     14.36      10.66 |     14.36 
----------------------+----------------------+----------
                Total |17,417,446      2,457 |17,419,903 
                      |    100.00     100.00 |    100.00 

+-------------------+
| Key               |
|-------------------|
|     frequency     |
| column percentage |
+-------------------+

           |   Failure/censoring
           |     indicator for
           |  outcome: CPNS covid
   Grouped |         death
       age |         0          1 |     Total
-----------+----------------------+----------
    18-<40 | 5,973,889         40 | 5,973,929 
           |     34.30       0.70 |     34.29 
-----------+----------------------+----------
    40-<50 | 2,871,833         93 | 2,871,926 
           |     16.49       1.63 |     16.49 
-----------+----------------------+----------
    50-<60 | 3,067,350        355 | 3,067,705 
           |     17.61       6.22 |     17.61 
-----------+----------------------+----------
    60-<70 | 2,405,450        698 | 2,406,148 
           |     13.81      12.23 |     13.81 
-----------+----------------------+----------
    70-<80 | 1,950,523      1,568 | 1,952,091 
           |     11.20      27.48 |     11.21 
-----------+----------------------+----------
       80+ | 1,145,842      2,953 | 1,148,795 
           |      6.58      51.74 |      6.59 
-----------+----------------------+----------
     Total |17,414,887      5,707 |17,420,594 
           |    100.00     100.00 |    100.00 

+-------------------+
| Key               |
|-------------------|
|     frequency     |
| column percentage |
+-------------------+

           |   Failure/censoring
           |     indicator for
           |  outcome: CPNS covid
           |         death
      Male |         0          1 |     Total
-----------+----------------------+----------
         0 | 8,724,806      2,112 | 8,726,918 
           |     50.10      37.01 |     50.10 
-----------+----------------------+----------
         1 | 8,690,081      3,595 | 8,693,676 
           |     49.90      62.99 |     49.90 
-----------+----------------------+----------
     Total |17,414,887      5,707 |17,420,594 
           |    100.00     100.00 |    100.00 

+-------------------+
| Key               |
|-------------------|
|     frequency     |
| column percentage |
+-------------------+

                     |   Failure/censoring
                     |     indicator for
                     |  outcome: CPNS covid
                     |         death
         Grouped BMI |         0          1 |     Total
---------------------+----------------------+----------
 Underweight (<18.5) |   313,999        162 |   314,161 
                     |      1.80       2.84 |      1.80 
---------------------+----------------------+----------
  Normal (18.5-24.9) | 4,810,638      1,478 | 4,812,116 
                     |     27.62      25.90 |     27.62 
---------------------+----------------------+----------
Overweight (25-29.9) | 4,726,019      1,669 | 4,727,688 
                     |     27.14      29.24 |     27.14 
---------------------+----------------------+----------
   Obese I (30-34.9) | 2,404,717      1,169 | 2,405,886 
                     |     13.81      20.48 |     13.81 
---------------------+----------------------+----------
  Obese II (35-39.9) |   929,741        469 |   930,210 
                     |      5.34       8.22 |      5.34 
---------------------+----------------------+----------
     Obese III (40+) |   466,791        258 |   467,049 
                     |      2.68       4.52 |      2.68 
---------------------+----------------------+----------
        Unknown (.u) | 3,762,982        502 | 3,763,484 
                     |     21.61       8.80 |     21.60 
---------------------+----------------------+----------
               Total |17,414,887      5,707 |17,420,594 
                     |    100.00     100.00 |    100.00 

+-------------------+
| Key               |
|-------------------|
|     frequency     |
| column percentage |
+-------------------+

             |   Failure/censoring
             |     indicator for
             |  outcome: CPNS covid
     Smoking |         death
      status |         0          1 |     Total
-------------+----------------------+----------
       Never | 7,999,397      1,738 | 8,001,135 
             |     45.93      30.45 |     45.93 
-------------+----------------------+----------
      Former | 5,722,512      3,543 | 5,726,055 
             |     32.86      62.08 |     32.87 
-------------+----------------------+----------
     Current | 2,964,223        396 | 2,964,619 
             |     17.02       6.94 |     17.02 
-------------+----------------------+----------
Unknown (.u) |   728,755         30 |   728,785 
             |      4.18       0.53 |      4.18 
-------------+----------------------+----------
       Total |17,414,887      5,707 |17,420,594 
             |    100.00     100.00 |    100.00 

+-------------------+
| Key               |
|-------------------|
|     frequency     |
| column percentage |
+-------------------+

                     |   Failure/censoring
                     |     indicator for
                     |  outcome: CPNS covid
 Evidence of obesity |         death
      (4 categories) |         0          1 |     Total
---------------------+----------------------+----------
No record of obesity |13,613,638      3,811 |13,617,449 
                     |     78.17      66.78 |     78.17 
---------------------+----------------------+----------
   Obese I (30-34.9) | 2,404,717      1,169 | 2,405,886 
                     |     13.81      20.48 |     13.81 
---------------------+----------------------+----------
  Obese II (35-39.9) |   929,741        469 |   930,210 
                     |      5.34       8.22 |      5.34 
---------------------+----------------------+----------
     Obese III (40+) |   466,791        258 |   467,049 
                     |      2.68       4.52 |      2.68 
---------------------+----------------------+----------
               Total |17,414,887      5,707 |17,420,594 
                     |    100.00     100.00 |    100.00 

+-------------------+
| Key               |
|-------------------|
|     frequency     |
| column percentage |
+-------------------+

           |   Failure/censoring
Respirator |     indicator for
 y disease |  outcome: CPNS covid
    (excl. |         death
   asthma) |         0          1 |     Total
-----------+----------------------+----------
         0 |16,704,656      4,425 |16,709,081 
           |     95.92      77.54 |     95.92 
-----------+----------------------+----------
         1 |   710,231      1,282 |   711,513 
           |      4.08      22.46 |      4.08 
-----------+----------------------+----------
     Total |17,414,887      5,707 |17,420,594 
           |    100.00     100.00 |    100.00 

+-------------------+
| Key               |
|-------------------|
|     frequency     |
| column percentage |
+-------------------+

           |   Failure/censoring
           |     indicator for
           |  outcome: CPNS covid
           |         death
    Asthma |         0          1 |     Total
-----------+----------------------+----------
         0 |14,643,030      4,796 |14,647,826 
           |     84.08      84.04 |     84.08 
-----------+----------------------+----------
         1 | 2,771,857        911 | 2,772,768 
           |     15.92      15.96 |     15.92 
-----------+----------------------+----------
     Total |17,414,887      5,707 |17,420,594 
           |    100.00     100.00 |    100.00 

+-------------------+
| Key               |
|-------------------|
|     frequency     |
| column percentage |
+-------------------+

             |   Failure/censoring
     Asthma, |     indicator for
  grouped by |  outcome: CPNS covid
    severity |         death
   (OCS use) |         0          1 |     Total
-------------+----------------------+----------
          No |14,643,030      4,796 |14,647,826 
             |     84.08      84.04 |     84.08 
-------------+----------------------+----------
 Yes, no OCS | 2,476,289        712 | 2,477,001 
             |     14.22      12.48 |     14.22 
-------------+----------------------+----------
Yes with OCS |   295,568        199 |   295,767 
             |      1.70       3.49 |      1.70 
-------------+----------------------+----------
       Total |17,414,887      5,707 |17,420,594 
             |    100.00     100.00 |    100.00 

+-------------------+
| Key               |
|-------------------|
|     frequency     |
| column percentage |
+-------------------+

           |   Failure/censoring
           |     indicator for
           |  outcome: CPNS covid
     Heart |         death
   disease |         0          1 |     Total
-----------+----------------------+----------
         0 |16,236,444      3,652 |16,240,096 
           |     93.23      63.99 |     93.22 
-----------+----------------------+----------
         1 | 1,178,443      2,055 | 1,180,498 
           |      6.77      36.01 |      6.78 
-----------+----------------------+----------
     Total |17,414,887      5,707 |17,420,594 
           |    100.00     100.00 |    100.00 

+-------------------+
| Key               |
|-------------------|
|     frequency     |
| column percentage |
+-------------------+

           |   Failure/censoring
           |     indicator for
           |  outcome: CPNS covid
           |         death
  Diabetes |         0          1 |     Total
-----------+----------------------+----------
         0 |15,685,244      3,319 |15,688,563 
           |     90.07      58.16 |     90.06 
-----------+----------------------+----------
         1 | 1,729,643      2,388 | 1,732,031 
           |      9.93      41.84 |      9.94 
-----------+----------------------+----------
     Total |17,414,887      5,707 |17,420,594 
           |    100.00     100.00 |    100.00 

+-------------------+
| Key               |
|-------------------|
|     frequency     |
| column percentage |
+-------------------+

                      |   Failure/censoring
                      |     indicator for
                      |  outcome: CPNS covid
                      |         death
    Diabetes, grouped |         0          1 |     Total
----------------------+----------------------+----------
          No diabetes |15,685,244      3,319 |15,688,563 
                      |     90.07      58.16 |     90.06 
----------------------+----------------------+----------
  Controlled diabetes | 1,033,712      1,362 | 1,035,074 
                      |      5.94      23.87 |      5.94 
----------------------+----------------------+----------
Uncontrolled diabetes |   476,189        777 |   476,966 
                      |      2.73      13.61 |      2.74 
----------------------+----------------------+----------
Diabetes, no hba1c me |   219,742        249 |   219,991 
                      |      1.26       4.36 |      1.26 
----------------------+----------------------+----------
                Total |17,414,887      5,707 |17,420,594 
                      |    100.00     100.00 |    100.00 

+-------------------+
| Key               |
|-------------------|
|     frequency     |
| column percentage |
+-------------------+

 Cancer (exc. |   Failure/censoring
haematologica |     indicator for
  l), grouped |  outcome: CPNS covid
by time since |         death
    diagnosis |         0          1 |     Total
--------------+----------------------+----------
        Never |16,548,594      4,793 |16,553,387 
              |     95.03      83.98 |     95.02 
--------------+----------------------+----------
    Last year |    82,041        107 |    82,148 
              |      0.47       1.87 |      0.47 
--------------+----------------------+----------
2-5 years ago |   237,097        248 |   237,345 
              |      1.36       4.35 |      1.36 
--------------+----------------------+----------
     5+ years |   547,155        559 |   547,714 
              |      3.14       9.79 |      3.14 
--------------+----------------------+----------
        Total |17,414,887      5,707 |17,420,594 
              |    100.00     100.00 |    100.00 

+-------------------+
| Key               |
|-------------------|
|     frequency     |
| column percentage |
+-------------------+

Haematologica |   Failure/censoring
l malignancy, |     indicator for
   grouped by |  outcome: CPNS covid
   time since |         death
    diagnosis |         0          1 |     Total
--------------+----------------------+----------
        Never |17,313,994      5,498 |17,319,492 
              |     99.42      96.34 |     99.42 
--------------+----------------------+----------
    Last year |     8,832         27 |     8,859 
              |      0.05       0.47 |      0.05 
--------------+----------------------+----------
2-5 years ago |    28,035         80 |    28,115 
              |      0.16       1.40 |      0.16 
--------------+----------------------+----------
     5+ years |    64,026        102 |    64,128 
              |      0.37       1.79 |      0.37 
--------------+----------------------+----------
        Total |17,414,887      5,707 |17,420,594 
              |    100.00     100.00 |    100.00 

+-------------------+
| Key               |
|-------------------|
|     frequency     |
| column percentage |
+-------------------+

           |   Failure/censoring
           |     indicator for
   Chronic |  outcome: CPNS covid
     liver |         death
   disease |         0          1 |     Total
-----------+----------------------+----------
         0 |17,300,176      5,595 |17,305,771 
           |     99.34      98.04 |     99.34 
-----------+----------------------+----------
         1 |   114,711        112 |   114,823 
           |      0.66       1.96 |      0.66 
-----------+----------------------+----------
     Total |17,414,887      5,707 |17,420,594 
           |    100.00     100.00 |    100.00 

+-------------------+
| Key               |
|-------------------|
|     frequency     |
| column percentage |
+-------------------+

           |   Failure/censoring
           |     indicator for
           |  outcome: CPNS covid
           |         death
    stroke |         0          1 |     Total
-----------+----------------------+----------
         0 |17,066,220      4,877 |17,071,097 
           |     98.00      85.46 |     97.99 
-----------+----------------------+----------
         1 |   348,667        830 |   349,497 
           |      2.00      14.54 |      2.01 
-----------+----------------------+----------
     Total |17,414,887      5,707 |17,420,594 
           |    100.00     100.00 |    100.00 

+-------------------+
| Key               |
|-------------------|
|     frequency     |
| column percentage |
+-------------------+

           |   Failure/censoring
           |     indicator for
           |  outcome: CPNS covid
           |         death
  dementia |         0          1 |     Total
-----------+----------------------+----------
         0 |17,373,056      5,441 |17,378,497 
           |     99.76      95.34 |     99.76 
-----------+----------------------+----------
         1 |    41,831        266 |    42,097 
           |      0.24       4.66 |      0.24 
-----------+----------------------+----------
     Total |17,414,887      5,707 |17,420,594 
           |    100.00     100.00 |    100.00 

+-------------------+
| Key               |
|-------------------|
|     frequency     |
| column percentage |
+-------------------+

           |   Failure/censoring
           |     indicator for
           |  outcome: CPNS covid
 Stroke or |         death
  dementia |         0          1 |     Total
-----------+----------------------+----------
         0 |17,038,246      4,696 |17,042,942 
           |     97.84      82.28 |     97.83 
-----------+----------------------+----------
         1 |   376,641      1,011 |   377,652 
           |      2.16      17.72 |      2.17 
-----------+----------------------+----------
     Total |17,414,887      5,707 |17,420,594 
           |    100.00     100.00 |    100.00 

+-------------------+
| Key               |
|-------------------|
|     frequency     |
| column percentage |
+-------------------+

     Neuro |   Failure/censoring
 condition |     indicator for
other than |  outcome: CPNS covid
stroke/dem |         death
     entia |         0          1 |     Total
-----------+----------------------+----------
         0 |17,242,231      5,393 |17,247,624 
           |     99.01      94.50 |     99.01 
-----------+----------------------+----------
         1 |   172,656        314 |   172,970 
           |      0.99       5.50 |      0.99 
-----------+----------------------+----------
     Total |17,414,887      5,707 |17,420,594 
           |    100.00     100.00 |    100.00 

+-------------------+
| Key               |
|-------------------|
|     frequency     |
| column percentage |
+-------------------+

           |   Failure/censoring
           |     indicator for
           |  outcome: CPNS covid
    Kidney |         death
   disease |         0          1 |     Total
-----------+----------------------+----------
         0 |16,322,411      3,174 |16,325,585 
           |     93.73      55.62 |     93.71 
-----------+----------------------+----------
         1 | 1,092,476      2,533 | 1,095,009 
           |      6.27      44.38 |      6.29 
-----------+----------------------+----------
     Total |17,414,887      5,707 |17,420,594 
           |    100.00     100.00 |    100.00 

+-------------------+
| Key               |
|-------------------|
|     frequency     |
| column percentage |
+-------------------+

           |   Failure/censoring
           |     indicator for
     Organ |  outcome: CPNS covid
transplant |         death
 recipient |         0          1 |     Total
-----------+----------------------+----------
         0 |17,394,729      5,658 |17,400,387 
           |     99.88      99.14 |     99.88 
-----------+----------------------+----------
         1 |    20,158         49 |    20,207 
           |      0.12       0.86 |      0.12 
-----------+----------------------+----------
     Total |17,414,887      5,707 |17,420,594 
           |    100.00     100.00 |    100.00 

+-------------------+
| Key               |
|-------------------|
|     frequency     |
| column percentage |
+-------------------+

    Spleen |   Failure/censoring
  problems |     indicator for
(dysplenia |  outcome: CPNS covid
  , sickle |         death
     cell) |         0          1 |     Total
-----------+----------------------+----------
         0 |17,386,679      5,684 |17,392,363 
           |     99.84      99.60 |     99.84 
-----------+----------------------+----------
         1 |    28,208         23 |    28,231 
           |      0.16       0.40 |      0.16 
-----------+----------------------+----------
     Total |17,414,887      5,707 |17,420,594 
           |    100.00     100.00 |    100.00 

+-------------------+
| Key               |
|-------------------|
|     frequency     |
| column percentage |
+-------------------+

           |   Failure/censoring
  RA, SLE, |     indicator for
 Psoriasis |  outcome: CPNS covid
(autoimmun |         death
e disease) |         0          1 |     Total
-----------+----------------------+----------
         0 |16,529,104      5,175 |16,534,279 
           |     94.91      90.68 |     94.91 
-----------+----------------------+----------
         1 |   885,783        532 |   886,315 
           |      5.09       9.32 |      5.09 
-----------+----------------------+----------
     Total |17,414,887      5,707 |17,420,594 
           |    100.00     100.00 |    100.00 

+-------------------+
| Key               |
|-------------------|
|     frequency     |
| column percentage |
+-------------------+

Immunosupp |   Failure/censoring
    ressed |     indicator for
(combinati |  outcome: CPNS covid
        on |         death
algorithm) |         0          1 |     Total
-----------+----------------------+----------
         0 |17,134,774      5,671 |17,140,445 
           |     98.39      99.37 |     98.39 
-----------+----------------------+----------
         1 |   280,113         36 |   280,149 
           |      1.61       0.63 |      1.61 
-----------+----------------------+----------
     Total |17,414,887      5,707 |17,420,594 
           |    100.00     100.00 |    100.00 

+-------------------+
| Key               |
|-------------------|
|     frequency     |
| column percentage |
+-------------------+

                 |   Failure/censoring
        Index of |     indicator for
        Multiple |  outcome: CPNS covid
     Deprivation |         death
           (IMD) |         0          1 |     Total
-----------------+----------------------+----------
1 least deprived | 3,500,162        950 | 3,501,112 
                 |     20.10      16.65 |     20.10 
-----------------+----------------------+----------
               2 | 3,477,387      1,052 | 3,478,439 
                 |     19.97      18.43 |     19.97 
-----------------+----------------------+----------
               3 | 3,482,109      1,096 | 3,483,205 
                 |     20.00      19.20 |     19.99 
-----------------+----------------------+----------
               4 | 3,478,265      1,253 | 3,479,518 
                 |     19.97      21.96 |     19.97 
-----------------+----------------------+----------
 5 most deprived | 3,341,418      1,323 | 3,342,741 
                 |     19.19      23.18 |     19.19 
-----------------+----------------------+----------
         Unknown |   135,546         33 |   135,579 
                 |      0.78       0.58 |      0.78 
-----------------+----------------------+----------
           Total |17,414,887      5,707 |17,420,594 
                 |    100.00     100.00 |    100.00 

+-------------------+
| Key               |
|-------------------|
|     frequency     |
| column percentage |
+-------------------+

                      |   Failure/censoring
                      |     indicator for
                      |  outcome: CPNS covid
                      |         death
            Ethnicity |         0          1 |     Total
----------------------+----------------------+----------
                White |10,954,827      3,616 |10,958,443 
                      |     62.90      63.36 |     62.91 
----------------------+----------------------+----------
                Mixed |   171,352         39 |   171,391 
                      |      0.98       0.68 |      0.98 
----------------------+----------------------+----------
Asian or Asian Britis | 1,028,782        372 | 1,029,154 
                      |      5.91       6.52 |      5.91 
----------------------+----------------------+----------
                Black |   342,192        157 |   342,349 
                      |      1.96       2.75 |      1.97 
----------------------+----------------------+----------
                Other |   321,955         61 |   322,016 
                      |      1.85       1.07 |      1.85 
----------------------+----------------------+----------
              Unknown | 4,595,779      1,462 | 4,597,241 
                      |     26.39      25.62 |     26.39 
----------------------+----------------------+----------
                Total |17,414,887      5,707 |17,420,594 
                      |    100.00     100.00 |    100.00 

+-------------------+
| Key               |
|-------------------|
|     frequency     |
| column percentage |
+-------------------+

                      |   Failure/censoring
                      |     indicator for
                      |  outcome: CPNS covid
                      |         death
  Geographical region |         0          1 |     Total
----------------------+----------------------+----------
                 East | 4,048,058      1,506 | 4,049,564 
                      |     23.25      26.39 |     23.25 
----------------------+----------------------+----------
        East Midlands | 3,066,220        910 | 3,067,130 
                      |     17.61      15.95 |     17.61 
----------------------+----------------------+----------
               London | 1,197,309        497 | 1,197,806 
                      |      6.88       8.71 |      6.88 
----------------------+----------------------+----------
           North East |   810,066        253 |   810,319 
                      |      4.65       4.43 |      4.65 
----------------------+----------------------+----------
           North West | 1,557,905        588 | 1,558,493 
                      |      8.95      10.30 |      8.95 
----------------------+----------------------+----------
           South East | 1,173,947        309 | 1,174,256 
                      |      6.74       5.41 |      6.74 
----------------------+----------------------+----------
           South West | 2,363,572        422 | 2,363,994 
                      |     13.57       7.39 |     13.57 
----------------------+----------------------+----------
        West Midlands |   695,716        475 |   696,191 
                      |      4.00       8.32 |      4.00 
----------------------+----------------------+----------
Yorkshire and The H.. | 2,501,403        747 | 2,502,150 
                      |     14.36      13.09 |     14.36 
----------------------+----------------------+----------
                Total |17,414,196      5,707 |17,419,903 
                      |    100.00     100.00 |    100.00 

+-------------------+
| Key               |
|-------------------|
|     frequency     |
| column percentage |
+-------------------+

           |   Failure/censoring
           |     indicator for
           |     outcome: ITU
   Grouped |       admission
       age |         0          1 |     Total
-----------+----------------------+----------
    18-<40 | 5,973,826        103 | 5,973,929 
           |     34.29       7.26 |     34.29 
-----------+----------------------+----------
    40-<50 | 2,871,758        168 | 2,871,926 
           |     16.49      11.85 |     16.49 
-----------+----------------------+----------
    50-<60 | 3,067,323        382 | 3,067,705 
           |     17.61      26.94 |     17.61 
-----------+----------------------+----------
    60-<70 | 2,405,720        428 | 2,406,148 
           |     13.81      30.18 |     13.81 
-----------+----------------------+----------
    70-<80 | 1,951,802        289 | 1,952,091 
           |     11.20      20.38 |     11.21 
-----------+----------------------+----------
       80+ | 1,148,747         48 | 1,148,795 
           |      6.59       3.39 |      6.59 
-----------+----------------------+----------
     Total |17,419,176      1,418 |17,420,594 
           |    100.00     100.00 |    100.00 

+-------------------+
| Key               |
|-------------------|
|     frequency     |
| column percentage |
+-------------------+

           |   Failure/censoring
           |     indicator for
           |     outcome: ITU
           |       admission
      Male |         0          1 |     Total
-----------+----------------------+----------
         0 | 8,726,523        395 | 8,726,918 
           |     50.10      27.86 |     50.10 
-----------+----------------------+----------
         1 | 8,692,653      1,023 | 8,693,676 
           |     49.90      72.14 |     49.90 
-----------+----------------------+----------
     Total |17,419,176      1,418 |17,420,594 
           |    100.00     100.00 |    100.00 

+-------------------+
| Key               |
|-------------------|
|     frequency     |
| column percentage |
+-------------------+

                     |   Failure/censoring
                     |     indicator for
                     |     outcome: ITU
                     |       admission
         Grouped BMI |         0          1 |     Total
---------------------+----------------------+----------
 Underweight (<18.5) |   314,152          9 |   314,161 
                     |      1.80       0.63 |      1.80 
---------------------+----------------------+----------
  Normal (18.5-24.9) | 4,811,969        147 | 4,812,116 
                     |     27.62      10.37 |     27.62 
---------------------+----------------------+----------
Overweight (25-29.9) | 4,727,276        412 | 4,727,688 
                     |     27.14      29.06 |     27.14 
---------------------+----------------------+----------
   Obese I (30-34.9) | 2,405,502        384 | 2,405,886 
                     |     13.81      27.08 |     13.81 
---------------------+----------------------+----------
  Obese II (35-39.9) |   930,022        188 |   930,210 
                     |      5.34      13.26 |      5.34 
---------------------+----------------------+----------
     Obese III (40+) |   466,930        119 |   467,049 
                     |      2.68       8.39 |      2.68 
---------------------+----------------------+----------
        Unknown (.u) | 3,763,325        159 | 3,763,484 
                     |     21.60      11.21 |     21.60 
---------------------+----------------------+----------
               Total |17,419,176      1,418 |17,420,594 
                     |    100.00     100.00 |    100.00 

+-------------------+
| Key               |
|-------------------|
|     frequency     |
| column percentage |
+-------------------+

             |   Failure/censoring
             |     indicator for
             |     outcome: ITU
     Smoking |       admission
      status |         0          1 |     Total
-------------+----------------------+----------
       Never | 8,000,506        629 | 8,001,135 
             |     45.93      44.36 |     45.93 
-------------+----------------------+----------
      Former | 5,725,331        724 | 5,726,055 
             |     32.87      51.06 |     32.87 
-------------+----------------------+----------
     Current | 2,964,563         56 | 2,964,619 
             |     17.02       3.95 |     17.02 
-------------+----------------------+----------
Unknown (.u) |   728,776          9 |   728,785 
             |      4.18       0.63 |      4.18 
-------------+----------------------+----------
       Total |17,419,176      1,418 |17,420,594 
             |    100.00     100.00 |    100.00 

+-------------------+
| Key               |
|-------------------|
|     frequency     |
| column percentage |
+-------------------+

                     |   Failure/censoring
                     |     indicator for
                     |     outcome: ITU
 Evidence of obesity |       admission
      (4 categories) |         0          1 |     Total
---------------------+----------------------+----------
No record of obesity |13,616,722        727 |13,617,449 
                     |     78.17      51.27 |     78.17 
---------------------+----------------------+----------
   Obese I (30-34.9) | 2,405,502        384 | 2,405,886 
                     |     13.81      27.08 |     13.81 
---------------------+----------------------+----------
  Obese II (35-39.9) |   930,022        188 |   930,210 
                     |      5.34      13.26 |      5.34 
---------------------+----------------------+----------
     Obese III (40+) |   466,930        119 |   467,049 
                     |      2.68       8.39 |      2.68 
---------------------+----------------------+----------
               Total |17,419,176      1,418 |17,420,594 
                     |    100.00     100.00 |    100.00 

+-------------------+
| Key               |
|-------------------|
|     frequency     |
| column percentage |
+-------------------+

           |   Failure/censoring
Respirator |     indicator for
 y disease |     outcome: ITU
    (excl. |       admission
   asthma) |         0          1 |     Total
-----------+----------------------+----------
         0 |16,707,781      1,300 |16,709,081 
           |     95.92      91.68 |     95.92 
-----------+----------------------+----------
         1 |   711,395        118 |   711,513 
           |      4.08       8.32 |      4.08 
-----------+----------------------+----------
     Total |17,419,176      1,418 |17,420,594 
           |    100.00     100.00 |    100.00 

+-------------------+
| Key               |
|-------------------|
|     frequency     |
| column percentage |
+-------------------+

           |   Failure/censoring
           |     indicator for
           |     outcome: ITU
           |       admission
    Asthma |         0          1 |     Total
-----------+----------------------+----------
         0 |14,646,682      1,144 |14,647,826 
           |     84.08      80.68 |     84.08 
-----------+----------------------+----------
         1 | 2,772,494        274 | 2,772,768 
           |     15.92      19.32 |     15.92 
-----------+----------------------+----------
     Total |17,419,176      1,418 |17,420,594 
           |    100.00     100.00 |    100.00 

+-------------------+
| Key               |
|-------------------|
|     frequency     |
| column percentage |
+-------------------+

             |   Failure/censoring
     Asthma, |     indicator for
  grouped by |     outcome: ITU
    severity |       admission
   (OCS use) |         0          1 |     Total
-------------+----------------------+----------
          No |14,646,682      1,144 |14,647,826 
             |     84.08      80.68 |     84.08 
-------------+----------------------+----------
 Yes, no OCS | 2,476,786        215 | 2,477,001 
             |     14.22      15.16 |     14.22 
-------------+----------------------+----------
Yes with OCS |   295,708         59 |   295,767 
             |      1.70       4.16 |      1.70 
-------------+----------------------+----------
       Total |17,419,176      1,418 |17,420,594 
             |    100.00     100.00 |    100.00 

+-------------------+
| Key               |
|-------------------|
|     frequency     |
| column percentage |
+-------------------+

           |   Failure/censoring
           |     indicator for
           |     outcome: ITU
     Heart |       admission
   disease |         0          1 |     Total
-----------+----------------------+----------
         0 |16,238,856      1,240 |16,240,096 
           |     93.22      87.45 |     93.22 
-----------+----------------------+----------
         1 | 1,180,320        178 | 1,180,498 
           |      6.78      12.55 |      6.78 
-----------+----------------------+----------
     Total |17,419,176      1,418 |17,420,594 
           |    100.00     100.00 |    100.00 

+-------------------+
| Key               |
|-------------------|
|     frequency     |
| column percentage |
+-------------------+

           |   Failure/censoring
           |     indicator for
           |     outcome: ITU
           |       admission
  Diabetes |         0          1 |     Total
-----------+----------------------+----------
         0 |15,687,603        960 |15,688,563 
           |     90.06      67.70 |     90.06 
-----------+----------------------+----------
         1 | 1,731,573        458 | 1,732,031 
           |      9.94      32.30 |      9.94 
-----------+----------------------+----------
     Total |17,419,176      1,418 |17,420,594 
           |    100.00     100.00 |    100.00 

+-------------------+
| Key               |
|-------------------|
|     frequency     |
| column percentage |
+-------------------+

                      |   Failure/censoring
                      |     indicator for
                      |     outcome: ITU
                      |       admission
    Diabetes, grouped |         0          1 |     Total
----------------------+----------------------+----------
          No diabetes |15,687,603        960 |15,688,563 
                      |     90.06      67.70 |     90.06 
----------------------+----------------------+----------
  Controlled diabetes | 1,034,831        243 | 1,035,074 
                      |      5.94      17.14 |      5.94 
----------------------+----------------------+----------
Uncontrolled diabetes |   476,799        167 |   476,966 
                      |      2.74      11.78 |      2.74 
----------------------+----------------------+----------
Diabetes, no hba1c me |   219,943         48 |   219,991 
                      |      1.26       3.39 |      1.26 
----------------------+----------------------+----------
                Total |17,419,176      1,418 |17,420,594 
                      |    100.00     100.00 |    100.00 

+-------------------+
| Key               |
|-------------------|
|     frequency     |
| column percentage |
+-------------------+

 Cancer (exc. |   Failure/censoring
haematologica |     indicator for
  l), grouped |     outcome: ITU
by time since |       admission
    diagnosis |         0          1 |     Total
--------------+----------------------+----------
        Never |16,552,059      1,328 |16,553,387 
              |     95.02      93.65 |     95.02 
--------------+----------------------+----------
    Last year |    82,136         12 |    82,148 
              |      0.47       0.85 |      0.47 
--------------+----------------------+----------
2-5 years ago |   237,319         26 |   237,345 
              |      1.36       1.83 |      1.36 
--------------+----------------------+----------
     5+ years |   547,662         52 |   547,714 
              |      3.14       3.67 |      3.14 
--------------+----------------------+----------
        Total |17,419,176      1,418 |17,420,594 
              |    100.00     100.00 |    100.00 

+-------------------+
| Key               |
|-------------------|
|     frequency     |
| column percentage |
+-------------------+

Haematologica |   Failure/censoring
l malignancy, |     indicator for
   grouped by |     outcome: ITU
   time since |       admission
    diagnosis |         0          1 |     Total
--------------+----------------------+----------

REDACTED DUE TO SMALL Ns

+-------------------+
| Key               |
|-------------------|
|     frequency     |
| column percentage |
+-------------------+

           |   Failure/censoring
           |     indicator for
   Chronic |     outcome: ITU
     liver |       admission
   disease |         0          1 |     Total
-----------+----------------------+----------

REDACTED DUE TO SMALL Ns

+-------------------+
| Key               |
|-------------------|
|     frequency     |
| column percentage |
+-------------------+

           |   Failure/censoring
           |     indicator for
           |     outcome: ITU
           |       admission
    stroke |         0          1 |     Total
-----------+----------------------+----------
         0 |17,069,728      1,369 |17,071,097 
           |     97.99      96.54 |     97.99 
-----------+----------------------+----------
         1 |   349,448         49 |   349,497 
           |      2.01       3.46 |      2.01 
-----------+----------------------+----------
     Total |17,419,176      1,418 |17,420,594 
           |    100.00     100.00 |    100.00 

+-------------------+
| Key               |
|-------------------|
|     frequency     |
| column percentage |
+-------------------+

           |   Failure/censoring
           |     indicator for
           |     outcome: ITU
           |       admission
  dementia |         0          1 |     Total
-----------+----------------------+----------

REDACTED DUE TO SMALL Ns


+-------------------+
| Key               |
|-------------------|
|     frequency     |
| column percentage |
+-------------------+

           |   Failure/censoring
           |     indicator for
           |     outcome: ITU
 Stroke or |       admission
  dementia |         0          1 |     Total
-----------+----------------------+----------
         0 |17,041,574      1,368 |17,042,942 
           |     97.83      96.47 |     97.83 
-----------+----------------------+----------
         1 |   377,602         50 |   377,652 
           |      2.17       3.53 |      2.17 
-----------+----------------------+----------
     Total |17,419,176      1,418 |17,420,594 
           |    100.00     100.00 |    100.00 

+-------------------+
| Key               |
|-------------------|
|     frequency     |
| column percentage |
+-------------------+

     Neuro |   Failure/censoring
 condition |     indicator for
other than |     outcome: ITU
stroke/dem |       admission
     entia |         0          1 |     Total
-----------+----------------------+----------
         0 |17,246,226      1,398 |17,247,624 
           |     99.01      98.59 |     99.01 
-----------+----------------------+----------
         1 |   172,950         20 |   172,970 
           |      0.99       1.41 |      0.99 
-----------+----------------------+----------
     Total |17,419,176      1,418 |17,420,594 
           |    100.00     100.00 |    100.00 

+-------------------+
| Key               |
|-------------------|
|     frequency     |
| column percentage |
+-------------------+

           |   Failure/censoring
           |     indicator for
           |     outcome: ITU
    Kidney |       admission
   disease |         0          1 |     Total
-----------+----------------------+----------
         0 |16,324,343      1,242 |16,325,585 
           |     93.71      87.59 |     93.71 
-----------+----------------------+----------
         1 | 1,094,833        176 | 1,095,009 
           |      6.29      12.41 |      6.29 
-----------+----------------------+----------
     Total |17,419,176      1,418 |17,420,594 
           |    100.00     100.00 |    100.00 

+-------------------+
| Key               |
|-------------------|
|     frequency     |
| column percentage |
+-------------------+

           |   Failure/censoring
           |     indicator for
     Organ |     outcome: ITU
transplant |       admission
 recipient |         0          1 |     Total
-----------+----------------------+----------
         0 |17,398,985      1,402 |17,400,387 
           |     99.88      98.87 |     99.88 
-----------+----------------------+----------
         1 |    20,191         16 |    20,207 
           |      0.12       1.13 |      0.12 
-----------+----------------------+----------
     Total |17,419,176      1,418 |17,420,594 
           |    100.00     100.00 |    100.00 

+-------------------+
| Key               |
|-------------------|
|     frequency     |
| column percentage |
+-------------------+

    Spleen |   Failure/censoring
  problems |     indicator for
(dysplenia |     outcome: ITU
  , sickle |       admission
     cell) |         0          1 |     Total
-----------+----------------------+----------

REDACTED DUE TO SMALL Ns


+-------------------+
| Key               |
|-------------------|
|     frequency     |
| column percentage |
+-------------------+

           |   Failure/censoring
  RA, SLE, |     indicator for
 Psoriasis |     outcome: ITU
(autoimmun |       admission
e disease) |         0          1 |     Total
-----------+----------------------+----------
         0 |16,532,978      1,301 |16,534,279 
           |     94.91      91.75 |     94.91 
-----------+----------------------+----------
         1 |   886,198        117 |   886,315 
           |      5.09       8.25 |      5.09 
-----------+----------------------+----------
     Total |17,419,176      1,418 |17,420,594 
           |    100.00     100.00 |    100.00 

+-------------------+
| Key               |
|-------------------|
|     frequency     |
| column percentage |
+-------------------+

Immunosupp |   Failure/censoring
    ressed |     indicator for
(combinati |     outcome: ITU
        on |       admission
algorithm) |         0          1 |     Total
-----------+----------------------+----------
         0 |17,139,047      1,398 |17,140,445 
           |     98.39      98.59 |     98.39 
-----------+----------------------+----------
         1 |   280,129         20 |   280,149 
           |      1.61       1.41 |      1.61 
-----------+----------------------+----------
     Total |17,419,176      1,418 |17,420,594 
           |    100.00     100.00 |    100.00 

+-------------------+
| Key               |
|-------------------|
|     frequency     |
| column percentage |
+-------------------+

                 |   Failure/censoring
        Index of |     indicator for
        Multiple |     outcome: ITU
     Deprivation |       admission
           (IMD) |         0          1 |     Total
-----------------+----------------------+----------

REDACTED DUE TO SMALL Ns


+-------------------+
| Key               |
|-------------------|
|     frequency     |
| column percentage |
+-------------------+

                      |   Failure/censoring
                      |     indicator for
                      |     outcome: ITU
                      |       admission
            Ethnicity |         0          1 |     Total
----------------------+----------------------+----------
                White |10,957,645        798 |10,958,443 
                      |     62.91      56.28 |     62.91 
----------------------+----------------------+----------
                Mixed |   171,371         20 |   171,391 
                      |      0.98       1.41 |      0.98 
----------------------+----------------------+----------
Asian or Asian Britis | 1,028,986        168 | 1,029,154 
                      |      5.91      11.85 |      5.91 
----------------------+----------------------+----------
                Black |   342,255         94 |   342,349 
                      |      1.96       6.63 |      1.97 
----------------------+----------------------+----------
                Other |   321,965         51 |   322,016 
                      |      1.85       3.60 |      1.85 
----------------------+----------------------+----------
              Unknown | 4,596,954        287 | 4,597,241 
                      |     26.39      20.24 |     26.39 
----------------------+----------------------+----------
                Total |17,419,176      1,418 |17,420,594 
                      |    100.00     100.00 |    100.00 

+-------------------+
| Key               |
|-------------------|
|     frequency     |
| column percentage |
+-------------------+

                      |   Failure/censoring
                      |     indicator for
                      |     outcome: ITU
                      |       admission
  Geographical region |         0          1 |     Total
----------------------+----------------------+----------
                 East | 4,049,218        346 | 4,049,564 
                      |     23.25      24.42 |     23.25 
----------------------+----------------------+----------
        East Midlands | 3,066,945        185 | 3,067,130 
                      |     17.61      13.06 |     17.61 
----------------------+----------------------+----------
               London | 1,197,616        190 | 1,197,806 
                      |      6.88      13.41 |      6.88 
----------------------+----------------------+----------
           North East |   810,235         84 |   810,319 
                      |      4.65       5.93 |      4.65 
----------------------+----------------------+----------
           North West | 1,558,336        157 | 1,558,493 
                      |      8.95      11.08 |      8.95 
----------------------+----------------------+----------
           South East | 1,174,195         61 | 1,174,256 
                      |      6.74       4.30 |      6.74 
----------------------+----------------------+----------
           South West | 2,363,877        117 | 2,363,994 
                      |     13.57       8.26 |     13.57 
----------------------+----------------------+----------
        West Midlands |   696,100         91 |   696,191 
                      |      4.00       6.42 |      4.00 
----------------------+----------------------+----------
Yorkshire and The H.. | 2,501,964        186 | 2,502,150 
                      |     14.36      13.13 |     14.36 
----------------------+----------------------+----------
                Total |17,418,486      1,417 |17,419,903 
                      |    100.00     100.00 |    100.00 

. 
. 
. ***************************************
. *  Cumulative incidence of CPNS DEATH *
. ***************************************
. 
. use "cr_create_analysis_dataset_STSET_cpnsdeath.dta", clear
(Analysis dataset for the poor outcomes in Covid project)

. 
. sts list , at(0 80) by(agegroup male) fail

         failure _d:  cpnsdeath
   analysis time _t:  (stime_cpnsdeath-origin)
             origin:  time enter_date
  enter on or after:  time enter_date
                 id:  patient_id

              Beg.                      Failure       Std.
    Time     Total     Fail             Function     Error     [95% Conf. Int.]
-------------------------------------------------------------------------------
18-<40 male=0 
       0         0        0              0.0000         .          .         .
      80   2.9e+06       15              0.0000    0.0000     0.0000    0.0000
18-<40 male=1 
       0         0        0              0.0000         .          .         .
      80   3.1e+06       18              0.0000    0.0000     0.0000    0.0000
40-<50 male=0 
       0         0        0              0.0000         .          .         .
      80   1.4e+06       27              0.0000    0.0000     0.0000    0.0000
40-<50 male=1 
       0         0        0              0.0000         .          .         .
      80   1.5e+06       59              0.0000    0.0000     0.0000    0.0001
50-<60 male=0 
       0         0        0              0.0000         .          .         .
      80   1.5e+06      105              0.0001    0.0000     0.0001    0.0001
50-<60 male=1 
       0         0        0              0.0000         .          .         .
      80   1.6e+06      216              0.0001    0.0000     0.0001    0.0002
60-<70 male=0 
       0         0        0              0.0000         .          .         .
      80   1.2e+06      207              0.0002    0.0000     0.0001    0.0002
60-<70 male=1 
       0         0        0              0.0000         .          .         .
      80   1.2e+06      432              0.0004    0.0000     0.0003    0.0004
70-<80 male=0 
       0         0        0              0.0000         .          .         .
      80   1.0e+06      475              0.0005    0.0000     0.0004    0.0005
70-<80 male=1 
       0         0        0              0.0000         .          .         .
      80    925418      971              0.0010    0.0000     0.0010    0.0011
80+ male=0 
       0         0        0              0.0000         .          .         .
      80    662204     1095              0.0016    0.0000     0.0016    0.0018
80+ male=1 
       0         0        0              0.0000         .          .         .
      80    463698     1608              0.0035    0.0001     0.0033    0.0036
-------------------------------------------------------------------------------
Note: Failure function is calculated over full data and evaluated at indicated
      times; it is not calculated from aggregates shown at left.

. 
. 
. * Close the log file
. log close
      name:  <unnamed>
       log:  E:\analyses\alex-tmp-repo-2\analysis\output/an_descriptive_tables.log
  log type:  text
 closed on:   1 May 2020, 18:49:43
--------------------------------------------------------------------------------------------------------------------
