--------------------------------------------------------------------------------------------------------------------
      name:  <unnamed>
       log:  E:\analyses\alex-tmp-repo-3\analysis\output/an_descriptive_tables.log
  log type:  text
 opened on:  12 May 2020, 19:47:20

. 
. use cr_create_analysis_dataset, clear
(Analysis dataset for the poor outcomes in Covid project)

. 
. 
. **********************************
. *  Distribution in whole cohort  *
. **********************************
. 
. 
. * Demographics
. summ age

    Variable |        Obs        Mean    Std. Dev.       Min        Max
-------------+---------------------------------------------------------
         age | 17,283,279     49.7454    18.71273         18        105

. tab agegroup

Grouped age |      Freq.     Percent        Cum.
------------+-----------------------------------
     18-<40 |  5,916,069       34.23       34.23
     40-<50 |  2,850,881       16.50       50.73
     50-<60 |  3,052,005       17.66       68.38
     60-<70 |  2,392,985       13.85       82.23
     70-<80 |  1,939,305       11.22       93.45
        80+ |  1,132,034        6.55      100.00
------------+-----------------------------------
      Total | 17,283,279      100.00

. tab male

       Male |      Freq.     Percent        Cum.
------------+-----------------------------------
          0 |  8,650,522       50.05       50.05
          1 |  8,632,757       49.95      100.00
------------+-----------------------------------
      Total | 17,283,279      100.00

. tab bmicat

         Grouped BMI |      Freq.     Percent        Cum.
---------------------+-----------------------------------
 Underweight (<18.5) |    310,111        2.29        2.29
  Normal (18.5-24.9) |  4,761,072       35.20       37.50
Overweight (25-29.9) |  4,682,852       34.62       72.12
   Obese I (30-34.9) |  2,384,879       17.63       89.75
  Obese II (35-39.9) |    922,544        6.82       96.58
     Obese III (40+) |    463,092        3.42      100.00
---------------------+-----------------------------------
               Total | 13,524,550      100.00

. tab bmicat, m

         Grouped BMI |      Freq.     Percent        Cum.
---------------------+-----------------------------------
 Underweight (<18.5) |    310,111        1.79        1.79
  Normal (18.5-24.9) |  4,761,072       27.55       29.34
Overweight (25-29.9) |  4,682,852       27.09       56.44
   Obese I (30-34.9) |  2,384,879       13.80       70.24
  Obese II (35-39.9) |    922,544        5.34       75.57
     Obese III (40+) |    463,092        2.68       78.25
        Unknown (.u) |  3,758,729       21.75      100.00
---------------------+-----------------------------------
               Total | 17,283,279      100.00

. tab obese4cat

 Evidence of obesity |
      (4 categories) |      Freq.     Percent        Cum.
---------------------+-----------------------------------
No record of obesity | 13,512,764       78.18       78.18
   Obese I (30-34.9) |  2,384,879       13.80       91.98
  Obese II (35-39.9) |    922,544        5.34       97.32
     Obese III (40+) |    463,092        2.68      100.00
---------------------+-----------------------------------
               Total | 17,283,279      100.00

. tab smoke

     Smoking |
      status |      Freq.     Percent        Cum.
-------------+-----------------------------------
       Never |  7,927,109       47.86       47.86
      Former |  5,692,586       34.37       82.23
     Current |  2,942,473       17.77      100.00
-------------+-----------------------------------
       Total | 16,562,168      100.00

. tab smoke, m

     Smoking |
      status |      Freq.     Percent        Cum.
-------------+-----------------------------------
       Never |  7,927,109       45.87       45.87
      Former |  5,692,586       32.94       78.80
     Current |  2,942,473       17.02       95.83
Unknown (.u) |    721,111        4.17      100.00
-------------+-----------------------------------
       Total | 17,283,279      100.00

. tab bpcat

 Grouped blood |
      pressure |      Freq.     Percent        Cum.
---------------+-----------------------------------
        Normal |  3,805,350       24.44       24.44
      Elevated |  2,483,305       15.95       40.40
 High, stage I |  5,549,912       35.65       76.04
High, stage II |  3,729,321       23.96      100.00
---------------+-----------------------------------
         Total | 15,567,888      100.00

. tab bpcat, m

 Grouped blood |
      pressure |      Freq.     Percent        Cum.
---------------+-----------------------------------
        Normal |  3,805,350       22.02       22.02
      Elevated |  2,483,305       14.37       36.39
 High, stage I |  5,549,912       32.11       68.50
High, stage II |  3,729,321       21.58       90.07
       Unknown |  1,715,391        9.93      100.00
---------------+-----------------------------------
         Total | 17,283,279      100.00

. tab htdiag_or_highbp

  Diagnosed |
hypertensio |
  n or high |
      blood |
   pressure |      Freq.     Percent        Cum.
------------+-----------------------------------
          0 | 11,356,864       65.71       65.71
          1 |  5,926,415       34.29      100.00
------------+-----------------------------------
      Total | 17,283,279      100.00

. 
. 
. * Comorbidities
. tab chronic_respiratory_disease

Respiratory |
    disease |
     (excl. |
    asthma) |      Freq.     Percent        Cum.
------------+-----------------------------------
          0 | 16,579,449       95.93       95.93
          1 |    703,830        4.07      100.00
------------+-----------------------------------
      Total | 17,283,279      100.00

. tab asthma

     Asthma |      Freq.     Percent        Cum.
------------+-----------------------------------
          0 | 14,536,211       84.11       84.11
          1 |  2,747,068       15.89      100.00
------------+-----------------------------------
      Total | 17,283,279      100.00

. tab asthmacat

     Asthma, |
  grouped by |
    severity |
   (OCS use) |      Freq.     Percent        Cum.
-------------+-----------------------------------
          No | 14,536,211       84.11       84.11
 Yes, no OCS |  2,455,481       14.21       98.31
Yes with OCS |    291,587        1.69      100.00
-------------+-----------------------------------
       Total | 17,283,279      100.00

. tab chronic_cardiac_disease

      Heart |
    disease |      Freq.     Percent        Cum.
------------+-----------------------------------
          0 | 16,115,879       93.25       93.25
          1 |  1,167,400        6.75      100.00
------------+-----------------------------------
      Total | 17,283,279      100.00

. tab diabetes

   Diabetes |      Freq.     Percent        Cum.
------------+-----------------------------------
          0 | 15,565,205       90.06       90.06
          1 |  1,718,074        9.94      100.00
------------+-----------------------------------
      Total | 17,283,279      100.00

. tab diabcat

         Diabetes, grouped |      Freq.     Percent        Cum.
---------------------------+-----------------------------------
               No diabetes | 15,565,205       90.06       90.06
       Controlled diabetes |  1,037,554        6.00       96.06
     Uncontrolled diabetes |    486,564        2.82       98.88
Diabetes, no hba1c measure |    193,956        1.12      100.00
---------------------------+-----------------------------------
                     Total | 17,283,279      100.00

. tab cancer_exhaem_cat

 Cancer (exc. |
haematologica |
  l), grouped |
by time since |
    diagnosis |      Freq.     Percent        Cum.
--------------+-----------------------------------
        Never | 16,426,938       95.05       95.05
    Last year |     79,880        0.46       95.51
2-5 years ago |    234,133        1.35       96.86
     5+ years |    542,328        3.14      100.00
--------------+-----------------------------------
        Total | 17,283,279      100.00

. tab cancer_haem_cat

Haematologica |
l malignancy, |
   grouped by |
   time since |
    diagnosis |      Freq.     Percent        Cum.
--------------+-----------------------------------
        Never | 17,183,391       99.42       99.42
    Last year |      8,684        0.05       99.47
2-5 years ago |     27,746        0.16       99.63
     5+ years |     63,458        0.37      100.00
--------------+-----------------------------------
        Total | 17,283,279      100.00

. tab chronic_liver_disease

    Chronic |
      liver |
    disease |      Freq.     Percent        Cum.
------------+-----------------------------------
          0 | 17,169,743       99.34       99.34
          1 |    113,536        0.66      100.00
------------+-----------------------------------
      Total | 17,283,279      100.00

. tab dementia

   dementia |      Freq.     Percent        Cum.
------------+-----------------------------------
          0 | 17,242,503       99.76       99.76
          1 |     40,776        0.24      100.00
------------+-----------------------------------
      Total | 17,283,279      100.00

. tab stroke

     stroke |      Freq.     Percent        Cum.
------------+-----------------------------------
          0 | 16,938,644       98.01       98.01
          1 |    344,635        1.99      100.00
------------+-----------------------------------
      Total | 17,283,279      100.00

. tab stroke_dementia

  Stroke or |
   dementia |      Freq.     Percent        Cum.
------------+-----------------------------------
          0 | 16,911,360       97.85       97.85
          1 |    371,919        2.15      100.00
------------+-----------------------------------
      Total | 17,283,279      100.00

. tab other_neuro

      Neuro |
  condition |
 other than |
stroke/deme |
       ntia |      Freq.     Percent        Cum.
------------+-----------------------------------
          0 | 17,112,508       99.01       99.01
          1 |    170,771        0.99      100.00
------------+-----------------------------------
      Total | 17,283,279      100.00

. tab reduced_kidney_function_cat

 Reduced kidney function |      Freq.     Percent        Cum.
-------------------------+-----------------------------------
                    None | 16,197,469       93.72       93.72
Stage 3a/3b egfr 30-60   |  1,007,715        5.83       99.55
       Stage 4/5 egfr<30 |     78,095        0.45      100.00
-------------------------+-----------------------------------
                   Total | 17,283,279      100.00

. tab dialysis

   Dialysis |      Freq.     Percent        Cum.
------------+-----------------------------------
          0 | 17,259,333       99.86       99.86
          1 |     23,946        0.14      100.00
------------+-----------------------------------
      Total | 17,283,279      100.00

. tab organ_transplant

      Organ |
 transplant |
  recipient |      Freq.     Percent        Cum.
------------+-----------------------------------
          0 | 17,263,278       99.88       99.88
          1 |     20,001        0.12      100.00
------------+-----------------------------------
      Total | 17,283,279      100.00

. tab spleen

     Spleen |
   problems |
(dysplenia, |
     sickle |
      cell) |      Freq.     Percent        Cum.
------------+-----------------------------------
          0 | 17,255,344       99.84       99.84
          1 |     27,935        0.16      100.00
------------+-----------------------------------
      Total | 17,283,279      100.00

. tab ra_sle_psoriasis

   RA, SLE, |
  Psoriasis |
(autoimmune |
   disease) |      Freq.     Percent        Cum.
------------+-----------------------------------
          0 | 16,404,659       94.92       94.92
          1 |    878,620        5.08      100.00
------------+-----------------------------------
      Total | 17,283,279      100.00

. tab other_immunosuppression

Immunosuppr |
      essed |
(combinatio |
          n |
 algorithm) |      Freq.     Percent        Cum.
------------+-----------------------------------
          0 | 17,003,978       98.38       98.38
          1 |    279,301        1.62      100.00
------------+-----------------------------------
      Total | 17,283,279      100.00

. 
. tab imd 

        Index of |
        Multiple |
     Deprivation |
           (IMD) |      Freq.     Percent        Cum.
-----------------+-----------------------------------
1 least deprived |  3,498,853       20.24       20.24
               2 |  3,478,227       20.12       40.37
               3 |  3,484,518       20.16       60.53
               4 |  3,481,294       20.14       80.67
 5 most deprived |  3,340,387       19.33      100.00
-----------------+-----------------------------------
           Total | 17,283,279      100.00

. tab imd, m

        Index of |
        Multiple |
     Deprivation |
           (IMD) |      Freq.     Percent        Cum.
-----------------+-----------------------------------
1 least deprived |  3,498,853       20.24       20.24
               2 |  3,478,227       20.12       40.37
               3 |  3,484,518       20.16       60.53
               4 |  3,481,294       20.14       80.67
 5 most deprived |  3,340,387       19.33      100.00
-----------------+-----------------------------------
           Total | 17,283,279      100.00

. tab ethnicity

             Ethnicity |      Freq.     Percent        Cum.
-----------------------+-----------------------------------
                 White | 10,866,547       85.43       85.43
                 Mixed |    170,121        1.34       86.77
Asian or Asian British |  1,022,573        8.04       94.81
                 Black |    340,061        2.67       97.48
                 Other |    320,266        2.52      100.00
-----------------------+-----------------------------------
                 Total | 12,719,568      100.00

. tab ethnicity, m

             Ethnicity |      Freq.     Percent        Cum.
-----------------------+-----------------------------------
                 White | 10,866,547       62.87       62.87
                 Mixed |    170,121        0.98       63.86
Asian or Asian British |  1,022,573        5.92       69.77
                 Black |    340,061        1.97       71.74
                 Other |    320,266        1.85       73.59
               Unknown |  4,563,711       26.41      100.00
-----------------------+-----------------------------------
                 Total | 17,283,279      100.00

. *tab urban
. tab region

     Geographical region |      Freq.     Percent        Cum.
-------------------------+-----------------------------------
                    East |  4,013,841       23.22       23.22
           East Midlands |  3,042,303       17.60       40.83
                  London |  1,196,140        6.92       47.75
              North East |    805,411        4.66       52.41
              North West |  1,544,924        8.94       61.35
              South East |  1,166,057        6.75       68.10
              South West |  2,343,181       13.56       81.65
           West Midlands |    693,670        4.01       85.67
Yorkshire and The Humber |  2,477,052       14.33      100.00
-------------------------+-----------------------------------
                   Total | 17,282,579      100.00

. 
. 
. * Outcomes
. tab onscoviddeath

Failure/cen |
     soring |
  indicator |
        for |
   outcome: |
  ONS covid |
      death |      Freq.     Percent        Cum.
------------+-----------------------------------
          0 | 17,277,797       99.97       99.97
          1 |      5,482        0.03      100.00
------------+-----------------------------------
      Total | 17,283,279      100.00

. tab cpnsdeath

Failure/cen |
     soring |
  indicator |
        for |
   outcome: |
 CPNS covid |
      death |      Freq.     Percent        Cum.
------------+-----------------------------------
          0 | 17,277,628       99.97       99.97
          1 |      5,651        0.03      100.00
------------+-----------------------------------
      Total | 17,283,279      100.00

. tab ituadmission

Failure/cen |
     soring |
  indicator |
        for |
   outcome: |
        ITU |
  admission |      Freq.     Percent        Cum.
------------+-----------------------------------
          0 | 17,281,864       99.99       99.99
          1 |      1,415        0.01      100.00
------------+-----------------------------------
      Total | 17,283,279      100.00

. * tab ecds
. 
. 
. 
. 
. 
. **********************************
. *  Number (%) with each outcome  *
. **********************************
. 
. foreach outvar of varlist /*onscoviddeath*/ cpnsdeath /*ituadmission*/ {
  2. 
. *** Repeat for each outcome
. 
.         * Demographics
.         tab agegroup                                                    `outvar', col
  3.         tab male                                                                `outvar', col
  4.         tab bmicat                                                              `outvar', col m 
  5.         tab smoke                                                               `outvar', col m
  6.         tab obese4cat                                                   `outvar', col m 
  7. 
.         * Comorbidities
.         tab chronic_respiratory_disease                 `outvar', col
  8.         tab asthma                                                              `outvar', col
  9.         tab asthmacat                                                   `outvar', col
 10.         tab chronic_cardiac_disease                     `outvar', col
 11.         tab diabetes                                                    `outvar', col
 12.         tab diabcat                                                     `outvar', col
 13.         tab cancer_exhaem_cat                                   `outvar', col
 14.         tab cancer_haem_cat                                             `outvar', col
 15.         tab chronic_liver_disease                               `outvar', col
 16.         tab stroke                                                              `outvar', col
 17.         tab dementia                                                    `outvar', col
 18.         tab stroke_dementia                                     `outvar', col
 19.         tab other_neuro                                                 `outvar', col
 20.         tab reduced_kidney_function_cat                 `outvar', col
 21.         tab dialysis                                                    `outvar', col
 22.         tab organ_transplant                                    `outvar', col
 23.         tab spleen                                                              `outvar', col
 24.         tab ra_sle_psoriasis                                    `outvar', col
 25.         tab other_immunosuppression                             `outvar', col
 26.         
.         tab imd                                                                 `outvar', col m
 27.         tab ethnicity                                                   `outvar', col m
 28.         *tab urban                                                              `outvar', col
.         tab region                                                              `outvar', col
 29. }

+-------------------+
| Key               |
|-------------------|
|     frequency     |
| column percentage |
+-------------------+

           |   Failure/censoring
           |     indicator for
           |  outcome: CPNS covid
   Grouped |         death
       age |         0          1 |     Total
-----------+----------------------+----------
    18-<40 | 5,916,029         40 | 5,916,069 
           |     34.24       0.71 |     34.23 
-----------+----------------------+----------
    40-<50 | 2,850,787         94 | 2,850,881 
           |     16.50       1.66 |     16.50 
-----------+----------------------+----------
    50-<60 | 3,051,651        354 | 3,052,005 
           |     17.66       6.26 |     17.66 
-----------+----------------------+----------
    60-<70 | 2,392,296        689 | 2,392,985 
           |     13.85      12.19 |     13.85 
-----------+----------------------+----------
    70-<80 | 1,937,748      1,557 | 1,939,305 
           |     11.22      27.55 |     11.22 
-----------+----------------------+----------
       80+ | 1,129,117      2,917 | 1,132,034 
           |      6.54      51.62 |      6.55 
-----------+----------------------+----------
     Total |17,277,628      5,651 |17,283,279 
           |    100.00     100.00 |    100.00 

+-------------------+
| Key               |
|-------------------|
|     frequency     |
| column percentage |
+-------------------+

           |   Failure/censoring
           |     indicator for
           |  outcome: CPNS covid
           |         death
      Male |         0          1 |     Total
-----------+----------------------+----------
         0 | 8,648,435      2,087 | 8,650,522 
           |     50.06      36.93 |     50.05 
-----------+----------------------+----------
         1 | 8,629,193      3,564 | 8,632,757 
           |     49.94      63.07 |     49.95 
-----------+----------------------+----------
     Total |17,277,628      5,651 |17,283,279 
           |    100.00     100.00 |    100.00 

+-------------------+
| Key               |
|-------------------|
|     frequency     |
| column percentage |
+-------------------+

                     |   Failure/censoring
                     |     indicator for
                     |  outcome: CPNS covid
                     |         death
         Grouped BMI |         0          1 |     Total
---------------------+----------------------+----------
 Underweight (<18.5) |   309,951        160 |   310,111 
                     |      1.79       2.83 |      1.79 
---------------------+----------------------+----------
  Normal (18.5-24.9) | 4,759,614      1,458 | 4,761,072 
                     |     27.55      25.80 |     27.55 
---------------------+----------------------+----------
Overweight (25-29.9) | 4,681,197      1,655 | 4,682,852 
                     |     27.09      29.29 |     27.09 
---------------------+----------------------+----------
   Obese I (30-34.9) | 2,383,723      1,156 | 2,384,879 
                     |     13.80      20.46 |     13.80 
---------------------+----------------------+----------
  Obese II (35-39.9) |   922,080        464 |   922,544 
                     |      5.34       8.21 |      5.34 
---------------------+----------------------+----------
     Obese III (40+) |   462,837        255 |   463,092 
                     |      2.68       4.51 |      2.68 
---------------------+----------------------+----------
        Unknown (.u) | 3,758,226        503 | 3,758,729 
                     |     21.75       8.90 |     21.75 
---------------------+----------------------+----------
               Total |17,277,628      5,651 |17,283,279 
                     |    100.00     100.00 |    100.00 

+-------------------+
| Key               |
|-------------------|
|     frequency     |
| column percentage |
+-------------------+

             |   Failure/censoring
             |     indicator for
             |  outcome: CPNS covid
     Smoking |         death
      status |         0          1 |     Total
-------------+----------------------+----------
       Never | 7,925,386      1,723 | 7,927,109 
             |     45.87      30.49 |     45.87 
-------------+----------------------+----------
      Former | 5,689,079      3,507 | 5,692,586 
             |     32.93      62.06 |     32.94 
-------------+----------------------+----------
     Current | 2,942,081        392 | 2,942,473 
             |     17.03       6.94 |     17.02 
-------------+----------------------+----------
Unknown (.u) |   721,082         29 |   721,111 
             |      4.17       0.51 |      4.17 
-------------+----------------------+----------
       Total |17,277,628      5,651 |17,283,279 
             |    100.00     100.00 |    100.00 

+-------------------+
| Key               |
|-------------------|
|     frequency     |
| column percentage |
+-------------------+

                     |   Failure/censoring
                     |     indicator for
                     |  outcome: CPNS covid
 Evidence of obesity |         death
      (4 categories) |         0          1 |     Total
---------------------+----------------------+----------
No record of obesity |13,508,988      3,776 |13,512,764 
                     |     78.19      66.82 |     78.18 
---------------------+----------------------+----------
   Obese I (30-34.9) | 2,383,723      1,156 | 2,384,879 
                     |     13.80      20.46 |     13.80 
---------------------+----------------------+----------
  Obese II (35-39.9) |   922,080        464 |   922,544 
                     |      5.34       8.21 |      5.34 
---------------------+----------------------+----------
     Obese III (40+) |   462,837        255 |   463,092 
                     |      2.68       4.51 |      2.68 
---------------------+----------------------+----------
               Total |17,277,628      5,651 |17,283,279 
                     |    100.00     100.00 |    100.00 

+-------------------+
| Key               |
|-------------------|
|     frequency     |
| column percentage |
+-------------------+

           |   Failure/censoring
Respirator |     indicator for
 y disease |  outcome: CPNS covid
    (excl. |         death
   asthma) |         0          1 |     Total
-----------+----------------------+----------
         0 |16,575,066      4,383 |16,579,449 
           |     95.93      77.56 |     95.93 
-----------+----------------------+----------
         1 |   702,562      1,268 |   703,830 
           |      4.07      22.44 |      4.07 
-----------+----------------------+----------
     Total |17,277,628      5,651 |17,283,279 
           |    100.00     100.00 |    100.00 

+-------------------+
| Key               |
|-------------------|
|     frequency     |
| column percentage |
+-------------------+

           |   Failure/censoring
           |     indicator for
           |  outcome: CPNS covid
           |         death
    Asthma |         0          1 |     Total
-----------+----------------------+----------
         0 |14,531,469      4,742 |14,536,211 
           |     84.11      83.91 |     84.11 
-----------+----------------------+----------
         1 | 2,746,159        909 | 2,747,068 
           |     15.89      16.09 |     15.89 
-----------+----------------------+----------
     Total |17,277,628      5,651 |17,283,279 
           |    100.00     100.00 |    100.00 

+-------------------+
| Key               |
|-------------------|
|     frequency     |
| column percentage |
+-------------------+

             |   Failure/censoring
     Asthma, |     indicator for
  grouped by |  outcome: CPNS covid
    severity |         death
   (OCS use) |         0          1 |     Total
-------------+----------------------+----------
          No |14,531,469      4,742 |14,536,211 
             |     84.11      83.91 |     84.11 
-------------+----------------------+----------
 Yes, no OCS | 2,454,773        708 | 2,455,481 
             |     14.21      12.53 |     14.21 
-------------+----------------------+----------
Yes with OCS |   291,386        201 |   291,587 
             |      1.69       3.56 |      1.69 
-------------+----------------------+----------
       Total |17,277,628      5,651 |17,283,279 
             |    100.00     100.00 |    100.00 

+-------------------+
| Key               |
|-------------------|
|     frequency     |
| column percentage |
+-------------------+

           |   Failure/censoring
           |     indicator for
           |  outcome: CPNS covid
     Heart |         death
   disease |         0          1 |     Total
-----------+----------------------+----------
         0 |16,112,262      3,617 |16,115,879 
           |     93.26      64.01 |     93.25 
-----------+----------------------+----------
         1 | 1,165,366      2,034 | 1,167,400 
           |      6.74      35.99 |      6.75 
-----------+----------------------+----------
     Total |17,277,628      5,651 |17,283,279 
           |    100.00     100.00 |    100.00 

+-------------------+
| Key               |
|-------------------|
|     frequency     |
| column percentage |
+-------------------+

           |   Failure/censoring
           |     indicator for
           |  outcome: CPNS covid
           |         death
  Diabetes |         0          1 |     Total
-----------+----------------------+----------
         0 |15,561,914      3,291 |15,565,205 
           |     90.07      58.24 |     90.06 
-----------+----------------------+----------
         1 | 1,715,714      2,360 | 1,718,074 
           |      9.93      41.76 |      9.94 
-----------+----------------------+----------
     Total |17,277,628      5,651 |17,283,279 
           |    100.00     100.00 |    100.00 

+-------------------+
| Key               |
|-------------------|
|     frequency     |
| column percentage |
+-------------------+

                      |   Failure/censoring
                      |     indicator for
                      |  outcome: CPNS covid
                      |         death
    Diabetes, grouped |         0          1 |     Total
----------------------+----------------------+----------
          No diabetes |15,561,914      3,291 |15,565,205 
                      |     90.07      58.24 |     90.06 
----------------------+----------------------+----------
  Controlled diabetes | 1,036,196      1,358 | 1,037,554 
                      |      6.00      24.03 |      6.00 
----------------------+----------------------+----------
Uncontrolled diabetes |   485,772        792 |   486,564 
                      |      2.81      14.02 |      2.82 
----------------------+----------------------+----------
Diabetes, no hba1c me |   193,746        210 |   193,956 
                      |      1.12       3.72 |      1.12 
----------------------+----------------------+----------
                Total |17,277,628      5,651 |17,283,279 
                      |    100.00     100.00 |    100.00 

+-------------------+
| Key               |
|-------------------|
|     frequency     |
| column percentage |
+-------------------+

 Cancer (exc. |   Failure/censoring
haematologica |     indicator for
  l), grouped |  outcome: CPNS covid
by time since |         death
    diagnosis |         0          1 |     Total
--------------+----------------------+----------
        Never |16,422,192      4,746 |16,426,938 
              |     95.05      83.99 |     95.05 
--------------+----------------------+----------
    Last year |    79,774        106 |    79,880 
              |      0.46       1.88 |      0.46 
--------------+----------------------+----------
2-5 years ago |   233,888        245 |   234,133 
              |      1.35       4.34 |      1.35 
--------------+----------------------+----------
     5+ years |   541,774        554 |   542,328 
              |      3.14       9.80 |      3.14 
--------------+----------------------+----------
        Total |17,277,628      5,651 |17,283,279 
              |    100.00     100.00 |    100.00 

+-------------------+
| Key               |
|-------------------|
|     frequency     |
| column percentage |
+-------------------+

Haematologica |   Failure/censoring
l malignancy, |     indicator for
   grouped by |  outcome: CPNS covid
   time since |         death
    diagnosis |         0          1 |     Total
--------------+----------------------+----------
        Never |17,177,948      5,443 |17,183,391 
              |     99.42      96.32 |     99.42 
--------------+----------------------+----------
    Last year |     8,657         27 |     8,684 
              |      0.05       0.48 |      0.05 
--------------+----------------------+----------
2-5 years ago |    27,667         79 |    27,746 
              |      0.16       1.40 |      0.16 
--------------+----------------------+----------
     5+ years |    63,356        102 |    63,458 
              |      0.37       1.80 |      0.37 
--------------+----------------------+----------
        Total |17,277,628      5,651 |17,283,279 
              |    100.00     100.00 |    100.00 

+-------------------+
| Key               |
|-------------------|
|     frequency     |
| column percentage |
+-------------------+

           |   Failure/censoring
           |     indicator for
   Chronic |  outcome: CPNS covid
     liver |         death
   disease |         0          1 |     Total
-----------+----------------------+----------
         0 |17,164,203      5,540 |17,169,743 
           |     99.34      98.04 |     99.34 
-----------+----------------------+----------
         1 |   113,425        111 |   113,536 
           |      0.66       1.96 |      0.66 
-----------+----------------------+----------
     Total |17,277,628      5,651 |17,283,279 
           |    100.00     100.00 |    100.00 

+-------------------+
| Key               |
|-------------------|
|     frequency     |
| column percentage |
+-------------------+

           |   Failure/censoring
           |     indicator for
           |  outcome: CPNS covid
           |         death
    stroke |         0          1 |     Total
-----------+----------------------+----------
         0 |16,933,808      4,836 |16,938,644 
           |     98.01      85.58 |     98.01 
-----------+----------------------+----------
         1 |   343,820        815 |   344,635 
           |      1.99      14.42 |      1.99 
-----------+----------------------+----------
     Total |17,277,628      5,651 |17,283,279 
           |    100.00     100.00 |    100.00 

+-------------------+
| Key               |
|-------------------|
|     frequency     |
| column percentage |
+-------------------+

           |   Failure/censoring
           |     indicator for
           |  outcome: CPNS covid
           |         death
  dementia |         0          1 |     Total
-----------+----------------------+----------
         0 |17,237,113      5,390 |17,242,503 
           |     99.77      95.38 |     99.76 
-----------+----------------------+----------
         1 |    40,515        261 |    40,776 
           |      0.23       4.62 |      0.24 
-----------+----------------------+----------
     Total |17,277,628      5,651 |17,283,279 
           |    100.00     100.00 |    100.00 

+-------------------+
| Key               |
|-------------------|
|     frequency     |
| column percentage |
+-------------------+

           |   Failure/censoring
           |     indicator for
           |  outcome: CPNS covid
 Stroke or |         death
  dementia |         0          1 |     Total
-----------+----------------------+----------
         0 |16,906,701      4,659 |16,911,360 
           |     97.85      82.45 |     97.85 
-----------+----------------------+----------
         1 |   370,927        992 |   371,919 
           |      2.15      17.55 |      2.15 
-----------+----------------------+----------
     Total |17,277,628      5,651 |17,283,279 
           |    100.00     100.00 |    100.00 

+-------------------+
| Key               |
|-------------------|
|     frequency     |
| column percentage |
+-------------------+

     Neuro |   Failure/censoring
 condition |     indicator for
other than |  outcome: CPNS covid
stroke/dem |         death
     entia |         0          1 |     Total
-----------+----------------------+----------
         0 |17,107,169      5,339 |17,112,508 
           |     99.01      94.48 |     99.01 
-----------+----------------------+----------
         1 |   170,459        312 |   170,771 
           |      0.99       5.52 |      0.99 
-----------+----------------------+----------
     Total |17,277,628      5,651 |17,283,279 
           |    100.00     100.00 |    100.00 

+-------------------+
| Key               |
|-------------------|
|     frequency     |
| column percentage |
+-------------------+

                      |   Failure/censoring
                      |     indicator for
                      |  outcome: CPNS covid
       Reduced kidney |         death
             function |         0          1 |     Total
----------------------+----------------------+----------
                 None |16,194,344      3,125 |16,197,469 
                      |     93.73      55.30 |     93.72 
----------------------+----------------------+----------
Stage 3a/3b egfr 30-6 | 1,005,711      2,004 | 1,007,715 
                      |      5.82      35.46 |      5.83 
----------------------+----------------------+----------
    Stage 4/5 egfr<30 |    77,573        522 |    78,095 
                      |      0.45       9.24 |      0.45 
----------------------+----------------------+----------
                Total |17,277,628      5,651 |17,283,279 
                      |    100.00     100.00 |    100.00 

+-------------------+
| Key               |
|-------------------|
|     frequency     |
| column percentage |
+-------------------+

           |   Failure/censoring
           |     indicator for
           |  outcome: CPNS covid
           |         death
  Dialysis |         0          1 |     Total
-----------+----------------------+----------
         0 |17,253,823      5,510 |17,259,333 
           |     99.86      97.50 |     99.86 
-----------+----------------------+----------
         1 |    23,805        141 |    23,946 
           |      0.14       2.50 |      0.14 
-----------+----------------------+----------
     Total |17,277,628      5,651 |17,283,279 
           |    100.00     100.00 |    100.00 

+-------------------+
| Key               |
|-------------------|
|     frequency     |
| column percentage |
+-------------------+

           |   Failure/censoring
           |     indicator for
     Organ |  outcome: CPNS covid
transplant |         death
 recipient |         0          1 |     Total
-----------+----------------------+----------
         0 |17,257,676      5,602 |17,263,278 
           |     99.88      99.13 |     99.88 
-----------+----------------------+----------
         1 |    19,952         49 |    20,001 
           |      0.12       0.87 |      0.12 
-----------+----------------------+----------
     Total |17,277,628      5,651 |17,283,279 
           |    100.00     100.00 |    100.00 

+-------------------+
| Key               |
|-------------------|
|     frequency     |
| column percentage |
+-------------------+

    Spleen |   Failure/censoring
  problems |     indicator for
(dysplenia |  outcome: CPNS covid
  , sickle |         death
     cell) |         0          1 |     Total
-----------+----------------------+----------
         0 |17,249,716      5,628 |17,255,344 
           |     99.84      99.59 |     99.84 
-----------+----------------------+----------
         1 |    27,912         23 |    27,935 
           |      0.16       0.41 |      0.16 
-----------+----------------------+----------
     Total |17,277,628      5,651 |17,283,279 
           |    100.00     100.00 |    100.00 

+-------------------+
| Key               |
|-------------------|
|     frequency     |
| column percentage |
+-------------------+

           |   Failure/censoring
  RA, SLE, |     indicator for
 Psoriasis |  outcome: CPNS covid
(autoimmun |         death
e disease) |         0          1 |     Total
-----------+----------------------+----------
         0 |16,399,533      5,126 |16,404,659 
           |     94.92      90.71 |     94.92 
-----------+----------------------+----------
         1 |   878,095        525 |   878,620 
           |      5.08       9.29 |      5.08 
-----------+----------------------+----------
     Total |17,277,628      5,651 |17,283,279 
           |    100.00     100.00 |    100.00 

+-------------------+
| Key               |
|-------------------|
|     frequency     |
| column percentage |
+-------------------+

Immunosupp |   Failure/censoring
    ressed |     indicator for
(combinati |  outcome: CPNS covid
        on |         death
algorithm) |         0          1 |     Total
-----------+----------------------+----------
         0 |16,998,371      5,607 |17,003,978 
           |     98.38      99.22 |     98.38 
-----------+----------------------+----------
         1 |   279,257         44 |   279,301 
           |      1.62       0.78 |      1.62 
-----------+----------------------+----------
     Total |17,277,628      5,651 |17,283,279 
           |    100.00     100.00 |    100.00 

+-------------------+
| Key               |
|-------------------|
|     frequency     |
| column percentage |
+-------------------+

                 |   Failure/censoring
        Index of |     indicator for
        Multiple |  outcome: CPNS covid
     Deprivation |         death
           (IMD) |         0          1 |     Total
-----------------+----------------------+----------
1 least deprived | 3,497,905        948 | 3,498,853 
                 |     20.25      16.78 |     20.24 
-----------------+----------------------+----------
               2 | 3,477,187      1,040 | 3,478,227 
                 |     20.13      18.40 |     20.12 
-----------------+----------------------+----------
               3 | 3,483,417      1,101 | 3,484,518 
                 |     20.16      19.48 |     20.16 
-----------------+----------------------+----------
               4 | 3,480,048      1,246 | 3,481,294 
                 |     20.14      22.05 |     20.14 
-----------------+----------------------+----------
 5 most deprived | 3,339,071      1,316 | 3,340,387 
                 |     19.33      23.29 |     19.33 
-----------------+----------------------+----------
           Total |17,277,628      5,651 |17,283,279 
                 |    100.00     100.00 |    100.00 

+-------------------+
| Key               |
|-------------------|
|     frequency     |
| column percentage |
+-------------------+

                      |   Failure/censoring
                      |     indicator for
                      |  outcome: CPNS covid
                      |         death
            Ethnicity |         0          1 |     Total
----------------------+----------------------+----------
                White |10,862,971      3,576 |10,866,547 
                      |     62.87      63.28 |     62.87 
----------------------+----------------------+----------
                Mixed |   170,082         39 |   170,121 
                      |      0.98       0.69 |      0.98 
----------------------+----------------------+----------
Asian or Asian Britis | 1,022,202        371 | 1,022,573 
                      |      5.92       6.57 |      5.92 
----------------------+----------------------+----------
                Black |   339,903        158 |   340,061 
                      |      1.97       2.80 |      1.97 
----------------------+----------------------+----------
                Other |   320,207         59 |   320,266 
                      |      1.85       1.04 |      1.85 
----------------------+----------------------+----------
              Unknown | 4,562,263      1,448 | 4,563,711 
                      |     26.41      25.62 |     26.41 
----------------------+----------------------+----------
                Total |17,277,628      5,651 |17,283,279 
                      |    100.00     100.00 |    100.00 

+-------------------+
| Key               |
|-------------------|
|     frequency     |
| column percentage |
+-------------------+

                      |   Failure/censoring
                      |     indicator for
                      |  outcome: CPNS covid
                      |         death
  Geographical region |         0          1 |     Total
----------------------+----------------------+----------
                 East | 4,012,352      1,489 | 4,013,841 
                      |     23.22      26.35 |     23.22 
----------------------+----------------------+----------
        East Midlands | 3,041,398        905 | 3,042,303 
                      |     17.60      16.01 |     17.60 
----------------------+----------------------+----------
               London | 1,195,646        494 | 1,196,140 
                      |      6.92       8.74 |      6.92 
----------------------+----------------------+----------
           North East |   805,160        251 |   805,411 
                      |      4.66       4.44 |      4.66 
----------------------+----------------------+----------
           North West | 1,544,345        579 | 1,544,924 
                      |      8.94      10.25 |      8.94 
----------------------+----------------------+----------
           South East | 1,165,750        307 | 1,166,057 
                      |      6.75       5.43 |      6.75 
----------------------+----------------------+----------
           South West | 2,342,762        419 | 2,343,181 
                      |     13.56       7.41 |     13.56 
----------------------+----------------------+----------
        West Midlands |   693,202        468 |   693,670 
                      |      4.01       8.28 |      4.01 
----------------------+----------------------+----------
Yorkshire and The H.. | 2,476,313        739 | 2,477,052 
                      |     14.33      13.08 |     14.33 
----------------------+----------------------+----------
                Total |17,276,928      5,651 |17,282,579 
                      |    100.00     100.00 |    100.00 

. 
. 
. ***************************************
. *  Cumulative incidence of CPNS DEATH *
. ***************************************
. 
. use "cr_create_analysis_dataset_STSET_cpnsdeath.dta", clear
(Analysis dataset for the poor outcomes in Covid project)

. 
. sts list , at(0 80) by(agegroup male) fail

         failure _d:  cpnsdeath
   analysis time _t:  (stime_cpnsdeath-origin)
             origin:  time enter_date
  enter on or after:  time enter_date
                 id:  patient_id

              Beg.                      Failure       Std.
    Time     Total     Fail             Function     Error     [95% Conf. Int.]
-------------------------------------------------------------------------------
18-<40 male=0 
       0         0        0              0.0000         .          .         .
      80   2.9e+06       15              0.0000    0.0000     0.0000    0.0000
18-<40 male=1 
       0         0        0              0.0000         .          .         .
      80   3.0e+06       18              0.0000    0.0000     0.0000    0.0000
40-<50 male=0 
       0         0        0              0.0000         .          .         .
      80   1.4e+06       27              0.0000    0.0000     0.0000    0.0000
40-<50 male=1 
       0         0        0              0.0000         .          .         .
      80   1.5e+06       60              0.0000    0.0000     0.0000    0.0001
50-<60 male=0 
       0         0        0              0.0000         .          .         .
      80   1.5e+06      102              0.0001    0.0000     0.0001    0.0001
50-<60 male=1 
       0         0        0              0.0000         .          .         .
      80   1.5e+06      217              0.0001    0.0000     0.0001    0.0002
60-<70 male=0 
       0         0        0              0.0000         .          .         .
      80   1.2e+06      202              0.0002    0.0000     0.0001    0.0002
60-<70 male=1 
       0         0        0              0.0000         .          .         .
      80   1.2e+06      429              0.0004    0.0000     0.0003    0.0004
70-<80 male=0 
       0         0        0              0.0000         .          .         .
      80   1.0e+06      474              0.0005    0.0000     0.0004    0.0005
70-<80 male=1 
       0         0        0              0.0000         .          .         .
      80    918362      963              0.0010    0.0000     0.0010    0.0011
80+ male=0 
       0         0        0              0.0000         .          .         .
      80    650773     1085              0.0017    0.0001     0.0016    0.0018
80+ male=1 
       0         0        0              0.0000         .          .         .
      80    455089     1591              0.0035    0.0001     0.0033    0.0036
-------------------------------------------------------------------------------
Note: Failure function is calculated over full data and evaluated at indicated
      times; it is not calculated from aggregates shown at left.

. 
. 
. * Close the log file
. log close
      name:  <unnamed>
       log:  E:\analyses\alex-tmp-repo-3\analysis\output/an_descriptive_tables.log
  log type:  text
 closed on:  12 May 2020, 19:54:38
--------------------------------------------------------------------------------------------------------------------
