--------------------------------------------------------------------------------------------------------------------
      name:  <unnamed>
       log:  E:\analyses\opensafely-risk-factors-research-full\analysis\output/an_smoking_exploration_cox_models_ons
> coviddeath_imdTOother_neuro.log
  log type:  text
 opened on:   3 Jun 2020, 01:19:05

. 
. * Open dataset and fit specified model(s)
. use "cr_create_analysis_dataset_STSET_`outcome'.dta", clear
(Analysis dataset for the poor outcomes in Covid project)

. 
. 
. foreach var of any `varlist' {
  2. 
.         *General form of model
.         local model "age1 age2 age3 i.male i.`var' i.smoke"
  3. 
.         *Fit and save model
.         cap erase ./output/models/an_smok_exp_cox_models_`outcome'_AGESEX_`var'.ster
  4.         capture stcox `model' , strata(stp) 
  5.         if _rc==0 {
  6.                 estimates
  7.                 estimates save ./output/models/an_smoking_exploration_cox_models_`outcome'_AGESEX_`var', replac
> e
  8.                 }
  9.         else di "WARNING - `var' vs `outcome' MODEL DID NOT SUCCESSFULLY FIT"
 10. 
. }

--------------------------------------------------------------------------------------------------------------------
active results
--------------------------------------------------------------------------------------------------------------------

Stratified Cox regr. -- Breslow method for ties

No. of subjects =   16,557,013                  Number of obs    =  16,557,013
No. of failures =       10,837
Time at risk    =   1570435914
                                                LR chi2(10)      =    33504.13
Log likelihood  =   -128662.88                  Prob > chi2      =      0.0000

----------------------------------------------------------------------------------
              _t | Haz. Ratio   Std. Err.      z    P>|z|     [95% Conf. Interval]
-----------------+----------------------------------------------------------------
            age1 |   1.158728   .0257542     6.63   0.000     1.109334    1.210321
            age2 |   .9299477    .044775    -1.51   0.131     .8462038    1.021979
            age3 |   1.190315   .1323422     1.57   0.117     .9572452    1.480133
          1.male |   1.711136   .0341197    26.94   0.000     1.645553    1.779334
                 |
             imd |
              2  |   1.155897   .0371629     4.51   0.000     1.085306    1.231078
              3  |   1.309071   .0419917     8.40   0.000     1.229303    1.394016
              4  |   1.683639   .0531177    16.51   0.000     1.582684    1.791034
5 most deprived  |   2.122581    .068248    23.41   0.000     1.992945    2.260649
                 |
           smoke |
         Former  |   1.380734   .0293895    15.16   0.000     1.324317    1.439555
        Current  |   1.004608   .0423409     0.11   0.913     .9249565    1.091118
----------------------------------------------------------------------------------
                                                             Stratified by stp
(note: file ./output/models/an_smoking_exploration_cox_models_onscoviddeath_AGESEX_imd.ster not found)
file ./output/models/an_smoking_exploration_cox_models_onscoviddeath_AGESEX_imd.ster saved

--------------------------------------------------------------------------------------------------------------------
active results
--------------------------------------------------------------------------------------------------------------------

Stratified Cox regr. -- Breslow method for ties

No. of subjects =   16,557,013                  Number of obs    =  16,557,013
No. of failures =       10,837
Time at risk    =   1570435914
                                                LR chi2(9)       =    33230.48
Log likelihood  =    -128799.7                  Prob > chi2      =      0.0000

-------------------------------------------------------------------------------------
                 _t | Haz. Ratio   Std. Err.      z    P>|z|     [95% Conf. Interval]
--------------------+----------------------------------------------------------------
               age1 |   1.159717   .0259339     6.63   0.000     1.109985    1.211676
               age2 |   .9141892   .0442279    -1.85   0.064     .8314871    1.005117
               age3 |   1.262824   .1410086     2.09   0.037     1.014604    1.571771
             1.male |   1.737326   .0347464    27.62   0.000     1.670542     1.80678
                    |
          obese4cat |
 Obese I (30-34.9)  |   1.200806   .0316906     6.93   0.000     1.140272    1.264553
Obese II (35-39.9)  |   1.754417   .0674684    14.62   0.000     1.627042    1.891764
   Obese III (40+)  |   2.566348   .1368947    17.67   0.000     2.311589    2.849185
                    |
              smoke |
            Former  |   1.387409   .0295432    15.38   0.000     1.330697    1.446538
           Current  |   1.156773   .0484761     3.48   0.001     1.065559    1.255795
-------------------------------------------------------------------------------------
                                                             Stratified by stp
(note: file ./output/models/an_smoking_exploration_cox_models_onscoviddeath_AGESEX_obese4cat.ster not found)
file ./output/models/an_smoking_exploration_cox_models_onscoviddeath_AGESEX_obese4cat.ster saved

--------------------------------------------------------------------------------------------------------------------
active results
--------------------------------------------------------------------------------------------------------------------

Stratified Cox regr. -- Breslow method for ties

No. of subjects =   16,557,013                  Number of obs    =  16,557,013
No. of failures =       10,837
Time at risk    =   1570435914
                                                LR chi2(7)       =    32942.12
Log likelihood  =   -128943.89                  Prob > chi2      =      0.0000

------------------------------------------------------------------------------------
                _t | Haz. Ratio   Std. Err.      z    P>|z|     [95% Conf. Interval]
-------------------+----------------------------------------------------------------
              age1 |   1.159733   .0258757     6.64   0.000     1.110111    1.211574
              age2 |   .9210472   .0444698    -1.70   0.088     .8378849    1.012464
              age3 |   1.225407   .1365582     1.82   0.068     .9849709    1.524535
            1.male |   1.681513   .0334868    26.10   0.000     1.617144    1.748443
1.organ_transplant |   5.966752   .7216557    14.77   0.000      4.70748    7.562886
                   |
             smoke |
           Former  |   1.418159    .030127    16.45   0.000     1.360323    1.478453
          Current  |   1.134104   .0474893     3.01   0.003     1.044744    1.231108
------------------------------------------------------------------------------------
                                                             Stratified by stp
(note: file ./output/models/an_smoking_exploration_cox_models_onscoviddeath_AGESEX_organ_transplant.ster not found)
file ./output/models/an_smoking_exploration_cox_models_onscoviddeath_AGESEX_organ_transplant.ster saved

--------------------------------------------------------------------------------------------------------------------
active results
--------------------------------------------------------------------------------------------------------------------

Stratified Cox regr. -- Breslow method for ties

No. of subjects =   16,557,013                  Number of obs    =  16,557,013
No. of failures =       10,837
Time at risk    =   1570435914
                                                LR chi2(7)       =    32838.52
Log likelihood  =   -128995.69                  Prob > chi2      =      0.0000

-------------------------------------------------------------------------------------------
                       _t | Haz. Ratio   Std. Err.      z    P>|z|     [95% Conf. Interval]
--------------------------+----------------------------------------------------------------
                     age1 |   1.160023    .025983     6.63   0.000     1.110199    1.212083
                     age2 |   .9233913   .0447386    -1.65   0.100       .83974    1.015376
                     age3 |   1.214715    .135811     1.74   0.082     .9756766    1.512317
                   1.male |   1.684125    .033533    26.18   0.000     1.619668    1.751148
1.other_immunosuppression |    2.03444   .2467249     5.86   0.000     1.604043     2.58032
                          |
                    smoke |
                  Former  |   1.417707    .030118    16.43   0.000     1.359889    1.477984
                 Current  |   1.130261   .0473267     2.92   0.003     1.041206    1.226932
-------------------------------------------------------------------------------------------
                                                             Stratified by stp
(note: file ./output/models/an_smoking_exploration_cox_models_onscoviddeath_AGESEX_other_immunosuppression.ster not 
> found)
file ./output/models/an_smoking_exploration_cox_models_onscoviddeath_AGESEX_other_immunosuppression.ster saved

--------------------------------------------------------------------------------------------------------------------
active results
--------------------------------------------------------------------------------------------------------------------

Stratified Cox regr. -- Breslow method for ties

No. of subjects =   16,557,013                  Number of obs    =  16,557,013
No. of failures =       10,837
Time at risk    =   1570435914
                                                LR chi2(7)       =    33369.42
Log likelihood  =   -128730.23                  Prob > chi2      =      0.0000

-------------------------------------------------------------------------------
           _t | Haz. Ratio   Std. Err.      z    P>|z|     [95% Conf. Interval]
--------------+----------------------------------------------------------------
         age1 |   1.164228   .0261526     6.77   0.000     1.114082    1.216631
         age2 |   .9104739   .0442124    -1.93   0.053     .8278152    1.001386
         age3 |   1.259949   .1411468     2.06   0.039     1.011571    1.569312
       1.male |   1.664355    .033145    25.58   0.000     1.600643    1.730603
1.other_neuro |   3.038892   .1226479    27.54   0.000     2.807769    3.289041
              |
        smoke |
      Former  |   1.419494    .030154    16.49   0.000     1.361606    1.479842
     Current  |   1.141733   .0478223     3.16   0.002     1.051747    1.239418
-------------------------------------------------------------------------------
                                                             Stratified by stp
(note: file ./output/models/an_smoking_exploration_cox_models_onscoviddeath_AGESEX_other_neuro.ster not found)
file ./output/models/an_smoking_exploration_cox_models_onscoviddeath_AGESEX_other_neuro.ster saved

. 
. 
. * Close log file
. log close
      name:  <unnamed>
       log:  E:\analyses\opensafely-risk-factors-research-full\analysis\output/an_smoking_exploration_cox_models_ons
> coviddeath_imdTOother_neuro.log
  log type:  text
 closed on:   3 Jun 2020, 02:59:03
--------------------------------------------------------------------------------------------------------------------
