----------------------------------------------------------------------------------------------------------------------------------
      name:  <unnamed>
       log:  E:\analyses\opensafely-risk-factors-research-full\analysis\output/an_sensan_CCbmiandsmok_onscoviddeath.log
  log type:  text
 opened on:   7 Jul 2020, 00:35:44

. 
. use "cr_create_analysis_dataset_STSET_`outcome'.dta", clear
(Analysis dataset for the poor outcomes in Covid project)

. 
. ******************************
. drop if bmicat>=. | smoke>=.
(3,825,055 observations deleted)

. ******************************
. 
. *************************************************************************************
. *PROG TO DEFINE THE BASIC COX MODEL WITH OPTIONS FOR HANDLING OF AGE, BMI, ETHNICITY:
. cap prog drop basecoxmodel

. prog define basecoxmodel
  1.         syntax , age(string) bp(string) [ethnicity(real 0) if(string)] 
  2. 
.         if `ethnicity'==1 local ethnicity "i.ethnicity"
  3.         else local ethnicity
  4. timer clear
  5. timer on 1
  6.         capture stcox   `age'                                   ///
>                         i.male                                                  ///
>                         i.obese4cat                                             ///
>                         i.smoke_nomiss                                  ///
>                         `ethnicity'                                             ///
>                         i.imd                                                   ///
>                         `bp'                                                    ///
>                         i.chronic_respiratory_disease   ///
>                         i.asthmacat                                             ///
>                         i.chronic_cardiac_disease               ///
>                         i.diabcat                                               ///
>                         i.cancer_exhaem_cat                             ///
>                         i.cancer_haem_cat                               ///
>                         i.chronic_liver_disease                 ///
>                         i.stroke_dementia                               ///
>                         i.other_neuro                                   ///
>                         i.reduced_kidney_function_cat   ///
>                         i.organ_transplant                              ///
>                         i.spleen                                                ///
>                         i.ra_sle_psoriasis                      ///
>                         i.other_immunosuppression                       ///
>                         `if'                                                    ///
>                         , strata(stp)
  7. timer off 1
  8. timer list
  9. end

. *************************************************************************************
. 
. *Age spline model (not adj ethnicity)
. basecoxmodel, age("age1 age2 age3")  bp("i.htdiag_or_highbp") ethnicity(0)
   1:   2270.41 /        1 =    2270.4100

. if _rc==0{
. estimates

----------------------------------------------------------------------------------------------------------------------------------
active results
----------------------------------------------------------------------------------------------------------------------------------

Stratified Cox regr. -- Breslow method for ties

No. of subjects =   13,452,930                  Number of obs    =  13,452,930
No. of failures =        9,880
Time at risk    =   1275808595
                                                LR chi2(36)      =    32357.05
Log likelihood  =   -114345.69                  Prob > chi2      =      0.0000

-----------------------------------------------------------------------------------------------
                           _t | Haz. Ratio   Std. Err.      z    P>|z|     [95% Conf. Interval]
------------------------------+----------------------------------------------------------------
                         age1 |   1.157606   .0289333     5.86   0.000     1.102264    1.215726
                         age2 |   .9024183   .0486202    -1.91   0.057     .8119834    1.002925
                         age3 |   1.281533   .1591218     2.00   0.046     1.004709     1.63463
                       1.male |   1.649922   .0352256    23.45   0.000     1.582306    1.720428
                              |
                    obese4cat |
           Obese I (30-34.9)  |   1.074525   .0290823     2.66   0.008      1.01901    1.133064
          Obese II (35-39.9)  |   1.449445   .0570238     9.43   0.000     1.341881    1.565632
             Obese III (40+)  |   1.990017   .1082192    12.65   0.000     1.788824    2.213839
                              |
                 smoke_nomiss |
                      Former  |   1.184419   .0271591     7.38   0.000     1.132367    1.238864
                     Current  |   .9078526   .0408635    -2.15   0.032     .8311928    .9915826
                              |
                          imd |
                           2  |   1.117432    .037833     3.28   0.001     1.045688    1.194099
                           3  |   1.228991   .0414782     6.11   0.000     1.150326    1.313036
                           4  |   1.510872   .0502265    12.41   0.000     1.415568    1.612592
             5 most deprived  |     1.8009   .0612319    17.30   0.000     1.684799    1.925002
                              |
           1.htdiag_or_highbp |   .8797009   .0215733    -5.23   0.000     .8384181    .9230164
1.chronic_respiratory_disease |   1.589702   .0413897    17.80   0.000     1.510615     1.67293
                              |
                    asthmacat |
                 Yes, no OCS  |   .9738358   .0312263    -0.83   0.408      .914517    1.037002
                Yes with OCS  |   1.088607   .0642398     1.44   0.150     .9697079    1.222085
                              |
    1.chronic_cardiac_disease |   1.164722   .0261122     6.80   0.000     1.114651    1.217042
                              |
                      diabcat |
         Controlled diabetes  |   1.294739   .0331609    10.09   0.000     1.231349    1.361392
       Uncontrolled diabetes  |   1.898004   .0625595    19.44   0.000     1.779267    2.024666
  Diabetes, no hba1c measure  |    1.91951   .0985156    12.71   0.000     1.735817    2.122643
                              |
            cancer_exhaem_cat |
                   Last year  |   1.682524   .1203836     7.27   0.000     1.462374    1.935817
               2-5 years ago  |    1.15919   .0581222     2.95   0.003     1.050691    1.278892
                    5+ years  |   .9676451   .0320946    -0.99   0.321     .9067419    1.032639
                              |
              cancer_haem_cat |
                   Last year  |    2.85588   .4476756     6.69   0.000     2.100435     3.88303
               2-5 years ago  |   2.400842   .2316127     9.08   0.000     1.987225    2.900549
                    5+ years  |   1.614644   .1291067     5.99   0.000     1.380432    1.888595
                              |
      1.chronic_liver_disease |   1.686786   .1345525     6.55   0.000      1.44265    1.972237
            1.stroke_dementia |    2.11649   .0536425    29.58   0.000     2.013922    2.224283
                1.other_neuro |   2.504617   .1080175    21.29   0.000     2.301608    2.725533
                              |
  reduced_kidney_function_cat |
Stage 3a/3b egfr 30-60        |   1.330495   .0318668    11.92   0.000     1.269481    1.394442
           Stage 4/5 egfr<30  |   2.471425   .1010332    22.13   0.000     2.281129    2.677596
                              |
           1.organ_transplant |   3.697455   .4630416    10.44   0.000      2.89271     4.72608
                     1.spleen |   1.294082   .2165167     1.54   0.123     .9322765      1.7963
           1.ra_sle_psoriasis |   1.170286   .0414577     4.44   0.000     1.091787    1.254429
    1.other_immunosuppression |   2.113929   .3134079     5.05   0.000     1.580857    2.826756
-----------------------------------------------------------------------------------------------
                                                             Stratified by stp
. estimates save ./output/models/an_sensan_CCbmiandsmok_`outcome'_MAINFULLYADJMODEL_agespline_bmicat_noeth, replace
file ./output/models/an_sensan_CCbmiandsmok_onscoviddeath_MAINFULLYADJMODEL_agespline_bmicat_noeth.ster saved
. *estat concordance /*c-statistic*/
. }

. else di "WARNING AGE SPLINE MODEL DID NOT FIT (OUTCOME `outcome')"

.  
. *Age group model (not adj ethnicity)
. basecoxmodel, age("ib3.agegroup") bp("i.htdiag_or_highbp") ethnicity(0)
   1:   2243.85 /        1 =    2243.8460

. if _rc==0{
. estimates

----------------------------------------------------------------------------------------------------------------------------------
active results
----------------------------------------------------------------------------------------------------------------------------------

Stratified Cox regr. -- Breslow method for ties

No. of subjects =   13,452,930                  Number of obs    =  13,452,930
No. of failures =        9,880
Time at risk    =   1275808595
                                                LR chi2(38)      =    30655.12
Log likelihood  =   -115196.66                  Prob > chi2      =      0.0000

-----------------------------------------------------------------------------------------------
                           _t | Haz. Ratio   Std. Err.      z    P>|z|     [95% Conf. Interval]
------------------------------+----------------------------------------------------------------
                     agegroup |
                      18-<40  |   .0717481   .0114756   -16.47   0.000     .0524406    .0981644
                      40-<50  |   .3037018   .0319884   -11.31   0.000     .2470539    .3733387
                      60-<70  |   2.381717   .1358064    15.22   0.000     2.129876    2.663336
                      70-<80  |   5.960015   .3145732    33.82   0.000     5.374281    6.609586
                         80+  |   19.96032   1.053936    56.70   0.000     17.99793    22.13666
                              |
                       1.male |   1.531934    .032462    20.13   0.000     1.469613    1.596898
                              |
                    obese4cat |
           Obese I (30-34.9)  |   .9784276   .0263109    -0.81   0.417     .9281945    1.031379
          Obese II (35-39.9)  |   1.274527   .0498408     6.20   0.000     1.180491    1.376055
             Obese III (40+)  |   1.696868   .0918037     9.77   0.000     1.526148    1.886686
                              |
                 smoke_nomiss |
                      Former  |   1.187126   .0272441     7.47   0.000     1.134911    1.241742
                     Current  |   .8300566   .0372195    -4.15   0.000     .7602214    .9063069
                              |
                          imd |
                           2  |   1.119576   .0379043     3.34   0.001     1.047696    1.196388
                           3  |   1.232012   .0415924     6.18   0.000     1.153131    1.316289
                           4  |   1.513561   .0503611    12.46   0.000     1.418004    1.615556
             5 most deprived  |   1.794369   .0610611    17.18   0.000     1.678595    1.918128
                              |
           1.htdiag_or_highbp |   .9191273   .0226041    -3.43   0.001     .8758749    .9645155
1.chronic_respiratory_disease |   1.571953   .0410191    17.33   0.000     1.493578     1.65444
                              |
                    asthmacat |
                 Yes, no OCS  |   .9503722   .0304628    -1.59   0.112     .8925031    1.011994
                Yes with OCS  |   1.053034   .0621164     0.88   0.381     .9380624    1.182097
                              |
    1.chronic_cardiac_disease |    1.21856   .0274206     8.78   0.000     1.165985    1.273506
                              |
                      diabcat |
         Controlled diabetes  |   1.256594   .0322739     8.89   0.000     1.194904    1.321469
       Uncontrolled diabetes  |   1.768742   .0583714    17.28   0.000     1.657958    1.886929
  Diabetes, no hba1c measure  |   1.991451   .1022787    13.41   0.000     1.800747     2.20235
                              |
            cancer_exhaem_cat |
                   Last year  |    1.65729    .118567     7.06   0.000      1.44046    1.906759
               2-5 years ago  |   1.140921   .0572183     2.63   0.009      1.03411    1.258763
                    5+ years  |    .988146   .0327989    -0.36   0.719     .9259078    1.054568
                              |
              cancer_haem_cat |
                   Last year  |    2.74498   .4302298     6.44   0.000     2.018959    3.732078
               2-5 years ago  |   2.278073   .2197805     8.53   0.000     1.885587    2.752254
                    5+ years  |   1.587469   .1269499     5.78   0.000     1.357172    1.856846
                              |
      1.chronic_liver_disease |   1.602812   .1275701     5.93   0.000     1.371305    1.873402
            1.stroke_dementia |   2.267693   .0574648    32.31   0.000     2.157815    2.383166
                1.other_neuro |   2.418747   .1043906    20.47   0.000      2.22256    2.632252
                              |
  reduced_kidney_function_cat |
Stage 3a/3b egfr 30-60        |   1.547128   .0364636    18.52   0.000     1.477286    1.620272
           Stage 4/5 egfr<30  |   3.123889    .126386    28.15   0.000     2.885744    3.381687
                              |
           1.organ_transplant |   3.121377   .3905371     9.10   0.000     2.442567    3.988834
                     1.spleen |   1.250595   .2092228     1.34   0.181     .9009734    1.735887
           1.ra_sle_psoriasis |   1.140185   .0403829     3.70   0.000      1.06372    1.222146
    1.other_immunosuppression |   1.950639   .2891299     4.51   0.000     1.458845    2.608223
-----------------------------------------------------------------------------------------------
                                                             Stratified by stp
. estimates save ./output/models/an_sensan_CCbmiandsmok_`outcome'_MAINFULLYADJMODEL_agegroup_bmicat_noeth, replace
file ./output/models/an_sensan_CCbmiandsmok_onscoviddeath_MAINFULLYADJMODEL_agegroup_bmicat_noeth.ster saved
. *estat concordance /*c-statistic*/
. }

. else di "WARNING GROUP MODEL DID NOT FIT (OUTCOME `outcome')"

. 
. *Complete case ethnicity model
. basecoxmodel, age("age1 age2 age3") bp("i.htdiag_or_highbp") ethnicity(1)
   1:   1923.04 /        1 =    1923.0440

. if _rc==0{
. estimates

----------------------------------------------------------------------------------------------------------------------------------
active results
----------------------------------------------------------------------------------------------------------------------------------

Stratified Cox regr. -- Breslow method for ties

No. of subjects =   10,720,350                  Number of obs    =  10,720,350
No. of failures =        7,555
Time at risk    =   1016812004
                                                LR chi2(40)      =    25544.12
Log likelihood  =   -85607.219                  Prob > chi2      =      0.0000

-----------------------------------------------------------------------------------------------
                           _t | Haz. Ratio   Std. Err.      z    P>|z|     [95% Conf. Interval]
------------------------------+----------------------------------------------------------------
                         age1 |    1.15453   .0327492     5.07   0.000     1.092095    1.220536
                         age2 |   .9127792   .0557385    -1.49   0.135      .809818    1.028831
                         age3 |   1.244878   .1750729     1.56   0.119     .9449709    1.639967
                       1.male |   1.586699   .0386852    18.94   0.000     1.512661    1.664362
                              |
                    obese4cat |
           Obese I (30-34.9)  |   1.084452   .0335024     2.62   0.009     1.020737    1.152144
          Obese II (35-39.9)  |   1.473783   .0660251     8.66   0.000     1.349895    1.609041
             Obese III (40+)  |   2.018866   .1257769    11.28   0.000     1.786804    2.281067
                              |
                 smoke_nomiss |
                      Former  |   1.237625   .0330665     7.98   0.000     1.174484    1.304162
                     Current  |   .9539453   .0487956    -0.92   0.357     .8629455    1.054541
                              |
                    ethnicity |
                       Mixed  |   1.376085   .1896694     2.32   0.021     1.050321    1.802887
      Asian or Asian British  |   1.513011   .0729107     8.59   0.000      1.37665     1.66288
                       Black  |   1.471762   .1045443     5.44   0.000     1.280483    1.691614
                       Other  |   1.400697   .1411181     3.34   0.001     1.149706    1.706481
                              |
                          imd |
                           2  |   1.141529    .045607     3.31   0.001     1.055552     1.23451
                           3  |   1.248945   .0496162     5.60   0.000     1.155389    1.350077
                           4  |   1.525562   .0593734    10.85   0.000      1.41352    1.646486
             5 most deprived  |   1.771983   .0703507    14.41   0.000     1.639326    1.915374
                              |
           1.htdiag_or_highbp |   .8966265   .0253788    -3.86   0.000     .8482395    .9477737
1.chronic_respiratory_disease |   1.622331   .0479248    16.38   0.000     1.531068    1.719035
                              |
                    asthmacat |
                 Yes, no OCS  |   .9211549   .0339452    -2.23   0.026     .8569693    .9901479
                Yes with OCS  |   1.039679    .069192     0.58   0.559     .9125372    1.184535
                              |
    1.chronic_cardiac_disease |   1.162487   .0299368     5.85   0.000     1.105268    1.222668
                              |
                      diabcat |
         Controlled diabetes  |   1.270696   .0374329     8.13   0.000     1.199406    1.346222
       Uncontrolled diabetes  |   1.818798   .0689404    15.78   0.000     1.688575    1.959065
  Diabetes, no hba1c measure  |   1.905153   .1102073    11.14   0.000     1.700946    2.133876
                              |
            cancer_exhaem_cat |
                   Last year  |   1.680274   .1387192     6.29   0.000     1.429247    1.975392
               2-5 years ago  |   1.228197   .0694408     3.64   0.000     1.099366    1.372126
                    5+ years  |   .9902158   .0377267    -0.26   0.796     .9189662     1.06699
                              |
              cancer_haem_cat |
                   Last year  |   2.357507   .4638466     4.36   0.000     1.603159    3.466806
               2-5 years ago  |   2.398811   .2668163     7.87   0.000     1.928938    2.983142
                    5+ years  |    1.57961   .1464446     4.93   0.000     1.317151    1.894367
                              |
      1.chronic_liver_disease |   1.713305   .1522033     6.06   0.000     1.439518    2.039164
            1.stroke_dementia |   2.112867   .0613856    25.75   0.000     1.995915    2.236672
                1.other_neuro |   2.523498   .1237548    18.87   0.000     2.292235    2.778093
                              |
  reduced_kidney_function_cat |
Stage 3a/3b egfr 30-60        |   1.370354   .0377229    11.45   0.000     1.298378    1.446321
           Stage 4/5 egfr<30  |   2.489866   .1167363    19.46   0.000     2.271265    2.729507
                              |
           1.organ_transplant |   3.533845   .5069299     8.80   0.000     2.667735    4.681148
                     1.spleen |   1.293883   .2454854     1.36   0.174     .8920692    1.876686
           1.ra_sle_psoriasis |   1.137819   .0466666     3.15   0.002     1.049934    1.233061
    1.other_immunosuppression |   2.121901   .3465874     4.61   0.000     1.540606    2.922529
-----------------------------------------------------------------------------------------------
                                                             Stratified by stp
. estimates save ./output/models/an_sensan_CCbmiandsmok_`outcome'_MAINFULLYADJMODEL_agespline_bmicat_CCeth, replace
file ./output/models/an_sensan_CCbmiandsmok_onscoviddeath_MAINFULLYADJMODEL_agespline_bmicat_CCeth.ster saved
. *estat concordance /*c-statistic*/
.  }

.  else di "WARNING CC ETHNICITY MODEL WITH AGESPLINE DID NOT FIT (OUTCOME `outcome')"

.  
.  log close
      name:  <unnamed>
       log:  E:\analyses\opensafely-risk-factors-research-full\analysis\output/an_sensan_CCbmiandsmok_onscoviddeath.log
  log type:  text
 closed on:   7 Jul 2020, 02:23:43
----------------------------------------------------------------------------------------------------------------------------------
