-------------------------------------------------------------------------------------------------------
      name:  <unnamed>
       log:  E:\analyses\alex-tmp-repo-3\analysis\output/an_smoking_exploration_cox_models_cpnsdeath_im
> dTOother_neuro.log
  log type:  text
 opened on:  12 May 2020, 19:40:50

. 
. * Open dataset and fit specified model(s)
. use "cr_create_analysis_dataset_STSET_`outcome'.dta", clear
(Analysis dataset for the poor outcomes in Covid project)

. 
. 
. foreach var of any `varlist' {
  2. 
.         *General form of model
.         local model "age1 age2 age3 i.male i.`var' i.smoke"
  3. 
.         *Fit and save model
.         cap erase ./output/models/an_smok_exp_cox_models_`outcome'_AGESEX_`var'.ster
  4.         capture stcox `model' , strata(stp) 
  5.         if _rc==0 {
  6.                 estimates
  7.                 estimates save ./output/models/an_smoking_exploration_cox_models_`outcome'_AGESEX_
> `var', replace
  8.                 }
  9.         else di "WARNING - `var' vs `outcome' MODEL DID NOT SUCCESSFULLY FIT"
 10. 
. }

-------------------------------------------------------------------------------------------------------
active results
-------------------------------------------------------------------------------------------------------

Stratified Cox regr. -- Breslow method for ties

No. of subjects =   16,561,722                  Number of obs    =  16,561,722
No. of failures =        5,622
Time at risk    =   1389380352
                                                LR chi2(10)      =    15427.17
Log likelihood  =   -67647.761                  Prob > chi2      =      0.0000

----------------------------------------------------------------------------------
              _t | Haz. Ratio   Std. Err.      z    P>|z|     [95% Conf. Interval]
-----------------+----------------------------------------------------------------
            age1 |   1.114503   .0274207     4.41   0.000     1.062035    1.169563
            age2 |   1.032633    .056423     0.59   0.557      .927762    1.149359
            age3 |   .8905041   .1137684    -0.91   0.364     .6932481    1.143887
          1.male |   2.123871   .0601278    26.61   0.000     2.009232     2.24505
                 |
             imd |
              2  |   1.174954   .0531183     3.57   0.000     1.075324    1.283816
              3  |   1.344128   .0603473     6.59   0.000     1.230904    1.467766
              4  |    1.71792   .0758283    12.26   0.000     1.575546    1.873159
5 most deprived  |   2.171032   .0976623    17.23   0.000     1.987813    2.371138
                 |
           smoke |
         Former  |   1.506853   .0453907    13.61   0.000     1.420464    1.598496
        Current  |   .9798709    .056102    -0.36   0.722     .8758581    1.096236
----------------------------------------------------------------------------------
                                                             Stratified by stp
file ./output/models/an_smoking_exploration_cox_models_cpnsdeath_AGESEX_imd.ster saved

-------------------------------------------------------------------------------------------------------
active results
-------------------------------------------------------------------------------------------------------

Stratified Cox regr. -- Breslow method for ties

No. of subjects =   16,561,722                  Number of obs    =  16,561,722
No. of failures =        5,622
Time at risk    =   1389380352
                                                LR chi2(9)       =    15532.64
Log likelihood  =   -67595.026                  Prob > chi2      =      0.0000

-------------------------------------------------------------------------------------
                 _t | Haz. Ratio   Std. Err.      z    P>|z|     [95% Conf. Interval]
--------------------+----------------------------------------------------------------
               age1 |   1.115033   .0276395     4.39   0.000     1.062155    1.170542
               age2 |   1.009753   .0554885     0.18   0.860     .9066494    1.124581
               age3 |   .9651535   .1239332    -0.28   0.782     .7504046    1.241359
             1.male |   2.185449   .0621297    27.50   0.000     2.067008    2.310678
                    |
          obese4cat |
 Obese I (30-34.9)  |   1.518443   .0517768    12.25   0.000     1.420279    1.623392
Obese II (35-39.9)  |    2.09613   .1045981    14.83   0.000     1.900828    2.311499
   Obese III (40+)  |   3.323086   .2186614    18.25   0.000     2.921003    3.780517
                    |
              smoke |
            Former  |   1.491069   .0449612    13.25   0.000     1.405501    1.581848
           Current  |   1.149364    .065428     2.45   0.014     1.028023    1.285028
-------------------------------------------------------------------------------------
                                                             Stratified by stp
file ./output/models/an_smoking_exploration_cox_models_cpnsdeath_AGESEX_obese4cat.ster saved

-------------------------------------------------------------------------------------------------------
active results
-------------------------------------------------------------------------------------------------------

Stratified Cox regr. -- Breslow method for ties

No. of subjects =   16,561,722                  Number of obs    =  16,561,722
No. of failures =        5,622
Time at risk    =   1389380352
                                                LR chi2(7)       =    15162.09
Log likelihood  =   -67780.299                  Prob > chi2      =      0.0000

------------------------------------------------------------------------------------
                _t | Haz. Ratio   Std. Err.      z    P>|z|     [95% Conf. Interval]
-------------------+----------------------------------------------------------------
              age1 |   1.114811   .0275027     4.41   0.000     1.062189     1.17004
              age2 |    1.02403   .0560472     0.43   0.664     .9198668    1.139989
              age3 |   .9141333   .1169342    -0.70   0.483     .7114191     1.17461
            1.male |   2.087006   .0590194    26.02   0.000     1.974477    2.205948
1.organ_transplant |   7.208994   1.036285    13.74   0.000     5.438954    9.555071
                   |
             smoke |
           Former  |   1.550872   .0466218    14.60   0.000     1.462134    1.644994
          Current  |   1.112462   .0632683     1.87   0.061     .9951202    1.243641
------------------------------------------------------------------------------------
                                                             Stratified by stp
file ./output/models/an_smoking_exploration_cox_models_cpnsdeath_AGESEX_organ_transplant.ster saved

-------------------------------------------------------------------------------------------------------
active results
-------------------------------------------------------------------------------------------------------

Stratified Cox regr. -- Breslow method for ties

No. of subjects =   16,561,722                  Number of obs    =  16,561,722
No. of failures =        5,622
Time at risk    =   1389380352
                                                LR chi2(7)       =    15075.40
Log likelihood  =   -67823.645                  Prob > chi2      =      0.0000

-------------------------------------------------------------------------------------------
                       _t | Haz. Ratio   Std. Err.      z    P>|z|     [95% Conf. Interval]
--------------------------+----------------------------------------------------------------
                     age1 |   1.114579   .0275944     4.38   0.000     1.061786    1.169997
                     age2 |    1.02826   .0564554     0.51   0.612     .9233546    1.145083
                     age3 |   .9022722   .1157551    -0.80   0.423     .7016724    1.160221
                   1.male |    2.09223   .0591528    26.11   0.000     1.979446    2.211439
1.other_immunosuppression |   2.240238   .3406105     5.30   0.000     1.662936    3.017954
                          |
                    smoke |
                  Former  |   1.550195    .046602    14.58   0.000     1.461496    1.644278
                 Current  |   1.107041    .062956     1.79   0.074      .990278    1.237572
-------------------------------------------------------------------------------------------
                                                             Stratified by stp
file ./output/models/an_smoking_exploration_cox_models_cpnsdeath_AGESEX_other_immunosuppression.ster sa
> ved

-------------------------------------------------------------------------------------------------------
active results
-------------------------------------------------------------------------------------------------------

Stratified Cox regr. -- Breslow method for ties

No. of subjects =   16,561,722                  Number of obs    =  16,561,722
No. of failures =        5,622
Time at risk    =   1389380352
                                                LR chi2(7)       =    15279.84
Log likelihood  =   -67721.423                  Prob > chi2      =      0.0000

-------------------------------------------------------------------------------
           _t | Haz. Ratio   Std. Err.      z    P>|z|     [95% Conf. Interval]
--------------+----------------------------------------------------------------
         age1 |   1.117671   .0276959     4.49   0.000     1.064685    1.173294
         age2 |   1.016425   .0558327     0.30   0.767     .9126802    1.131963
         age3 |   .9298016   .1193262    -0.57   0.571     .7230215     1.19572
       1.male |   2.072176   .0585899    25.77   0.000     1.960466    2.190252
1.other_neuro |   2.765328   .1621573    17.35   0.000     2.465089    3.102135
              |
        smoke |
      Former  |   1.551792   .0466469    14.62   0.000     1.463007    1.645965
     Current  |   1.115817    .063471     1.93   0.054     .9980998    1.247417
-------------------------------------------------------------------------------
                                                             Stratified by stp
file ./output/models/an_smoking_exploration_cox_models_cpnsdeath_AGESEX_other_neuro.ster saved

. 
. 
. * Close log file
. log close
      name:  <unnamed>
       log:  E:\analyses\alex-tmp-repo-3\analysis\output/an_smoking_exploration_cox_models_cpnsdeath_im
> dTOother_neuro.log
  log type:  text
 closed on:  12 May 2020, 21:03:26
-------------------------------------------------------------------------------------------------------
