--------------------------------------------------------------------------------------------------------------------
      name:  <unnamed>
       log:  E:\analyses\alex-tmp-repo-2\analysis\output/an_smoking_exploration_cox_models_cpnsdeath_imdTOother_neur
> o.log
  log type:  text
 opened on:   1 May 2020, 18:32:15

. 
. * Open dataset and fit specified model(s)
. use "cr_create_analysis_dataset_STSET_`outcome'.dta", clear
(Analysis dataset for the poor outcomes in Covid project)

. 
. 
. foreach var of any `varlist' {
  2. 
.         *General form of model
.         local model "age1 age2 age3 i.male i.`var' i.smoke"
  3. 
.         *Fit and save model
.         cap erase ./output/models/an_smok_exp_cox_models_`outcome'_AGESEX_`var'.ster
  4.         capture stcox `model' , strata(stp) 
  5.         if _rc==0 {
  6.                 estimates
  7.                 estimates save ./output/models/an_smoking_exploration_cox_models_`outcome'_AGESEX_`var', replac
> e
  8.                 }
  9.         else di "WARNING - `var' vs `outcome' MODEL DID NOT SUCCESSFULLY FIT"
 10. 
. }

--------------------------------------------------------------------------------------------------------------------
active results
--------------------------------------------------------------------------------------------------------------------

Stratified Cox regr. -- Breslow method for ties

No. of subjects =   16,559,800                  Number of obs    =  16,559,800
No. of failures =        5,644
Time at risk    =   1389280249
                                                LR chi2(10)      =    15395.31
Log likelihood  =   -67956.681                  Prob > chi2      =      0.0000

----------------------------------------------------------------------------------
              _t | Haz. Ratio   Std. Err.      z    P>|z|     [95% Conf. Interval]
-----------------+----------------------------------------------------------------
            age1 |   1.108764   .0271242     4.22   0.000     1.056856    1.163222
            age2 |   1.049091   .0570714     0.88   0.378     .9429897    1.167129
            age3 |   .8536525   .1086436    -1.24   0.214     .6651957    1.095501
          1.male |   2.110307   .0595907    26.45   0.000     1.996684    2.230395
                 |
             imd |
              2  |   1.186282    .053454     3.79   0.000     1.086007    1.295815
              3  |   1.333411   .0598966     6.41   0.000     1.221036    1.456129
              4  |   1.721749   .0758597    12.33   0.000     1.579306     1.87704
5 most deprived  |   2.165937   .0972779    17.21   0.000     1.983427    2.365242
                 |
           smoke |
         Former  |    1.51434   .0455519    13.80   0.000      1.42764    1.606304
        Current  |   .9819181   .0560322    -0.32   0.749     .8780156    1.098116
----------------------------------------------------------------------------------
                                                             Stratified by stp
(note: file ./output/models/an_smoking_exploration_cox_models_cpnsdeath_AGESEX_imd.ster not found)
file ./output/models/an_smoking_exploration_cox_models_cpnsdeath_AGESEX_imd.ster saved

--------------------------------------------------------------------------------------------------------------------
active results
--------------------------------------------------------------------------------------------------------------------

Stratified Cox regr. -- Breslow method for ties

No. of subjects =   16,691,344                  Number of obs    =  16,691,344
No. of failures =        5,677
Time at risk    =   1400321978
                                                LR chi2(9)       =    15669.42
Log likelihood  =   -68310.341                  Prob > chi2      =      0.0000

-------------------------------------------------------------------------------------
                 _t | Haz. Ratio   Std. Err.      z    P>|z|     [95% Conf. Interval]
--------------------+----------------------------------------------------------------
               age1 |   1.109637   .0273687     4.22   0.000     1.057272    1.164597
               age2 |   1.025787   .0561439     0.47   0.642     .9214436    1.141946
               age3 |   .9253148    .118386    -0.61   0.544     .7200881    1.189031
             1.male |   2.176358   .0615455    27.50   0.000     2.059014    2.300391
                    |
          obese4cat |
 Obese I (30-34.9)  |   1.521452   .0516269    12.37   0.000     1.423557     1.62608
Obese II (35-39.9)  |   2.099752   .1042354    14.94   0.000     1.905079    2.314319
   Obese III (40+)  |   3.327171   .2176853    18.37   0.000     2.926738    3.782389
                    |
              smoke |
            Former  |    1.49539    .044882    13.41   0.000     1.409961    1.585996
           Current  |   1.148206   .0650312     2.44   0.015     1.027567    1.283009
-------------------------------------------------------------------------------------
                                                             Stratified by stp
(note: file ./output/models/an_smoking_exploration_cox_models_cpnsdeath_AGESEX_obese4cat.ster not found)
file ./output/models/an_smoking_exploration_cox_models_cpnsdeath_AGESEX_obese4cat.ster saved

--------------------------------------------------------------------------------------------------------------------
active results
--------------------------------------------------------------------------------------------------------------------

Stratified Cox regr. -- Breslow method for ties

No. of subjects =   16,691,344                  Number of obs    =  16,691,344
No. of failures =        5,677
Time at risk    =   1400321978
                                                LR chi2(7)       =    15290.60
Log likelihood  =   -68499.752                  Prob > chi2      =      0.0000

------------------------------------------------------------------------------------
                _t | Haz. Ratio   Std. Err.      z    P>|z|     [95% Conf. Interval]
-------------------+----------------------------------------------------------------
              age1 |   1.109424    .027232     4.23   0.000     1.057314    1.164103
              age2 |   1.040382   .0567126     0.73   0.468     .9349594    1.157692
              age3 |   .8761016   .1116604    -1.04   0.299     .6824449    1.124712
            1.male |   2.078248   .0584617    26.00   0.000     1.966767    2.196048
1.organ_transplant |   7.110227   1.022004    13.65   0.000     5.364561    9.423945
                   |
             smoke |
           Former  |    1.55547   .0465433    14.76   0.000      1.46687    1.649421
          Current  |   1.111417   .0628902     1.87   0.062     .9947436    1.241774
------------------------------------------------------------------------------------
                                                             Stratified by stp
(note: file ./output/models/an_smoking_exploration_cox_models_cpnsdeath_AGESEX_organ_transplant.ster not found)
file ./output/models/an_smoking_exploration_cox_models_cpnsdeath_AGESEX_organ_transplant.ster saved

--------------------------------------------------------------------------------------------------------------------
active results
--------------------------------------------------------------------------------------------------------------------

Stratified Cox regr. -- Breslow method for ties

No. of subjects =   16,691,344                  Number of obs    =  16,691,344
No. of failures =        5,677
Time at risk    =   1400321978
                                                LR chi2(7)       =    15196.50
Log likelihood  =   -68546.801                  Prob > chi2      =      0.0000

-------------------------------------------------------------------------------------------
                       _t | Haz. Ratio   Std. Err.      z    P>|z|     [95% Conf. Interval]
--------------------------+----------------------------------------------------------------
                     age1 |   1.109292   .0273076     4.21   0.000      1.05704    1.164126
                     age2 |   1.043942   .0570533     0.79   0.431     .9379002    1.161973
                     age3 |    .866474   .1106996    -1.12   0.262      .674539    1.113023
                   1.male |   2.083536   .0585966    26.10   0.000     1.971797    2.201608
1.other_immunosuppression |   1.983377    .333115     4.08   0.000     1.427062     2.75656
                          |
                    smoke |
                  Former  |   1.555014   .0465302    14.75   0.000     1.466439    1.648938
                 Current  |   1.105846   .0625706     1.78   0.075     .9897656    1.235541
-------------------------------------------------------------------------------------------
                                                             Stratified by stp
(note: file ./output/models/an_smoking_exploration_cox_models_cpnsdeath_AGESEX_other_immunosuppression.ster not foun
> d)
file ./output/models/an_smoking_exploration_cox_models_cpnsdeath_AGESEX_other_immunosuppression.ster saved

--------------------------------------------------------------------------------------------------------------------
active results
--------------------------------------------------------------------------------------------------------------------

Stratified Cox regr. -- Breslow method for ties

No. of subjects =   16,691,344                  Number of obs    =  16,691,344
No. of failures =        5,677
Time at risk    =   1400321978
                                                LR chi2(7)       =    15403.66
Log likelihood  =   -68443.222                  Prob > chi2      =      0.0000

-------------------------------------------------------------------------------
           _t | Haz. Ratio   Std. Err.      z    P>|z|     [95% Conf. Interval]
--------------+----------------------------------------------------------------
         age1 |   1.112284   .0274245     4.32   0.000     1.059811    1.167355
         age2 |   1.032609   .0564937     0.59   0.558     .9276128    1.149489
         age3 |   .8912485    .113962    -0.90   0.368     .6936774    1.145091
       1.male |   2.063777   .0580451    25.76   0.000      1.95309    2.180738
1.other_neuro |   2.718116   .1590991    17.08   0.000      2.42351    3.048536
              |
        smoke |
      Former  |   1.556656   .0465757    14.79   0.000     1.467994    1.650672
     Current  |   1.114569   .0630795     1.92   0.055     .9975454     1.24532
-------------------------------------------------------------------------------
                                                             Stratified by stp
(note: file ./output/models/an_smoking_exploration_cox_models_cpnsdeath_AGESEX_other_neuro.ster not found)
file ./output/models/an_smoking_exploration_cox_models_cpnsdeath_AGESEX_other_neuro.ster saved

. 
. 
. * Close log file
. log close
      name:  <unnamed>
       log:  E:\analyses\alex-tmp-repo-2\analysis\output/an_smoking_exploration_cox_models_cpnsdeath_imdTOother_neur
> o.log
  log type:  text
 closed on:   1 May 2020, 19:57:44
--------------------------------------------------------------------------------------------------------------------
