-------------------------------------------------------------------------------------------------------
      name:  <unnamed>
       log:  E:\analyses\alex-tmp-repo-3\analysis\output/an_smoking_exploration_cox_models_cpnsdeath_ch
> ronic_liver_diseaseTOhtdiag_or_highbp.log
  log type:  text
 opened on:  12 May 2020, 19:40:50

. 
. * Open dataset and fit specified model(s)
. use "cr_create_analysis_dataset_STSET_`outcome'.dta", clear
(Analysis dataset for the poor outcomes in Covid project)

. 
. 
. foreach var of any `varlist' {
  2. 
.         *General form of model
.         local model "age1 age2 age3 i.male i.`var' i.smoke"
  3. 
.         *Fit and save model
.         cap erase ./output/models/an_smok_exp_cox_models_`outcome'_AGESEX_`var'.ster
  4.         capture stcox `model' , strata(stp) 
  5.         if _rc==0 {
  6.                 estimates
  7.                 estimates save ./output/models/an_smoking_exploration_cox_models_`outcome'_AGESEX_
> `var', replace
  8.                 }
  9.         else di "WARNING - `var' vs `outcome' MODEL DID NOT SUCCESSFULLY FIT"
 10. 
. }

-------------------------------------------------------------------------------------------------------
active results
-------------------------------------------------------------------------------------------------------

Stratified Cox regr. -- Breslow method for ties

No. of subjects =   16,561,722                  Number of obs    =  16,561,722
No. of failures =        5,622
Time at risk    =   1389380352
                                                LR chi2(7)       =    15107.89
Log likelihood  =   -67807.398                  Prob > chi2      =      0.0000

-----------------------------------------------------------------------------------------
                     _t | Haz. Ratio   Std. Err.      z    P>|z|     [95% Conf. Interval]
------------------------+----------------------------------------------------------------
                   age1 |   1.115509   .0275509     4.43   0.000     1.062796    1.170836
                   age2 |     1.0219    .055981     0.40   0.693      .917864    1.137727
                   age3 |   .9189601   .1176469    -0.66   0.509     .7150301    1.181052
                 1.male |   2.090331   .0591079    26.08   0.000     1.977633    2.209451
1.chronic_liver_disease |    2.22528   .2137803     8.33   0.000     1.843362    2.686326
                        |
                  smoke |
                Former  |   1.545324   .0464663    14.47   0.000     1.456884    1.639133
               Current  |   1.096744   .0624038     1.62   0.105     .9810084    1.226134
-----------------------------------------------------------------------------------------
                                                             Stratified by stp
file ./output/models/an_smoking_exploration_cox_models_cpnsdeath_AGESEX_chronic_liver_disease.ster save
> d

-------------------------------------------------------------------------------------------------------
active results
-------------------------------------------------------------------------------------------------------

Stratified Cox regr. -- Breslow method for ties

No. of subjects =   16,561,722                  Number of obs    =  16,561,722
No. of failures =        5,622
Time at risk    =   1389380352
                                                LR chi2(7)       =    15504.98
Log likelihood  =   -67608.854                  Prob > chi2      =      0.0000

-----------------------------------------------------------------------------------------------
                           _t | Haz. Ratio   Std. Err.      z    P>|z|     [95% Conf. Interval]
------------------------------+----------------------------------------------------------------
                         age1 |   1.128911   .0283575     4.83   0.000     1.074678    1.185882
                         age2 |    .983262   .0546304    -0.30   0.761     .8818124    1.096383
                         age3 |   1.010093   .1309754     0.08   0.938     .7834095    1.302368
                       1.male |   2.068851   .0584677    25.72   0.000     1.957373    2.186679
1.chronic_respiratory_disease |   2.113626   .0698894    22.63   0.000      1.98099    2.255143
                              |
                        smoke |
                      Former  |   1.405656   .0430247    11.12   0.000     1.323809    1.492564
                     Current  |   .9297489   .0534992    -1.27   0.206      .830589    1.040747
-----------------------------------------------------------------------------------------------
                                                             Stratified by stp
file ./output/models/an_smoking_exploration_cox_models_cpnsdeath_AGESEX_chronic_respiratory_disease.ste
> r saved

-------------------------------------------------------------------------------------------------------
active results
-------------------------------------------------------------------------------------------------------

Stratified Cox regr. -- Breslow method for ties

No. of subjects =   16,561,722                  Number of obs    =  16,561,722
No. of failures =        5,622
Time at risk    =   1389380352
                                                LR chi2(9)       =    15971.57
Log likelihood  =   -67375.559                  Prob > chi2      =      0.0000

---------------------------------------------------------------------------------------------
                         _t | Haz. Ratio   Std. Err.      z    P>|z|     [95% Conf. Interval]
----------------------------+----------------------------------------------------------------
                       age1 |   1.125272   .0281714     4.71   0.000      1.07139    1.181864
                       age2 |   .9774381   .0541784    -0.41   0.681     .8768151    1.089609
                       age3 |   1.037075    .134233     0.28   0.779     .8047031    1.336549
                     1.male |    1.98823   .0564746    24.19   0.000     1.880567    2.102058
                            |
                    diabcat |
       Controlled diabetes  |   1.858819   .0616097    18.70   0.000     1.741905    1.983581
     Uncontrolled diabetes  |   3.232645   .1292664    29.34   0.000     2.988961    3.496195
Diabetes, no hba1c measure  |   2.262998   .1624923    11.37   0.000     1.965914    2.604977
                            |
                      smoke |
                    Former  |   1.480144   .0446934    12.99   0.000     1.395089    1.570386
                   Current  |   1.091496   .0621051     1.54   0.124     .9763141    1.220267
---------------------------------------------------------------------------------------------
                                                             Stratified by stp
file ./output/models/an_smoking_exploration_cox_models_cpnsdeath_AGESEX_diabcat.ster saved

-------------------------------------------------------------------------------------------------------
active results
-------------------------------------------------------------------------------------------------------

Stratified Cox regr. -- Breslow method for ties

No. of subjects =   12,442,503                  Number of obs    =  12,442,503
No. of failures =        4,192
Time at risk    =   1043893054
                                                LR chi2(10)      =    11389.66
Log likelihood  =   -49460.283                  Prob > chi2      =      0.0000

-----------------------------------------------------------------------------------------
                     _t | Haz. Ratio   Std. Err.      z    P>|z|     [95% Conf. Interval]
------------------------+----------------------------------------------------------------
                   age1 |   1.096632   .0296081     3.42   0.001      1.04011    1.156226
                   age2 |   1.070719   .0646046     1.13   0.257     .9512973    1.205133
                   age3 |   .8204706   .1160753    -1.40   0.162     .6217848    1.082645
                 1.male |   2.015306   .0659144    21.43   0.000      1.89017    2.148727
                        |
              ethnicity |
                 Mixed  |   1.943168   .3154623     4.09   0.000     1.413587    2.671149
Asian or Asian British  |   2.172453    .129749    12.99   0.000     1.932469    2.442239
                 Black  |   2.339474   .1989909     9.99   0.000     1.980235    2.763883
                 Other  |   1.440284   .1920448     2.74   0.006     1.109049    1.870449
                        |
                  smoke |
                Former  |   1.658539   .0590405    14.21   0.000     1.546766    1.778388
               Current  |    1.20325   .0786096     2.83   0.005     1.058634    1.367621
-----------------------------------------------------------------------------------------
                                                             Stratified by stp
file ./output/models/an_smoking_exploration_cox_models_cpnsdeath_AGESEX_ethnicity.ster saved

-------------------------------------------------------------------------------------------------------
active results
-------------------------------------------------------------------------------------------------------

Stratified Cox regr. -- Breslow method for ties

No. of subjects =   16,561,722                  Number of obs    =  16,561,722
No. of failures =        5,622
Time at risk    =   1389380352
                                                LR chi2(7)       =    15083.52
Log likelihood  =   -67819.584                  Prob > chi2      =      0.0000

------------------------------------------------------------------------------------
                _t | Haz. Ratio   Std. Err.      z    P>|z|     [95% Conf. Interval]
-------------------+----------------------------------------------------------------
              age1 |   1.116049   .0276213     4.44   0.000     1.063204     1.17152
              age2 |   1.014313   .0556865     0.26   0.796     .9108365    1.129545
              age3 |   .9368853   .1202065    -0.51   0.611     .7285738    1.204757
            1.male |   2.094701   .0592598    26.14   0.000     1.981715    2.214129
1.htdiag_or_highbp |    1.18853    .037853     5.42   0.000     1.116608    1.265085
                   |
             smoke |
           Former  |   1.543336    .046424    14.43   0.000     1.454977    1.637061
          Current  |    1.10971   .0631175     1.83   0.067      .992648    1.240577
------------------------------------------------------------------------------------
                                                             Stratified by stp
file ./output/models/an_smoking_exploration_cox_models_cpnsdeath_AGESEX_htdiag_or_highbp.ster saved

. 
. 
. * Close log file
. log close
      name:  <unnamed>
       log:  E:\analyses\alex-tmp-repo-3\analysis\output/an_smoking_exploration_cox_models_cpnsdeath_ch
> ronic_liver_diseaseTOhtdiag_or_highbp.log
  log type:  text
 closed on:  12 May 2020, 21:00:28
-------------------------------------------------------------------------------------------------------
