------------------------------------------------------------------------------------------------------------------------------------------------------------------------------------------------------------
      name:  <unnamed>
       log:  E:\analyses\opensafely-risk-factors-research-full\analysis\output/an_univariable_cox_models_workingagepop_onscoviddeath_htdiag_or_highbpTOorgan_transplant.log
  log type:  text
 opened on:  27 Jul 2020, 21:15:54

. 
. * Open dataset and fit specified model(s)
. use "cr_create_analysis_dataset_STSET_`outcome'.dta", clear
(Analysis dataset for the poor outcomes in Covid project)

. 
. 
. foreach var of any `varlist' {
  2. 
.         *Special cases
.         if "`var'"=="agesplsex" local model "age1 age2 age3 i.male"
  3.         else if "`var'"=="agegroupsex" local model "ib3.agegroup i.male"
  4.         else if "`var'"=="bmicat" local model "age1 age2 age3 i.male ib2.bmicat"
  5.         *General form of model
.         else local model "age1 age2 age3 i.male i.`var'"
  6. 
.         *Fit and save model
.         cap erase ./output/models/an_univariable_cox_models_workingagepop_`outcome'_workingagepop_AGESEX_`var'.ster
  7.         capture stcox `model' if agegroup<=4, strata(stp) 
  8.         if _rc==0 {
  9.                 estimates
 10.                 estimates save ./output/models/an_univariable_cox_models_workingagepop_`outcome'_AGESEX_`var', replace
 11.                 }
 12.         else di "WARNING - `var' vs `outcome' MODEL DID NOT SUCCESSFULLY FIT"
 13. 
. }

------------------------------------------------------------------------------------------------------------------------------------------------------------------------------------------------------------
active results
------------------------------------------------------------------------------------------------------------------------------------------------------------------------------------------------------------

Stratified Cox regr. -- Breslow method for ties

No. of subjects =   14,207,783                  Number of obs    =  14,207,783
No. of failures =        1,817
Time at risk    =   1349289729
                                                LR chi2(5)       =     3285.68
Log likelihood  =    -22563.38                  Prob > chi2      =      0.0000

------------------------------------------------------------------------------------
                _t | Haz. Ratio   Std. Err.      z    P>|z|     [95% Conf. Interval]
-------------------+----------------------------------------------------------------
              age1 |    1.10415   .0259236     4.22   0.000     1.054492    1.156147
              age2 |   1.078178   .0676147     1.20   0.230     .9534761    1.219189
              age3 |   .7393407   .1286188    -1.74   0.083     .5257339    1.039736
            1.male |   1.885009   .0939503    12.72   0.000     1.709578    2.078442
1.htdiag_or_highbp |   1.872697   .0948031    12.39   0.000     1.695807    2.068038
------------------------------------------------------------------------------------
                                                             Stratified by stp
(note: file ./output/models/an_univariable_cox_models_workingagepop_onscoviddeath_AGESEX_htdiag_or_highbp.ster not found)
file ./output/models/an_univariable_cox_models_workingagepop_onscoviddeath_AGESEX_htdiag_or_highbp.ster saved

------------------------------------------------------------------------------------------------------------------------------------------------------------------------------------------------------------
active results
------------------------------------------------------------------------------------------------------------------------------------------------------------------------------------------------------------

Stratified Cox regr. -- Breslow method for ties

No. of subjects =   12,515,870                  Number of obs    =  12,515,870
No. of failures =        1,806
Time at risk    =   1188562227
                                                LR chi2(7)       =     2826.41
Log likelihood  =   -22411.388                  Prob > chi2      =      0.0000

---------------------------------------------------------------------------------
             _t | Haz. Ratio   Std. Err.      z    P>|z|     [95% Conf. Interval]
----------------+----------------------------------------------------------------
           age1 |     1.1038   .0281342     3.87   0.000     1.050013    1.160342
           age2 |   1.102168   .0734857     1.46   0.145     .9671523    1.256031
           age3 |   .7002293    .127981    -1.95   0.051     .4894023    1.001877
         1.male |   2.077217   .1041408    14.58   0.000     1.882812    2.291694
                |
          bpcat |
      Elevated  |   .6874654   .0565634    -4.55   0.000     .5850804    .8077672
 High, stage I  |   .6415664   .0420231    -6.78   0.000     .5642704    .7294508
High, stage II  |   .6927508   .0473877    -5.37   0.000     .6058295     .792143
---------------------------------------------------------------------------------
                                                             Stratified by stp
(note: file ./output/models/an_univariable_cox_models_workingagepop_onscoviddeath_AGESEX_bpcat.ster not found)
file ./output/models/an_univariable_cox_models_workingagepop_onscoviddeath_AGESEX_bpcat.ster saved

------------------------------------------------------------------------------------------------------------------------------------------------------------------------------------------------------------
active results
------------------------------------------------------------------------------------------------------------------------------------------------------------------------------------------------------------

Stratified Cox regr. -- Breslow method for ties

No. of subjects =   14,207,783                  Number of obs    =  14,207,783
No. of failures =        1,817
Time at risk    =   1349289729
                                                LR chi2(5)       =     3415.35
Log likelihood  =   -22498.546                  Prob > chi2      =      0.0000

--------------------------------------------------------------------------------
            _t | Haz. Ratio   Std. Err.      z    P>|z|     [95% Conf. Interval]
---------------+----------------------------------------------------------------
          age1 |   1.108782   .0260337     4.40   0.000     1.058913    1.160999
          age2 |    1.06284   .0666892     0.97   0.331     .9398488    1.201925
          age3 |   .7556664   .1315087    -1.61   0.107     .5372736    1.062832
        1.male |    1.88187     .09371    12.70   0.000      1.70688      2.0748
1.hypertension |   2.330144   .1151504    17.12   0.000     2.115038    2.567126
--------------------------------------------------------------------------------
                                                             Stratified by stp
(note: file ./output/models/an_univariable_cox_models_workingagepop_onscoviddeath_AGESEX_hypertension.ster not found)
file ./output/models/an_univariable_cox_models_workingagepop_onscoviddeath_AGESEX_hypertension.ster saved

------------------------------------------------------------------------------------------------------------------------------------------------------------------------------------------------------------
active results
------------------------------------------------------------------------------------------------------------------------------------------------------------------------------------------------------------

Stratified Cox regr. -- Breslow method for ties

No. of subjects =   14,207,783                  Number of obs    =  14,207,783
No. of failures =        1,817
Time at risk    =   1349289729
                                                LR chi2(8)       =     3394.97
Log likelihood  =   -22508.734                  Prob > chi2      =      0.0000

----------------------------------------------------------------------------------
              _t | Haz. Ratio   Std. Err.      z    P>|z|     [95% Conf. Interval]
-----------------+----------------------------------------------------------------
            age1 |   1.113161   .0263533     4.53   0.000     1.062689    1.166029
            age2 |   1.091073    .068839     1.38   0.167     .9641599    1.234692
            age3 |   .7146159   .1248771    -1.92   0.055     .5073734    1.006509
          1.male |     1.9487   .0969194    13.41   0.000     1.767706    2.148225
                 |
             imd |
              2  |   1.152781   .1049297     1.56   0.118     .9644232    1.377926
              3  |   1.446517   .1272959     4.19   0.000     1.217352    1.718821
              4  |   2.292926   .1876281    10.14   0.000     1.953156    2.691802
5 most deprived  |   2.887293   .2368141    12.93   0.000     2.458531    3.390829
----------------------------------------------------------------------------------
                                                             Stratified by stp
(note: file ./output/models/an_univariable_cox_models_workingagepop_onscoviddeath_AGESEX_imd.ster not found)
file ./output/models/an_univariable_cox_models_workingagepop_onscoviddeath_AGESEX_imd.ster saved

------------------------------------------------------------------------------------------------------------------------------------------------------------------------------------------------------------
active results
------------------------------------------------------------------------------------------------------------------------------------------------------------------------------------------------------------

Stratified Cox regr. -- Breslow method for ties

No. of subjects =   14,207,783                  Number of obs    =  14,207,783
No. of failures =        1,817
Time at risk    =   1349289729
                                                LR chi2(7)       =     3538.76
Log likelihood  =   -22436.837                  Prob > chi2      =      0.0000

-------------------------------------------------------------------------------------
                 _t | Haz. Ratio   Std. Err.      z    P>|z|     [95% Conf. Interval]
--------------------+----------------------------------------------------------------
               age1 |   1.103403    .025966     4.18   0.000     1.053666    1.155487
               age2 |   1.089477   .0684659     1.36   0.173     .9632215    1.232282
               age3 |   .7332788   .1277943    -1.78   0.075     .5211029    1.031846
             1.male |   2.116583   .1058915    14.99   0.000      1.91889    2.334643
                    |
          obese4cat |
 Obese I (30-34.9)  |   1.593343   .0958323     7.75   0.000     1.416163     1.79269
Obese II (35-39.9)  |   3.037852   .2107725    16.01   0.000     2.651603    3.480365
   Obese III (40+)  |    4.45016   .3671124    18.10   0.000     3.785789    5.231122
-------------------------------------------------------------------------------------
                                                             Stratified by stp
(note: file ./output/models/an_univariable_cox_models_workingagepop_onscoviddeath_AGESEX_obese4cat.ster not found)
file ./output/models/an_univariable_cox_models_workingagepop_onscoviddeath_AGESEX_obese4cat.ster saved

------------------------------------------------------------------------------------------------------------------------------------------------------------------------------------------------------------
active results
------------------------------------------------------------------------------------------------------------------------------------------------------------------------------------------------------------

Stratified Cox regr. -- Breslow method for ties

No. of subjects =   10,733,532                  Number of obs    =  10,733,532
No. of failures =        1,611
Time at risk    =   1019295036
                                                LR chi2(9)       =     2994.13
Log likelihood  =   -19514.972                  Prob > chi2      =      0.0000

---------------------------------------------------------------------------------------
                   _t | Haz. Ratio   Std. Err.      z    P>|z|     [95% Conf. Interval]
----------------------+----------------------------------------------------------------
                 age1 |   1.081037   .0287837     2.93   0.003     1.026069    1.138951
                 age2 |   1.145737   .0808407     1.93   0.054     .9977599    1.315661
                 age3 |   .6430682   .1249629    -2.27   0.023     .4393889    .9411633
               1.male |   2.413129   .1303189    16.31   0.000     2.170762    2.682557
                      |
               bmicat |
 Underweight (<18.5)  |   3.008136   .5463266     6.06   0.000     2.107198    4.294272
Overweight (25-29.9)  |   1.041952   .0786638     0.54   0.586     .8986382    1.208121
   Obese I (30-34.9)  |   1.672947   .1303856     6.60   0.000     1.435958     1.94905
  Obese II (35-39.9)  |   3.226919    .274541    13.77   0.000     2.731299    3.812474
     Obese III (40+)  |   4.780572   .4585019    16.31   0.000     3.961336    5.769233
---------------------------------------------------------------------------------------
                                                             Stratified by stp
(note: file ./output/models/an_univariable_cox_models_workingagepop_onscoviddeath_AGESEX_bmicat.ster not found)
file ./output/models/an_univariable_cox_models_workingagepop_onscoviddeath_AGESEX_bmicat.ster saved

------------------------------------------------------------------------------------------------------------------------------------------------------------------------------------------------------------
active results
------------------------------------------------------------------------------------------------------------------------------------------------------------------------------------------------------------

Stratified Cox regr. -- Breslow method for ties

No. of subjects =   14,207,783                  Number of obs    =  14,207,783
No. of failures =        1,817
Time at risk    =   1349289729
                                                LR chi2(5)       =     3265.60
Log likelihood  =   -22573.417                  Prob > chi2      =      0.0000

------------------------------------------------------------------------------------
                _t | Haz. Ratio   Std. Err.      z    P>|z|     [95% Conf. Interval]
-------------------+----------------------------------------------------------------
              age1 |    1.10958   .0260847     4.42   0.000     1.059615    1.161901
              age2 |   1.090797   .0684515     1.38   0.166     .9645566    1.233559
              age3 |    .716109    .124599    -1.92   0.055      .509184    1.007125
            1.male |   1.945366   .0967985    13.37   0.000     1.764602    2.144648
1.organ_transplant |   11.98255   1.811339    16.43   0.000     8.910001    16.11466
------------------------------------------------------------------------------------
                                                             Stratified by stp
(note: file ./output/models/an_univariable_cox_models_workingagepop_onscoviddeath_AGESEX_organ_transplant.ster not found)
file ./output/models/an_univariable_cox_models_workingagepop_onscoviddeath_AGESEX_organ_transplant.ster saved

. 
. 
. * Close log file
. log close
      name:  <unnamed>
       log:  E:\analyses\opensafely-risk-factors-research-full\analysis\output/an_univariable_cox_models_workingagepop_onscoviddeath_htdiag_or_highbpTOorgan_transplant.log
  log type:  text
 closed on:  27 Jul 2020, 22:43:30
------------------------------------------------------------------------------------------------------------------------------------------------------------------------------------------------------------
