--------------------------------------------------------------------------------------------------------------------
      name:  <unnamed>
       log:  E:\analyses\opensafely-risk-factors-research-full\analysis\output/an_univariable_cox_models_onscoviddea
> th_other_immunosuppressionTOstroke_dementia.log
  log type:  text
 opened on:  30 Jun 2020, 00:32:25

. 
. * Open dataset and fit specified model(s)
. use "cr_create_analysis_dataset_STSET_`outcome'.dta", clear
(Analysis dataset for the poor outcomes in Covid project)

. 
. 
. foreach var of any `varlist' {
  2. 
.         *Special cases
.         if "`var'"=="agesplsex" local model "age1 age2 age3 i.male"
  3.         else if "`var'"=="agegroupsex" local model "ib3.agegroup i.male"
  4.         else if "`var'"=="bmicat" local model "age1 age2 age3 i.male ib2.bmicat"
  5.         *General form of model
.         else local model "age1 age2 age3 i.male i.`var'"
  6. 
.         *Fit and save model
.         cap erase ./output/models/an_univariable_cox_models_`outcome'_AGESEX_`var'.ster
  7.         capture stcox `model' , strata(stp) 
  8.         if _rc==0 {
  9.                 estimates
 10.                 estimates save ./output/models/an_univariable_cox_models_`outcome'_AGESEX_`var', replace
 11.                 }
 12.         else di "WARNING - `var' vs `outcome' MODEL DID NOT SUCCESSFULLY FIT"
 13. 
. }

--------------------------------------------------------------------------------------------------------------------
active results
--------------------------------------------------------------------------------------------------------------------

Stratified Cox regr. -- Breslow method for ties

No. of subjects =   17,277,935                  Number of obs    =  17,277,935
No. of failures =       10,926
Time at risk    =   1638907207
                                                LR chi2(5)       =    33577.36
Log likelihood  =    -130290.4                  Prob > chi2      =      0.0000

-------------------------------------------------------------------------------------------
                       _t | Haz. Ratio   Std. Err.      z    P>|z|     [95% Conf. Interval]
--------------------------+----------------------------------------------------------------
                     age1 |   1.154482   .0243299     6.82   0.000     1.107767    1.203166
                     age2 |   .9453373   .0434162    -1.22   0.221     .8639605    1.034379
                     age3 |   1.139965   .1212704     1.23   0.218     .9254227    1.404246
                   1.male |   1.777592   .0346461    29.51   0.000     1.710968    1.846811
1.other_immunosuppression |   2.057372   .2494201     5.95   0.000     1.622257    2.609192
-------------------------------------------------------------------------------------------
                                                             Stratified by stp
(note: file ./output/models/an_univariable_cox_models_onscoviddeath_AGESEX_other_immunosuppression.ster not found)
file ./output/models/an_univariable_cox_models_onscoviddeath_AGESEX_other_immunosuppression.ster saved

--------------------------------------------------------------------------------------------------------------------
active results
--------------------------------------------------------------------------------------------------------------------

Stratified Cox regr. -- Breslow method for ties

No. of subjects =   17,277,935                  Number of obs    =  17,277,935
No. of failures =       10,926
Time at risk    =   1638907207
                                                LR chi2(5)       =    34127.14
Log likelihood  =    -130015.5                  Prob > chi2      =      0.0000

-------------------------------------------------------------------------------
           _t | Haz. Ratio   Std. Err.      z    P>|z|     [95% Conf. Interval]
--------------+----------------------------------------------------------------
         age1 |   1.159001   .0245149     6.98   0.000     1.111936     1.20806
         age2 |   .9313274   .0428956    -1.54   0.122     .8509368    1.019313
         age3 |   1.184839   .1263614     1.59   0.112      .961346    1.460288
       1.male |   1.757494   .0342602    28.93   0.000     1.691612    1.825942
1.other_neuro |   3.081016    .123512    28.07   0.000     2.848202    3.332859
-------------------------------------------------------------------------------
                                                             Stratified by stp
(note: file ./output/models/an_univariable_cox_models_onscoviddeath_AGESEX_other_neuro.ster not found)
file ./output/models/an_univariable_cox_models_onscoviddeath_AGESEX_other_neuro.ster saved

--------------------------------------------------------------------------------------------------------------------
active results
--------------------------------------------------------------------------------------------------------------------

Stratified Cox regr. -- Breslow method for ties

No. of subjects =   17,277,935                  Number of obs    =  17,277,935
No. of failures =       10,926
Time at risk    =   1638907207
                                                LR chi2(5)       =    33603.88
Log likelihood  =   -130277.14                  Prob > chi2      =      0.0000

------------------------------------------------------------------------------------
                _t | Haz. Ratio   Std. Err.      z    P>|z|     [95% Conf. Interval]
-------------------+----------------------------------------------------------------
              age1 |   1.155836   .0243349     6.88   0.000     1.109112     1.20453
              age2 |   .9391383   .0430883    -1.37   0.171     .8583727    1.027503
              age3 |   1.161245   .1234118     1.41   0.160     .9428924    1.430163
            1.male |   1.782659     .03475    29.66   0.000     1.715835    1.852086
1.ra_sle_psoriasis |   1.296113   .0437975     7.68   0.000     1.213052    1.384861
------------------------------------------------------------------------------------
                                                             Stratified by stp
(note: file ./output/models/an_univariable_cox_models_onscoviddeath_AGESEX_ra_sle_psoriasis.ster not found)
file ./output/models/an_univariable_cox_models_onscoviddeath_AGESEX_ra_sle_psoriasis.ster saved

--------------------------------------------------------------------------------------------------------------------
active results
--------------------------------------------------------------------------------------------------------------------

Stratified Cox regr. -- Breslow method for ties

No. of subjects =   16,557,013                  Number of obs    =  16,557,013
No. of failures =       10,837
Time at risk    =   1570435914
                                                LR chi2(6)       =    32810.94
Log likelihood  =   -129009.48                  Prob > chi2      =      0.0000

------------------------------------------------------------------------------
          _t | Haz. Ratio   Std. Err.      z    P>|z|     [95% Conf. Interval]
-------------+----------------------------------------------------------------
        age1 |   1.160067   .0258938     6.65   0.000      1.11041    1.211944
        age2 |   .9212355    .044493    -1.70   0.089      .838031    1.012701
        age3 |   1.223276   .1363583     1.81   0.071     .9831985    1.521976
      1.male |   1.684366   .0335374    26.19   0.000       1.6199    1.751398
             |
       smoke |
     Former  |   1.418179   .0301282    16.45   0.000     1.360341    1.478476
    Current  |   1.129969   .0473144     2.92   0.004     1.040938    1.226615
------------------------------------------------------------------------------
                                                             Stratified by stp
(note: file ./output/models/an_univariable_cox_models_onscoviddeath_AGESEX_smoke.ster not found)
file ./output/models/an_univariable_cox_models_onscoviddeath_AGESEX_smoke.ster saved

--------------------------------------------------------------------------------------------------------------------
active results
--------------------------------------------------------------------------------------------------------------------

Stratified Cox regr. -- Breslow method for ties

No. of subjects =   17,277,935                  Number of obs    =  17,277,935
No. of failures =       10,926
Time at risk    =   1638907207
                                                LR chi2(6)       =    33843.72
Log likelihood  =   -130157.22                  Prob > chi2      =      0.0000

------------------------------------------------------------------------------
          _t | Haz. Ratio   Std. Err.      z    P>|z|     [95% Conf. Interval]
-------------+----------------------------------------------------------------
        age1 |     1.1593     .02482     6.90   0.000      1.11166    1.208981
        age2 |   .9256694   .0430854    -1.66   0.097      .844961    1.014087
        age3 |   1.206296   .1298912     1.74   0.082     .9767834    1.489736
      1.male |   1.669692   .0330638    25.89   0.000      1.60613     1.73577
             |
smoke_nomiss |
     Former  |   1.425389    .030022    16.83   0.000     1.367745    1.485462
    Current  |    1.13758   .0475144     3.09   0.002     1.048163    1.234624
------------------------------------------------------------------------------
                                                             Stratified by stp
(note: file ./output/models/an_univariable_cox_models_onscoviddeath_AGESEX_smoke_nomiss.ster not found)
file ./output/models/an_univariable_cox_models_onscoviddeath_AGESEX_smoke_nomiss.ster saved

--------------------------------------------------------------------------------------------------------------------
active results
--------------------------------------------------------------------------------------------------------------------

Stratified Cox regr. -- Breslow method for ties

No. of subjects =   17,277,935                  Number of obs    =  17,277,935
No. of failures =       10,926
Time at risk    =   1638907207
                                                LR chi2(5)       =    33556.92
Log likelihood  =   -130300.61                  Prob > chi2      =      0.0000

------------------------------------------------------------------------------
          _t | Haz. Ratio   Std. Err.      z    P>|z|     [95% Conf. Interval]
-------------+----------------------------------------------------------------
        age1 |   1.154859   .0242598     6.85   0.000     1.108276      1.2034
        age2 |   .9425369    .043161    -1.29   0.196     .8616281    1.031043
        age3 |   1.149684    .121966     1.31   0.189      .933851    1.415401
      1.male |   1.777427   .0346438    29.51   0.000     1.710807    1.846642
    1.spleen |   1.619397   .2565365     3.04   0.002     1.187163    2.209003
------------------------------------------------------------------------------
                                                             Stratified by stp
(note: file ./output/models/an_univariable_cox_models_onscoviddeath_AGESEX_spleen.ster not found)
file ./output/models/an_univariable_cox_models_onscoviddeath_AGESEX_spleen.ster saved

--------------------------------------------------------------------------------------------------------------------
active results
--------------------------------------------------------------------------------------------------------------------

Stratified Cox regr. -- Breslow method for ties

No. of subjects =   17,277,935                  Number of obs    =  17,277,935
No. of failures =       10,926
Time at risk    =   1638907207
                                                LR chi2(5)       =    34886.51
Log likelihood  =   -129635.82                  Prob > chi2      =      0.0000

-----------------------------------------------------------------------------------
               _t | Haz. Ratio   Std. Err.      z    P>|z|     [95% Conf. Interval]
------------------+----------------------------------------------------------------
             age1 |   1.151536   .0240746     6.75   0.000     1.105304    1.199701
             age2 |   .9508266   .0433744    -1.11   0.269     .8695039    1.039755
             age3 |   1.110271   .1174001     0.99   0.323     .9024494    1.365951
           1.male |   1.738241    .033914    28.34   0.000     1.673025    1.805998
1.stroke_dementia |   2.573688   .0612463    39.72   0.000     2.456404    2.696572
-----------------------------------------------------------------------------------
                                                             Stratified by stp
(note: file ./output/models/an_univariable_cox_models_onscoviddeath_AGESEX_stroke_dementia.ster not found)
file ./output/models/an_univariable_cox_models_onscoviddeath_AGESEX_stroke_dementia.ster saved

. 
. 
. * Close log file
. log close
      name:  <unnamed>
       log:  E:\analyses\opensafely-risk-factors-research-full\analysis\output/an_univariable_cox_models_onscoviddea
> th_other_immunosuppressionTOstroke_dementia.log
  log type:  text
 closed on:  30 Jun 2020, 02:10:21
--------------------------------------------------------------------------------------------------------------------
