--------------------------------------------------------------------------------------------------------------------
      name:  <unnamed>
       log:  E:\analyses\opensafely-risk-factors-research-full\analysis\output/an_univariable_cox_models_onscoviddea
> th_other_immunosuppressionTOstroke_dementia.log
  log type:  text
 opened on:   3 Jun 2020, 01:19:01

. 
. * Open dataset and fit specified model(s)
. use "cr_create_analysis_dataset_STSET_`outcome'.dta", clear
(Analysis dataset for the poor outcomes in Covid project)

. 
. 
. foreach var of any `varlist' {
  2. 
.         *Special cases
.         if "`var'"=="agesplsex" local model "age1 age2 age3 i.male"
  3.         else if "`var'"=="agegroupsex" local model "ib3.agegroup i.male"
  4.         else if "`var'"=="bmicat" local model "age1 age2 age3 i.male ib2.bmicat"
  5.         *General form of model
.         else local model "age1 age2 age3 i.`var'"
  6. 
.         *Fit and save model
.         cap erase ./output/models/an_univariable_cox_models_`outcome'_AGESEX_`var'.ster
  7.         capture stcox `model' , strata(stp) 
  8.         if _rc==0 {
  9.                 estimates
 10.                 estimates save ./output/models/an_univariable_cox_models_`outcome'_AGESEX_`var', replace
 11.                 }
 12.         else di "WARNING - `var' vs `outcome' MODEL DID NOT SUCCESSFULLY FIT"
 13. 
. }

--------------------------------------------------------------------------------------------------------------------
active results
--------------------------------------------------------------------------------------------------------------------

Stratified Cox regr. -- Breslow method for ties

No. of subjects =   17,277,935                  Number of obs    =  17,277,935
No. of failures =       10,926
Time at risk    =   1638907207
                                                LR chi2(4)       =    32696.55
Log likelihood  =    -130730.8                  Prob > chi2      =      0.0000

-------------------------------------------------------------------------------------------
                       _t | Haz. Ratio   Std. Err.      z    P>|z|     [95% Conf. Interval]
--------------------------+----------------------------------------------------------------
                     age1 |   1.145839   .0238288     6.55   0.000     1.100074    1.193508
                     age2 |   .9689042   .0440102    -0.70   0.487     .8863739    1.059119
                     age3 |   1.062088   .1118578     0.57   0.567     .8639986    1.305594
1.other_immunosuppression |   2.075289   .2518883     6.02   0.000     1.635927    2.632651
-------------------------------------------------------------------------------------------
                                                             Stratified by stp
(note: file ./output/models/an_univariable_cox_models_onscoviddeath_AGESEX_other_immunosuppression.ster not found)
file ./output/models/an_univariable_cox_models_onscoviddeath_AGESEX_other_immunosuppression.ster saved

--------------------------------------------------------------------------------------------------------------------
active results
--------------------------------------------------------------------------------------------------------------------

Stratified Cox regr. -- Breslow method for ties

No. of subjects =   17,277,935                  Number of obs    =  17,277,935
No. of failures =       10,926
Time at risk    =   1638907207
                                                LR chi2(4)       =    33281.06
Log likelihood  =   -130438.55                  Prob > chi2      =      0.0000

-------------------------------------------------------------------------------
           _t | Haz. Ratio   Std. Err.      z    P>|z|     [95% Conf. Interval]
--------------+----------------------------------------------------------------
         age1 |   1.150019   .0239632     6.71   0.000     1.103999    1.197959
         age2 |   .9543151   .0434059    -1.03   0.304      .872923    1.043296
         age3 |   1.105534   .1165589     0.95   0.341     .8991417    1.359303
1.other_neuro |   3.204443    .128371    29.07   0.000     2.962464    3.466187
-------------------------------------------------------------------------------
                                                             Stratified by stp
(note: file ./output/models/an_univariable_cox_models_onscoviddeath_AGESEX_other_neuro.ster not found)
file ./output/models/an_univariable_cox_models_onscoviddeath_AGESEX_other_neuro.ster saved

--------------------------------------------------------------------------------------------------------------------
active results
--------------------------------------------------------------------------------------------------------------------

Stratified Cox regr. -- Breslow method for ties

No. of subjects =   17,277,935                  Number of obs    =  17,277,935
No. of failures =       10,926
Time at risk    =   1638907207
                                                LR chi2(4)       =    32714.62
Log likelihood  =   -130721.77                  Prob > chi2      =      0.0000

------------------------------------------------------------------------------------
                _t | Haz. Ratio   Std. Err.      z    P>|z|     [95% Conf. Interval]
-------------------+----------------------------------------------------------------
              age1 |   1.146821   .0237809     6.61   0.000     1.101146    1.194391
              age2 |    .962788   .0436161    -0.84   0.403     .8809874    1.052184
              age3 |   1.081672   .1136315     0.75   0.455     .8803903    1.328971
1.ra_sle_psoriasis |   1.270415   .0429214     7.08   0.000     1.189016    1.357388
------------------------------------------------------------------------------------
                                                             Stratified by stp
(note: file ./output/models/an_univariable_cox_models_onscoviddeath_AGESEX_ra_sle_psoriasis.ster not found)
file ./output/models/an_univariable_cox_models_onscoviddeath_AGESEX_ra_sle_psoriasis.ster saved

--------------------------------------------------------------------------------------------------------------------
active results
--------------------------------------------------------------------------------------------------------------------

Stratified Cox regr. -- Breslow method for ties

No. of subjects =   16,557,013                  Number of obs    =  16,557,013
No. of failures =       10,837
Time at risk    =   1570435914
                                                LR chi2(5)       =    32116.65
Log likelihood  =   -129356.62                  Prob > chi2      =      0.0000

------------------------------------------------------------------------------
          _t | Haz. Ratio   Std. Err.      z    P>|z|     [95% Conf. Interval]
-------------+----------------------------------------------------------------
        age1 |    1.15256   .0254443     6.43   0.000     1.103754    1.203525
        age2 |   .9395504   .0449522    -1.30   0.192     .8554505    1.031918
        age3 |    1.15677   .1278266     1.32   0.188     .9315083    1.436506
             |
       smoke |
     Former  |    1.57357   .0328064    21.74   0.000     1.510567    1.639201
    Current  |   1.227978   .0512939     4.92   0.000     1.131449    1.332742
------------------------------------------------------------------------------
                                                             Stratified by stp
(note: file ./output/models/an_univariable_cox_models_onscoviddeath_AGESEX_smoke.ster not found)
file ./output/models/an_univariable_cox_models_onscoviddeath_AGESEX_smoke.ster saved

--------------------------------------------------------------------------------------------------------------------
active results
--------------------------------------------------------------------------------------------------------------------

Stratified Cox regr. -- Breslow method for ties

No. of subjects =   17,277,935                  Number of obs    =  17,277,935
No. of failures =       10,926
Time at risk    =   1638907207
                                                LR chi2(5)       =    33165.41
Log likelihood  =   -130496.37                  Prob > chi2      =      0.0000

------------------------------------------------------------------------------
          _t | Haz. Ratio   Std. Err.      z    P>|z|     [95% Conf. Interval]
-------------+----------------------------------------------------------------
        age1 |   1.151899   .0244447     6.66   0.000     1.104971     1.20082
        age2 |   .9432662   .0435812    -1.26   0.206     .8616019    1.032671
        age3 |   1.143746   .1223244     1.26   0.209     .9274555    1.410478
             |
smoke_nomiss |
     Former  |   1.573232    .032556    21.90   0.000       1.5107    1.638352
    Current  |    1.22979   .0512578     4.96   0.000      1.13332    1.334471
------------------------------------------------------------------------------
                                                             Stratified by stp
(note: file ./output/models/an_univariable_cox_models_onscoviddeath_AGESEX_smoke_nomiss.ster not found)
file ./output/models/an_univariable_cox_models_onscoviddeath_AGESEX_smoke_nomiss.ster saved

--------------------------------------------------------------------------------------------------------------------
active results
--------------------------------------------------------------------------------------------------------------------

Stratified Cox regr. -- Breslow method for ties

No. of subjects =   17,277,935                  Number of obs    =  17,277,935
No. of failures =       10,926
Time at risk    =   1638907207
                                                LR chi2(4)       =    32676.45
Log likelihood  =   -130740.85                  Prob > chi2      =      0.0000

------------------------------------------------------------------------------
          _t | Haz. Ratio   Std. Err.      z    P>|z|     [95% Conf. Interval]
-------------+----------------------------------------------------------------
        age1 |   1.145996   .0237174     6.58   0.000     1.100441    1.193437
        age2 |   .9658359   .0436809    -0.77   0.442     .8839077    1.055358
        age3 |    1.07222   .1124646     0.66   0.506     .8729753     1.31694
    1.spleen |    1.66692   .2640602     3.23   0.001     1.222008    2.273816
------------------------------------------------------------------------------
                                                             Stratified by stp
(note: file ./output/models/an_univariable_cox_models_onscoviddeath_AGESEX_spleen.ster not found)
file ./output/models/an_univariable_cox_models_onscoviddeath_AGESEX_spleen.ster saved

--------------------------------------------------------------------------------------------------------------------
active results
--------------------------------------------------------------------------------------------------------------------

Stratified Cox regr. -- Breslow method for ties

No. of subjects =   17,277,935                  Number of obs    =  17,277,935
No. of failures =       10,926
Time at risk    =   1638907207
                                                LR chi2(4)       =    34074.58
Log likelihood  =   -130041.79                  Prob > chi2      =      0.0000

-----------------------------------------------------------------------------------
               _t | Haz. Ratio   Std. Err.      z    P>|z|     [95% Conf. Interval]
------------------+----------------------------------------------------------------
             age1 |   1.142051   .0234986     6.46   0.000      1.09691    1.189048
             age2 |   .9761859   .0439433    -0.54   0.592     .8937486    1.066227
             age3 |   1.030039   .1076066     0.28   0.777     .8393248    1.264088
1.stroke_dementia |   2.645311   .0630179    40.83   0.000     2.524638    2.771753
-----------------------------------------------------------------------------------
                                                             Stratified by stp
(note: file ./output/models/an_univariable_cox_models_onscoviddeath_AGESEX_stroke_dementia.ster not found)
file ./output/models/an_univariable_cox_models_onscoviddeath_AGESEX_stroke_dementia.ster saved

. 
. 
. * Close log file
. log close
      name:  <unnamed>
       log:  E:\analyses\opensafely-risk-factors-research-full\analysis\output/an_univariable_cox_models_onscoviddea
> th_other_immunosuppressionTOstroke_dementia.log
  log type:  text
 closed on:   3 Jun 2020, 03:15:01
--------------------------------------------------------------------------------------------------------------------
