--------------------------------------------------------------------------------------------------------------------
      name:  <unnamed>
       log:  E:\analyses\opensafely-risk-factors-research-full\analysis\output/an_univariable_cox_models_onscoviddea
> th_htdiag_or_highbpTOorgan_transplant.log
  log type:  text
 opened on:  30 Jun 2020, 00:32:25

. 
. * Open dataset and fit specified model(s)
. use "cr_create_analysis_dataset_STSET_`outcome'.dta", clear
(Analysis dataset for the poor outcomes in Covid project)

. 
. 
. foreach var of any `varlist' {
  2. 
.         *Special cases
.         if "`var'"=="agesplsex" local model "age1 age2 age3 i.male"
  3.         else if "`var'"=="agegroupsex" local model "ib3.agegroup i.male"
  4.         else if "`var'"=="bmicat" local model "age1 age2 age3 i.male ib2.bmicat"
  5.         *General form of model
.         else local model "age1 age2 age3 i.male i.`var'"
  6. 
.         *Fit and save model
.         cap erase ./output/models/an_univariable_cox_models_`outcome'_AGESEX_`var'.ster
  7.         capture stcox `model' , strata(stp) 
  8.         if _rc==0 {
  9.                 estimates
 10.                 estimates save ./output/models/an_univariable_cox_models_`outcome'_AGESEX_`var', replace
 11.                 }
 12.         else di "WARNING - `var' vs `outcome' MODEL DID NOT SUCCESSFULLY FIT"
 13. 
. }

--------------------------------------------------------------------------------------------------------------------
active results
--------------------------------------------------------------------------------------------------------------------

Stratified Cox regr. -- Breslow method for ties

No. of subjects =   17,277,935                  Number of obs    =  17,277,935
No. of failures =       10,926
Time at risk    =   1638907207
                                                LR chi2(5)       =    33565.19
Log likelihood  =   -130296.48                  Prob > chi2      =      0.0000

------------------------------------------------------------------------------------
                _t | Haz. Ratio   Std. Err.      z    P>|z|     [95% Conf. Interval]
-------------------+----------------------------------------------------------------
              age1 |   1.155987   .0243488     6.88   0.000     1.109236    1.204709
              age2 |   .9362809   .0429971    -1.43   0.152     .8556896    1.024463
              age3 |   1.170334   .1245154     1.48   0.139      .950053    1.441689
            1.male |   1.780794   .0347249    29.59   0.000     1.714019    1.850171
1.htdiag_or_highbp |   1.094406   .0246816     4.00   0.000     1.047084    1.143866
------------------------------------------------------------------------------------
                                                             Stratified by stp
(note: file ./output/models/an_univariable_cox_models_onscoviddeath_AGESEX_htdiag_or_highbp.ster not found)
file ./output/models/an_univariable_cox_models_onscoviddeath_AGESEX_htdiag_or_highbp.ster saved

--------------------------------------------------------------------------------------------------------------------
active results
--------------------------------------------------------------------------------------------------------------------

Stratified Cox regr. -- Breslow method for ties

No. of subjects =   15,562,841                  Number of obs    =  15,562,841
No. of failures =       10,896
Time at risk    =   1475983006
                                                LR chi2(7)       =    32349.18
Log likelihood  =   -129345.43                  Prob > chi2      =      0.0000

---------------------------------------------------------------------------------
             _t | Haz. Ratio   Std. Err.      z    P>|z|     [95% Conf. Interval]
----------------+----------------------------------------------------------------
           age1 |   1.153237   .0261435     6.29   0.000     1.103119    1.205633
           age2 |   .9548757   .0466516    -0.95   0.345     .8676815    1.050832
           age3 |   1.104401   .1243663     0.88   0.378     .8856727    1.377148
         1.male |   1.773185   .0345757    29.37   0.000     1.706696    1.842264
                |
          bpcat |
      Elevated  |   .6466512   .0197466   -14.28   0.000      .609084    .6865353
 High, stage I  |   .5045845   .0134814   -25.60   0.000     .4788413    .5317116
High, stage II  |   .4745127   .0127219   -27.81   0.000     .4502222    .5001139
---------------------------------------------------------------------------------
                                                             Stratified by stp
(note: file ./output/models/an_univariable_cox_models_onscoviddeath_AGESEX_bpcat.ster not found)
file ./output/models/an_univariable_cox_models_onscoviddeath_AGESEX_bpcat.ster saved

--------------------------------------------------------------------------------------------------------------------
active results
--------------------------------------------------------------------------------------------------------------------

Stratified Cox regr. -- Breslow method for ties

No. of subjects =   17,277,935                  Number of obs    =  17,277,935
No. of failures =       10,926
Time at risk    =   1638907207
                                                LR chi2(5)       =    33709.69
Log likelihood  =   -130224.23                  Prob > chi2      =      0.0000

--------------------------------------------------------------------------------
            _t | Haz. Ratio   Std. Err.      z    P>|z|     [95% Conf. Interval]
---------------+----------------------------------------------------------------
          age1 |    1.16162   .0246756     7.05   0.000      1.11425    1.211005
          age2 |   .9186053   .0424961    -1.84   0.066     .8389789    1.005789
          age3 |   1.226584    .131375     1.91   0.057     .9943247    1.513096
        1.male |   1.785505   .0348329    29.72   0.000     1.718523    1.855099
1.hypertension |   1.303022   .0275439    12.52   0.000      1.25014    1.358141
--------------------------------------------------------------------------------
                                                             Stratified by stp
(note: file ./output/models/an_univariable_cox_models_onscoviddeath_AGESEX_hypertension.ster not found)
file ./output/models/an_univariable_cox_models_onscoviddeath_AGESEX_hypertension.ster saved

--------------------------------------------------------------------------------------------------------------------
active results
--------------------------------------------------------------------------------------------------------------------

Stratified Cox regr. -- Breslow method for ties

No. of subjects =   17,277,935                  Number of obs    =  17,277,935
No. of failures =       10,926
Time at risk    =   1638907207
                                                LR chi2(8)       =    34251.04
Log likelihood  =   -129953.56                  Prob > chi2      =      0.0000

----------------------------------------------------------------------------------
              _t | Haz. Ratio   Std. Err.      z    P>|z|     [95% Conf. Interval]
-----------------+----------------------------------------------------------------
            age1 |   1.152362   .0241055     6.78   0.000     1.106072     1.20059
            age2 |   .9548171   .0435955    -1.01   0.311     .8730832    1.044203
            age3 |   1.108936   .1173643     0.98   0.329     .9011962    1.364562
          1.male |   1.793159   .0349755    29.94   0.000     1.725902    1.863037
                 |
             imd |
              2  |   1.155092   .0370006     4.50   0.000     1.084802    1.229937
              3  |   1.312517   .0419073     8.52   0.000     1.232898    1.397278
              4  |   1.687802   .0529097    16.70   0.000     1.587222    1.794755
5 most deprived  |   2.112735   .0673075    23.48   0.000     1.984849    2.248861
----------------------------------------------------------------------------------
                                                             Stratified by stp
(note: file ./output/models/an_univariable_cox_models_onscoviddeath_AGESEX_imd.ster not found)
file ./output/models/an_univariable_cox_models_onscoviddeath_AGESEX_imd.ster saved

--------------------------------------------------------------------------------------------------------------------
active results
--------------------------------------------------------------------------------------------------------------------

Stratified Cox regr. -- Breslow method for ties

No. of subjects =   17,277,935                  Number of obs    =  17,277,935
No. of failures =       10,926
Time at risk    =   1638907207
                                                LR chi2(7)       =    34013.34
Log likelihood  =    -130072.4                  Prob > chi2      =      0.0000

-------------------------------------------------------------------------------------
                 _t | Haz. Ratio   Std. Err.      z    P>|z|     [95% Conf. Interval]
--------------------+----------------------------------------------------------------
               age1 |   1.154681   .0243534     6.82   0.000     1.107922    1.203413
               age2 |   .9335076    .042898    -1.50   0.134     .8531043    1.021489
               age3 |   1.193761   .1270696     1.66   0.096     .9689722    1.470697
             1.male |   1.830699    .035809    30.91   0.000     1.761843    1.902246
                    |
          obese4cat |
 Obese I (30-34.9)  |   1.233225   .0324164     7.98   0.000     1.171299    1.298425
Obese II (35-39.9)  |   1.810524   .0694456    15.48   0.000     1.679404    1.951882
   Obese III (40+)  |   2.655113   .1414176    18.33   0.000     2.391917    2.947271
-------------------------------------------------------------------------------------
                                                             Stratified by stp
(note: file ./output/models/an_univariable_cox_models_onscoviddeath_AGESEX_obese4cat.ster not found)
file ./output/models/an_univariable_cox_models_onscoviddeath_AGESEX_obese4cat.ster saved

--------------------------------------------------------------------------------------------------------------------
active results
--------------------------------------------------------------------------------------------------------------------

Stratified Cox regr. -- Breslow method for ties

No. of subjects =   13,526,216                  Number of obs    =  13,526,216
No. of failures =        9,908
Time at risk    =   1282766065
                                                LR chi2(9)       =    28770.82
Log likelihood  =   -116560.73                  Prob > chi2      =      0.0000

---------------------------------------------------------------------------------------
                   _t | Haz. Ratio   Std. Err.      z    P>|z|     [95% Conf. Interval]
----------------------+----------------------------------------------------------------
                 age1 |   1.143688   .0274566     5.59   0.000      1.09112    1.198788
                 age2 |   .9503391    .049336    -0.98   0.327     .8583991    1.052126
                 age3 |   1.145626   .1372824     1.13   0.257     .9058201    1.448918
               1.male |   1.985682   .0412517    33.02   0.000     1.906454    2.068203
                      |
               bmicat |
 Underweight (<18.5)  |   2.057979   .0977219    15.20   0.000      1.87509    2.258706
Overweight (25-29.9)  |   .8241064   .0207762    -7.67   0.000     .7843756    .8658498
   Obese I (30-34.9)  |    1.14196    .033812     4.48   0.000     1.077576    1.210191
  Obese II (35-39.9)  |   1.683574   .0686263    12.78   0.000     1.554301    1.823598
     Obese III (40+)  |   2.474156   .1363329    16.44   0.000     2.220871    2.756326
---------------------------------------------------------------------------------------
                                                             Stratified by stp
(note: file ./output/models/an_univariable_cox_models_onscoviddeath_AGESEX_bmicat.ster not found)
file ./output/models/an_univariable_cox_models_onscoviddeath_AGESEX_bmicat.ster saved

--------------------------------------------------------------------------------------------------------------------
active results
--------------------------------------------------------------------------------------------------------------------

Stratified Cox regr. -- Breslow method for ties

No. of subjects =   17,277,935                  Number of obs    =  17,277,935
No. of failures =       10,926
Time at risk    =   1638907207
                                                LR chi2(5)       =    33680.81
Log likelihood  =   -130238.67                  Prob > chi2      =      0.0000

------------------------------------------------------------------------------------
                _t | Haz. Ratio   Std. Err.      z    P>|z|     [95% Conf. Interval]
-------------------+----------------------------------------------------------------
              age1 |   1.154557   .0242434     6.84   0.000     1.108006    1.203065
              age2 |   .9423736   .0431397    -1.30   0.195     .8615035    1.030835
              age3 |   1.151447    .122119     1.33   0.184     .9353372     1.41749
            1.male |    1.77501   .0346032    29.43   0.000     1.708469    1.844144
1.organ_transplant |   6.000291   .7256133    14.82   0.000     4.734093    7.605151
------------------------------------------------------------------------------------
                                                             Stratified by stp
(note: file ./output/models/an_univariable_cox_models_onscoviddeath_AGESEX_organ_transplant.ster not found)
file ./output/models/an_univariable_cox_models_onscoviddeath_AGESEX_organ_transplant.ster saved

. 
. 
. * Close log file
. log close
      name:  <unnamed>
       log:  E:\analyses\opensafely-risk-factors-research-full\analysis\output/an_univariable_cox_models_onscoviddea
> th_htdiag_or_highbpTOorgan_transplant.log
  log type:  text
 closed on:  30 Jun 2020, 02:09:34
--------------------------------------------------------------------------------------------------------------------
