--------------------------------------------------------------------------------------------------------------------
      name:  <unnamed>
       log:  E:\analyses\opensafely-risk-factors-research-full\analysis\output/an_univariable_cox_models_onscoviddea
> th_agegroupsexTOchronic_cardiac_disease.log
  log type:  text
 opened on:  30 Jun 2020, 00:32:25

. 
. * Open dataset and fit specified model(s)
. use "cr_create_analysis_dataset_STSET_`outcome'.dta", clear
(Analysis dataset for the poor outcomes in Covid project)

. 
. 
. foreach var of any `varlist' {
  2. 
.         *Special cases
.         if "`var'"=="agesplsex" local model "age1 age2 age3 i.male"
  3.         else if "`var'"=="agegroupsex" local model "ib3.agegroup i.male"
  4.         else if "`var'"=="bmicat" local model "age1 age2 age3 i.male ib2.bmicat"
  5.         *General form of model
.         else local model "age1 age2 age3 i.male i.`var'"
  6. 
.         *Fit and save model
.         cap erase ./output/models/an_univariable_cox_models_`outcome'_AGESEX_`var'.ster
  7.         capture stcox `model' , strata(stp) 
  8.         if _rc==0 {
  9.                 estimates
 10.                 estimates save ./output/models/an_univariable_cox_models_`outcome'_AGESEX_`var', replace
 11.                 }
 12.         else di "WARNING - `var' vs `outcome' MODEL DID NOT SUCCESSFULLY FIT"
 13. 
. }

--------------------------------------------------------------------------------------------------------------------
active results
--------------------------------------------------------------------------------------------------------------------

Stratified Cox regr. -- Breslow method for ties

No. of subjects =   17,277,935                  Number of obs    =  17,277,935
No. of failures =       10,926
Time at risk    =   1638907207
                                                LR chi2(6)       =    31212.77
Log likelihood  =   -131472.69                  Prob > chi2      =      0.0000

------------------------------------------------------------------------------
          _t | Haz. Ratio   Std. Err.      z    P>|z|     [95% Conf. Interval]
-------------+----------------------------------------------------------------
    agegroup |
     18-<40  |   .0506241   .0072375   -20.87   0.000      .038253     .066996
     40-<50  |   .2750883   .0261858   -13.56   0.000     .2282685    .3315114
     60-<70  |   2.792675   .1484304    19.32   0.000     2.516397    3.099286
     70-<80  |   8.615388   .4130713    44.92   0.000      7.84266    9.464254
        80+  |   38.29041   1.745153    79.98   0.000     35.01829    41.86827
             |
      1.male |   1.640876   .0317517    25.59   0.000     1.579809    1.704303
------------------------------------------------------------------------------
                                                             Stratified by stp
(note: file ./output/models/an_univariable_cox_models_onscoviddeath_AGESEX_agegroupsex.ster not found)
file ./output/models/an_univariable_cox_models_onscoviddeath_AGESEX_agegroupsex.ster saved

--------------------------------------------------------------------------------------------------------------------
active results
--------------------------------------------------------------------------------------------------------------------

Stratified Cox regr. -- Breslow method for ties

No. of subjects =   17,277,935                  Number of obs    =  17,277,935
No. of failures =       10,926
Time at risk    =   1638907207
                                                LR chi2(4)       =    33548.98
Log likelihood  =   -130304.59                  Prob > chi2      =      0.0000

------------------------------------------------------------------------------
          _t | Haz. Ratio   Std. Err.      z    P>|z|     [95% Conf. Interval]
-------------+----------------------------------------------------------------
        age1 |    1.15482   .0242569     6.85   0.000     1.108243    1.203355
        age2 |    .942738   .0431669    -1.29   0.198     .8618179    1.031256
        age3 |   1.148959   .1218803     1.31   0.191     .9332761    1.414488
      1.male |   1.777934   .0346531    29.52   0.000     1.711297    1.847167
------------------------------------------------------------------------------
                                                             Stratified by stp
(note: file ./output/models/an_univariable_cox_models_onscoviddeath_AGESEX_agesplsex.ster not found)
file ./output/models/an_univariable_cox_models_onscoviddeath_AGESEX_agesplsex.ster saved

-------------------------------------------------------------------------------------------------------
active results
-------------------------------------------------------------------------------------------------------

Stratified Cox regr. -- Breslow method for ties

No. of subjects =   17,277,935                  Number of obs    =  17,277,935
No. of failures =       10,926
Time at risk    =   1638907207
                                                LR chi2(6)       =    33616.78
Log likelihood  =   -130270.69                  Prob > chi2      =      0.0000

-------------------------------------------------------------------------------
           _t | Haz. Ratio   Std. Err.      z    P>|z|     [95% Conf. Interval]
--------------+----------------------------------------------------------------
         age1 |   1.156095    .024323     6.89   0.000     1.109393    1.204764
         age2 |   .9397055   .0430874    -1.36   0.175     .8589392    1.028066
         age3 |   1.158819   .1230831     1.39   0.165     .9410347    1.427004
       1.male |    1.78988   .0349217    29.84   0.000     1.722726    1.859651
              |
    asthmacat |
 Yes, no OCS  |   1.132217   .0346271     4.06   0.000     1.066343     1.20216
Yes with OCS  |   1.553243   .0864507     7.91   0.000     1.392718    1.732271
-------------------------------------------------------------------------------
                                                             Stratified by stp
(note: file ./output/models/an_univariable_cox_models_onscoviddeath_AGESEX_asthmacat.ster not found)
file ./output/models/an_univariable_cox_models_onscoviddeath_AGESEX_asthmacat.ster saved

--------------------------------------------------------------------------------------------------------------------
active results
--------------------------------------------------------------------------------------------------------------------

Stratified Cox regr. -- Breslow method for ties

No. of subjects =   17,277,935                  Number of obs    =  17,277,935
No. of failures =       10,926
Time at risk    =   1638907207
                                                LR chi2(7)       =    33624.93
Log likelihood  =   -130266.61                  Prob > chi2      =      0.0000

-----------------------------------------------------------------------------------
               _t | Haz. Ratio   Std. Err.      z    P>|z|     [95% Conf. Interval]
------------------+----------------------------------------------------------------
             age1 |   1.157137   .0244022     6.92   0.000     1.110284    1.205966
             age2 |   .9363371    .043027    -1.43   0.152     .8556919    1.024583
             age3 |   1.169353    .124457     1.47   0.142     .9491836    1.440592
           1.male |   1.764549   .0344591    29.08   0.000     1.698287    1.833397
                  |
cancer_exhaem_cat |
       Last year  |   1.809547   .1236275     8.68   0.000     1.582764    2.068824
   2-5 years ago  |   1.204212   .0583646     3.83   0.000     1.095085    1.324214
        5+ years  |   .9921244   .0315783    -0.25   0.804     .9321231    1.055988
-----------------------------------------------------------------------------------
                                                             Stratified by stp
(note: file ./output/models/an_univariable_cox_models_onscoviddeath_AGESEX_cancer_exhaem_cat.ster not found)
file ./output/models/an_univariable_cox_models_onscoviddeath_AGESEX_cancer_exhaem_cat.ster saved

--------------------------------------------------------------------------------------------------------------------
active results
--------------------------------------------------------------------------------------------------------------------

Stratified Cox regr. -- Breslow method for ties

No. of subjects =   17,277,935                  Number of obs    =  17,277,935
No. of failures =       10,926
Time at risk    =   1638907207
                                                LR chi2(7)       =    33703.97
Log likelihood  =   -130227.09                  Prob > chi2      =      0.0000

---------------------------------------------------------------------------------
             _t | Haz. Ratio   Std. Err.      z    P>|z|     [95% Conf. Interval]
----------------+----------------------------------------------------------------
           age1 |   1.156949   .0243876     6.92   0.000     1.110124    1.205749
           age2 |   .9370451   .0430351    -1.42   0.157     .8563826    1.025305
           age3 |   1.166659   .1240977     1.45   0.147     .9471127    1.437098
         1.male |   1.766994   .0344541    29.20   0.000     1.700739     1.83583
                |
cancer_haem_cat |
     Last year  |   3.022017   .4619097     7.24   0.000     2.239713     4.07757
 2-5 years ago  |   2.557462    .234921    10.22   0.000     2.136094     3.06195
      5+ years  |   1.701338   .1304907     6.93   0.000     1.463876    1.977319
---------------------------------------------------------------------------------
                                                             Stratified by stp
(note: file ./output/models/an_univariable_cox_models_onscoviddeath_AGESEX_cancer_haem_cat.ster not found)
file ./output/models/an_univariable_cox_models_onscoviddeath_AGESEX_cancer_haem_cat.ster saved

--------------------------------------------------------------------------------------------------------------------
active results
--------------------------------------------------------------------------------------------------------------------

Stratified Cox regr. -- Breslow method for ties

No. of subjects =   17,277,935                  Number of obs    =  17,277,935
No. of failures =       10,926
Time at risk    =   1638907207
                                                LR chi2(5)       =    33998.97
Log likelihood  =   -130079.59                  Prob > chi2      =      0.0000

-------------------------------------------------------------------------------------------
                       _t | Haz. Ratio   Std. Err.      z    P>|z|     [95% Conf. Interval]
--------------------------+----------------------------------------------------------------
                     age1 |   1.159289   .0245277     6.99   0.000     1.112199    1.208373
                     age2 |   .9296469   .0428362    -1.58   0.113      .849369    1.017512
                     age3 |    1.18201   .1261152     1.57   0.117     .9589626    1.456936
                   1.male |   1.686105    .033156    26.57   0.000     1.622356    1.752358
1.chronic_cardiac_disease |   1.573806    .032951    21.66   0.000     1.510531    1.639733
-------------------------------------------------------------------------------------------
                                                             Stratified by stp
(note: file ./output/models/an_univariable_cox_models_onscoviddeath_AGESEX_chronic_cardiac_disease.ster not found)
file ./output/models/an_univariable_cox_models_onscoviddeath_AGESEX_chronic_cardiac_disease.ster saved

. 
. 
. * Close log file
. log close
      name:  <unnamed>
       log:  E:\analyses\opensafely-risk-factors-research-full\analysis\output/an_univariable_cox_models_onscoviddea
> th_agegroupsexTOchronic_cardiac_disease.log
  log type:  text
 closed on:  30 Jun 2020, 01:57:54
--------------------------------------------------------------------------------------------------------------------
