--------------------------------------------------------------------------------------------------------------------
      name:  <unnamed>
       log:  E:\analyses\opensafely-risk-factors-research-full\analysis\output/an_univariable_cox_models_onscoviddea
> th_htdiag_or_highbpTOorgan_transplant.log
  log type:  text
 opened on:   3 Jun 2020, 01:19:00

. 
. * Open dataset and fit specified model(s)
. use "cr_create_analysis_dataset_STSET_`outcome'.dta", clear
(Analysis dataset for the poor outcomes in Covid project)

. 
. 
. foreach var of any `varlist' {
  2. 
.         *Special cases
.         if "`var'"=="agesplsex" local model "age1 age2 age3 i.male"
  3.         else if "`var'"=="agegroupsex" local model "ib3.agegroup i.male"
  4.         else if "`var'"=="bmicat" local model "age1 age2 age3 i.male ib2.bmicat"
  5.         *General form of model
.         else local model "age1 age2 age3 i.`var'"
  6. 
.         *Fit and save model
.         cap erase ./output/models/an_univariable_cox_models_`outcome'_AGESEX_`var'.ster
  7.         capture stcox `model' , strata(stp) 
  8.         if _rc==0 {
  9.                 estimates
 10.                 estimates save ./output/models/an_univariable_cox_models_`outcome'_AGESEX_`var', replace
 11.                 }
 12.         else di "WARNING - `var' vs `outcome' MODEL DID NOT SUCCESSFULLY FIT"
 13. 
. }

--------------------------------------------------------------------------------------------------------------------
active results
--------------------------------------------------------------------------------------------------------------------

Stratified Cox regr. -- Breslow method for ties

No. of subjects =   17,277,935                  Number of obs    =  17,277,935
No. of failures =       10,926
Time at risk    =   1638907207
                                                LR chi2(4)       =    32679.65
Log likelihood  =   -130739.25                  Prob > chi2      =      0.0000

------------------------------------------------------------------------------------
                _t | Haz. Ratio   Std. Err.      z    P>|z|     [95% Conf. Interval]
-------------------+----------------------------------------------------------------
              age1 |   1.147004   .0237935     6.61   0.000     1.101305    1.194599
              age2 |   .9602567   .0435406    -0.89   0.371     .8786007    1.049502
              age3 |    1.08877   .1145009     0.81   0.419       .88597     1.33799
1.htdiag_or_highbp |   1.081287   .0244819     3.45   0.001     1.034352    1.130351
------------------------------------------------------------------------------------
                                                             Stratified by stp
(note: file ./output/models/an_univariable_cox_models_onscoviddeath_AGESEX_htdiag_or_highbp.ster not found)
file ./output/models/an_univariable_cox_models_onscoviddeath_AGESEX_htdiag_or_highbp.ster saved

--------------------------------------------------------------------------------------------------------------------
active results
--------------------------------------------------------------------------------------------------------------------

Stratified Cox regr. -- Breslow method for ties

No. of subjects =   15,562,841                  Number of obs    =  15,562,841
No. of failures =       10,896
Time at risk    =   1475983006
                                                LR chi2(6)       =    31476.83
Log likelihood  =   -129781.61                  Prob > chi2      =      0.0000

---------------------------------------------------------------------------------
             _t | Haz. Ratio   Std. Err.      z    P>|z|     [95% Conf. Interval]
----------------+----------------------------------------------------------------
           age1 |    1.14529   .0255214     6.09   0.000     1.096345    1.196419
           age2 |   .9817777   .0472796    -0.38   0.703     .8933502    1.078958
           age3 |   1.018241   .1131636     0.16   0.871     .8189378    1.266047
                |
          bpcat |
      Elevated  |   .6497213   .0198503   -14.11   0.000     .6119575    .6898156
 High, stage I  |   .5029884   .0134425   -25.71   0.000     .4773196    .5300375
High, stage II  |   .4648384   .0124713   -28.55   0.000     .4410266    .4899357
---------------------------------------------------------------------------------
                                                             Stratified by stp
(note: file ./output/models/an_univariable_cox_models_onscoviddeath_AGESEX_bpcat.ster not found)
file ./output/models/an_univariable_cox_models_onscoviddeath_AGESEX_bpcat.ster saved

--------------------------------------------------------------------------------------------------------------------
active results
--------------------------------------------------------------------------------------------------------------------

Stratified Cox regr. -- Breslow method for ties

No. of subjects =   17,277,935                  Number of obs    =  17,277,935
No. of failures =       10,926
Time at risk    =   1638907207
                                                LR chi2(4)       =    32816.86
Log likelihood  =   -130670.64                  Prob > chi2      =      0.0000

--------------------------------------------------------------------------------
            _t | Haz. Ratio   Std. Err.      z    P>|z|     [95% Conf. Interval]
---------------+----------------------------------------------------------------
          age1 |   1.152193   .0240941     6.77   0.000     1.105924    1.200398
          age2 |   .9430564   .0430549    -1.28   0.199     .8623357    1.031333
          age3 |   1.138015   .1204219     1.22   0.222       .92486    1.400297
1.hypertension |   1.291925   .0274096    12.07   0.000     1.239305     1.34678
--------------------------------------------------------------------------------
                                                             Stratified by stp
(note: file ./output/models/an_univariable_cox_models_onscoviddeath_AGESEX_hypertension.ster not found)
file ./output/models/an_univariable_cox_models_onscoviddeath_AGESEX_hypertension.ster saved

--------------------------------------------------------------------------------------------------------------------
active results
--------------------------------------------------------------------------------------------------------------------

Stratified Cox regr. -- Breslow method for ties

No. of subjects =   17,277,935                  Number of obs    =  17,277,935
No. of failures =       10,926
Time at risk    =   1638907207
                                                LR chi2(7)       =    33344.69
Log likelihood  =   -130406.73                  Prob > chi2      =      0.0000

----------------------------------------------------------------------------------
              _t | Haz. Ratio   Std. Err.      z    P>|z|     [95% Conf. Interval]
-----------------+----------------------------------------------------------------
            age1 |    1.14357   .0235651     6.51   0.000     1.098304    1.190703
            age2 |   .9783048   .0441135    -0.49   0.627     .8955544    1.068701
            age3 |   1.034196   .1082176     0.32   0.748     .8424295    1.269615
                 |
             imd |
              2  |   1.151769   .0368944     4.41   0.000      1.08168    1.226399
              3  |   1.305629   .0416851     8.35   0.000     1.226432    1.389941
              4  |   1.668938   .0523097    16.34   0.000     1.569498    1.774677
5 most deprived  |   2.085205   .0664214    23.07   0.000     1.959002    2.219538
----------------------------------------------------------------------------------
                                                             Stratified by stp
(note: file ./output/models/an_univariable_cox_models_onscoviddeath_AGESEX_imd.ster not found)
file ./output/models/an_univariable_cox_models_onscoviddeath_AGESEX_imd.ster saved

--------------------------------------------------------------------------------------------------------------------
active results
--------------------------------------------------------------------------------------------------------------------

Stratified Cox regr. -- Breslow method for ties

No. of subjects =   17,277,935                  Number of obs    =  17,277,935
No. of failures =       10,926
Time at risk    =   1638907207
                                                LR chi2(6)       =    33046.99
Log likelihood  =   -130555.58                  Prob > chi2      =      0.0000

-------------------------------------------------------------------------------------
                 _t | Haz. Ratio   Std. Err.      z    P>|z|     [95% Conf. Interval]
--------------------+----------------------------------------------------------------
               age1 |   1.145704   .0238008     6.55   0.000     1.099992    1.193316
               age2 |   .9582792   .0434825    -0.94   0.348     .8767348    1.047408
               age3 |   1.106176   .1163937     0.96   0.338      .900035    1.359531
                    |
          obese4cat |
 Obese I (30-34.9)  |   1.228096   .0322643     7.82   0.000     1.166459    1.292989
Obese II (35-39.9)  |   1.696652   .0649417    13.81   0.000     1.574026    1.828832
   Obese III (40+)  |   2.357757   .1251819    16.15   0.000     2.124739     2.61633
-------------------------------------------------------------------------------------
                                                             Stratified by stp
(note: file ./output/models/an_univariable_cox_models_onscoviddeath_AGESEX_obese4cat.ster not found)
file ./output/models/an_univariable_cox_models_onscoviddeath_AGESEX_obese4cat.ster saved

--------------------------------------------------------------------------------------------------------------------
active results
--------------------------------------------------------------------------------------------------------------------

Stratified Cox regr. -- Breslow method for ties

No. of subjects =   13,526,216                  Number of obs    =  13,526,216
No. of failures =        9,908
Time at risk    =   1282766065
                                                LR chi2(9)       =    28770.82
Log likelihood  =   -116560.73                  Prob > chi2      =      0.0000

---------------------------------------------------------------------------------------
                   _t | Haz. Ratio   Std. Err.      z    P>|z|     [95% Conf. Interval]
----------------------+----------------------------------------------------------------
                 age1 |   1.143688   .0274566     5.59   0.000      1.09112    1.198788
                 age2 |   .9503391    .049336    -0.98   0.327     .8583991    1.052126
                 age3 |   1.145626   .1372824     1.13   0.257     .9058201    1.448918
               1.male |   1.985682   .0412517    33.02   0.000     1.906454    2.068203
                      |
               bmicat |
 Underweight (<18.5)  |   2.057979   .0977219    15.20   0.000      1.87509    2.258706
Overweight (25-29.9)  |   .8241064   .0207762    -7.67   0.000     .7843756    .8658498
   Obese I (30-34.9)  |    1.14196    .033812     4.48   0.000     1.077576    1.210191
  Obese II (35-39.9)  |   1.683574   .0686263    12.78   0.000     1.554301    1.823598
     Obese III (40+)  |   2.474156   .1363329    16.44   0.000     2.220871    2.756326
---------------------------------------------------------------------------------------
                                                             Stratified by stp
(note: file ./output/models/an_univariable_cox_models_onscoviddeath_AGESEX_bmicat.ster not found)
file ./output/models/an_univariable_cox_models_onscoviddeath_AGESEX_bmicat.ster saved

--------------------------------------------------------------------------------------------------------------------
active results
--------------------------------------------------------------------------------------------------------------------

Stratified Cox regr. -- Breslow method for ties

No. of subjects =   17,277,935                  Number of obs    =  17,277,935
No. of failures =       10,926
Time at risk    =   1638907207
                                                LR chi2(4)       =    32804.84
Log likelihood  =   -130676.65                  Prob > chi2      =      0.0000

------------------------------------------------------------------------------------
                _t | Haz. Ratio   Std. Err.      z    P>|z|     [95% Conf. Interval]
-------------------+----------------------------------------------------------------
              age1 |   1.145677   .0237004     6.57   0.000     1.100155    1.193084
              age2 |   .9657334   .0436612    -0.77   0.441     .8838408    1.055214
              age3 |    1.07367   .1125827     0.68   0.498       .87421    1.318639
1.organ_transplant |   6.287612    .760261    15.21   0.000     4.960935    7.969077
------------------------------------------------------------------------------------
                                                             Stratified by stp
(note: file ./output/models/an_univariable_cox_models_onscoviddeath_AGESEX_organ_transplant.ster not found)
file ./output/models/an_univariable_cox_models_onscoviddeath_AGESEX_organ_transplant.ster saved

. 
. 
. * Close log file
. log close
      name:  <unnamed>
       log:  E:\analyses\opensafely-risk-factors-research-full\analysis\output/an_univariable_cox_models_onscoviddea
> th_htdiag_or_highbpTOorgan_transplant.log
  log type:  text
 closed on:   3 Jun 2020, 03:11:42
--------------------------------------------------------------------------------------------------------------------
