-------------------------------------------------------------------------------------------------------
      name:  <unnamed>
       log:  E:\analyses\alex-tmp-repo-3\analysis\output/an_univariable_cox_models_cpnsdeath_htdiag_or_
> highbpTOorgan_transplant.log
  log type:  text
 opened on:   5 May 2020, 22:21:49

. 
. * Open dataset and fit specified model(s)
. use "cr_create_analysis_dataset_STSET_`outcome'.dta", clear
(Analysis dataset for the poor outcomes in Covid project)

. 
. 
. foreach var of any `varlist' {
  2. 
.         *Special cases
.         if "`var'"=="agesplsex" local model "age1 age2 age3 i.male"
  3.         else if "`var'"=="agegroupsex" local model "ib3.agegroup i.male"
  4.         else if "`var'"=="bmicat" local model "age1 age2 age3 i.male ib2.bmicat"
  5.         *General form of model
.         else local model "age1 age2 age3 i.`var'"
  6. 
.         *Fit and save model
.         cap erase ./output/models/an_univariable_cox_models_`outcome'_AGESEX_`var'.ster
  7.         capture stcox `model' , strata(stp) 
  8.         if _rc==0 {
  9.                 estimates
 10.                 estimates save ./output/models/an_univariable_cox_models_`outcome'_AGESEX_`var', r
> eplace
 11.                 }
 12.         else di "WARNING - `var' vs `outcome' MODEL DID NOT SUCCESSFULLY FIT"
 13. 
. }

-------------------------------------------------------------------------------------------------------
active results
-------------------------------------------------------------------------------------------------------

Stratified Cox regr. -- Breslow method for ties

No. of subjects =   17,424,997                  Number of obs    =  17,424,997
No. of failures =        5,683
Time at risk    =   1461875026
                                                LR chi2(4)       =    14569.51
Log likelihood  =    -69193.01                  Prob > chi2      =      0.0000

------------------------------------------------------------------------------------
                _t | Haz. Ratio   Std. Err.      z    P>|z|     [95% Conf. Interval]
-------------------+----------------------------------------------------------------
              age1 |   1.106294   .0253242     4.41   0.000     1.057757    1.157059
              age2 |   1.059356   .0544537     1.12   0.262     .9578288    1.171645
              age3 |   .8247264   .0996452    -1.59   0.111     .6508275     1.04509
1.htdiag_or_highbp |   1.221067   .0387027     6.30   0.000      1.14752    1.299329
------------------------------------------------------------------------------------
                                                             Stratified by stp
(note: file ./output/models/an_univariable_cox_models_cpnsdeath_AGESEX_htdiag_or_highbp.ster not found)
file ./output/models/an_univariable_cox_models_cpnsdeath_AGESEX_htdiag_or_highbp.ster saved

-------------------------------------------------------------------------------------------------------
active results
-------------------------------------------------------------------------------------------------------

Stratified Cox regr. -- Breslow method for ties

No. of subjects =   15,696,519                  Number of obs    =  15,696,519
No. of failures =        5,670
Time at risk    =   1316689586
                                                LR chi2(6)       =    13828.73
Log likelihood  =   -68787.109                  Prob > chi2      =      0.0000

---------------------------------------------------------------------------------
             _t | Haz. Ratio   Std. Err.      z    P>|z|     [95% Conf. Interval]
----------------+----------------------------------------------------------------
           age1 |   1.103725   .0271887     4.01   0.000     1.051702    1.158321
           age2 |    1.08723   .0593288     1.53   0.125     .9769506    1.209959
           age3 |   .7651938   .0975759    -2.10   0.036      .595975      .98246
                |
          bpcat |
      Elevated  |   .6837642   .0295183    -8.81   0.000     .6282893    .7441372
 High, stage I  |   .5519183   .0206108   -15.92   0.000     .5129648    .5938298
High, stage II  |   .5037946   .0190832   -18.10   0.000     .4677469    .5426204
---------------------------------------------------------------------------------
                                                             Stratified by stp
(note: file ./output/models/an_univariable_cox_models_cpnsdeath_AGESEX_bpcat.ster not found)
file ./output/models/an_univariable_cox_models_cpnsdeath_AGESEX_bpcat.ster saved

-------------------------------------------------------------------------------------------------------
active results
-------------------------------------------------------------------------------------------------------

Stratified Cox regr. -- Breslow method for ties

No. of subjects =   17,424,997                  Number of obs    =  17,424,997
No. of failures =        5,683
Time at risk    =   1461875026
                                                LR chi2(4)       =    14710.13
Log likelihood  =   -69122.705                  Prob > chi2      =      0.0000

--------------------------------------------------------------------------------
            _t | Haz. Ratio   Std. Err.      z    P>|z|     [95% Conf. Interval]
---------------+----------------------------------------------------------------
          age1 |   1.111768   .0256458     4.59   0.000     1.062622    1.163186
          age2 |   1.039071   .0537558     0.74   0.459     .9388773    1.149958
          age3 |    .863731   .1049542    -1.21   0.228      .680686    1.095999
1.hypertension |   1.482309   .0440844    13.23   0.000     1.398375    1.571281
--------------------------------------------------------------------------------
                                                             Stratified by stp
(note: file ./output/models/an_univariable_cox_models_cpnsdeath_AGESEX_hypertension.ster not found)
file ./output/models/an_univariable_cox_models_cpnsdeath_AGESEX_hypertension.ster saved

-------------------------------------------------------------------------------------------------------
active results
-------------------------------------------------------------------------------------------------------

Stratified Cox regr. -- Breslow method for ties

No. of subjects =   17,282,832                  Number of obs    =  17,282,832
No. of failures =        5,651
Time at risk    =   1449942098
                                                LR chi2(7)       =    14738.75
Log likelihood  =   -68627.725                  Prob > chi2      =      0.0000

----------------------------------------------------------------------------------
              _t | Haz. Ratio   Std. Err.      z    P>|z|     [95% Conf. Interval]
-----------------+----------------------------------------------------------------
            age1 |   1.102908   .0250562     4.31   0.000     1.054876    1.153127
            age2 |   1.084627   .0554286     1.59   0.112     .9812525    1.198892
            age3 |   .7727758   .0928995    -2.14   0.032     .6105567     .978095
                 |
             imd |
              2  |   1.180174   .0532284     3.67   0.000     1.080327     1.28925
              3  |   1.345354   .0602548     6.62   0.000     1.232292     1.46879
              4  |   1.704885   .0749359    12.14   0.000     1.564162    1.858269
5 most deprived  |   2.130212   .0951317    16.93   0.000     1.951684     2.32507
----------------------------------------------------------------------------------
                                                             Stratified by stp
(note: file ./output/models/an_univariable_cox_models_cpnsdeath_AGESEX_imd.ster not found)
file ./output/models/an_univariable_cox_models_cpnsdeath_AGESEX_imd.ster saved

-------------------------------------------------------------------------------------------------------
active results
-------------------------------------------------------------------------------------------------------

Stratified Cox regr. -- Breslow method for ties

No. of subjects =   17,424,997                  Number of obs    =  17,424,997
No. of failures =        5,683
Time at risk    =   1461875026
                                                LR chi2(6)       =    14984.59
Log likelihood  =   -68985.475                  Prob > chi2      =      0.0000

-------------------------------------------------------------------------------------
                 _t | Haz. Ratio   Std. Err.      z    P>|z|     [95% Conf. Interval]
--------------------+----------------------------------------------------------------
               age1 |   1.104653   .0253728     4.33   0.000     1.056026    1.155519
               age2 |    1.05752   .0544819     1.09   0.278     .9559512    1.169879
               age3 |   .8422255    .101952    -1.42   0.156     .6643391    1.067744
                    |
          obese4cat |
 Obese I (30-34.9)  |   1.569449   .0531078    13.32   0.000     1.468736    1.677067
Obese II (35-39.9)  |   2.007816   .0994051    14.08   0.000      1.82214    2.212412
   Obese III (40+)  |   2.974957   .1938652    16.73   0.000     2.618252    3.380258
-------------------------------------------------------------------------------------
                                                             Stratified by stp
(note: file ./output/models/an_univariable_cox_models_cpnsdeath_AGESEX_obese4cat.ster not found)
file ./output/models/an_univariable_cox_models_cpnsdeath_AGESEX_obese4cat.ster saved

-------------------------------------------------------------------------------------------------------
active results
-------------------------------------------------------------------------------------------------------

Stratified Cox regr. -- Breslow method for ties

No. of subjects =   13,642,278                  Number of obs    =  13,642,278
No. of failures =        5,179
Time at risk    =   1144324952
                                                LR chi2(9)       =    13546.11
Log likelihood  =   -61644.148                  Prob > chi2      =      0.0000

---------------------------------------------------------------------------------------
                   _t | Haz. Ratio   Std. Err.      z    P>|z|     [95% Conf. Interval]
----------------------+----------------------------------------------------------------
                 age1 |   1.101787   .0303276     3.52   0.000     1.043921     1.16286
                 age2 |   1.047358   .0635631     0.76   0.446     .9299004    1.179651
                 age3 |   .8830671   .1249536    -0.88   0.379     .6691894    1.165302
               1.male |   2.472056   .0728708    30.70   0.000     2.333279    2.619087
                      |
               bmicat |
 Underweight (<18.5)  |   1.625888   .1358035     5.82   0.000     1.380364    1.915084
Overweight (25-29.9)  |   .9686337    .035009    -0.88   0.378     .9023913    1.039739
   Obese I (30-34.9)  |   1.562042   .0623477    11.17   0.000     1.444501    1.689148
  Obese II (35-39.9)  |     2.1847    .118024    14.47   0.000     1.965203    2.428713
     Obese III (40+)  |   3.510722    .242039    18.22   0.000     3.066989    4.018654
---------------------------------------------------------------------------------------
                                                             Stratified by stp
(note: file ./output/models/an_univariable_cox_models_cpnsdeath_AGESEX_bmicat.ster not found)
file ./output/models/an_univariable_cox_models_cpnsdeath_AGESEX_bmicat.ster saved

-------------------------------------------------------------------------------------------------------
active results
-------------------------------------------------------------------------------------------------------

Stratified Cox regr. -- Breslow method for ties

No. of subjects =   17,424,997                  Number of obs    =  17,424,997
No. of failures =        5,683
Time at risk    =   1461875026
                                                LR chi2(4)       =    14644.01
Log likelihood  =   -69155.764                  Prob > chi2      =      0.0000

------------------------------------------------------------------------------------
                _t | Haz. Ratio   Std. Err.      z    P>|z|     [95% Conf. Interval]
-------------------+----------------------------------------------------------------
              age1 |   1.104569   .0251715     4.36   0.000     1.056319    1.155023
              age2 |   1.072355   .0548896     1.36   0.172     .9699938    1.185518
              age3 |   .7991722   .0961662    -1.86   0.062     .6312674    1.011736
1.organ_transplant |   7.791243   1.119517    14.29   0.000      5.87893     10.3256
------------------------------------------------------------------------------------
                                                             Stratified by stp
(note: file ./output/models/an_univariable_cox_models_cpnsdeath_AGESEX_organ_transplant.ster not found)
file ./output/models/an_univariable_cox_models_cpnsdeath_AGESEX_organ_transplant.ster saved

. 
. 
. * Close log file
. log close
      name:  <unnamed>
       log:  E:\analyses\alex-tmp-repo-3\analysis\output/an_univariable_cox_models_cpnsdeath_htdiag_or_
> highbpTOorgan_transplant.log
  log type:  text
 closed on:   6 May 2020, 00:05:31
-------------------------------------------------------------------------------------------------------
