-------------------------------------------------------------------------------------------------------
      name:  <unnamed>
       log:  E:\analyses\alex-tmp-repo-3\analysis\output/an_univariable_cox_models_cpnsdeath_other_immu
> nosuppressionTOstroke_dementia.log
  log type:  text
 opened on:  12 May 2020, 19:40:50

. 
. * Open dataset and fit specified model(s)
. use "cr_create_analysis_dataset_STSET_`outcome'.dta", clear
(Analysis dataset for the poor outcomes in Covid project)

. 
. 
. foreach var of any `varlist' {
  2. 
.         *Special cases
.         if "`var'"=="agesplsex" local model "age1 age2 age3 i.male"
  3.         else if "`var'"=="agegroupsex" local model "ib3.agegroup i.male"
  4.         else if "`var'"=="bmicat" local model "age1 age2 age3 i.male ib2.bmicat"
  5.         *General form of model
.         else local model "age1 age2 age3 i.`var'"
  6. 
.         *Fit and save model
.         cap erase ./output/models/an_univariable_cox_models_`outcome'_AGESEX_`var'.ster
  7.         capture stcox `model' , strata(stp) 
  8.         if _rc==0 {
  9.                 estimates
 10.                 estimates save ./output/models/an_univariable_cox_models_`outcome'_AGESEX_`var', r
> eplace
 11.                 }
 12.         else di "WARNING - `var' vs `outcome' MODEL DID NOT SUCCESSFULLY FIT"
 13. 
. }

-------------------------------------------------------------------------------------------------------
active results
-------------------------------------------------------------------------------------------------------

Stratified Cox regr. -- Breslow method for ties

No. of subjects =   17,282,832                  Number of obs    =  17,282,832
No. of failures =        5,651
Time at risk    =   1449942098
                                                LR chi2(4)       =    14401.21
Log likelihood  =   -68796.495                  Prob > chi2      =      0.0000

-------------------------------------------------------------------------------------------
                       _t | Haz. Ratio   Std. Err.      z    P>|z|     [95% Conf. Interval]
--------------------------+----------------------------------------------------------------
                     age1 |   1.104035   .0252816     4.32   0.000     1.055579    1.154714
                     age2 |   1.077417   .0553946     1.45   0.147     .9741371    1.191648
                     age3 |   .7874878    .095165    -1.98   0.048     .6214115    .9979493
1.other_immunosuppression |     2.2898   .3486706     5.44   0.000     1.698963    3.086107
-------------------------------------------------------------------------------------------
                                                             Stratified by stp
(note: file ./output/models/an_univariable_cox_models_cpnsdeath_AGESEX_other_immunosuppression.ster not
>  found)
file ./output/models/an_univariable_cox_models_cpnsdeath_AGESEX_other_immunosuppression.ster saved

-------------------------------------------------------------------------------------------------------
active results
-------------------------------------------------------------------------------------------------------

Stratified Cox regr. -- Breslow method for ties

No. of subjects =   17,282,832                  Number of obs    =  17,282,832
No. of failures =        5,651
Time at risk    =   1449942098
                                                LR chi2(4)       =    14633.21
Log likelihood  =   -68680.495                  Prob > chi2      =      0.0000

-------------------------------------------------------------------------------
           _t | Haz. Ratio   Std. Err.      z    P>|z|     [95% Conf. Interval]
--------------+----------------------------------------------------------------
         age1 |    1.10709   .0253269     4.45   0.000     1.058547     1.15786
         age2 |   1.063656   .0546196     1.20   0.229     .9618147    1.176281
         age3 |    .814943   .0983557    -1.70   0.090     .6432732    1.032426
1.other_neuro |   2.954085   .1722863    18.57   0.000     2.634995    3.311817
-------------------------------------------------------------------------------
                                                             Stratified by stp
(note: file ./output/models/an_univariable_cox_models_cpnsdeath_AGESEX_other_neuro.ster not found)
file ./output/models/an_univariable_cox_models_cpnsdeath_AGESEX_other_neuro.ster saved

-------------------------------------------------------------------------------------------------------
active results
-------------------------------------------------------------------------------------------------------

Stratified Cox regr. -- Breslow method for ties

No. of subjects =   17,282,832                  Number of obs    =  17,282,832
No. of failures =        5,651
Time at risk    =   1449942098
                                                LR chi2(4)       =    14415.81
Log likelihood  =   -68789.194                  Prob > chi2      =      0.0000

------------------------------------------------------------------------------------
                _t | Haz. Ratio   Std. Err.      z    P>|z|     [95% Conf. Interval]
-------------------+----------------------------------------------------------------
              age1 |   1.105313   .0252258     4.39   0.000     1.056961    1.155877
              age2 |   1.068956   .0547889     1.30   0.193     .9667888    1.181919
              age3 |   .8054592    .097051    -1.80   0.073     .6360349    1.020014
1.ra_sle_psoriasis |   1.340046   .0614502     6.38   0.000      1.22486    1.466065
------------------------------------------------------------------------------------
                                                             Stratified by stp
(note: file ./output/models/an_univariable_cox_models_cpnsdeath_AGESEX_ra_sle_psoriasis.ster not found)
file ./output/models/an_univariable_cox_models_cpnsdeath_AGESEX_ra_sle_psoriasis.ster saved

-------------------------------------------------------------------------------------------------------
active results
-------------------------------------------------------------------------------------------------------

Stratified Cox regr. -- Breslow method for ties

No. of subjects =   16,561,722                  Number of obs    =  16,561,722
No. of failures =        5,622
Time at risk    =   1389380352
                                                LR chi2(5)       =    14342.04
Log likelihood  =   -68190.322                  Prob > chi2      =      0.0000

------------------------------------------------------------------------------
          _t | Haz. Ratio   Std. Err.      z    P>|z|     [95% Conf. Interval]
-------------+----------------------------------------------------------------
        age1 |    1.10745   .0270212     4.18   0.000     1.055736    1.161698
        age2 |   1.047315   .0567989     0.85   0.394     .9417039    1.164771
        age3 |   .8549174   .1084466    -1.24   0.217     .6667284    1.096224
             |
       smoke |
     Former  |     1.7845   .0527446    19.59   0.000      1.68406    1.890931
    Current  |   1.243307   .0705551     3.84   0.000     1.112434    1.389576
------------------------------------------------------------------------------
                                                             Stratified by stp
(note: file ./output/models/an_univariable_cox_models_cpnsdeath_AGESEX_smoke.ster not found)
file ./output/models/an_univariable_cox_models_cpnsdeath_AGESEX_smoke.ster saved

-------------------------------------------------------------------------------------------------------
active results
-------------------------------------------------------------------------------------------------------

Stratified Cox regr. -- Breslow method for ties

No. of subjects =   17,282,832                  Number of obs    =  17,282,832
No. of failures =        5,651
Time at risk    =   1449942098
                                                LR chi2(5)       =    14802.12
Log likelihood  =   -68596.039                  Prob > chi2      =      0.0000

------------------------------------------------------------------------------
          _t | Haz. Ratio   Std. Err.      z    P>|z|     [95% Conf. Interval]
-------------+----------------------------------------------------------------
        age1 |   1.108667   .0259582     4.41   0.000     1.058939    1.160729
        age2 |   1.047283   .0548063     0.88   0.377     .9451896    1.160403
        age3 |   .8531124    .104706    -1.29   0.196       .67071     1.08512
             |
smoke_nomiss |
     Former  |   1.797837   .0528677    19.95   0.000     1.697148      1.9045
    Current  |   1.253609   .0710141     3.99   0.000     1.121873    1.400815
------------------------------------------------------------------------------
                                                             Stratified by stp
(note: file ./output/models/an_univariable_cox_models_cpnsdeath_AGESEX_smoke_nomiss.ster not found)
file ./output/models/an_univariable_cox_models_cpnsdeath_AGESEX_smoke_nomiss.ster saved

-------------------------------------------------------------------------------------------------------
active results
-------------------------------------------------------------------------------------------------------

Stratified Cox regr. -- Breslow method for ties

No. of subjects =   17,282,832                  Number of obs    =  17,282,832
No. of failures =        5,651
Time at risk    =   1449942098
                                                LR chi2(4)       =    14385.07
Log likelihood  =   -68804.565                  Prob > chi2      =      0.0000

------------------------------------------------------------------------------
          _t | Haz. Ratio   Std. Err.      z    P>|z|     [95% Conf. Interval]
-------------+----------------------------------------------------------------
        age1 |   1.104606   .0251611     4.37   0.000     1.056376    1.155038
        age2 |   1.072476   .0548825     1.37   0.172     .9701271    1.185623
        age3 |   .7979888   .0960134    -1.88   0.061     .6303487    1.010212
    1.spleen |   1.829896    .382357     2.89   0.004     1.214976    2.756037
------------------------------------------------------------------------------
                                                             Stratified by stp
(note: file ./output/models/an_univariable_cox_models_cpnsdeath_AGESEX_spleen.ster not found)
file ./output/models/an_univariable_cox_models_cpnsdeath_AGESEX_spleen.ster saved

-------------------------------------------------------------------------------------------------------
active results
-------------------------------------------------------------------------------------------------------

Stratified Cox regr. -- Breslow method for ties

No. of subjects =   17,282,832                  Number of obs    =  17,282,832
No. of failures =        5,651
Time at risk    =   1449942098
                                                LR chi2(4)       =    14846.34
Log likelihood  =   -68573.929                  Prob > chi2      =      0.0000

-----------------------------------------------------------------------------------
               _t | Haz. Ratio   Std. Err.      z    P>|z|     [95% Conf. Interval]
------------------+----------------------------------------------------------------
             age1 |   1.101395   .0249643     4.26   0.000     1.053537    1.151427
             age2 |   1.082578   .0551951     1.56   0.120      .979627    1.196348
             age3 |   .7709412   .0924798    -2.17   0.030     .6094158    .9752788
1.stroke_dementia |   2.338715   .0844346    23.53   0.000     2.178946    2.510199
-----------------------------------------------------------------------------------
                                                             Stratified by stp
(note: file ./output/models/an_univariable_cox_models_cpnsdeath_AGESEX_stroke_dementia.ster not found)
file ./output/models/an_univariable_cox_models_cpnsdeath_AGESEX_stroke_dementia.ster saved

. 
. 
. * Close log file
. log close
      name:  <unnamed>
       log:  E:\analyses\alex-tmp-repo-3\analysis\output/an_univariable_cox_models_cpnsdeath_other_immu
> nosuppressionTOstroke_dementia.log
  log type:  text
 closed on:  12 May 2020, 21:24:51
-------------------------------------------------------------------------------------------------------
