--------------------------------------------------------------------------------------------------------------------
      name:  <unnamed>
       log:  E:\analyses\opensafely-risk-factors-research-full\analysis\output/an_univariable_cox_models_onscoviddea
> th_agegroupsexTOchronic_cardiac_disease.log
  log type:  text
 opened on:   3 Jun 2020, 01:18:56

. 
. * Open dataset and fit specified model(s)
. use "cr_create_analysis_dataset_STSET_`outcome'.dta", clear
(Analysis dataset for the poor outcomes in Covid project)

. 
. 
. foreach var of any `varlist' {
  2. 
.         *Special cases
.         if "`var'"=="agesplsex" local model "age1 age2 age3 i.male"
  3.         else if "`var'"=="agegroupsex" local model "ib3.agegroup i.male"
  4.         else if "`var'"=="bmicat" local model "age1 age2 age3 i.male ib2.bmicat"
  5.         *General form of model
.         else local model "age1 age2 age3 i.`var'"
  6. 
.         *Fit and save model
.         cap erase ./output/models/an_univariable_cox_models_`outcome'_AGESEX_`var'.ster
  7.         capture stcox `model' , strata(stp) 
  8.         if _rc==0 {
  9.                 estimates
 10.                 estimates save ./output/models/an_univariable_cox_models_`outcome'_AGESEX_`var', replace
 11.                 }
 12.         else di "WARNING - `var' vs `outcome' MODEL DID NOT SUCCESSFULLY FIT"
 13. 
. }

--------------------------------------------------------------------------------------------------------------------
active results
--------------------------------------------------------------------------------------------------------------------

Stratified Cox regr. -- Breslow method for ties

No. of subjects =   17,277,935                  Number of obs    =  17,277,935
No. of failures =       10,926
Time at risk    =   1638907207
                                                LR chi2(6)       =    31212.77
Log likelihood  =   -131472.69                  Prob > chi2      =      0.0000

------------------------------------------------------------------------------
          _t | Haz. Ratio   Std. Err.      z    P>|z|     [95% Conf. Interval]
-------------+----------------------------------------------------------------
    agegroup |
     18-<40  |   .0506241   .0072375   -20.87   0.000      .038253     .066996
     40-<50  |   .2750883   .0261858   -13.56   0.000     .2282685    .3315114
     60-<70  |   2.792675   .1484304    19.32   0.000     2.516397    3.099286
     70-<80  |   8.615388   .4130713    44.92   0.000      7.84266    9.464254
        80+  |   38.29041   1.745153    79.98   0.000     35.01829    41.86827
             |
      1.male |   1.640876   .0317517    25.59   0.000     1.579809    1.704303
------------------------------------------------------------------------------
                                                             Stratified by stp
(note: file ./output/models/an_univariable_cox_models_onscoviddeath_AGESEX_agegroupsex.ster not found)
file ./output/models/an_univariable_cox_models_onscoviddeath_AGESEX_agegroupsex.ster saved

--------------------------------------------------------------------------------------------------------------------
active results
--------------------------------------------------------------------------------------------------------------------

Stratified Cox regr. -- Breslow method for ties

No. of subjects =   17,277,935                  Number of obs    =  17,277,935
No. of failures =       10,926
Time at risk    =   1638907207
                                                LR chi2(4)       =    33548.98
Log likelihood  =   -130304.59                  Prob > chi2      =      0.0000

------------------------------------------------------------------------------
          _t | Haz. Ratio   Std. Err.      z    P>|z|     [95% Conf. Interval]
-------------+----------------------------------------------------------------
        age1 |    1.15482   .0242569     6.85   0.000     1.108243    1.203355
        age2 |    .942738   .0431669    -1.29   0.198     .8618179    1.031256
        age3 |   1.148959   .1218803     1.31   0.191     .9332761    1.414488
      1.male |   1.777934   .0346531    29.52   0.000     1.711297    1.847167
------------------------------------------------------------------------------
                                                             Stratified by stp
(note: file ./output/models/an_univariable_cox_models_onscoviddeath_AGESEX_agesplsex.ster not found)
file ./output/models/an_univariable_cox_models_onscoviddeath_AGESEX_agesplsex.ster saved

--------------------------------------------------------------------------------------------------------------------
active results
--------------------------------------------------------------------------------------------------------------------

Stratified Cox regr. -- Breslow method for ties

No. of subjects =   17,277,935                  Number of obs    =  17,277,935
No. of failures =       10,926
Time at risk    =   1638907207
                                                LR chi2(5)       =    32716.68
Log likelihood  =   -130720.74                  Prob > chi2      =      0.0000

-------------------------------------------------------------------------------
           _t | Haz. Ratio   Std. Err.      z    P>|z|     [95% Conf. Interval]
--------------+----------------------------------------------------------------
         age1 |   1.146811   .0237617     6.61   0.000     1.101172    1.194342
         age2 |   .9637442   .0436289    -0.82   0.415      .881917    1.053164
         age3 |   1.078476   .1132227     0.72   0.472     .8779055    1.324869
              |
    asthmacat |
 Yes, no OCS  |   1.092522   .0333883     2.90   0.004     1.029003    1.159961
Yes with OCS  |   1.470674   .0818163     6.93   0.000      1.31875      1.6401
-------------------------------------------------------------------------------
                                                             Stratified by stp
(note: file ./output/models/an_univariable_cox_models_onscoviddeath_AGESEX_asthmacat.ster not found)
file ./output/models/an_univariable_cox_models_onscoviddeath_AGESEX_asthmacat.ster saved

--------------------------------------------------------------------------------------------------------------------
active results
--------------------------------------------------------------------------------------------------------------------

Stratified Cox regr. -- Breslow method for ties

No. of subjects =   17,277,935                  Number of obs    =  17,277,935
No. of failures =       10,926
Time at risk    =   1638907207
                                                LR chi2(6)       =    32769.87
Log likelihood  =   -130694.14                  Prob > chi2      =      0.0000

-----------------------------------------------------------------------------------
               _t | Haz. Ratio   Std. Err.      z    P>|z|     [95% Conf. Interval]
------------------+----------------------------------------------------------------
             age1 |   1.148793   .0238893     6.67   0.000     1.102912    1.196582
             age2 |   .9577813   .0435003    -0.95   0.342     .8762068     1.04695
             age3 |   1.095734   .1153833     0.87   0.385     .8913976     1.34691
                  |
cancer_exhaem_cat |
       Last year  |   1.948308   .1330114     9.77   0.000       1.7043    2.227252
   2-5 years ago  |   1.295485   .0626977     5.35   0.000     1.178248    1.424387
        5+ years  |    1.01426   .0322415     0.45   0.656     .9529966    1.079463
-----------------------------------------------------------------------------------
                                                             Stratified by stp
(note: file ./output/models/an_univariable_cox_models_onscoviddeath_AGESEX_cancer_exhaem_cat.ster not found)
file ./output/models/an_univariable_cox_models_onscoviddeath_AGESEX_cancer_exhaem_cat.ster saved

--------------------------------------------------------------------------------------------------------------------
active results
--------------------------------------------------------------------------------------------------------------------

Stratified Cox regr. -- Breslow method for ties

No. of subjects =   17,277,935                  Number of obs    =  17,277,935
No. of failures =       10,926
Time at risk    =   1638907207
                                                LR chi2(6)       =    32842.11
Log likelihood  =   -130658.02                  Prob > chi2      =      0.0000

---------------------------------------------------------------------------------
             _t | Haz. Ratio   Std. Err.      z    P>|z|     [95% Conf. Interval]
----------------+----------------------------------------------------------------
           age1 |   1.148275   .0238546     6.66   0.000      1.10246    1.195994
           age2 |   .9596116   .0435379    -0.91   0.364     .8779629    1.048853
           age3 |   1.089904   .1146518     0.82   0.413      .886843    1.339461
                |
cancer_haem_cat |
     Last year  |   3.241875   .4954541     7.70   0.000     2.402745    4.374063
 2-5 years ago  |   2.724223   .2501746    10.91   0.000     2.275485    3.261455
      5+ years  |   1.774397   .1360702     7.48   0.000     1.526778    2.062174
---------------------------------------------------------------------------------
                                                             Stratified by stp
(note: file ./output/models/an_univariable_cox_models_onscoviddeath_AGESEX_cancer_haem_cat.ster not found)
file ./output/models/an_univariable_cox_models_onscoviddeath_AGESEX_cancer_haem_cat.ster saved

--------------------------------------------------------------------------------------------------------------------
active results
--------------------------------------------------------------------------------------------------------------------

Stratified Cox regr. -- Breslow method for ties

No. of subjects =   17,277,935                  Number of obs    =  17,277,935
No. of failures =       10,926
Time at risk    =   1638907207
                                                LR chi2(4)       =    33285.60
Log likelihood  =   -130436.27                  Prob > chi2      =      0.0000

-------------------------------------------------------------------------------------------
                       _t | Haz. Ratio   Std. Err.      z    P>|z|     [95% Conf. Interval]
--------------------------+----------------------------------------------------------------
                     age1 |    1.15121    .024029     6.75   0.000     1.105065    1.199283
                     age2 |   .9503102   .0432939    -1.12   0.263     .8691339    1.039068
                     age3 |    1.10853   .1170538     0.98   0.329      .901293    1.363418
1.chronic_cardiac_disease |    1.69926   .0353144    25.51   0.000     1.631436    1.769904
-------------------------------------------------------------------------------------------
                                                             Stratified by stp
(note: file ./output/models/an_univariable_cox_models_onscoviddeath_AGESEX_chronic_cardiac_disease.ster not found)
file ./output/models/an_univariable_cox_models_onscoviddeath_AGESEX_chronic_cardiac_disease.ster saved

. 
. 
. * Close log file
. log close
      name:  <unnamed>
       log:  E:\analyses\opensafely-risk-factors-research-full\analysis\output/an_univariable_cox_models_onscoviddea
> th_agegroupsexTOchronic_cardiac_disease.log
  log type:  text
 closed on:   3 Jun 2020, 02:55:37
--------------------------------------------------------------------------------------------------------------------
