---------------------------------------------------------------------------------------------------------------------------------------------------------------------------------
      name:  <unnamed>
       log:  C:\Github\opencorona-risk-factors-research\analysis\output/an_checks.log
  log type:  text
 opened on:  23 Apr 2020, 12:23:39

. 
. * Open Stata dataset
. use egdata, clear
(Poor factors dummy analysis dataset)

. 
. 
. 
. ******************************************
. *  Check variables take expected values  *
. ******************************************
. 
. * Age
. datacheck age<., nol

. *assert inrange(age, 18, 105)
. datacheck inlist(agegroup, 1, 2, 3, 4, 5, 6), nol

. datacheck inlist(age70, 0, 1), nol

. 
. * Sex
. datacheck inlist(male, 0, 1), nol

. 
. * BMI 
. * assert inrange(bmi, 10, 200) | bmi==.
. datacheck inlist(obese40, 0, 1), nol

. datacheck inlist(bmicat, 1, 2, 3, 4, 5, 6, .u), nol

. 
. * IMD
. datacheck inlist(imd, 1, 2, 3, 4, 5, .u), nol

. 
. * Ethnicity
. datacheck inlist(ethnicity, 1, 2, 3, 4, 5, .u), nol

 (79985 contradictions)

. 
. * Smoking
. datacheck inlist(smoke, 1, 2, 3, .u), nol

. datacheck inlist(currentsmoke, 0, 1), nol

. 
. * Blood pressure
. datacheck inlist(bpcat, 1, 2, 3, 4, .u), nol

. 
. 
. 
. 
. 
. ***************************************
. *  Cross-check logical relationships  *
. ***************************************
. 
. 
. * BMI
. bysort bmicat: summ bmi

---------------------------------------------------------------------------------------------------------------------------------------------------------------------------------
-> bmicat = Underweight (<18.5)

    Variable |        Obs        Mean    Std. Dev.       Min        Max
-------------+---------------------------------------------------------
         bmi |        154     17.2961    1.153335         15       18.4

---------------------------------------------------------------------------------------------------------------------------------------------------------------------------------
-> bmicat = Normal (18.5-24.9)

    Variable |        Obs        Mean    Std. Dev.       Min        Max
-------------+---------------------------------------------------------
         bmi |      4,287    22.55995    1.641963       18.5       24.9

---------------------------------------------------------------------------------------------------------------------------------------------------------------------------------
-> bmicat = Overweight (25-29.9)

    Variable |        Obs        Mean    Std. Dev.       Min        Max
-------------+---------------------------------------------------------
         bmi |      3,968    27.13183    1.380861         25       29.9

---------------------------------------------------------------------------------------------------------------------------------------------------------------------------------
-> bmicat = Obese I (30-34.9)

    Variable |        Obs        Mean    Std. Dev.       Min        Max
-------------+---------------------------------------------------------
         bmi |      1,497    31.88417    1.394325         30       34.9

---------------------------------------------------------------------------------------------------------------------------------------------------------------------------------
-> bmicat = Obese II (35-39.9)

    Variable |        Obs        Mean    Std. Dev.       Min        Max
-------------+---------------------------------------------------------
         bmi |        401    36.78703     1.31914         35       39.9

---------------------------------------------------------------------------------------------------------------------------------------------------------------------------------
-> bmicat = Obese III (40+)

    Variable |        Obs        Mean    Std. Dev.       Min        Max
-------------+---------------------------------------------------------
         bmi |         75    41.83067    2.495454         40         50


. tab bmicat obese40, m

                     |  Severely obese (cat
                     |          3)
         Grouped BMI |         0          1 |     Total
---------------------+----------------------+----------
 Underweight (<18.5) |    15,066          0 |    15,066 
  Normal (18.5-24.9) |    19,228          0 |    19,228 
Overweight (25-29.9) |    19,002          0 |    19,002 
   Obese I (30-34.9) |    16,730          0 |    16,730 
  Obese II (35-39.9) |    15,407          0 |    15,407 
     Obese III (40+) |    15,062         75 |    15,137 
---------------------+----------------------+----------
               Total |   100,495         75 |   100,570 

. 
. * Age
. bysort agegroup: summ age

---------------------------------------------------------------------------------------------------------------------------------------------------------------------------------
-> agegroup = 18-<40

    Variable |        Obs        Mean    Std. Dev.       Min        Max
-------------+---------------------------------------------------------
         age |     27,739    27.01947    6.238169         18         39

---------------------------------------------------------------------------------------------------------------------------------------------------------------------------------
-> agegroup = 40-<50

    Variable |        Obs        Mean    Std. Dev.       Min        Max
-------------+---------------------------------------------------------
         age |     12,100     44.5638    2.911281         40         49

---------------------------------------------------------------------------------------------------------------------------------------------------------------------------------
-> agegroup = 50-<60

    Variable |        Obs        Mean    Std. Dev.       Min        Max
-------------+---------------------------------------------------------
         age |     22,146    54.68459    2.120079         50         59

---------------------------------------------------------------------------------------------------------------------------------------------------------------------------------
-> agegroup = 60-<70

    Variable |        Obs        Mean    Std. Dev.       Min        Max
-------------+---------------------------------------------------------
         age |      9,454    64.44976    2.911684         60         69

---------------------------------------------------------------------------------------------------------------------------------------------------------------------------------
-> agegroup = 70-<80

    Variable |        Obs        Mean    Std. Dev.       Min        Max
-------------+---------------------------------------------------------
         age |      8,345    74.03212    2.787053         70         79

---------------------------------------------------------------------------------------------------------------------------------------------------------------------------------
-> agegroup = 80+

    Variable |        Obs        Mean    Std. Dev.       Min        Max
-------------+---------------------------------------------------------
         age |     20,786    89.24925    5.305249         80        105


. tab agegroup age70, m

   Grouped |  70 years and older
       age |         0          1 |     Total
-----------+----------------------+----------
    18-<40 |    27,739          0 |    27,739 
    40-<50 |    12,100          0 |    12,100 
    50-<60 |    22,146          0 |    22,146 
    60-<70 |     9,454          0 |     9,454 
    70-<80 |         0      8,345 |     8,345 
       80+ |         0     20,786 |    20,786 
-----------+----------------------+----------
     Total |    71,439     29,131 |   100,570 

. 
. * Smoking
. tab smoke currentsmoke, m

             |    RECODE of smoke
     Smoking |   (Smoking status)
      status |         0          1 |     Total
-------------+----------------------+----------
       Never |    29,262          0 |    29,262 
      Former |    12,879          0 |    12,879 
     Current |         0     29,138 |    29,138 
Unknown (.u) |    29,291          0 |    29,291 
-------------+----------------------+----------
       Total |    71,432     29,138 |   100,570 

. 
. * Blood pressure
. tab bpcat bphigh, m

               |  Binary high (stage
 Grouped blood |  1/2) blood pressure
      pressure |         0          1 |     Total
---------------+----------------------+----------
        Normal |    51,906          0 |    51,906 
      Elevated |     5,242          0 |     5,242 
 High, stage I |         0     19,217 |    19,217 
High, stage II |         0     24,205 |    24,205 
---------------+----------------------+----------
         Total |    57,148     43,422 |   100,570 

. 
. 
. 
. *********************
. *  Summarise dates  *
. *********************
. 
. * BMI
. *summ bmi_date_measured, format
. /*
> * Dates of comorbidities  
> foreach var of varlist  chronic_respiratory_disease     ///
>                                                 chronic_cardiac_disease                 ///
>                                                 diabetes                                                ///
>                                                 chronic_liver_disease                   ///
>                                                 organ_transplant                                ///     
>                                                 ra_sle_psoriasis  {
> 
>         summ `var'_date, format
>         bysort `var': summ `var'_date
> }
> */
. 
. 
. * Outcome dates
. *****??? 
. summ stime_ituadmission stime_cpnsdeath stime_onscoviddeath,   format

    Variable |        Obs        Mean    Std. Dev.       Min        Max
-------------+---------------------------------------------------------
stime_itua~n |    100,570   19apr2020    .6429756  01feb2020  20apr2020
stime_cpns~h |    100,570   15apr2020    .5043795  01feb2020  16apr2020
stime_onsc~h |    100,570   05apr2020    .4099991  01feb2020  06apr2020

. summ itu_date died_date_ons died_date_cpns died_date_onscovid, format

    Variable |        Obs        Mean    Std. Dev.       Min        Max
-------------+---------------------------------------------------------
    itu_date |          5   02mar2020    .4472136  02mar2020  03mar2020
died_dat~ons |         11   02mar2020    19.61817  01feb2020  14mar2020
died_dat~pns |          4   04apr2020    2.061553  02apr2020  07apr2020
died_date_~d |          1   14mar2020           .  14mar2020  14mar2020

. 
. 
. 
. 
. 
. ****************************************
. *  Cross-check expected relationships  *
. ****************************************
. 
. 
. /*  Relationships between demographic/lifestyle variables  */
. 
. tab agegroup bmicat,    col

+-------------------+
| Key               |
|-------------------|
|     frequency     |
| column percentage |
+-------------------+

   Grouped |                            Grouped BMI
       age | Underweig  Normal (1  Overweigh  Obese I (  Obese II   Obese III |     Total
-----------+------------------------------------------------------------------+----------
    18-<40 |     4,510      4,914      4,795      4,580      4,508      4,432 |    27,739 
           |     29.93      25.56      25.23      27.38      29.26      29.28 |     27.58 
-----------+------------------------------------------------------------------+----------
    40-<50 |     1,378      3,063      2,826      1,919      1,509      1,405 |    12,100 
           |      9.15      15.93      14.87      11.47       9.79       9.28 |     12.03 
-----------+------------------------------------------------------------------+----------
    50-<60 |     3,196      4,273      4,354      3,701      3,324      3,298 |    22,146 
           |     21.21      22.22      22.91      22.12      21.57      21.79 |     22.02 
-----------+------------------------------------------------------------------+----------
    60-<70 |     1,309      1,917      2,014      1,586      1,345      1,283 |     9,454 
           |      8.69       9.97      10.60       9.48       8.73       8.48 |      9.40 
-----------+------------------------------------------------------------------+----------
    70-<80 |     1,261      1,603      1,637      1,380      1,266      1,198 |     8,345 
           |      8.37       8.34       8.61       8.25       8.22       7.91 |      8.30 
-----------+------------------------------------------------------------------+----------
       80+ |     3,412      3,458      3,376      3,564      3,455      3,521 |    20,786 
           |     22.65      17.98      17.77      21.30      22.42      23.26 |     20.67 
-----------+------------------------------------------------------------------+----------
     Total |    15,066     19,228     19,002     16,730     15,407     15,137 |   100,570 
           |    100.00     100.00     100.00     100.00     100.00     100.00 |    100.00 

. tab agegroup smoke,     col

+-------------------+
| Key               |
|-------------------|
|     frequency     |
| column percentage |
+-------------------+

   Grouped |          Smoking status
       age |     Never     Former    Current |     Total
-----------+---------------------------------+----------
    18-<40 |     7,857        446     11,514 |    19,817 
           |     26.85       3.46      39.52 |     27.80 
-----------+---------------------------------+----------
    40-<50 |     4,310        871      2,635 |     7,816 
           |     14.73       6.76       9.04 |     10.97 
-----------+---------------------------------+----------
    50-<60 |     4,764     10,632      2,043 |    17,439 
           |     16.28      82.55       7.01 |     24.47 
-----------+---------------------------------+----------
    60-<70 |     3,800        495      1,369 |     5,664 
           |     12.99       3.84       4.70 |      7.95 
-----------+---------------------------------+----------
    70-<80 |     3,558        288      1,000 |     4,846 
           |     12.16       2.24       3.43 |      6.80 
-----------+---------------------------------+----------
       80+ |     4,973        147     10,577 |    15,697 
           |     16.99       1.14      36.30 |     22.02 
-----------+---------------------------------+----------
     Total |    29,262     12,879     29,138 |    71,279 
           |    100.00     100.00     100.00 |    100.00 

. tab agegroup ethnicity, col

+-------------------+
| Key               |
|-------------------|
|     frequency     |
| column percentage |
+-------------------+

   Grouped |                       Ethnicity
       age |     White  South Asi      Black      Other      Mixed |     Total
-----------+-------------------------------------------------------+----------
    18-<40 |     1,069         21         20         10     10,014 |    11,134 
           |     10.41      12.80      20.00      41.67      99.89 |     54.09 
-----------+-------------------------------------------------------+----------
    40-<50 |     3,681         90         34          3          2 |     3,810 
           |     35.84      54.88      34.00      12.50       0.02 |     18.51 
-----------+-------------------------------------------------------+----------
    50-<60 |     2,673         22         25          5          2 |     2,727 
           |     26.02      13.41      25.00      20.83       0.02 |     13.25 
-----------+-------------------------------------------------------+----------
    60-<70 |     1,776         16         12          4          2 |     1,810 
           |     17.29       9.76      12.00      16.67       0.02 |      8.79 
-----------+-------------------------------------------------------+----------
    70-<80 |     1,035         13          6          2          4 |     1,060 
           |     10.08       7.93       6.00       8.33       0.04 |      5.15 
-----------+-------------------------------------------------------+----------
       80+ |        38          2          3          0          1 |        44 
           |      0.37       1.22       3.00       0.00       0.01 |      0.21 
-----------+-------------------------------------------------------+----------
     Total |    10,272        164        100         24     10,025 |    20,585 
           |    100.00     100.00     100.00     100.00     100.00 |    100.00 

. tab agegroup imd,               col

+-------------------+
| Key               |
|-------------------|
|     frequency     |
| column percentage |
+-------------------+

   Grouped |          Index of Multiple Deprivation (IMD)
       age |         1          2          3          4          5 |     Total
-----------+-------------------------------------------------------+----------
    18-<40 |     2,264      5,151      3,268     11,602      5,190 |    27,475 
           |     12.15      26.60      24.03      43.21      25.08 |     27.71 
-----------+-------------------------------------------------------+----------
    40-<50 |     1,403      3,223      2,333      1,201      3,527 |    11,687 
           |      7.53      16.64      17.16       4.47      17.04 |     11.79 
-----------+-------------------------------------------------------+----------
    50-<60 |    11,414      3,239      2,488      1,191      3,515 |    21,847 
           |     61.27      16.73      18.30       4.44      16.99 |     22.04 
-----------+-------------------------------------------------------+----------
    60-<70 |     1,123      2,493      1,823        941      2,857 |     9,237 
           |      6.03      12.87      13.41       3.50      13.81 |      9.32 
-----------+-------------------------------------------------------+----------
    70-<80 |     1,040      2,207      1,659        824      2,478 |     8,208 
           |      5.58      11.40      12.20       3.07      11.97 |      8.28 
-----------+-------------------------------------------------------+----------
       80+ |     1,384      3,051      2,028     11,091      3,127 |    20,681 
           |      7.43      15.76      14.91      41.31      15.11 |     20.86 
-----------+-------------------------------------------------------+----------
     Total |    18,628     19,364     13,599     26,850     20,694 |    99,135 
           |    100.00     100.00     100.00     100.00     100.00 |    100.00 

. tab agegroup bpcat,     col

+-------------------+
| Key               |
|-------------------|
|     frequency     |
| column percentage |
+-------------------+

   Grouped |           Grouped blood pressure
       age |    Normal   Elevated  High, sta  High, sta |     Total
-----------+--------------------------------------------+----------
    18-<40 |    11,716      1,056      2,096     12,871 |    27,739 
           |     22.57      20.14      10.91      53.17 |     27.58 
-----------+--------------------------------------------+----------
    40-<50 |     6,600      1,398      1,762      2,340 |    12,100 
           |     12.72      26.67       9.17       9.67 |     12.03 
-----------+--------------------------------------------+----------
    50-<60 |     6,524      1,095     11,736      2,791 |    22,146 
           |     12.57      20.89      61.07      11.53 |     22.02 
-----------+--------------------------------------------+----------
    60-<70 |     5,219        667      1,258      2,310 |     9,454 
           |     10.05      12.72       6.55       9.54 |      9.40 
-----------+--------------------------------------------+----------
    70-<80 |     4,974        448        991      1,932 |     8,345 
           |      9.58       8.55       5.16       7.98 |      8.30 
-----------+--------------------------------------------+----------
       80+ |    16,873        578      1,374      1,961 |    20,786 
           |     32.51      11.03       7.15       8.10 |     20.67 
-----------+--------------------------------------------+----------
     Total |    51,906      5,242     19,217     24,205 |   100,570 
           |    100.00     100.00     100.00     100.00 |    100.00 

. 
. tab bmicat smoke,               col

+-------------------+
| Key               |
|-------------------|
|     frequency     |
| column percentage |
+-------------------+

                     |          Smoking status
         Grouped BMI |     Never     Former    Current |     Total
---------------------+---------------------------------+----------
 Underweight (<18.5) |     4,625      1,768      3,891 |    10,284 
                     |     15.81      13.73      13.35 |     14.43 
---------------------+---------------------------------+----------
  Normal (18.5-24.9) |     5,105      2,637      6,365 |    14,107 
                     |     17.45      20.48      21.84 |     19.79 
---------------------+---------------------------------+----------
Overweight (25-29.9) |     5,077      2,653      6,100 |    13,830 
                     |     17.35      20.60      20.93 |     19.40 
---------------------+---------------------------------+----------
   Obese I (30-34.9) |     4,964      2,114      4,721 |    11,799 
                     |     16.96      16.41      16.20 |     16.55 
---------------------+---------------------------------+----------
  Obese II (35-39.9) |     4,795      1,852      4,119 |    10,766 
                     |     16.39      14.38      14.14 |     15.10 
---------------------+---------------------------------+----------
     Obese III (40+) |     4,696      1,855      3,942 |    10,493 
                     |     16.05      14.40      13.53 |     14.72 
---------------------+---------------------------------+----------
               Total |    29,262     12,879     29,138 |    71,279 
                     |    100.00     100.00     100.00 |    100.00 

. tab bmicat ethnicity,   col

+-------------------+
| Key               |
|-------------------|
|     frequency     |
| column percentage |
+-------------------+

                     |                       Ethnicity
         Grouped BMI |     White  South Asi      Black      Other      Mixed |     Total
---------------------+-------------------------------------------------------+----------
 Underweight (<18.5) |       198          4         16          2      1,663 |     1,883 
                     |      1.93       2.44      16.00       8.33      16.59 |      9.15 
---------------------+-------------------------------------------------------+----------
  Normal (18.5-24.9) |     4,172         52         24          6      1,691 |     5,945 
                     |     40.62      31.71      24.00      25.00      16.87 |     28.88 
---------------------+-------------------------------------------------------+----------
Overweight (25-29.9) |     3,884         67         25          4      1,670 |     5,650 
                     |     37.81      40.85      25.00      16.67      16.66 |     27.45 
---------------------+-------------------------------------------------------+----------
   Obese I (30-34.9) |     1,473         29         21          3      1,652 |     3,178 
                     |     14.34      17.68      21.00      12.50      16.48 |     15.44 
---------------------+-------------------------------------------------------+----------
  Obese II (35-39.9) |       436          8          7          5      1,722 |     2,178 
                     |      4.24       4.88       7.00      20.83      17.18 |     10.58 
---------------------+-------------------------------------------------------+----------
     Obese III (40+) |       109          4          7          4      1,627 |     1,751 
                     |      1.06       2.44       7.00      16.67      16.23 |      8.51 
---------------------+-------------------------------------------------------+----------
               Total |    10,272        164        100         24     10,025 |    20,585 
                     |    100.00     100.00     100.00     100.00     100.00 |    100.00 

. tab bmicat imd,                 col

+-------------------+
| Key               |
|-------------------|
|     frequency     |
| column percentage |
+-------------------+

                     |          Index of Multiple Deprivation (IMD)
         Grouped BMI |         1          2          3          4          5 |     Total
---------------------+-------------------------------------------------------+----------
 Underweight (<18.5) |     2,898      2,940      1,894      4,252      2,975 |    14,959 
                     |     15.56      15.18      13.93      15.84      14.38 |     15.09 
---------------------+-------------------------------------------------------+----------
  Normal (18.5-24.9) |     3,299      3,783      2,770      4,757      4,145 |    18,754 
                     |     17.71      19.54      20.37      17.72      20.03 |     18.92 
---------------------+-------------------------------------------------------+----------
Overweight (25-29.9) |     3,288      3,746      2,833      4,571      4,175 |    18,613 
                     |     17.65      19.35      20.83      17.02      20.17 |     18.78 
---------------------+-------------------------------------------------------+----------
   Obese I (30-34.9) |     3,183      3,142      2,231      4,472      3,475 |    16,503 
                     |     17.09      16.23      16.41      16.66      16.79 |     16.65 
---------------------+-------------------------------------------------------+----------
  Obese II (35-39.9) |     2,957      2,911      1,941      4,451      3,020 |    15,280 
                     |     15.87      15.03      14.27      16.58      14.59 |     15.41 
---------------------+-------------------------------------------------------+----------
     Obese III (40+) |     3,003      2,842      1,930      4,347      2,904 |    15,026 
                     |     16.12      14.68      14.19      16.19      14.03 |     15.16 
---------------------+-------------------------------------------------------+----------
               Total |    18,628     19,364     13,599     26,850     20,694 |    99,135 
                     |    100.00     100.00     100.00     100.00     100.00 |    100.00 

. tab bmicat bpcat,               col

+-------------------+
| Key               |
|-------------------|
|     frequency     |
| column percentage |
+-------------------+

                     |           Grouped blood pressure
         Grouped BMI |    Normal   Elevated  High, sta  High, sta |     Total
---------------------+--------------------------------------------+----------
 Underweight (<18.5) |     8,294        553      2,855      3,364 |    15,066 
                     |     15.98      10.55      14.86      13.90 |     14.98 
---------------------+--------------------------------------------+----------
  Normal (18.5-24.9) |     9,418      1,579      3,707      4,524 |    19,228 
                     |     18.14      30.12      19.29      18.69 |     19.12 
---------------------+--------------------------------------------+----------
Overweight (25-29.9) |     8,910      1,242      3,715      5,135 |    19,002 
                     |     17.17      23.69      19.33      21.21 |     18.89 
---------------------+--------------------------------------------+----------
   Obese I (30-34.9) |     8,633        746      3,203      4,148 |    16,730 
                     |     16.63      14.23      16.67      17.14 |     16.64 
---------------------+--------------------------------------------+----------
  Obese II (35-39.9) |     8,303        585      2,855      3,664 |    15,407 
                     |     16.00      11.16      14.86      15.14 |     15.32 
---------------------+--------------------------------------------+----------
     Obese III (40+) |     8,348        537      2,882      3,370 |    15,137 
                     |     16.08      10.24      15.00      13.92 |     15.05 
---------------------+--------------------------------------------+----------
               Total |    51,906      5,242     19,217     24,205 |   100,570 
                     |    100.00     100.00     100.00     100.00 |    100.00 

. 
. tab smoke ethnicity,    col

+-------------------+
| Key               |
|-------------------|
|     frequency     |
| column percentage |
+-------------------+

     Smoking |                       Ethnicity
      status |     White  South Asi      Black      Other      Mixed |     Total
-------------+-------------------------------------------------------+----------
       Never |     1,195         24         21         10          7 |     1,257 
             |     13.11      16.78      28.38      83.33       0.07 |      6.49 
-------------+-------------------------------------------------------+----------
      Former |     2,071         26         18          0          2 |     2,117 
             |     22.72      18.18      24.32       0.00       0.02 |     10.94 
-------------+-------------------------------------------------------+----------
     Current |     5,849         93         35          2     10,006 |    15,985 
             |     64.17      65.03      47.30      16.67      99.91 |     82.57 
-------------+-------------------------------------------------------+----------
       Total |     9,115        143         74         12     10,015 |    19,359 
             |    100.00     100.00     100.00     100.00     100.00 |    100.00 

. tab smoke imd,                  col

+-------------------+
| Key               |
|-------------------|
|     frequency     |
| column percentage |
+-------------------+

     Smoking |          Index of Multiple Deprivation (IMD)
      status |         1          2          3          4          5 |     Total
-------------+-------------------------------------------------------+----------
       Never |     3,506      8,021      5,649      2,934      8,797 |    28,907 
             |     23.30      70.65      71.63      12.22      73.78 |     41.17 
-------------+-------------------------------------------------------+----------
      Former |    10,305        782        548        280        797 |    12,712 
             |     68.48       6.89       6.95       1.17       6.68 |     18.10 
-------------+-------------------------------------------------------+----------
     Current |     1,237      2,550      1,689     20,794      2,329 |    28,599 
             |      8.22      22.46      21.42      86.61      19.53 |     40.73 
-------------+-------------------------------------------------------+----------
       Total |    15,048     11,353      7,886     24,008     11,923 |    70,218 
             |    100.00     100.00     100.00     100.00     100.00 |    100.00 

. tab smoke bpcat,                col

+-------------------+
| Key               |
|-------------------|
|     frequency     |
| column percentage |
+-------------------+

     Smoking |           Grouped blood pressure
      status |    Normal   Elevated  High, sta  High, sta |     Total
-------------+--------------------------------------------+----------
       Never |    19,454      1,590      3,338      4,880 |    29,262 
             |     60.01      43.68      21.04      25.21 |     41.05 
-------------+--------------------------------------------+----------
      Former |       573        487     10,580      1,239 |    12,879 
             |      1.77      13.38      66.69       6.40 |     18.07 
-------------+--------------------------------------------+----------
     Current |    12,393      1,563      1,946     13,236 |    29,138 
             |     38.23      42.94      12.27      68.39 |     40.88 
-------------+--------------------------------------------+----------
       Total |    32,420      3,640     15,864     19,355 |    71,279 
             |    100.00     100.00     100.00     100.00 |    100.00 

. 
. tab ethnicity imd,              col

+-------------------+
| Key               |
|-------------------|
|     frequency     |
| column percentage |
+-------------------+

            |          Index of Multiple Deprivation (IMD)
  Ethnicity |         1          2          3          4          5 |     Total
------------+-------------------------------------------------------+----------
      White |       822      2,443      2,158        996      3,037 |     9,456 
            |     96.93      97.10      97.21       9.03      96.72 |     47.88 
------------+-------------------------------------------------------+----------
South Asian |         8         33         41         16         57 |       155 
            |      0.94       1.31       1.85       0.15       1.82 |      0.78 
------------+-------------------------------------------------------+----------
      Black |        10         25         17          8         33 |        93 
            |      1.18       0.99       0.77       0.07       1.05 |      0.47 
------------+-------------------------------------------------------+----------
      Other |         3          6          1          4          9 |        23 
            |      0.35       0.24       0.05       0.04       0.29 |      0.12 
------------+-------------------------------------------------------+----------
      Mixed |         5          9          3     10,001          4 |    10,022 
            |      0.59       0.36       0.14      90.71       0.13 |     50.75 
------------+-------------------------------------------------------+----------
      Total |       848      2,516      2,220     11,025      3,140 |    19,749 
            |    100.00     100.00     100.00     100.00     100.00 |    100.00 

. tab ethnicity bpcat,    col

+-------------------+
| Key               |
|-------------------|
|     frequency     |
| column percentage |
+-------------------+

            |           Grouped blood pressure
  Ethnicity |    Normal   Elevated  High, sta  High, sta |     Total
------------+--------------------------------------------+----------
      White |     2,212      2,043      2,006      4,011 |    10,272 
            |     93.81      98.17      98.00      28.45 |     49.90 
------------+--------------------------------------------+----------
South Asian |        72         23         17         52 |       164 
            |      3.05       1.11       0.83       0.37 |      0.80 
------------+--------------------------------------------+----------
      Black |        39         13         19         29 |       100 
            |      1.65       0.62       0.93       0.21 |      0.49 
------------+--------------------------------------------+----------
      Other |        20          0          3          1 |        24 
            |      0.85       0.00       0.15       0.01 |      0.12 
------------+--------------------------------------------+----------
      Mixed |        15          2          2     10,006 |    10,025 
            |      0.64       0.10       0.10      70.97 |     48.70 
------------+--------------------------------------------+----------
      Total |     2,358      2,081      2,047     14,099 |    20,585 
            |    100.00     100.00     100.00     100.00 |    100.00 

. 
. tab imd bpcat,                  col

+-------------------+
| Key               |
|-------------------|
|     frequency     |
| column percentage |
+-------------------+

  Index of |
  Multiple |
Deprivatio |           Grouped blood pressure
   n (IMD) |    Normal   Elevated  High, sta  High, sta |     Total
-----------+--------------------------------------------+----------
         1 |     5,694        525     10,956      1,453 |    18,628 
           |     11.10      10.43      57.70       6.11 |     18.79 
-----------+--------------------------------------------+----------
         2 |    11,711      1,264      2,560      3,829 |    19,364 
           |     22.82      25.12      13.48      16.09 |     19.53 
-----------+--------------------------------------------+----------
         3 |     7,265      1,202      1,994      3,138 |    13,599 
           |     14.16      23.89      10.50      13.19 |     13.72 
-----------+--------------------------------------------+----------
         4 |    13,846        593        947     11,464 |    26,850 
           |     26.98      11.78       4.99      48.17 |     27.08 
-----------+--------------------------------------------+----------
         5 |    12,800      1,448      2,532      3,914 |    20,694 
           |     24.94      28.78      13.33      16.45 |     20.87 
-----------+--------------------------------------------+----------
     Total |    51,316      5,032     18,989     23,798 |    99,135 
           |    100.00     100.00     100.00     100.00 |    100.00 

. 
. 
. 
. /*  Relationships with demographic/lifestyle variables  */
. 
. * Relationships with age
. foreach var of varlist  chronic_respiratory_disease     ///
>                                                 asthma                                                  ///
>                                                 chronic_cardiac_disease                 ///
>                                                 diabetes                                                ///
>                                                 cancer_exhaem_lastyr                    ///
>                                                 haemmalig_aanaem_bmtrans_lastyr ///
>                                                 chronic_liver_disease                   ///
>                                                 other_neuro                                             ///
>                                                 chronic_kidney_disease                  ///
>                                                 organ_transplant                                ///     
>                                                 spleen                                                  ///
>                                                 ra_sle_psoriasis                                {
  2.         tab agegroup `var', r
  3. }

+----------------+
| Key            |
|----------------|
|   frequency    |
| row percentage |
+----------------+

           |  Respiratory disease
   Grouped |    (excl. asthma)
       age |         0          1 |     Total
-----------+----------------------+----------
    18-<40 |    27,567        172 |    27,739 
           |     99.38       0.62 |    100.00 
-----------+----------------------+----------
    40-<50 |    11,996        104 |    12,100 
           |     99.14       0.86 |    100.00 
-----------+----------------------+----------
    50-<60 |    22,031        115 |    22,146 
           |     99.48       0.52 |    100.00 
-----------+----------------------+----------
    60-<70 |     9,370         84 |     9,454 
           |     99.11       0.89 |    100.00 
-----------+----------------------+----------
    70-<80 |     8,284         61 |     8,345 
           |     99.27       0.73 |    100.00 
-----------+----------------------+----------
       80+ |    20,665        121 |    20,786 
           |     99.42       0.58 |    100.00 
-----------+----------------------+----------
     Total |    99,913        657 |   100,570 
           |     99.35       0.65 |    100.00 

+----------------+
| Key            |
|----------------|
|   frequency    |
| row percentage |
+----------------+

   Grouped |        Asthma
       age |         0          1 |     Total
-----------+----------------------+----------
    18-<40 |    27,720         19 |    27,739 
           |     99.93       0.07 |    100.00 
-----------+----------------------+----------
    40-<50 |    12,093          7 |    12,100 
           |     99.94       0.06 |    100.00 
-----------+----------------------+----------
    50-<60 |    22,139          7 |    22,146 
           |     99.97       0.03 |    100.00 
-----------+----------------------+----------
    60-<70 |     9,448          6 |     9,454 
           |     99.94       0.06 |    100.00 
-----------+----------------------+----------
    70-<80 |     8,342          3 |     8,345 
           |     99.96       0.04 |    100.00 
-----------+----------------------+----------
       80+ |    20,779          7 |    20,786 
           |     99.97       0.03 |    100.00 
-----------+----------------------+----------
     Total |   100,521         49 |   100,570 
           |     99.95       0.05 |    100.00 

+----------------+
| Key            |
|----------------|
|   frequency    |
| row percentage |
+----------------+

   Grouped |     Heart disease
       age |         0          1 |     Total
-----------+----------------------+----------
    18-<40 |    17,120     10,619 |    27,739 
           |     61.72      38.28 |    100.00 
-----------+----------------------+----------
    40-<50 |    11,794        306 |    12,100 
           |     97.47       2.53 |    100.00 
-----------+----------------------+----------
    50-<60 |    11,773     10,373 |    22,146 
           |     53.16      46.84 |    100.00 
-----------+----------------------+----------
    60-<70 |     9,156        298 |     9,454 
           |     96.85       3.15 |    100.00 
-----------+----------------------+----------
    70-<80 |     8,113        232 |     8,345 
           |     97.22       2.78 |    100.00 
-----------+----------------------+----------
       80+ |    20,343        443 |    20,786 
           |     97.87       2.13 |    100.00 
-----------+----------------------+----------
     Total |    78,299     22,271 |   100,570 
           |     77.86      22.14 |    100.00 

+----------------+
| Key            |
|----------------|
|   frequency    |
| row percentage |
+----------------+

   Grouped |       Diabetes
       age |         0          1 |     Total
-----------+----------------------+----------
    18-<40 |    16,560     11,179 |    27,739 
           |     59.70      40.30 |    100.00 
-----------+----------------------+----------
    40-<50 |     9,658      2,442 |    12,100 
           |     79.82      20.18 |    100.00 
-----------+----------------------+----------
    50-<60 |    10,302     11,844 |    22,146 
           |     46.52      53.48 |    100.00 
-----------+----------------------+----------
    60-<70 |     8,195      1,259 |     9,454 
           |     86.68      13.32 |    100.00 
-----------+----------------------+----------
    70-<80 |     7,550        795 |     8,345 
           |     90.47       9.53 |    100.00 
-----------+----------------------+----------
       80+ |    20,427        359 |    20,786 
           |     98.27       1.73 |    100.00 
-----------+----------------------+----------
     Total |    72,692     27,878 |   100,570 
           |     72.28      27.72 |    100.00 

+----------------+
| Key            |
|----------------|
|   frequency    |
| row percentage |
+----------------+

           |   Cancer other than
           |   haematological in
   Grouped |       last year
       age |         0          1 |     Total
-----------+----------------------+----------
    18-<40 |    22,077      5,662 |    27,739 
           |     79.59      20.41 |    100.00 
-----------+----------------------+----------
    40-<50 |     9,651      2,449 |    12,100 
           |     79.76      20.24 |    100.00 
-----------+----------------------+----------
    50-<60 |    17,672      4,474 |    22,146 
           |     79.80      20.20 |    100.00 
-----------+----------------------+----------
    60-<70 |     7,643      1,811 |     9,454 
           |     80.84      19.16 |    100.00 
-----------+----------------------+----------
    70-<80 |     6,637      1,708 |     8,345 
           |     79.53      20.47 |    100.00 
-----------+----------------------+----------
       80+ |    16,616      4,170 |    20,786 
           |     79.94      20.06 |    100.00 
-----------+----------------------+----------
     Total |    80,296     20,274 |   100,570 
           |     79.84      20.16 |    100.00 

+----------------+
| Key            |
|----------------|
|   frequency    |
| row percentage |
+----------------+

           | Haematol malignancy,
           |  aplastic anaemia or
           |      bone marrow
           |  transplant in last
   Grouped |         year
       age |         0          1 |     Total
-----------+----------------------+----------
    18-<40 |    22,193      5,546 |    27,739 
           |     80.01      19.99 |    100.00 
-----------+----------------------+----------
    40-<50 |     9,697      2,403 |    12,100 
           |     80.14      19.86 |    100.00 
-----------+----------------------+----------
    50-<60 |    17,728      4,418 |    22,146 
           |     80.05      19.95 |    100.00 
-----------+----------------------+----------
    60-<70 |     7,563      1,891 |     9,454 
           |     80.00      20.00 |    100.00 
-----------+----------------------+----------
    70-<80 |     6,644      1,701 |     8,345 
           |     79.62      20.38 |    100.00 
-----------+----------------------+----------
       80+ |    16,712      4,074 |    20,786 
           |     80.40      19.60 |    100.00 
-----------+----------------------+----------
     Total |    80,537     20,033 |   100,570 
           |     80.08      19.92 |    100.00 

+----------------+
| Key            |
|----------------|
|   frequency    |
| row percentage |
+----------------+

   Grouped | Chronic liver disease
       age |         0          1 |     Total
-----------+----------------------+----------
    18-<40 |    17,723     10,016 |    27,739 
           |     63.89      36.11 |    100.00 
-----------+----------------------+----------
    40-<50 |    12,094          6 |    12,100 
           |     99.95       0.05 |    100.00 
-----------+----------------------+----------
    50-<60 |    22,136         10 |    22,146 
           |     99.95       0.05 |    100.00 
-----------+----------------------+----------
    60-<70 |     9,447          7 |     9,454 
           |     99.93       0.07 |    100.00 
-----------+----------------------+----------
    70-<80 |     8,340          5 |     8,345 
           |     99.94       0.06 |    100.00 
-----------+----------------------+----------
       80+ |    20,769         17 |    20,786 
           |     99.92       0.08 |    100.00 
-----------+----------------------+----------
     Total |    90,509     10,061 |   100,570 
           |     90.00      10.00 |    100.00 

+----------------+
| Key            |
|----------------|
|   frequency    |
| row percentage |
+----------------+

           | Neuro condition other
   Grouped | than stroke/dementia
       age |         0          1 |     Total
-----------+----------------------+----------
    18-<40 |    27,664         75 |    27,739 
           |     99.73       0.27 |    100.00 
-----------+----------------------+----------
    40-<50 |    12,062         38 |    12,100 
           |     99.69       0.31 |    100.00 
-----------+----------------------+----------
    50-<60 |    22,102         44 |    22,146 
           |     99.80       0.20 |    100.00 
-----------+----------------------+----------
    60-<70 |     9,404         50 |     9,454 
           |     99.47       0.53 |    100.00 
-----------+----------------------+----------
    70-<80 |     8,322         23 |     8,345 
           |     99.72       0.28 |    100.00 
-----------+----------------------+----------
       80+ |    20,737         49 |    20,786 
           |     99.76       0.24 |    100.00 
-----------+----------------------+----------
     Total |   100,291        279 |   100,570 
           |     99.72       0.28 |    100.00 

+----------------+
| Key            |
|----------------|
|   frequency    |
| row percentage |
+----------------+

   Grouped |    Kidney disease
       age |         0          1 |     Total
-----------+----------------------+----------
    18-<40 |    26,361      1,378 |    27,739 
           |     95.03       4.97 |    100.00 
-----------+----------------------+----------
    40-<50 |    11,486        614 |    12,100 
           |     94.93       5.07 |    100.00 
-----------+----------------------+----------
    50-<60 |    21,031      1,115 |    22,146 
           |     94.97       5.03 |    100.00 
-----------+----------------------+----------
    60-<70 |     8,996        458 |     9,454 
           |     95.16       4.84 |    100.00 
-----------+----------------------+----------
    70-<80 |     7,941        404 |     8,345 
           |     95.16       4.84 |    100.00 
-----------+----------------------+----------
       80+ |    19,741      1,045 |    20,786 
           |     94.97       5.03 |    100.00 
-----------+----------------------+----------
     Total |    95,556      5,014 |   100,570 
           |     95.01       4.99 |    100.00 

+----------------+
| Key            |
|----------------|
|   frequency    |
| row percentage |
+----------------+

           |   Organ transplant
   Grouped |       recipient
       age |         0          1 |     Total
-----------+----------------------+----------
    18-<40 |    26,307      1,432 |    27,739 
           |     94.84       5.16 |    100.00 
-----------+----------------------+----------
    40-<50 |    11,520        580 |    12,100 
           |     95.21       4.79 |    100.00 
-----------+----------------------+----------
    50-<60 |    21,053      1,093 |    22,146 
           |     95.06       4.94 |    100.00 
-----------+----------------------+----------
    60-<70 |     8,979        475 |     9,454 
           |     94.98       5.02 |    100.00 
-----------+----------------------+----------
    70-<80 |     7,919        426 |     8,345 
           |     94.90       5.10 |    100.00 
-----------+----------------------+----------
       80+ |    19,746      1,040 |    20,786 
           |     95.00       5.00 |    100.00 
-----------+----------------------+----------
     Total |    95,524      5,046 |   100,570 
           |     94.98       5.02 |    100.00 

+----------------+
| Key            |
|----------------|
|   frequency    |
| row percentage |
+----------------+

           |    Spleen problems
           |  (dysplenia, sickle
   Grouped |         cell)
       age |         0          1 |     Total
-----------+----------------------+----------
    18-<40 |    27,730          9 |    27,739 
           |     99.97       0.03 |    100.00 
-----------+----------------------+----------
    40-<50 |    12,097          3 |    12,100 
           |     99.98       0.02 |    100.00 
-----------+----------------------+----------
    50-<60 |    12,136     10,010 |    22,146 
           |     54.80      45.20 |    100.00 
-----------+----------------------+----------
    60-<70 |     9,448          6 |     9,454 
           |     99.94       0.06 |    100.00 
-----------+----------------------+----------
    70-<80 |     8,339          6 |     8,345 
           |     99.93       0.07 |    100.00 
-----------+----------------------+----------
       80+ |    20,780          6 |    20,786 
           |     99.97       0.03 |    100.00 
-----------+----------------------+----------
     Total |    90,530     10,040 |   100,570 
           |     90.02       9.98 |    100.00 

+----------------+
| Key            |
|----------------|
|   frequency    |
| row percentage |
+----------------+

           |  RA, SLE, Psoriasis
   Grouped | (autoimmune disease)
       age |         0          1 |     Total
-----------+----------------------+----------
    18-<40 |    27,568        171 |    27,739 
           |     99.38       0.62 |    100.00 
-----------+----------------------+----------
    40-<50 |    12,002         98 |    12,100 
           |     99.19       0.81 |    100.00 
-----------+----------------------+----------
    50-<60 |    22,048         98 |    22,146 
           |     99.56       0.44 |    100.00 
-----------+----------------------+----------
    60-<70 |     9,365         89 |     9,454 
           |     99.06       0.94 |    100.00 
-----------+----------------------+----------
    70-<80 |     8,270         75 |     8,345 
           |     99.10       0.90 |    100.00 
-----------+----------------------+----------
       80+ |    20,666        120 |    20,786 
           |     99.42       0.58 |    100.00 
-----------+----------------------+----------
     Total |    99,919        651 |   100,570 
           |     99.35       0.65 |    100.00 

. 
. 
. * Relationships with sex
. foreach var of varlist  chronic_respiratory_disease     ///
>                                                 asthma                                                  ///
>                                                 chronic_cardiac_disease                 ///
>                                                 diabetes                                                ///
>                                                 cancer_exhaem_lastyr                    ///
>                                                 haemmalig_aanaem_bmtrans_lastyr ///
>                                                 chronic_liver_disease                   ///
>                                                 other_neuro                                             ///
>                                                 chronic_kidney_disease                  ///
>                                                 organ_transplant                                ///     
>                                                 spleen                                                  ///
>                                                 ra_sle_psoriasis                                {
  2.         tab male `var', r
  3. }

+----------------+
| Key            |
|----------------|
|   frequency    |
| row percentage |
+----------------+

           |  Respiratory disease
           |    (excl. asthma)
      Male |         0          1 |     Total
-----------+----------------------+----------
         0 |    54,943        299 |    55,242 
           |     99.46       0.54 |    100.00 
-----------+----------------------+----------
         1 |    44,970        358 |    45,328 
           |     99.21       0.79 |    100.00 
-----------+----------------------+----------
     Total |    99,913        657 |   100,570 
           |     99.35       0.65 |    100.00 

+----------------+
| Key            |
|----------------|
|   frequency    |
| row percentage |
+----------------+

           |        Asthma
      Male |         0          1 |     Total
-----------+----------------------+----------
         0 |    55,220         22 |    55,242 
           |     99.96       0.04 |    100.00 
-----------+----------------------+----------
         1 |    45,301         27 |    45,328 
           |     99.94       0.06 |    100.00 
-----------+----------------------+----------
     Total |   100,521         49 |   100,570 
           |     99.95       0.05 |    100.00 

+----------------+
| Key            |
|----------------|
|   frequency    |
| row percentage |
+----------------+

           |     Heart disease
      Male |         0          1 |     Total
-----------+----------------------+----------
         0 |    44,278     10,964 |    55,242 
           |     80.15      19.85 |    100.00 
-----------+----------------------+----------
         1 |    34,021     11,307 |    45,328 
           |     75.06      24.94 |    100.00 
-----------+----------------------+----------
     Total |    78,299     22,271 |   100,570 
           |     77.86      22.14 |    100.00 

+----------------+
| Key            |
|----------------|
|   frequency    |
| row percentage |
+----------------+

           |       Diabetes
      Male |         0          1 |     Total
-----------+----------------------+----------
         0 |    41,489     13,753 |    55,242 
           |     75.10      24.90 |    100.00 
-----------+----------------------+----------
         1 |    31,203     14,125 |    45,328 
           |     68.84      31.16 |    100.00 
-----------+----------------------+----------
     Total |    72,692     27,878 |   100,570 
           |     72.28      27.72 |    100.00 

+----------------+
| Key            |
|----------------|
|   frequency    |
| row percentage |
+----------------+

           |   Cancer other than
           |   haematological in
           |       last year
      Male |         0          1 |     Total
-----------+----------------------+----------
         0 |    44,126     11,116 |    55,242 
           |     79.88      20.12 |    100.00 
-----------+----------------------+----------
         1 |    36,170      9,158 |    45,328 
           |     79.80      20.20 |    100.00 
-----------+----------------------+----------
     Total |    80,296     20,274 |   100,570 
           |     79.84      20.16 |    100.00 

+----------------+
| Key            |
|----------------|
|   frequency    |
| row percentage |
+----------------+

           | Haematol malignancy,
           |  aplastic anaemia or
           |      bone marrow
           |  transplant in last
           |         year
      Male |         0          1 |     Total
-----------+----------------------+----------
         0 |    44,272     10,970 |    55,242 
           |     80.14      19.86 |    100.00 
-----------+----------------------+----------
         1 |    36,265      9,063 |    45,328 
           |     80.01      19.99 |    100.00 
-----------+----------------------+----------
     Total |    80,537     20,033 |   100,570 
           |     80.08      19.92 |    100.00 

+----------------+
| Key            |
|----------------|
|   frequency    |
| row percentage |
+----------------+

           | Chronic liver disease
      Male |         0          1 |     Total
-----------+----------------------+----------
         0 |    45,210     10,032 |    55,242 
           |     81.84      18.16 |    100.00 
-----------+----------------------+----------
         1 |    45,299         29 |    45,328 
           |     99.94       0.06 |    100.00 
-----------+----------------------+----------
     Total |    90,509     10,061 |   100,570 
           |     90.00      10.00 |    100.00 

+----------------+
| Key            |
|----------------|
|   frequency    |
| row percentage |
+----------------+

           | Neuro condition other
           | than stroke/dementia
      Male |         0          1 |     Total
-----------+----------------------+----------
         0 |    55,097        145 |    55,242 
           |     99.74       0.26 |    100.00 
-----------+----------------------+----------
         1 |    45,194        134 |    45,328 
           |     99.70       0.30 |    100.00 
-----------+----------------------+----------
     Total |   100,291        279 |   100,570 
           |     99.72       0.28 |    100.00 

+----------------+
| Key            |
|----------------|
|   frequency    |
| row percentage |
+----------------+

           |    Kidney disease
      Male |         0          1 |     Total
-----------+----------------------+----------
         0 |    52,477      2,765 |    55,242 
           |     94.99       5.01 |    100.00 
-----------+----------------------+----------
         1 |    43,079      2,249 |    45,328 
           |     95.04       4.96 |    100.00 
-----------+----------------------+----------
     Total |    95,556      5,014 |   100,570 
           |     95.01       4.99 |    100.00 

+----------------+
| Key            |
|----------------|
|   frequency    |
| row percentage |
+----------------+

           |   Organ transplant
           |       recipient
      Male |         0          1 |     Total
-----------+----------------------+----------
         0 |    52,468      2,774 |    55,242 
           |     94.98       5.02 |    100.00 
-----------+----------------------+----------
         1 |    43,056      2,272 |    45,328 
           |     94.99       5.01 |    100.00 
-----------+----------------------+----------
     Total |    95,524      5,046 |   100,570 
           |     94.98       5.02 |    100.00 

+----------------+
| Key            |
|----------------|
|   frequency    |
| row percentage |
+----------------+

           |    Spleen problems
           |  (dysplenia, sickle
           |         cell)
      Male |         0          1 |     Total
-----------+----------------------+----------
         0 |    55,226         16 |    55,242 
           |     99.97       0.03 |    100.00 
-----------+----------------------+----------
         1 |    35,304     10,024 |    45,328 
           |     77.89      22.11 |    100.00 
-----------+----------------------+----------
     Total |    90,530     10,040 |   100,570 
           |     90.02       9.98 |    100.00 

+----------------+
| Key            |
|----------------|
|   frequency    |
| row percentage |
+----------------+

           |  RA, SLE, Psoriasis
           | (autoimmune disease)
      Male |         0          1 |     Total
-----------+----------------------+----------
         0 |    54,851        391 |    55,242 
           |     99.29       0.71 |    100.00 
-----------+----------------------+----------
         1 |    45,068        260 |    45,328 
           |     99.43       0.57 |    100.00 
-----------+----------------------+----------
     Total |    99,919        651 |   100,570 
           |     99.35       0.65 |    100.00 

. 
. 
. /*  Relationships between conditions  */
. 
. 
. * Respiratory
. tab chronic_respiratory_disease asthma 

Respirator |
 y disease |
    (excl. |        Asthma
   asthma) |         0          1 |     Total
-----------+----------------------+----------
         0 |    99,865         48 |    99,913 
         1 |       656          1 |       657 
-----------+----------------------+----------
     Total |   100,521         49 |   100,570 

. 
. * Cardiac
. tab diabetes chronic_cardiac_disease

           |     Heart disease
  Diabetes |         0          1 |     Total
-----------+----------------------+----------
         0 |    70,826      1,866 |    72,692 
         1 |     7,473     20,405 |    27,878 
-----------+----------------------+----------
     Total |    78,299     22,271 |   100,570 

. tab chronic_cardiac_disease bpcat

     Heart |           Grouped blood pressure
   disease |    Normal   Elevated  High, sta  High, sta |     Total
-----------+--------------------------------------------+----------
         0 |    51,448      5,095      8,753     13,003 |    78,299 
         1 |       458        147     10,464     11,202 |    22,271 
-----------+--------------------------------------------+----------
     Total |    51,906      5,242     19,217     24,205 |   100,570 

. 
. 
. 
. 
. 
. 
. 
. ********************************************
. *  Cross-check logical date relationships  *
. ********************************************
. 
. * Cross check dates of hosp/itu/death??
. 
. 
. 
. 
. 
. 
. * Close log file 
. log close
      name:  <unnamed>
       log:  C:\Github\opencorona-risk-factors-research\analysis\output/an_checks.log
  log type:  text
 closed on:  23 Apr 2020, 12:23:40
---------------------------------------------------------------------------------------------------------------------------------------------------------------------------------
