---------------------------------------------------------------------------------------------------------------------------------------------------------------------------------
      name:  <unnamed>
       log:  C:\Github\opencorona-risk-factors-research\analysis\output/an_univariable_cox_models.log
  log type:  text
 opened on:  23 Apr 2020, 13:04:41

. 
. use egdata, clear
(Poor factors dummy analysis dataset)

. 
. 
. 
. **************************
. *  Age and sex - no STP  *
. **************************
. 
. /*
> stset stime_died, fail(died) enter(enter_date) origin(enter_date) id(patient_id) 
> 
> timer on 1
> 
> * Cox model for age and sex
> stcox age1 age2 age3 i.male
> timer off 1
> */
. 
. 
. 
. 
. 
. *****************
. *  Age and sex  *
. *****************
. 
. 
. foreach outcome of any /*ecdsevent*/ ituadmission cpnsdeath onscoviddeath{
  2. 
.         stset stime_`outcome', fail(`outcome') enter(enter_date) origin(enter_date) id(patient_id) 
  3. 
.         * Cox model for age
.         capture stcox age1 age2 age3 i.male, strata(stp) 
  4.         if _rc==0 {
  5.                 estimates
  6.                 estimates save ./output/models/an_univariable_cox_models_`outcome'_AGESPLSEX_, replace
  7.                 est store base
  8.                 estat ic
  9.         }       
 10.         else di "WARNING - AGESPL SEX vs `outcome' MODEL DID NOT SUCCESSFULLY FIT"
 11. 
. 
.         capture stcox i.agegroup i.male, strata(stp) 
 12.         if _rc==0 {
 13.                 estimates
 14.                 estimates save ./output/models/an_univariable_cox_models_`outcome'_AGEGROUPSEX_`var', replace
 15.                 estat ic
 16.         }
 17.         else di "WARNING - AGEGROUP SEX vs `outcome' MODEL DID NOT SUCCESSFULLY FIT"
 18. 
.         
.         foreach var of varlist  bmicat                                                  ///
>                                                         obese40                                                 ///
>                                                         smoke                                                   ///
>                                                         currentsmoke                                    ///
>                                                         ethnicity                                               ///
>                                                         imd                                                     ///
>                                                         bpcat                                                   ///
>                                                         bphigh                                                  ///
>                                                         chronic_respiratory_disease     ///
>                                                         asthma                                                  ///
>                                                         chronic_cardiac_disease                 ///
>                                                         diabetes                                                ///
>                                                         cancer_exhaem_lastyr                    ///
>                                                         haemmalig_aanaem_bmtrans_lastyr ///
>                                                         chronic_liver_disease                   ///
>                                                         stroke_dementia                                 ///
>                                                         other_neuro                                             ///
>                                                         chronic_kidney_disease                  ///
>                                                         organ_transplant                                ///
>                                                         spleen                                                  /// 
>                                                         ra_sle_psoriasis                                ///
>                                                         /*endocrine?*/                                  ///
>                                                         /*immunosuppression?*/                  ///
>                                                         {               
 19.                 local b
 20.                 if "`var'"=="bmicat" local b "b2" /*group 2 is the baseline for BMI, baseline for all others is lowest level*/
 21.                 timer clear
 22.                 timer on 1
 23.                 capture stcox age1 age2 age3 male i`b'.`var', strata(stp) 
 24.                 if _rc==0 {
 25.                         estimates
 26.                         estimates save ./output/models/an_univariable_cox_models_`outcome'_AGESPLSEX_`var', replace
 27.                 }
 28.                 else di "WARNING - `var' vs `outcome' MODEL DID NOT SUCCESSFULLY FIT"
 29.                 timer off 1
 30.                 timer list
 31.                 } /*end of looping round vars for 1 var at a time models*/
 32. 
. } /*end of looping round outcomes*/

                id:  patient_id
     failure event:  ituadmission != 0 & ituadmission < .
obs. time interval:  (stime_ituadmission[_n-1], stime_ituadmission]
 enter on or after:  time enter_date
 exit on or before:  failure
    t for analysis:  (time-origin)
            origin:  time enter_date

------------------------------------------------------------------------------
    100,570  total observations
          3  observations end on or before enter()
------------------------------------------------------------------------------
    100,567  observations remaining, representing
    100,567  subjects
          5  failures in single-failure-per-subject data
  7,944,253  total analysis time at risk and under observation
                                                at risk from t =         0
                                     earliest observed entry t =         0
                                          last observed exit t =        79

---------------------------------------------------------------------------------------------------------------------------------------------------------------------------------
active results
---------------------------------------------------------------------------------------------------------------------------------------------------------------------------------

Stratified Cox regr. -- Breslow method for ties

No. of subjects =      100,567                  Number of obs    =     100,567
No. of failures =            5
Time at risk    =      7944253
                                                LR chi2(4)       =        7.57
Log likelihood  =   -53.805881                  Prob > chi2      =      0.1085

------------------------------------------------------------------------------
          _t | Haz. Ratio   Std. Err.      z    P>|z|     [95% Conf. Interval]
-------------+----------------------------------------------------------------
        age1 |   1.061866   .1029918     0.62   0.536     .8780325    1.284189
        age2 |   .5947668    .228888    -1.35   0.177     .2797521    1.264504
        age3 |   8.474724    12.1155     1.49   0.135     .5143327    139.6391
      1.male |   5.513297   6.391519     1.47   0.141     .5683562    53.48133
------------------------------------------------------------------------------
                                                             Stratified by stp
file ./output/models/an_univariable_cox_models_ituadmission_AGESPLSEX_.ster saved

Akaike's information criterion and Bayesian information criterion

-----------------------------------------------------------------------------
       Model |        Obs  ll(null)  ll(model)      df         AIC        BIC
-------------+---------------------------------------------------------------
        base |    100,567 -57.59286  -53.80588       4    115.6118   153.6861
-----------------------------------------------------------------------------
               Note: N=Obs used in calculating BIC; see [R] BIC note.

---------------------------------------------------------------------------------------------------------------------------------------------------------------------------------
active results
---------------------------------------------------------------------------------------------------------------------------------------------------------------------------------

Stratified Cox regr. -- Breslow method for ties

No. of subjects =      100,567                  Number of obs    =     100,567
No. of failures =            5
Time at risk    =      7944253
                                                LR chi2(3)       =       10.05
Log likelihood  =   -52.566254                  Prob > chi2      =      0.0181

------------------------------------------------------------------------------
          _t | Haz. Ratio   Std. Err.      z    P>|z|     [95% Conf. Interval]
-------------+----------------------------------------------------------------
    agegroup |
     40-<50  |   .5351198   .6212102    -0.54   0.590      .054993    5.207082
     50-<60  |   9.99e-21          .        .       .            .           .
     60-<70  |   4.36e-20          .        .       .            .           .
     70-<80  |   4.45e-20          .        .       .            .           .
        80+  |   .5146748     .59517    -0.57   0.566     .0533585    4.964351
             |
      1.male |   7.956822   8.973897     1.84   0.066     .8724367    72.56803
------------------------------------------------------------------------------
                                                             Stratified by stp
file ./output/models/an_univariable_cox_models_ituadmission_AGEGROUPSEX_.ster saved

Akaike's information criterion and Bayesian information criterion

-----------------------------------------------------------------------------
       Model |        Obs  ll(null)  ll(model)      df         AIC        BIC
-------------+---------------------------------------------------------------
           . |    100,567 -57.59286  -52.56625       3    111.1325   139.6882
-----------------------------------------------------------------------------
               Note: N=Obs used in calculating BIC; see [R] BIC note.
WARNING - bmicat vs ituadmission MODEL DID NOT SUCCESSFULLY FIT
   1:      0.39 /        1 =       0.3900

---------------------------------------------------------------------------------------------------------------------------------------------------------------------------------
active results
---------------------------------------------------------------------------------------------------------------------------------------------------------------------------------

Stratified Cox regr. -- Breslow method for ties

No. of subjects =      100,567                  Number of obs    =     100,567
No. of failures =            5
Time at risk    =      7944253
                                                LR chi2(4)       =        7.58
Log likelihood  =   -53.802105                  Prob > chi2      =      0.1082

------------------------------------------------------------------------------
          _t | Haz. Ratio   Std. Err.      z    P>|z|     [95% Conf. Interval]
-------------+----------------------------------------------------------------
        age1 |   1.062006   .1030278     0.62   0.535     .8781117    1.284411
        age2 |   .5945245   .2288327    -1.35   0.177      .279603    1.264147
        age3 |   8.485974   12.13335     1.50   0.135     .5148051    139.8816
        male |   5.510011   6.387953     1.47   0.141     .5679684    53.45407
   1.obese40 |   1.29e-17          .        .       .            .           .
------------------------------------------------------------------------------
                                                             Stratified by stp
file ./output/models/an_univariable_cox_models_ituadmission_AGESPLSEX_obese40.ster saved
   1:      3.43 /        1 =       3.4320

---------------------------------------------------------------------------------------------------------------------------------------------------------------------------------
active results
---------------------------------------------------------------------------------------------------------------------------------------------------------------------------------

Stratified Cox regr. -- no ties

No. of subjects =       42,017                  Number of obs    =      42,017
No. of failures =            2
Time at risk    =      3319246
                                                LR chi2(5)       =        4.18
Log likelihood  =   -19.203432                  Prob > chi2      =      0.5243

------------------------------------------------------------------------------
          _t | Haz. Ratio   Std. Err.      z    P>|z|     [95% Conf. Interval]
-------------+----------------------------------------------------------------
        age1 |   .9452846   .1657435    -0.32   0.748     .6703711    1.332938
        age2 |   .9730169   .6017705    -0.04   0.965      .289526     3.27004
        age3 |   1.637015   3.569875     0.23   0.821     .0227939    117.5673
        male |   12.96635   22.53692     1.47   0.140     .4298698    391.1095
             |
       smoke |
    Current  |   8.94e+14   2.27e+22     0.00   1.000            0           .
------------------------------------------------------------------------------
                                                             Stratified by stp
file ./output/models/an_univariable_cox_models_ituadmission_AGESPLSEX_smoke.ster saved
   1:      1.67 /        1 =       1.6730

---------------------------------------------------------------------------------------------------------------------------------------------------------------------------------
active results
---------------------------------------------------------------------------------------------------------------------------------------------------------------------------------

Stratified Cox regr. -- Breslow method for ties

No. of subjects =      100,567                  Number of obs    =     100,567
No. of failures =            5
Time at risk    =      7944253
                                                LR chi2(5)       =        9.10
Log likelihood  =    -53.04174                  Prob > chi2      =      0.1051

--------------------------------------------------------------------------------
            _t | Haz. Ratio   Std. Err.      z    P>|z|     [95% Conf. Interval]
---------------+----------------------------------------------------------------
          age1 |   1.062133    .105044     0.61   0.542      .874975    1.289323
          age2 |   .5925335   .2341886    -1.32   0.185     .2730802    1.285688
          age3 |   8.703608   12.82546     1.47   0.142     .4846034    156.3192
          male |   8.885042   11.67638     1.66   0.096       .67615    116.7551
1.currentsmoke |   3.590968   3.510393     1.31   0.191     .5285785    24.39572
--------------------------------------------------------------------------------
                                                             Stratified by stp
file ./output/models/an_univariable_cox_models_ituadmission_AGESPLSEX_currentsmoke.ster saved
   1:      1.36 /        1 =       1.3560

---------------------------------------------------------------------------------------------------------------------------------------------------------------------------------
active results
---------------------------------------------------------------------------------------------------------------------------------------------------------------------------------

Stratified Cox regr. -- no ties

No. of subjects =       20,585                  Number of obs    =      20,585
No. of failures =            0
Time at risk    =      1626215
                                                LR chi2(0)       =        0.00
Log likelihood  =            0                  Prob > chi2      =           .

------------------------------------------------------------------------------
          _t | Haz. Ratio   Std. Err.      z    P>|z|     [95% Conf. Interval]
-------------+----------------------------------------------------------------
        age1 |          1  (omitted)
        age2 |          1  (omitted)
        age3 |          1  (omitted)
        male |          1  (omitted)
             |
   ethnicity |
South Asian  |          1  (omitted)
      Black  |          1  (omitted)
      Other  |          1  (omitted)
      Mixed  |          1  (omitted)
------------------------------------------------------------------------------
                                                             Stratified by stp
file ./output/models/an_univariable_cox_models_ituadmission_AGESPLSEX_ethnicity.ster saved
   1:      0.57 /        1 =       0.5680

---------------------------------------------------------------------------------------------------------------------------------------------------------------------------------
active results
---------------------------------------------------------------------------------------------------------------------------------------------------------------------------------

Stratified Cox regr. -- Breslow method for ties

No. of subjects =       99,132                  Number of obs    =      99,132
No. of failures =            5
Time at risk    =      7830888
                                                LR chi2(5)       =       18.56
Log likelihood  =   -48.240878                  Prob > chi2      =      0.0023

------------------------------------------------------------------------------
          _t | Haz. Ratio   Std. Err.      z    P>|z|     [95% Conf. Interval]
-------------+----------------------------------------------------------------
        age1 |   1.093293   .1129021     0.86   0.388     .8929662    1.338562
        age2 |    .571356   .2339374    -1.37   0.172     .2560878    1.274749
        age3 |   8.991466   13.76086     1.44   0.151     .4478387    180.5258
        male |   12.62707   16.56375     1.93   0.053     .9654423    165.1502
             |
         imd |
          2  |   1.56e-10          .        .       .            .           .
          3  |   4.30e-10          .        .       .            .           .
          4  |   2.59e+10   2.47e+10    25.18   0.000     4.01e+09    1.68e+11
          5  |   7.09e+09          .        .       .            .           .
------------------------------------------------------------------------------
                                                             Stratified by stp
file ./output/models/an_univariable_cox_models_ituadmission_AGESPLSEX_imd.ster saved
   1:      3.93 /        1 =       3.9260

---------------------------------------------------------------------------------------------------------------------------------------------------------------------------------
active results
---------------------------------------------------------------------------------------------------------------------------------------------------------------------------------

Stratified Cox regr. -- Breslow method for ties

No. of subjects =      100,567                  Number of obs    =     100,567
No. of failures =            5
Time at risk    =      7944253
                                                LR chi2(5)       =       10.89
Log likelihood  =   -52.150345                  Prob > chi2      =      0.0537

---------------------------------------------------------------------------------
             _t | Haz. Ratio   Std. Err.      z    P>|z|     [95% Conf. Interval]
----------------+----------------------------------------------------------------
           age1 |   1.045542   .1029614     0.45   0.651     .8620211    1.268133
           age2 |   .6153713   .2378701    -1.26   0.209     .2884746    1.312704
           age3 |   7.652807   11.02165     1.41   0.158     .4548953    128.7449
           male |   3.915196   4.406443     1.21   0.225     .4312709    35.54324
                |
          bpcat |
      Elevated  |   9.77e-20          .        .       .            .           .
 High, stage I  |   .9062177    1.06388    -0.08   0.933     .0907696    9.047414
High, stage II  |   3.26e-20          .        .       .            .           .
---------------------------------------------------------------------------------
                                                             Stratified by stp
file ./output/models/an_univariable_cox_models_ituadmission_AGESPLSEX_bpcat.ster saved
   1:      3.65 /        1 =       3.6460

---------------------------------------------------------------------------------------------------------------------------------------------------------------------------------
active results
---------------------------------------------------------------------------------------------------------------------------------------------------------------------------------

Stratified Cox regr. -- Breslow method for ties

No. of subjects =      100,567                  Number of obs    =     100,567
No. of failures =            5
Time at risk    =      7944253
                                                LR chi2(5)       =        8.32
Log likelihood  =   -53.435187                  Prob > chi2      =      0.1397

------------------------------------------------------------------------------
          _t | Haz. Ratio   Std. Err.      z    P>|z|     [95% Conf. Interval]
-------------+----------------------------------------------------------------
        age1 |   1.051694   .1010208     0.52   0.600     .8712185    1.269556
        age2 |   .6290384   .2389906    -1.22   0.222     .2987309    1.324568
        age3 |   6.783418   9.625992     1.35   0.177     .4202939    109.4823
        male |   5.014963   5.720425     1.41   0.157     .5361997     46.9039
    1.bphigh |   .4022095   .4588398    -0.80   0.425     .0429936    3.762714
------------------------------------------------------------------------------
                                                             Stratified by stp
file ./output/models/an_univariable_cox_models_ituadmission_AGESPLSEX_bphigh.ster saved
   1:      1.75 /        1 =       1.7540

---------------------------------------------------------------------------------------------------------------------------------------------------------------------------------
active results
---------------------------------------------------------------------------------------------------------------------------------------------------------------------------------

Stratified Cox regr. -- Breslow method for ties

No. of subjects =      100,567                  Number of obs    =     100,567
No. of failures =            5
Time at risk    =      7944253
                                                LR chi2(4)       =        7.67
Log likelihood  =   -53.759243                  Prob > chi2      =      0.1046

-----------------------------------------------------------------------------------------------
                           _t | Haz. Ratio   Std. Err.      z    P>|z|     [95% Conf. Interval]
------------------------------+----------------------------------------------------------------
                         age1 |   1.061876   .1030138     0.62   0.536     .8780065     1.28425
                         age2 |   .5942872   .2287553    -1.35   0.176     .2794786    1.263701
                         age3 |   8.508426   12.16629     1.50   0.134     .5160685    140.2785
                         male |   5.541384   6.427688     1.48   0.140     .5705229    53.82243
1.chronic_respiratory_disease |   1.24e-18          .        .       .            .           .
-----------------------------------------------------------------------------------------------
                                                             Stratified by stp
file ./output/models/an_univariable_cox_models_ituadmission_AGESPLSEX_chronic_respiratory_disease.ster saved
   1:      3.13 /        1 =       3.1320

---------------------------------------------------------------------------------------------------------------------------------------------------------------------------------
active results
---------------------------------------------------------------------------------------------------------------------------------------------------------------------------------

Stratified Cox regr. -- Breslow method for ties

No. of subjects =      100,567                  Number of obs    =     100,567
No. of failures =            5
Time at risk    =      7944253
                                                LR chi2(4)       =        7.58
Log likelihood  =   -53.801222                  Prob > chi2      =      0.1081

------------------------------------------------------------------------------
          _t | Haz. Ratio   Std. Err.      z    P>|z|     [95% Conf. Interval]
-------------+----------------------------------------------------------------
        age1 |   1.061897   .1029797     0.62   0.536     .8780827    1.284191
        age2 |   .5946253   .2288246    -1.35   0.177     .2796937    1.264166
        age3 |   8.483092   12.12725     1.50   0.135     .5148662      139.77
        male |   5.516196   6.395001     1.47   0.141     .5686305    53.51175
    1.asthma |   1.84e-17          .        .       .            .           .
------------------------------------------------------------------------------
                                                             Stratified by stp
file ./output/models/an_univariable_cox_models_ituadmission_AGESPLSEX_asthma.ster saved
   1:      2.98 /        1 =       2.9780

---------------------------------------------------------------------------------------------------------------------------------------------------------------------------------
active results
---------------------------------------------------------------------------------------------------------------------------------------------------------------------------------

Stratified Cox regr. -- Breslow method for ties

No. of subjects =      100,567                  Number of obs    =     100,567
No. of failures =            5
Time at risk    =      7944253
                                                LR chi2(5)       =       10.33
Log likelihood  =   -52.427458                  Prob > chi2      =      0.0664

-------------------------------------------------------------------------------------------
                       _t | Haz. Ratio   Std. Err.      z    P>|z|     [95% Conf. Interval]
--------------------------+----------------------------------------------------------------
                     age1 |   1.133214   .1348636     1.05   0.293     .8974512    1.430913
                     age2 |   .4239698   .2067075    -1.76   0.078     .1630533    1.102403
                     age3 |   30.92328   55.48965     1.91   0.056     .9180451    1041.614
                     male |   7.974887   10.79946     1.53   0.125     .5611014    113.3464
1.chronic_cardiac_disease |   7.168183   7.967447     1.77   0.076     .8115162    63.31709
-------------------------------------------------------------------------------------------
                                                             Stratified by stp
file ./output/models/an_univariable_cox_models_ituadmission_AGESPLSEX_chronic_cardiac_disease.ster saved
   1:      1.55 /        1 =       1.5510

---------------------------------------------------------------------------------------------------------------------------------------------------------------------------------
active results
---------------------------------------------------------------------------------------------------------------------------------------------------------------------------------

Stratified Cox regr. -- Breslow method for ties

No. of subjects =      100,567                  Number of obs    =     100,567
No. of failures =            5
Time at risk    =      7944253
                                                LR chi2(5)       =        7.58
Log likelihood  =   -53.804498                  Prob > chi2      =      0.1812

------------------------------------------------------------------------------
          _t | Haz. Ratio   Std. Err.      z    P>|z|     [95% Conf. Interval]
-------------+----------------------------------------------------------------
        age1 |   1.061341   .1032891     0.61   0.541     .8770337    1.284379
        age2 |   .5972029   .2339484    -1.32   0.188     .2771226     1.28698
        age3 |   8.328033   12.19695     1.45   0.148     .4719562    146.9546
        male |   5.457739   6.395975     1.45   0.148     .5488856    54.26799
  1.diabetes |   .9397148   1.115979    -0.05   0.958     .0916501    9.635168
------------------------------------------------------------------------------
                                                             Stratified by stp
file ./output/models/an_univariable_cox_models_ituadmission_AGESPLSEX_diabetes.ster saved
   1:      1.45 /        1 =       1.4500

---------------------------------------------------------------------------------------------------------------------------------------------------------------------------------
active results
---------------------------------------------------------------------------------------------------------------------------------------------------------------------------------

Stratified Cox regr. -- Breslow method for ties

No. of subjects =      100,567                  Number of obs    =     100,567
No. of failures =            5
Time at risk    =      7944253
                                                LR chi2(4)       =        7.57
Log likelihood  =   -53.805785                  Prob > chi2      =      0.1085

----------------------------------------------------------------------------------------
                    _t | Haz. Ratio   Std. Err.      z    P>|z|     [95% Conf. Interval]
-----------------------+----------------------------------------------------------------
                  age1 |   1.061868   .1029925     0.62   0.536     .8780335    1.284193
                  age2 |   .5947667   .2288892    -1.35   0.177     .2797508    1.264509
                  age3 |   8.474667   12.11549     1.49   0.135     .5143211    139.6404
                  male |   5.512937    6.39114     1.47   0.141     .5683114    53.47856
1.cancer_exhaem_lastyr |   7.39e-16          .        .       .            .           .
----------------------------------------------------------------------------------------
                                                             Stratified by stp
file ./output/models/an_univariable_cox_models_ituadmission_AGESPLSEX_cancer_exhaem_lastyr.ster saved
   1:      2.90 /        1 =       2.8980

---------------------------------------------------------------------------------------------------------------------------------------------------------------------------------
active results
---------------------------------------------------------------------------------------------------------------------------------------------------------------------------------

Stratified Cox regr. -- Breslow method for ties

No. of subjects =      100,567                  Number of obs    =     100,567
No. of failures =            5
Time at risk    =      7944253
                                                LR chi2(4)       =        7.57
Log likelihood  =   -53.805803                  Prob > chi2      =      0.1085

---------------------------------------------------------------------------------------------------
                               _t | Haz. Ratio   Std. Err.      z    P>|z|     [95% Conf. Interval]
----------------------------------+----------------------------------------------------------------
                             age1 |   1.061871   .1029936     0.62   0.536     .8780344    1.284198
                             age2 |   .5947582   .2288867    -1.35   0.177     .2797461    1.264494
                             age3 |   8.475121   12.11615     1.49   0.135     .5143469    139.6483
                             male |   5.512783    6.39099     1.47   0.141     .5682896    53.47762
1.haemmalig_aanaem_bmtrans_lastyr |   6.90e-16          .        .       .            .           .
---------------------------------------------------------------------------------------------------
                                                             Stratified by stp
file ./output/models/an_univariable_cox_models_ituadmission_AGESPLSEX_haemmalig_aanaem_bmtrans_lastyr.ster saved
   1:      2.67 /        1 =       2.6690

---------------------------------------------------------------------------------------------------------------------------------------------------------------------------------
active results
---------------------------------------------------------------------------------------------------------------------------------------------------------------------------------

Stratified Cox regr. -- Breslow method for ties

No. of subjects =      100,567                  Number of obs    =     100,567
No. of failures =            5
Time at risk    =      7944253
                                                LR chi2(4)       =        8.31
Log likelihood  =   -53.439832                  Prob > chi2      =      0.0810

-----------------------------------------------------------------------------------------
                     _t | Haz. Ratio   Std. Err.      z    P>|z|     [95% Conf. Interval]
------------------------+----------------------------------------------------------------
                   age1 |   1.035719   .0996018     0.36   0.715      .857797    1.250545
                   age2 |   .6359192    .240795    -1.20   0.232     .3027533    1.335719
                   age3 |   6.853571    9.64722     1.37   0.172     .4342594    108.1645
                   male |     4.0163   4.506308     1.24   0.215     .4454242    36.21416
1.chronic_liver_disease |   8.60e-20          .        .       .            .           .
-----------------------------------------------------------------------------------------
                                                             Stratified by stp
file ./output/models/an_univariable_cox_models_ituadmission_AGESPLSEX_chronic_liver_disease.ster saved
   1:      2.69 /        1 =       2.6930

---------------------------------------------------------------------------------------------------------------------------------------------------------------------------------
active results
---------------------------------------------------------------------------------------------------------------------------------------------------------------------------------

Stratified Cox regr. -- Breslow method for ties

No. of subjects =      100,567                  Number of obs    =     100,567
No. of failures =            5
Time at risk    =      7944253
                                                LR chi2(4)       =        8.35
Log likelihood  =   -53.416085                  Prob > chi2      =      0.0795

-----------------------------------------------------------------------------------
               _t | Haz. Ratio   Std. Err.      z    P>|z|     [95% Conf. Interval]
------------------+----------------------------------------------------------------
             age1 |   1.035541   .0995972     0.36   0.717      .857629    1.250359
             age2 |   .6360596   .2408592    -1.19   0.232     .3028098    1.336059
             age3 |   6.851859   9.644942     1.37   0.172     .4341344    108.1416
             male |   4.019847   4.510383     1.24   0.215     .4457968    36.24783
1.stroke_dementia |   8.87e-20          .        .       .            .           .
-----------------------------------------------------------------------------------
                                                             Stratified by stp
file ./output/models/an_univariable_cox_models_ituadmission_AGESPLSEX_stroke_dementia.ster saved
   1:      2.75 /        1 =       2.7470

---------------------------------------------------------------------------------------------------------------------------------------------------------------------------------
active results
---------------------------------------------------------------------------------------------------------------------------------------------------------------------------------

Stratified Cox regr. -- Breslow method for ties

No. of subjects =      100,567                  Number of obs    =     100,567
No. of failures =            5
Time at risk    =      7944253
                                                LR chi2(4)       =        7.61
Log likelihood  =   -53.790296                  Prob > chi2      =      0.1072

-------------------------------------------------------------------------------
           _t | Haz. Ratio   Std. Err.      z    P>|z|     [95% Conf. Interval]
--------------+----------------------------------------------------------------
         age1 |   1.061855   .1029996     0.62   0.536     .8780086    1.284196
         age2 |   .5947342   .2288794    -1.35   0.177     .2797331    1.264451
         age3 |   8.477224   12.11882     1.50   0.135     .5145153    139.6719
         male |   5.516607   6.396466     1.47   0.141     .5684734    53.53453
1.other_neuro |   4.23e-18          .        .       .            .           .
-------------------------------------------------------------------------------
                                                             Stratified by stp
file ./output/models/an_univariable_cox_models_ituadmission_AGESPLSEX_other_neuro.ster saved
   1:      2.71 /        1 =       2.7100

---------------------------------------------------------------------------------------------------------------------------------------------------------------------------------
active results
---------------------------------------------------------------------------------------------------------------------------------------------------------------------------------

Stratified Cox regr. -- Breslow method for ties

No. of subjects =      100,567                  Number of obs    =     100,567
No. of failures =            5
Time at risk    =      7944253
                                                LR chi2(4)       =        8.09
Log likelihood  =   -53.548219                  Prob > chi2      =      0.0884

------------------------------------------------------------------------------------------
                      _t | Haz. Ratio   Std. Err.      z    P>|z|     [95% Conf. Interval]
-------------------------+----------------------------------------------------------------
                    age1 |   1.061829   .1031224     0.62   0.537     .8777844    1.284462
                    age2 |   .5948671   .2290009    -1.35   0.177     .2797308    1.265027
                    age3 |   8.469689   12.10817     1.49   0.135     .5140437    139.5516
                    male |   5.513641   6.394053     1.47   0.141     .5679606    53.52527
1.chronic_kidney_disease |   1.94e-19          .        .       .            .           .
------------------------------------------------------------------------------------------
                                                             Stratified by stp
file ./output/models/an_univariable_cox_models_ituadmission_AGESPLSEX_chronic_kidney_disease.ster saved
   1:      2.57 /        1 =       2.5690

---------------------------------------------------------------------------------------------------------------------------------------------------------------------------------
active results
---------------------------------------------------------------------------------------------------------------------------------------------------------------------------------

Stratified Cox regr. -- Breslow method for ties

No. of subjects =      100,567                  Number of obs    =     100,567
No. of failures =            5
Time at risk    =      7944253
                                                LR chi2(4)       =        7.58
Log likelihood  =   -53.805015                  Prob > chi2      =      0.1084

------------------------------------------------------------------------------------
                _t | Haz. Ratio   Std. Err.      z    P>|z|     [95% Conf. Interval]
-------------------+----------------------------------------------------------------
              age1 |   1.061848   .1029941     0.62   0.536     .8780107    1.284176
              age2 |   .5948171     .22891    -1.35   0.177     .2797733    1.264622
              age3 |   8.472019   12.11165     1.49   0.135     .5141673    139.5948
              male |   5.513855   6.392363     1.47   0.141     .5683739    53.49049
1.organ_transplant |   7.45e-17          .        .       .            .           .
------------------------------------------------------------------------------------
                                                             Stratified by stp
file ./output/models/an_univariable_cox_models_ituadmission_AGESPLSEX_organ_transplant.ster saved
   1:      2.31 /        1 =       2.3150

---------------------------------------------------------------------------------------------------------------------------------------------------------------------------------
active results
---------------------------------------------------------------------------------------------------------------------------------------------------------------------------------

Stratified Cox regr. -- Breslow method for ties

No. of subjects =      100,567                  Number of obs    =     100,567
No. of failures =            5
Time at risk    =      7944253
                                                LR chi2(4)       =        8.24
Log likelihood  =   -53.472692                  Prob > chi2      =      0.0832

------------------------------------------------------------------------------
          _t | Haz. Ratio   Std. Err.      z    P>|z|     [95% Conf. Interval]
-------------+----------------------------------------------------------------
        age1 |   1.057129   .0994282     0.59   0.555     .8791606    1.271123
        age2 |   .6406083   .2365837    -1.21   0.228     .3106236    1.321146
        age3 |   6.115661   8.452974     1.31   0.190     .4073105    91.82507
        male |   5.938692   6.856364     1.54   0.123     .6179566    57.07207
    1.spleen |   1.07e-19          .        .       .            .           .
------------------------------------------------------------------------------
                                                             Stratified by stp
file ./output/models/an_univariable_cox_models_ituadmission_AGESPLSEX_spleen.ster saved
   1:      2.53 /        1 =       2.5260

---------------------------------------------------------------------------------------------------------------------------------------------------------------------------------
active results
---------------------------------------------------------------------------------------------------------------------------------------------------------------------------------

Stratified Cox regr. -- Breslow method for ties

No. of subjects =      100,567                  Number of obs    =     100,567
No. of failures =            5
Time at risk    =      7944253
                                                LR chi2(4)       =        7.65
Log likelihood  =   -53.769841                  Prob > chi2      =      0.1054

------------------------------------------------------------------------------------
                _t | Haz. Ratio   Std. Err.      z    P>|z|     [95% Conf. Interval]
-------------------+----------------------------------------------------------------
              age1 |   1.061962   .1030368     0.62   0.536     .8780537    1.284389
              age2 |   .5942599   .2287911    -1.35   0.176     .2794231    1.263835
              age3 |    8.50519   12.16423     1.50   0.134     .5155668    140.3082
              male |   5.514878   6.396776     1.47   0.141     .5678276    53.56181
1.ra_sle_psoriasis |   1.67e-18          .        .       .            .           .
------------------------------------------------------------------------------------
                                                             Stratified by stp
file ./output/models/an_univariable_cox_models_ituadmission_AGESPLSEX_ra_sle_psoriasis.ster saved
   1:      2.63 /        1 =       2.6340

                id:  patient_id
     failure event:  cpnsdeath != 0 & cpnsdeath < .
obs. time interval:  (stime_cpnsdeath[_n-1], stime_cpnsdeath]
 enter on or after:  time enter_date
 exit on or before:  failure
    t for analysis:  (time-origin)
            origin:  time enter_date

------------------------------------------------------------------------------
    100,570  total observations
          3  observations end on or before enter()
------------------------------------------------------------------------------
    100,567  observations remaining, representing
    100,567  subjects
          1  failure in single-failure-per-subject data
  7,542,261  total analysis time at risk and under observation
                                                at risk from t =         0
                                     earliest observed entry t =         0
                                          last observed exit t =        75
WARNING - AGESPL SEX vs cpnsdeath MODEL DID NOT SUCCESSFULLY FIT

---------------------------------------------------------------------------------------------------------------------------------------------------------------------------------
active results
---------------------------------------------------------------------------------------------------------------------------------------------------------------------------------

Stratified Cox regr. -- no ties

No. of subjects =      100,567                  Number of obs    =     100,567
No. of failures =            1
Time at risk    =      7542261
                                                LR chi2(6)       =        3.35
Log likelihood  =   -9.8435783                  Prob > chi2      =      0.7638

------------------------------------------------------------------------------
          _t | Haz. Ratio   Std. Err.      z    P>|z|     [95% Conf. Interval]
-------------+----------------------------------------------------------------
    agegroup |
     40-<50  |   6.52e-17   1.45e-08    -0.00   1.000            0           .
     50-<60  |   1.25e-16   1.96e-08    -0.00   1.000            0           .
     60-<70  |   6.14e-17   1.56e-08    -0.00   1.000            0           .
     70-<80  |   5.97e-17   1.62e-08    -0.00   1.000            0           .
        80+  |   3.57e-17   6.60e-09    -0.00   1.000            0           .
             |
      1.male |   3.73e-16   2.81e-08    -0.00   1.000            0           .
------------------------------------------------------------------------------
                                                             Stratified by stp
file ./output/models/an_univariable_cox_models_cpnsdeath_AGEGROUPSEX_.ster saved

Akaike's information criterion and Bayesian information criterion

-----------------------------------------------------------------------------
       Model |        Obs  ll(null)  ll(model)      df         AIC        BIC
-------------+---------------------------------------------------------------
           . |    100,567 -11.51858  -9.843578       6    31.68716   88.79863
-----------------------------------------------------------------------------
               Note: N=Obs used in calculating BIC; see [R] BIC note.

---------------------------------------------------------------------------------------------------------------------------------------------------------------------------------
active results
---------------------------------------------------------------------------------------------------------------------------------------------------------------------------------

Stratified Cox regr. -- no ties

No. of subjects =       10,382                  Number of obs    =      10,382
No. of failures =            0
Time at risk    =       778650
                                                LR chi2(0)       =        0.00
Log likelihood  =            0                  Prob > chi2      =           .

---------------------------------------------------------------------------------------
                   _t | Haz. Ratio   Std. Err.      z    P>|z|     [95% Conf. Interval]
----------------------+----------------------------------------------------------------
                 age1 |          1  (omitted)
                 age2 |          1  (omitted)
                 age3 |          1  (omitted)
                 male |          1  (omitted)
                      |
               bmicat |
 Underweight (<18.5)  |          1  (omitted)
Overweight (25-29.9)  |          1  (omitted)
   Obese I (30-34.9)  |          1  (omitted)
  Obese II (35-39.9)  |          1  (omitted)
     Obese III (40+)  |          1  (omitted)
---------------------------------------------------------------------------------------
                                                             Stratified by stp
file ./output/models/an_univariable_cox_models_cpnsdeath_AGESPLSEX_bmicat.ster saved
   1:      0.35 /        1 =       0.3510
WARNING - obese40 vs cpnsdeath MODEL DID NOT SUCCESSFULLY FIT
   1:      1.39 /        1 =       1.3940

---------------------------------------------------------------------------------------------------------------------------------------------------------------------------------
active results
---------------------------------------------------------------------------------------------------------------------------------------------------------------------------------

Stratified Cox regr. -- no ties

No. of subjects =       42,017                  Number of obs    =      42,017
No. of failures =            0
Time at risk    =      3151275
                                                LR chi2(0)       =        0.00
Log likelihood  =            0                  Prob > chi2      =           .

------------------------------------------------------------------------------
          _t | Haz. Ratio   Std. Err.      z    P>|z|     [95% Conf. Interval]
-------------+----------------------------------------------------------------
        age1 |          1  (omitted)
        age2 |          1  (omitted)
        age3 |          1  (omitted)
        male |          1  (omitted)
             |
       smoke |
    Current  |          1  (omitted)
------------------------------------------------------------------------------
                                                             Stratified by stp
file ./output/models/an_univariable_cox_models_cpnsdeath_AGESPLSEX_smoke.ster saved
   1:      0.67 /        1 =       0.6650
WARNING - currentsmoke vs cpnsdeath MODEL DID NOT SUCCESSFULLY FIT
   1:      2.13 /        1 =       2.1280

---------------------------------------------------------------------------------------------------------------------------------------------------------------------------------
active results
---------------------------------------------------------------------------------------------------------------------------------------------------------------------------------

Stratified Cox regr. -- no ties

No. of subjects =       20,585                  Number of obs    =      20,585
No. of failures =            0
Time at risk    =      1543875
                                                LR chi2(0)       =        0.00
Log likelihood  =            0                  Prob > chi2      =           .

------------------------------------------------------------------------------
          _t | Haz. Ratio   Std. Err.      z    P>|z|     [95% Conf. Interval]
-------------+----------------------------------------------------------------
        age1 |          1  (omitted)
        age2 |          1  (omitted)
        age3 |          1  (omitted)
        male |          1  (omitted)
             |
   ethnicity |
South Asian  |          1  (omitted)
      Black  |          1  (omitted)
      Other  |          1  (omitted)
      Mixed  |          1  (omitted)
------------------------------------------------------------------------------
                                                             Stratified by stp
file ./output/models/an_univariable_cox_models_cpnsdeath_AGESPLSEX_ethnicity.ster saved
   1:      0.46 /        1 =       0.4570
WARNING - imd vs cpnsdeath MODEL DID NOT SUCCESSFULLY FIT
   1:      1.88 /        1 =       1.8770
WARNING - bpcat vs cpnsdeath MODEL DID NOT SUCCESSFULLY FIT
   1:      1.67 /        1 =       1.6720
WARNING - bphigh vs cpnsdeath MODEL DID NOT SUCCESSFULLY FIT
   1:      1.73 /        1 =       1.7320
WARNING - chronic_respiratory_disease vs cpnsdeath MODEL DID NOT SUCCESSFULLY FIT
   1:      2.79 /        1 =       2.7920
WARNING - asthma vs cpnsdeath MODEL DID NOT SUCCESSFULLY FIT
   1:      1.45 /        1 =       1.4520
WARNING - chronic_cardiac_disease vs cpnsdeath MODEL DID NOT SUCCESSFULLY FIT
   1:      1.91 /        1 =       1.9060
WARNING - diabetes vs cpnsdeath MODEL DID NOT SUCCESSFULLY FIT
   1:      2.24 /        1 =       2.2360
WARNING - cancer_exhaem_lastyr vs cpnsdeath MODEL DID NOT SUCCESSFULLY FIT
   1:      1.36 /        1 =       1.3650
WARNING - haemmalig_aanaem_bmtrans_lastyr vs cpnsdeath MODEL DID NOT SUCCESSFULLY FIT
   1:      1.68 /        1 =       1.6770
WARNING - chronic_liver_disease vs cpnsdeath MODEL DID NOT SUCCESSFULLY FIT
   1:      1.77 /        1 =       1.7690
WARNING - stroke_dementia vs cpnsdeath MODEL DID NOT SUCCESSFULLY FIT
   1:      1.70 /        1 =       1.7040
WARNING - other_neuro vs cpnsdeath MODEL DID NOT SUCCESSFULLY FIT
   1:      2.77 /        1 =       2.7750
WARNING - chronic_kidney_disease vs cpnsdeath MODEL DID NOT SUCCESSFULLY FIT
   1:      1.55 /        1 =       1.5480
WARNING - organ_transplant vs cpnsdeath MODEL DID NOT SUCCESSFULLY FIT
   1:      1.41 /        1 =       1.4110
WARNING - spleen vs cpnsdeath MODEL DID NOT SUCCESSFULLY FIT
   1:      2.69 /        1 =       2.6860
WARNING - ra_sle_psoriasis vs cpnsdeath MODEL DID NOT SUCCESSFULLY FIT
   1:      2.05 /        1 =       2.0530

                id:  patient_id
     failure event:  onscoviddeath != 0 & onscoviddeath < .
obs. time interval:  (stime_onscoviddeath[_n-1], stime_onscoviddeath]
 enter on or after:  time enter_date
 exit on or before:  failure
    t for analysis:  (time-origin)
            origin:  time enter_date

------------------------------------------------------------------------------
    100,570  total observations
          3  observations end on or before enter()
------------------------------------------------------------------------------
    100,567  observations remaining, representing
    100,567  subjects
          1  failure in single-failure-per-subject data
  6,536,671  total analysis time at risk and under observation
                                                at risk from t =         0
                                     earliest observed entry t =         0
                                          last observed exit t =        65
WARNING - AGESPL SEX vs onscoviddeath MODEL DID NOT SUCCESSFULLY FIT

---------------------------------------------------------------------------------------------------------------------------------------------------------------------------------
active results
---------------------------------------------------------------------------------------------------------------------------------------------------------------------------------

Stratified Cox regr. -- no ties

No. of subjects =      100,567                  Number of obs    =     100,567
No. of failures =            1
Time at risk    =      6536671
                                                LR chi2(6)       =        3.75
Log likelihood  =   -9.6438745                  Prob > chi2      =      0.7105

------------------------------------------------------------------------------
          _t | Haz. Ratio   Std. Err.      z    P>|z|     [95% Conf. Interval]
-------------+----------------------------------------------------------------
    agegroup |
     40-<50  |   .0289395    9851939    -0.00   1.000            0           .
     50-<60  |   .0555654   1.34e+07    -0.00   1.000            0           .
     60-<70  |   .0272429   1.05e+07    -0.00   1.000            0           .
     70-<80  |   .0265292   1.10e+07    -0.00   1.000            0           .
        80+  |   1.25e+15   4.29e+22     0.00   1.000            0           .
             |
      1.male |   4.80e-16   3.72e-08    -0.00   1.000            0           .
------------------------------------------------------------------------------
                                                             Stratified by stp
file ./output/models/an_univariable_cox_models_onscoviddeath_AGEGROUPSEX_.ster saved

Akaike's information criterion and Bayesian information criterion

-----------------------------------------------------------------------------
       Model |        Obs  ll(null)  ll(model)      df         AIC        BIC
-------------+---------------------------------------------------------------
           . |    100,567 -11.51858  -9.643875       6    31.28775   88.39923
-----------------------------------------------------------------------------
               Note: N=Obs used in calculating BIC; see [R] BIC note.

---------------------------------------------------------------------------------------------------------------------------------------------------------------------------------
active results
---------------------------------------------------------------------------------------------------------------------------------------------------------------------------------

Stratified Cox regr. -- no ties

No. of subjects =       10,382                  Number of obs    =      10,382
No. of failures =            0
Time at risk    =       674830
                                                LR chi2(0)       =        0.00
Log likelihood  =            0                  Prob > chi2      =           .

---------------------------------------------------------------------------------------
                   _t | Haz. Ratio   Std. Err.      z    P>|z|     [95% Conf. Interval]
----------------------+----------------------------------------------------------------
                 age1 |          1  (omitted)
                 age2 |          1  (omitted)
                 age3 |          1  (omitted)
                 male |          1  (omitted)
                      |
               bmicat |
 Underweight (<18.5)  |          1  (omitted)
Overweight (25-29.9)  |          1  (omitted)
   Obese I (30-34.9)  |          1  (omitted)
  Obese II (35-39.9)  |          1  (omitted)
     Obese III (40+)  |          1  (omitted)
---------------------------------------------------------------------------------------
                                                             Stratified by stp
file ./output/models/an_univariable_cox_models_onscoviddeath_AGESPLSEX_bmicat.ster saved
   1:      0.37 /        1 =       0.3680
WARNING - obese40 vs onscoviddeath MODEL DID NOT SUCCESSFULLY FIT
   1:      2.25 /        1 =       2.2500

---------------------------------------------------------------------------------------------------------------------------------------------------------------------------------
active results
---------------------------------------------------------------------------------------------------------------------------------------------------------------------------------

Stratified Cox regr. -- no ties

No. of subjects =       42,017                  Number of obs    =      42,017
No. of failures =            0
Time at risk    =      2731105
                                                LR chi2(0)       =        0.00
Log likelihood  =            0                  Prob > chi2      =           .

------------------------------------------------------------------------------
          _t | Haz. Ratio   Std. Err.      z    P>|z|     [95% Conf. Interval]
-------------+----------------------------------------------------------------
        age1 |          1  (omitted)
        age2 |          1  (omitted)
        age3 |          1  (omitted)
        male |          1  (omitted)
             |
       smoke |
    Current  |          1  (omitted)
------------------------------------------------------------------------------
                                                             Stratified by stp
file ./output/models/an_univariable_cox_models_onscoviddeath_AGESPLSEX_smoke.ster saved
   1:      0.65 /        1 =       0.6540
WARNING - currentsmoke vs onscoviddeath MODEL DID NOT SUCCESSFULLY FIT
   1:      2.80 /        1 =       2.8000

---------------------------------------------------------------------------------------------------------------------------------------------------------------------------------
active results
---------------------------------------------------------------------------------------------------------------------------------------------------------------------------------

Stratified Cox regr. -- no ties

No. of subjects =       20,585                  Number of obs    =      20,585
No. of failures =            0
Time at risk    =      1338025
                                                LR chi2(0)       =        0.00
Log likelihood  =            0                  Prob > chi2      =           .

------------------------------------------------------------------------------
          _t | Haz. Ratio   Std. Err.      z    P>|z|     [95% Conf. Interval]
-------------+----------------------------------------------------------------
        age1 |          1  (omitted)
        age2 |          1  (omitted)
        age3 |          1  (omitted)
        male |          1  (omitted)
             |
   ethnicity |
South Asian  |          1  (omitted)
      Black  |          1  (omitted)
      Other  |          1  (omitted)
      Mixed  |          1  (omitted)
------------------------------------------------------------------------------
                                                             Stratified by stp
file ./output/models/an_univariable_cox_models_onscoviddeath_AGESPLSEX_ethnicity.ster saved
   1:      0.57 /        1 =       0.5720
WARNING - imd vs onscoviddeath MODEL DID NOT SUCCESSFULLY FIT
   1:      2.84 /        1 =       2.8400
WARNING - bpcat vs onscoviddeath MODEL DID NOT SUCCESSFULLY FIT
   1:      3.12 /        1 =       3.1180
WARNING - bphigh vs onscoviddeath MODEL DID NOT SUCCESSFULLY FIT
   1:      2.65 /        1 =       2.6510

---------------------------------------------------------------------------------------------------------------------------------------------------------------------------------
active results
---------------------------------------------------------------------------------------------------------------------------------------------------------------------------------

Stratified Cox regr. -- no ties

No. of subjects =      100,567                  Number of obs    =     100,567
No. of failures =            1
Time at risk    =      6536671
                                                LR chi2(0)       =       11.39
Log likelihood  =   -5.8257957                  Prob > chi2      =           .

-----------------------------------------------------------------------------------------------
                           _t | Haz. Ratio   Std. Err.      z    P>|z|     [95% Conf. Interval]
------------------------------+----------------------------------------------------------------
                         age1 |   5.37e-18          .        .       .            .           .
                         age2 |   6.01e+58          .        .       .            .           .
                         age3 |   1.4e-185          .        .       .            .           .
                         male |   .0001861          .        .       .            .           .
1.chronic_respiratory_disease |   .0002695          .        .       .            .           .
-----------------------------------------------------------------------------------------------
                                                             Stratified by stp
file ./output/models/an_univariable_cox_models_onscoviddeath_AGESPLSEX_chronic_respiratory_disease.ster saved
   1:     13.38 /        1 =      13.3750
WARNING - asthma vs onscoviddeath MODEL DID NOT SUCCESSFULLY FIT
   1:      2.45 /        1 =       2.4500
WARNING - chronic_cardiac_disease vs onscoviddeath MODEL DID NOT SUCCESSFULLY FIT
   1:      3.06 /        1 =       3.0550
WARNING - diabetes vs onscoviddeath MODEL DID NOT SUCCESSFULLY FIT
   1:      3.67 /        1 =       3.6730
WARNING - cancer_exhaem_lastyr vs onscoviddeath MODEL DID NOT SUCCESSFULLY FIT
   1:      2.74 /        1 =       2.7380
WARNING - haemmalig_aanaem_bmtrans_lastyr vs onscoviddeath MODEL DID NOT SUCCESSFULLY FIT
   1:      2.44 /        1 =       2.4440

---------------------------------------------------------------------------------------------------------------------------------------------------------------------------------
active results
---------------------------------------------------------------------------------------------------------------------------------------------------------------------------------

Stratified Cox regr. -- no ties

No. of subjects =      100,567                  Number of obs    =     100,567
No. of failures =            1
Time at risk    =      6536671
                                                LR chi2(0)       =       11.49
Log likelihood  =   -5.7737484                  Prob > chi2      =           .

-----------------------------------------------------------------------------------------
                     _t | Haz. Ratio   Std. Err.      z    P>|z|     [95% Conf. Interval]
------------------------+----------------------------------------------------------------
                   age1 |   5.02e-18          .        .       .            .           .
                   age2 |   7.53e+58          .        .       .            .           .
                   age3 |   8.1e-186          .        .       .            .           .
                   male |   .0001727          .        .       .            .           .
1.chronic_liver_disease |   .4158238          .        .       .            .           .
-----------------------------------------------------------------------------------------
                                                             Stratified by stp
file ./output/models/an_univariable_cox_models_onscoviddeath_AGESPLSEX_chronic_liver_disease.ster saved
   1:     20.88 /        1 =      20.8750

---------------------------------------------------------------------------------------------------------------------------------------------------------------------------------
active results
---------------------------------------------------------------------------------------------------------------------------------------------------------------------------------

Stratified Cox regr. -- no ties

No. of subjects =      100,567                  Number of obs    =     100,567
No. of failures =            1
Time at risk    =      6536671
                                                LR chi2(0)       =       11.40
Log likelihood  =   -5.8197689                  Prob > chi2      =           .

-----------------------------------------------------------------------------------
               _t | Haz. Ratio   Std. Err.      z    P>|z|     [95% Conf. Interval]
------------------+----------------------------------------------------------------
             age1 |   5.29e-18          .        .       .            .           .
             age2 |   6.36e+58          .        .       .            .           .
             age3 |   1.2e-185          .        .       .            .           .
             male |   .0001687          .        .       .            .           .
1.stroke_dementia |   .0040918          .        .       .            .           .
-----------------------------------------------------------------------------------
                                                             Stratified by stp
file ./output/models/an_univariable_cox_models_onscoviddeath_AGESPLSEX_stroke_dementia.ster saved
   1:     19.94 /        1 =      19.9360
WARNING - other_neuro vs onscoviddeath MODEL DID NOT SUCCESSFULLY FIT
   1:      2.50 /        1 =       2.4970
WARNING - chronic_kidney_disease vs onscoviddeath MODEL DID NOT SUCCESSFULLY FIT
   1:      2.58 /        1 =       2.5850
WARNING - organ_transplant vs onscoviddeath MODEL DID NOT SUCCESSFULLY FIT
   1:      3.92 /        1 =       3.9250
WARNING - spleen vs onscoviddeath MODEL DID NOT SUCCESSFULLY FIT
   1:      3.95 /        1 =       3.9500

---------------------------------------------------------------------------------------------------------------------------------------------------------------------------------
active results
---------------------------------------------------------------------------------------------------------------------------------------------------------------------------------

Stratified Cox regr. -- no ties

No. of subjects =      100,567                  Number of obs    =     100,567
No. of failures =            1
Time at risk    =      6536671
                                                LR chi2(0)       =       11.45
Log likelihood  =   -5.7955207                  Prob > chi2      =           .

------------------------------------------------------------------------------------
                _t | Haz. Ratio   Std. Err.      z    P>|z|     [95% Conf. Interval]
-------------------+----------------------------------------------------------------
              age1 |   4.95e-18          .        .       .            .           .
              age2 |   8.24e+58          .        .       .            .           .
              age3 |   5.6e-186          .        .       .            .           .
              male |   .0001813          .        .       .            .           .
1.ra_sle_psoriasis |   .0002009          .        .       .            .           .
------------------------------------------------------------------------------------
                                                             Stratified by stp
file ./output/models/an_univariable_cox_models_onscoviddeath_AGESPLSEX_ra_sle_psoriasis.ster saved
   1:     18.62 /        1 =      18.6160

. 
. 
. 
. 
. * Close log file
. log close
      name:  <unnamed>
       log:  C:\Github\opencorona-risk-factors-research\analysis\output/an_univariable_cox_models.log
  log type:  text
 closed on:  23 Apr 2020, 13:08:20
---------------------------------------------------------------------------------------------------------------------------------------------------------------------------------
