-------------------------------------------------------------------------------
      name:  <unnamed>
       log:  E:\analyses\opencorona-risk-factors-research\analysis\output/an_de
> scriptive_tables.log
  log type:  text
 opened on:  22 Apr 2020, 08:43:12

. 
. use egdata, clear
(Poor factors dummy analysis dataset)

. 
. **********************************
. *  Distribution in whole cohort  *
. **********************************
. 
. 
. * Demographics
. summ age

    Variable |        Obs        Mean    Std. Dev.       Min        Max
-------------+---------------------------------------------------------
         age | 17,427,760    49.68858    18.70834         18        105

. tab agegroup

Grouped age |      Freq.     Percent        Cum.
------------+-----------------------------------
     18-<40 |  5,991,596       34.38       34.38
     40-<50 |  2,875,918       16.50       50.88
     50-<60 |  3,069,491       17.61       68.49
     60-<70 |  2,405,708       13.80       82.30
     70-<80 |  1,948,230       11.18       93.48
        80+ |  1,136,817        6.52      100.00
------------+-----------------------------------
      Total | 17,427,760      100.00

. tab male

       Male |      Freq.     Percent        Cum.
------------+-----------------------------------
          0 |  8,730,821       50.10       50.10
          1 |  8,696,939       49.90      100.00
------------+-----------------------------------
      Total | 17,427,760      100.00

. tab bmicat

         Grouped BMI |      Freq.     Percent        Cum.
---------------------+-----------------------------------
 Underweight (<18.5) |    313,165        2.29        2.29
  Normal (18.5-24.9) |  4,814,219       35.24       37.53
Overweight (25-29.9) |  4,729,468       34.62       72.15
   Obese I (30-34.9) |  2,406,945       17.62       89.77
  Obese II (35-39.9) |    930,573        6.81       96.58
     Obese III (40+) |    467,124        3.42      100.00
---------------------+-----------------------------------
               Total | 13,661,494      100.00

. tab bmicat, m

         Grouped BMI |      Freq.     Percent        Cum.
---------------------+-----------------------------------
 Underweight (<18.5) |    313,165        1.80        1.80
  Normal (18.5-24.9) |  4,814,219       27.62       29.42
Overweight (25-29.9) |  4,729,468       27.14       56.56
   Obese I (30-34.9) |  2,406,945       13.81       70.37
  Obese II (35-39.9) |    930,573        5.34       75.71
     Obese III (40+) |    467,124        2.68       78.39
        Unknown (.u) |  3,766,266       21.61      100.00
---------------------+-----------------------------------
               Total | 17,427,760      100.00

. tab smoke

     Smoking |
      status |      Freq.     Percent        Cum.
-------------+-----------------------------------
       Never |  5,225,538       33.77       33.77
      Former |  7,320,842       47.30       81.07
     Current |  2,929,669       18.93      100.00
-------------+-----------------------------------
       Total | 15,476,049      100.00

. tab smoke, m

     Smoking |
      status |      Freq.     Percent        Cum.
-------------+-----------------------------------
       Never |  5,225,538       29.98       29.98
      Former |  7,320,842       42.01       71.99
     Current |  2,929,669       16.81       88.80
Unknown (.u) |  1,951,711       11.20      100.00
-------------+-----------------------------------
       Total | 17,427,760      100.00

. 
. * Comorbidities
. tab chronic_respiratory_disease

Respiratory |
    disease |
     (excl. |
    asthma) |      Freq.     Percent        Cum.
------------+-----------------------------------
          0 | 16,716,449       95.92       95.92
          1 |    711,311        4.08      100.00
------------+-----------------------------------
      Total | 17,427,760      100.00

. tab asthma

     Asthma |      Freq.     Percent        Cum.
------------+-----------------------------------
          0 | 16,037,894       92.02       92.02
          1 |  1,389,866        7.98      100.00
------------+-----------------------------------
      Total | 17,427,760      100.00

. tab chronic_cardiac_disease

      Heart |
    disease |      Freq.     Percent        Cum.
------------+-----------------------------------
          0 | 16,254,406       93.27       93.27
          1 |  1,173,354        6.73      100.00
------------+-----------------------------------
      Total | 17,427,760      100.00

. tab diabetes

   Diabetes |      Freq.     Percent        Cum.
------------+-----------------------------------
          0 | 15,700,281       90.09       90.09
          1 |  1,727,479        9.91      100.00
------------+-----------------------------------
      Total | 17,427,760      100.00

. tab lung_cancer

Lung cancer |      Freq.     Percent        Cum.
------------+-----------------------------------
          0 | 17,398,046       99.83       99.83
          1 |     29,714        0.17      100.00
------------+-----------------------------------
      Total | 17,427,760      100.00

. tab haem_cancer

      Haem. |
     cancer |      Freq.     Percent        Cum.
------------+-----------------------------------
          0 | 17,327,304       99.42       99.42
          1 |    100,456        0.58      100.00
------------+-----------------------------------
      Total | 17,427,760      100.00

. tab other_cancer

 Any cancer |      Freq.     Percent        Cum.
------------+-----------------------------------
          0 | 16,586,469       95.17       95.17
          1 |    841,291        4.83      100.00
------------+-----------------------------------
      Total | 17,427,760      100.00

. tab cancer

     Cancer |
 other than |
haematologi |
cal in last |
       year |      Freq.     Percent        Cum.
------------+-----------------------------------
          0 | 17,347,495       99.54       99.54
          1 |     80,265        0.46      100.00
------------+-----------------------------------
      Total | 17,427,760      100.00

. tab chronic_liver_disease

      Liver |      Freq.     Percent        Cum.
------------+-----------------------------------
          0 | 17,313,498       99.34       99.34
          1 |    114,262        0.66      100.00
------------+-----------------------------------
      Total | 17,427,760      100.00

. tab chronic_kidney_disease

     Kidney |
    disease |      Freq.     Percent        Cum.
------------+-----------------------------------
          0 | 16,556,454       95.00       95.00
          1 |    871,306        5.00      100.00
------------+-----------------------------------
      Total | 17,427,760      100.00

. tab organ_transplant

      Organ |
 transplant |
  recipient |      Freq.     Percent        Cum.
------------+-----------------------------------
          0 | 17,407,634       99.88       99.88
          1 |     20,126        0.12      100.00
------------+-----------------------------------
      Total | 17,427,760      100.00

. tab dysplenia

  Dysplenia |      Freq.     Percent        Cum.
------------+-----------------------------------
          0 | 17,402,971       99.86       99.86
          1 |     24,789        0.14      100.00
------------+-----------------------------------
      Total | 17,427,760      100.00

. tab sickle_cell

Sickle cell |      Freq.     Percent        Cum.
------------+-----------------------------------
          0 | 17,424,196       99.98       99.98
          1 |      3,564        0.02      100.00
------------+-----------------------------------
      Total | 17,427,760      100.00

. tab spleen

     Spleen |
   problems |
(dysplenia, |
     sickle |
      cell) |      Freq.     Percent        Cum.
------------+-----------------------------------
          0 | 17,399,563       99.84       99.84
          1 |     28,197        0.16      100.00
------------+-----------------------------------
      Total | 17,427,760      100.00

. tab ra_sle_psoriasis

   RA, SLE, |
  Psoriasis |
(autoimmune |
   disease) |      Freq.     Percent        Cum.
------------+-----------------------------------
          0 | 16,542,407       94.92       94.92
          1 |    885,353        5.08      100.00
------------+-----------------------------------
      Total | 17,427,760      100.00

. tab immunosuppressed

Immunosuppr |
      essed |
(combinatio |
          n |
 algorithm) |      Freq.     Percent        Cum.
------------+-----------------------------------
          0 | 16,666,049       95.63       95.63
          1 |    761,711        4.37      100.00
------------+-----------------------------------
      Total | 17,427,760      100.00

. 
. tab bpcat

 Grouped blood |
      pressure |      Freq.     Percent        Cum.
---------------+-----------------------------------
        Normal |  5,599,030       32.13       32.13
      Elevated |  2,504,349       14.37       46.50
 High, stage I |  5,570,910       31.97       78.46
High, stage II |  3,753,471       21.54      100.00
---------------+-----------------------------------
         Total | 17,427,760      100.00

. 
. summ bp_sys,  detail

                   Systolic blood pressure
-------------------------------------------------------------
      Percentiles      Smallest
 1%            0          -1000
 5%            0             -1
10%           58             -1       Obs          17,427,760
25%          111             -1       Sum of Wgt.    17427760

50%          124                      Mean           114.4893
                        Largest       Std. Dev.      105.7925
75%          136         130130
90%          144         130170       Variance       11192.04
95%          150         136136       Skewness        936.805
99%          170         137137       Kurtosis        1087916

. summ bp_dias, detail

                  Diastolic blood pressure
-------------------------------------------------------------
      Percentiles      Smallest
 1%            0             -1
 5%            0             -1
10%     20.66667             -1       Obs          17,427,760
25%           68             -1       Sum of Wgt.    17427760

50%           75                      Mean           68.78598
                        Largest       Std. Dev.      33.02963
75%           81           7690
90%           88           9074       Variance       1090.957
95%           91          10378       Skewness       1129.639
99%          100          89147       Kurtosis        3036812

. 
. * Adjustment variables 
. tab imd 

   Index of |
   Multiple |
Deprivation |
      (IMD) |      Freq.     Percent        Cum.
------------+-----------------------------------
          1 |  3,344,883       19.35       19.35
          2 |  3,481,165       20.13       39.48
          3 |  3,484,444       20.15       59.63
          4 |  3,478,528       20.12       79.75
          5 |  3,500,389       20.25      100.00
------------+-----------------------------------
      Total | 17,289,409      100.00

. *tab ethnicity
. tab ethnicity, m

   Ethnicity |      Freq.     Percent        Cum.
-------------+-----------------------------------
       White |  5,224,138       29.98       29.98
       Black |  2,441,802       14.01       43.99
       Asian |    977,902        5.61       49.60
       Mixed |    877,870        5.04       54.64
       Other |    790,067        4.53       59.17
Unknown (.u) |  7,115,981       40.83      100.00
-------------+-----------------------------------
       Total | 17,427,760      100.00

. *tab urban
. 
. 
. * Outcomes
. tab died

 Death from |
   Covid-19 |      Freq.     Percent        Cum.
------------+-----------------------------------
          0 | 17,425,359       99.99       99.99
          1 |      2,401        0.01      100.00
------------+-----------------------------------
      Total | 17,427,760      100.00

. tab itu

Admitted to |
    ITU for |
   Covid-19 |      Freq.     Percent        Cum.
------------+-----------------------------------
          0 | 17,427,107      100.00      100.00
          1 |        653        0.00      100.00
------------+-----------------------------------
      Total | 17,427,760      100.00

. tab hosp

Hospitalise |
      d for |
   Covid-19 |      Freq.     Percent        Cum.
------------+-----------------------------------
          0 | 13,941,779       80.00       80.00
          1 |  3,485,981       20.00      100.00
------------+-----------------------------------
      Total | 17,427,760      100.00

. * tab compoutcome
. 
. 
. 
. **********************************
. *  Number (%) with each outcome  *
. **********************************
. 
. foreach outvar of varlist died hosp itu {
  2. 
. *** Repeat for each outcome
. 
.         * Demographics
.         tab agegroup                                                    `outv
> ar', row
  3.         tab male                                                          
>       `outvar', row
  4.         tab bmicat                                                        
>       `outvar', row m 
  5.         tab smoke                                                         
>       `outvar', row m
  6. 
.         * Comorbidities
.         tab chronic_respiratory_disease                 `outvar', row
  7.         tab asthma                                                        
>       `outvar', row
  8.         tab chronic_cardiac_disease                     `outvar', row
  9.         tab diabetes                                                    `o
> utvar', row
 10.         tab lung_cancer                                                 `o
> utvar', row
 11.         tab haem_cancer                                                 `o
> utvar', row
 12.         tab other_cancer                                                `o
> utvar', row
 13.         tab cancer                                                        
>       `outvar', row
 14.         tab chronic_liver_disease                               `outvar', 
> row
 15.         tab chronic_kidney_disease                              `outvar', 
> row
 16.         tab organ_transplant                                    `outvar', 
> row
 17.         tab spleen                                                        
>       `outvar', row
 18.         tab ra_sle_psoriasis                                    `outvar', 
> row
 19.         
.         * Adjustment variables 
.         tab imd                                                              
>    `outvar', row
 20.         *tab ethnicity                                                  `o
> utvar', row m
.         *tab urban                                                           
>    `outvar', row
. }

+----------------+
| Key            |
|----------------|
|   frequency    |
| row percentage |
+----------------+

   Grouped |  Death from Covid-19
       age |         0          1 |     Total
-----------+----------------------+----------
    18-<40 | 5,991,581         15 | 5,991,596 
           |    100.00       0.00 |    100.00 
-----------+----------------------+----------
    40-<50 | 2,875,880         38 | 2,875,918 
           |    100.00       0.00 |    100.00 
-----------+----------------------+----------
    50-<60 | 3,069,360        131 | 3,069,491 
           |    100.00       0.00 |    100.00 
-----------+----------------------+----------
    60-<70 | 2,405,407        301 | 2,405,708 
           |     99.99       0.01 |    100.00 
-----------+----------------------+----------
    70-<80 | 1,947,530        700 | 1,948,230 
           |     99.96       0.04 |    100.00 
-----------+----------------------+----------
       80+ | 1,135,601      1,216 | 1,136,817 
           |     99.89       0.11 |    100.00 
-----------+----------------------+----------
     Total |17,425,359      2,401 |17,427,760 
           |     99.99       0.01 |    100.00 

+----------------+
| Key            |
|----------------|
|   frequency    |
| row percentage |
+----------------+

           |  Death from Covid-19
      Male |         0          1 |     Total
-----------+----------------------+----------
         0 | 8,729,974        847 | 8,730,821 
           |     99.99       0.01 |    100.00 
-----------+----------------------+----------
         1 | 8,695,385      1,554 | 8,696,939 
           |     99.98       0.02 |    100.00 
-----------+----------------------+----------
     Total |17,425,359      2,401 |17,427,760 
           |     99.99       0.01 |    100.00 

+----------------+
| Key            |
|----------------|
|   frequency    |
| row percentage |
+----------------+

                     |  Death from Covid-19
         Grouped BMI |         0          1 |     Total
---------------------+----------------------+----------
 Underweight (<18.5) |   313,096         69 |   313,165 
                     |     99.98       0.02 |    100.00 
---------------------+----------------------+----------
  Normal (18.5-24.9) | 4,813,618        601 | 4,814,219 
                     |     99.99       0.01 |    100.00 
---------------------+----------------------+----------
Overweight (25-29.9) | 4,728,774        694 | 4,729,468 
                     |     99.99       0.01 |    100.00 
---------------------+----------------------+----------
   Obese I (30-34.9) | 2,406,435        510 | 2,406,945 
                     |     99.98       0.02 |    100.00 
---------------------+----------------------+----------
  Obese II (35-39.9) |   930,378        195 |   930,573 
                     |     99.98       0.02 |    100.00 
---------------------+----------------------+----------
     Obese III (40+) |   467,005        119 |   467,124 
                     |     99.97       0.03 |    100.00 
---------------------+----------------------+----------
        Unknown (.u) | 3,766,053        213 | 3,766,266 
                     |     99.99       0.01 |    100.00 
---------------------+----------------------+----------
               Total |17,425,359      2,401 |17,427,760 
                     |     99.99       0.01 |    100.00 

+----------------+
| Key            |
|----------------|
|   frequency    |
| row percentage |
+----------------+

     Smoking |  Death from Covid-19
      status |         0          1 |     Total
-------------+----------------------+----------
       Never | 5,224,803        735 | 5,225,538 
             |     99.99       0.01 |    100.00 
-------------+----------------------+----------
      Former | 7,319,848        994 | 7,320,842 
             |     99.99       0.01 |    100.00 
-------------+----------------------+----------
     Current | 2,929,259        410 | 2,929,669 
             |     99.99       0.01 |    100.00 
-------------+----------------------+----------
Unknown (.u) | 1,951,449        262 | 1,951,711 
             |     99.99       0.01 |    100.00 
-------------+----------------------+----------
       Total |17,425,359      2,401 |17,427,760 
             |     99.99       0.01 |    100.00 

+----------------+
| Key            |
|----------------|
|   frequency    |
| row percentage |
+----------------+

Respirator |
 y disease |
    (excl. |  Death from Covid-19
   asthma) |         0          1 |     Total
-----------+----------------------+----------
         0 |16,714,640      1,809 |16,716,449 
           |     99.99       0.01 |    100.00 
-----------+----------------------+----------
         1 |   710,719        592 |   711,311 
           |     99.92       0.08 |    100.00 
-----------+----------------------+----------
     Total |17,425,359      2,401 |17,427,760 
           |     99.99       0.01 |    100.00 

+----------------+
| Key            |
|----------------|
|   frequency    |
| row percentage |
+----------------+

           |  Death from Covid-19
    Asthma |         0          1 |     Total
-----------+----------------------+----------
         0 |16,035,806      2,088 |16,037,894 
           |     99.99       0.01 |    100.00 
-----------+----------------------+----------
         1 | 1,389,553        313 | 1,389,866 
           |     99.98       0.02 |    100.00 
-----------+----------------------+----------
     Total |17,425,359      2,401 |17,427,760 
           |     99.99       0.01 |    100.00 

+----------------+
| Key            |
|----------------|
|   frequency    |
| row percentage |
+----------------+

     Heart |  Death from Covid-19
   disease |         0          1 |     Total
-----------+----------------------+----------
         0 |16,252,896      1,510 |16,254,406 
           |     99.99       0.01 |    100.00 
-----------+----------------------+----------
         1 | 1,172,463        891 | 1,173,354 
           |     99.92       0.08 |    100.00 
-----------+----------------------+----------
     Total |17,425,359      2,401 |17,427,760 
           |     99.99       0.01 |    100.00 

+----------------+
| Key            |
|----------------|
|   frequency    |
| row percentage |
+----------------+

           |  Death from Covid-19
  Diabetes |         0          1 |     Total
-----------+----------------------+----------
         0 |15,698,916      1,365 |15,700,281 
           |     99.99       0.01 |    100.00 
-----------+----------------------+----------
         1 | 1,726,443      1,036 | 1,727,479 
           |     99.94       0.06 |    100.00 
-----------+----------------------+----------
     Total |17,425,359      2,401 |17,427,760 
           |     99.99       0.01 |    100.00 

+----------------+
| Key            |
|----------------|
|   frequency    |
| row percentage |
+----------------+

      Lung |  Death from Covid-19
    cancer |         0          1 |     Total
-----------+----------------------+----------
         0 |17,395,689      2,357 |17,398,046 
           |     99.99       0.01 |    100.00 
-----------+----------------------+----------
         1 |    29,670         44 |    29,714 
           |     99.85       0.15 |    100.00 
-----------+----------------------+----------
     Total |17,425,359      2,401 |17,427,760 
           |     99.99       0.01 |    100.00 

+----------------+
| Key            |
|----------------|
|   frequency    |
| row percentage |
+----------------+

     Haem. |  Death from Covid-19
    cancer |         0          1 |     Total
-----------+----------------------+----------
         0 |17,324,988      2,316 |17,327,304 
           |     99.99       0.01 |    100.00 
-----------+----------------------+----------
         1 |   100,371         85 |   100,456 
           |     99.92       0.08 |    100.00 
-----------+----------------------+----------
     Total |17,425,359      2,401 |17,427,760 
           |     99.99       0.01 |    100.00 

+----------------+
| Key            |
|----------------|
|   frequency    |
| row percentage |
+----------------+

           |  Death from Covid-19
Any cancer |         0          1 |     Total
-----------+----------------------+----------
         0 |16,584,436      2,033 |16,586,469 
           |     99.99       0.01 |    100.00 
-----------+----------------------+----------
         1 |   840,923        368 |   841,291 
           |     99.96       0.04 |    100.00 
-----------+----------------------+----------
     Total |17,425,359      2,401 |17,427,760 
           |     99.99       0.01 |    100.00 

+----------------+
| Key            |
|----------------|
|   frequency    |
| row percentage |
+----------------+

    Cancer |
other than |
haematolog |
   ical in |  Death from Covid-19
 last year |         0          1 |     Total
-----------+----------------------+----------
         0 |17,345,143      2,352 |17,347,495 
           |     99.99       0.01 |    100.00 
-----------+----------------------+----------
         1 |    80,216         49 |    80,265 
           |     99.94       0.06 |    100.00 
-----------+----------------------+----------
     Total |17,425,359      2,401 |17,427,760 
           |     99.99       0.01 |    100.00 

+----------------+
| Key            |
|----------------|
|   frequency    |
| row percentage |
+----------------+

           |  Death from Covid-19
     Liver |         0          1 |     Total
-----------+----------------------+----------
         0 |17,311,153      2,345 |17,313,498 
           |     99.99       0.01 |    100.00 
-----------+----------------------+----------
         1 |   114,206         56 |   114,262 
           |     99.95       0.05 |    100.00 
-----------+----------------------+----------
     Total |17,425,359      2,401 |17,427,760 
           |     99.99       0.01 |    100.00 

+----------------+
| Key            |
|----------------|
|   frequency    |
| row percentage |
+----------------+

    Kidney |  Death from Covid-19
   disease |         0          1 |     Total
-----------+----------------------+----------
         0 |16,554,156      2,298 |16,556,454 
           |     99.99       0.01 |    100.00 
-----------+----------------------+----------
         1 |   871,203        103 |   871,306 
           |     99.99       0.01 |    100.00 
-----------+----------------------+----------
     Total |17,425,359      2,401 |17,427,760 
           |     99.99       0.01 |    100.00 

+----------------+
| Key            |
|----------------|
|   frequency    |
| row percentage |
+----------------+

     Organ |
transplant |  Death from Covid-19
 recipient |         0          1 |     Total
-----------+----------------------+----------
         0 |17,405,248      2,386 |17,407,634 
           |     99.99       0.01 |    100.00 
-----------+----------------------+----------
         1 |    20,111         15 |    20,126 
           |     99.93       0.07 |    100.00 
-----------+----------------------+----------
     Total |17,425,359      2,401 |17,427,760 
           |     99.99       0.01 |    100.00 

+----------------+
| Key            |
|----------------|
|   frequency    |
| row percentage |
+----------------+

    Spleen |
  problems |
(dysplenia |
  , sickle |  Death from Covid-19
     cell) |         0          1 |     Total
-----------+----------------------+----------
         0 |17,397,176      2,387 |17,399,563 
           |     99.99       0.01 |    100.00 
-----------+----------------------+----------
         1 |    28,183         14 |    28,197 
           |     99.95       0.05 |    100.00 
-----------+----------------------+----------
     Total |17,425,359      2,401 |17,427,760 
           |     99.99       0.01 |    100.00 

+----------------+
| Key            |
|----------------|
|   frequency    |
| row percentage |
+----------------+

  RA, SLE, |
 Psoriasis |
(autoimmun |  Death from Covid-19
e disease) |         0          1 |     Total
-----------+----------------------+----------
         0 |16,540,245      2,162 |16,542,407 
           |     99.99       0.01 |    100.00 
-----------+----------------------+----------
         1 |   885,114        239 |   885,353 
           |     99.97       0.03 |    100.00 
-----------+----------------------+----------
     Total |17,425,359      2,401 |17,427,760 
           |     99.99       0.01 |    100.00 

+----------------+
| Key            |
|----------------|
|   frequency    |
| row percentage |
+----------------+

  Index of |
  Multiple |
Deprivatio |  Death from Covid-19
   n (IMD) |         0          1 |     Total
-----------+----------------------+----------
         1 | 3,344,362        521 | 3,344,883 
           |     99.98       0.02 |    100.00 
-----------+----------------------+----------
         2 | 3,480,641        524 | 3,481,165 
           |     99.98       0.02 |    100.00 
-----------+----------------------+----------
         3 | 3,483,982        462 | 3,484,444 
           |     99.99       0.01 |    100.00 
-----------+----------------------+----------
         4 | 3,478,090        438 | 3,478,528 
           |     99.99       0.01 |    100.00 
-----------+----------------------+----------
         5 | 3,499,947        442 | 3,500,389 
           |     99.99       0.01 |    100.00 
-----------+----------------------+----------
     Total |17,287,022      2,387 |17,289,409 
           |     99.99       0.01 |    100.00 

+----------------+
| Key            |
|----------------|
|   frequency    |
| row percentage |
+----------------+

           |   Hospitalised for
   Grouped |       Covid-19
       age |         0          1 |     Total
-----------+----------------------+----------
    18-<40 | 4,792,794  1,198,802 | 5,991,596 
           |     79.99      20.01 |    100.00 
-----------+----------------------+----------
    40-<50 | 2,300,588    575,330 | 2,875,918 
           |     79.99      20.01 |    100.00 
-----------+----------------------+----------
    50-<60 | 2,455,746    613,745 | 3,069,491 
           |     80.00      20.00 |    100.00 
-----------+----------------------+----------
    60-<70 | 1,924,487    481,221 | 2,405,708 
           |     80.00      20.00 |    100.00 
-----------+----------------------+----------
    70-<80 | 1,558,792    389,438 | 1,948,230 
           |     80.01      19.99 |    100.00 
-----------+----------------------+----------
       80+ |   909,372    227,445 | 1,136,817 
           |     79.99      20.01 |    100.00 
-----------+----------------------+----------
     Total |13,941,779  3,485,981 |17,427,760 
           |     80.00      20.00 |    100.00 

+----------------+
| Key            |
|----------------|
|   frequency    |
| row percentage |
+----------------+

           |   Hospitalised for
           |       Covid-19
      Male |         0          1 |     Total
-----------+----------------------+----------
         0 | 6,982,763  1,748,058 | 8,730,821 
           |     79.98      20.02 |    100.00 
-----------+----------------------+----------
         1 | 6,959,016  1,737,923 | 8,696,939 
           |     80.02      19.98 |    100.00 
-----------+----------------------+----------
     Total |13,941,779  3,485,981 |17,427,760 
           |     80.00      20.00 |    100.00 

+----------------+
| Key            |
|----------------|
|   frequency    |
| row percentage |
+----------------+

                     |   Hospitalised for
                     |       Covid-19
         Grouped BMI |         0          1 |     Total
---------------------+----------------------+----------
 Underweight (<18.5) |   250,825     62,340 |   313,165 
                     |     80.09      19.91 |    100.00 
---------------------+----------------------+----------
  Normal (18.5-24.9) | 3,849,474    964,745 | 4,814,219 
                     |     79.96      20.04 |    100.00 
---------------------+----------------------+----------
Overweight (25-29.9) | 3,784,791    944,677 | 4,729,468 
                     |     80.03      19.97 |    100.00 
---------------------+----------------------+----------
   Obese I (30-34.9) | 1,924,825    482,120 | 2,406,945 
                     |     79.97      20.03 |    100.00 
---------------------+----------------------+----------
  Obese II (35-39.9) |   744,870    185,703 |   930,573 
                     |     80.04      19.96 |    100.00 
---------------------+----------------------+----------
     Obese III (40+) |   373,718     93,406 |   467,124 
                     |     80.00      20.00 |    100.00 
---------------------+----------------------+----------
        Unknown (.u) | 3,013,276    752,990 | 3,766,266 
                     |     80.01      19.99 |    100.00 
---------------------+----------------------+----------
               Total |13,941,779  3,485,981 |17,427,760 
                     |     80.00      20.00 |    100.00 

+----------------+
| Key            |
|----------------|
|   frequency    |
| row percentage |
+----------------+

             |   Hospitalised for
     Smoking |       Covid-19
      status |         0          1 |     Total
-------------+----------------------+----------
       Never | 4,178,737  1,046,801 | 5,225,538 
             |     79.97      20.03 |    100.00 
-------------+----------------------+----------
      Former | 5,857,802  1,463,040 | 7,320,842 
             |     80.02      19.98 |    100.00 
-------------+----------------------+----------
     Current | 2,343,538    586,131 | 2,929,669 
             |     79.99      20.01 |    100.00 
-------------+----------------------+----------
Unknown (.u) | 1,561,702    390,009 | 1,951,711 
             |     80.02      19.98 |    100.00 
-------------+----------------------+----------
       Total |13,941,779  3,485,981 |17,427,760 
             |     80.00      20.00 |    100.00 

+----------------+
| Key            |
|----------------|
|   frequency    |
| row percentage |
+----------------+

Respirator |
 y disease |   Hospitalised for
    (excl. |       Covid-19
   asthma) |         0          1 |     Total
-----------+----------------------+----------
         0 |13,372,843  3,343,606 |16,716,449 
           |     80.00      20.00 |    100.00 
-----------+----------------------+----------
         1 |   568,936    142,375 |   711,311 
           |     79.98      20.02 |    100.00 
-----------+----------------------+----------
     Total |13,941,779  3,485,981 |17,427,760 
           |     80.00      20.00 |    100.00 

+----------------+
| Key            |
|----------------|
|   frequency    |
| row percentage |
+----------------+

           |   Hospitalised for
           |       Covid-19
    Asthma |         0          1 |     Total
-----------+----------------------+----------
         0 |12,829,758  3,208,136 |16,037,894 
           |     80.00      20.00 |    100.00 
-----------+----------------------+----------
         1 | 1,112,021    277,845 | 1,389,866 
           |     80.01      19.99 |    100.00 
-----------+----------------------+----------
     Total |13,941,779  3,485,981 |17,427,760 
           |     80.00      20.00 |    100.00 

+----------------+
| Key            |
|----------------|
|   frequency    |
| row percentage |
+----------------+

           |   Hospitalised for
     Heart |       Covid-19
   disease |         0          1 |     Total
-----------+----------------------+----------
         0 |13,003,178  3,251,228 |16,254,406 
           |     80.00      20.00 |    100.00 
-----------+----------------------+----------
         1 |   938,601    234,753 | 1,173,354 
           |     79.99      20.01 |    100.00 
-----------+----------------------+----------
     Total |13,941,779  3,485,981 |17,427,760 
           |     80.00      20.00 |    100.00 

+----------------+
| Key            |
|----------------|
|   frequency    |
| row percentage |
+----------------+

           |   Hospitalised for
           |       Covid-19
  Diabetes |         0          1 |     Total
-----------+----------------------+----------
         0 |12,559,298  3,140,983 |15,700,281 
           |     79.99      20.01 |    100.00 
-----------+----------------------+----------
         1 | 1,382,481    344,998 | 1,727,479 
           |     80.03      19.97 |    100.00 
-----------+----------------------+----------
     Total |13,941,779  3,485,981 |17,427,760 
           |     80.00      20.00 |    100.00 

+----------------+
| Key            |
|----------------|
|   frequency    |
| row percentage |
+----------------+

           |   Hospitalised for
      Lung |       Covid-19
    cancer |         0          1 |     Total
-----------+----------------------+----------
         0 |13,917,985  3,480,061 |17,398,046 
           |     80.00      20.00 |    100.00 
-----------+----------------------+----------
         1 |    23,794      5,920 |    29,714 
           |     80.08      19.92 |    100.00 
-----------+----------------------+----------
     Total |13,941,779  3,485,981 |17,427,760 
           |     80.00      20.00 |    100.00 

+----------------+
| Key            |
|----------------|
|   frequency    |
| row percentage |
+----------------+

           |   Hospitalised for
     Haem. |       Covid-19
    cancer |         0          1 |     Total
-----------+----------------------+----------
         0 |13,861,201  3,466,103 |17,327,304 
           |     80.00      20.00 |    100.00 
-----------+----------------------+----------
         1 |    80,578     19,878 |   100,456 
           |     80.21      19.79 |    100.00 
-----------+----------------------+----------
     Total |13,941,779  3,485,981 |17,427,760 
           |     80.00      20.00 |    100.00 

+----------------+
| Key            |
|----------------|
|   frequency    |
| row percentage |
+----------------+

           |   Hospitalised for
           |       Covid-19
Any cancer |         0          1 |     Total
-----------+----------------------+----------
         0 |13,269,023  3,317,446 |16,586,469 
           |     80.00      20.00 |    100.00 
-----------+----------------------+----------
         1 |   672,756    168,535 |   841,291 
           |     79.97      20.03 |    100.00 
-----------+----------------------+----------
     Total |13,941,779  3,485,981 |17,427,760 
           |     80.00      20.00 |    100.00 

+----------------+
| Key            |
|----------------|
|   frequency    |
| row percentage |
+----------------+

    Cancer |
other than |
haematolog |   Hospitalised for
   ical in |       Covid-19
 last year |         0          1 |     Total
-----------+----------------------+----------
         0 |13,877,443  3,470,052 |17,347,495 
           |     80.00      20.00 |    100.00 
-----------+----------------------+----------
         1 |    64,336     15,929 |    80,265 
           |     80.15      19.85 |    100.00 
-----------+----------------------+----------
     Total |13,941,779  3,485,981 |17,427,760 
           |     80.00      20.00 |    100.00 

+----------------+
| Key            |
|----------------|
|   frequency    |
| row percentage |
+----------------+

           |   Hospitalised for
           |       Covid-19
     Liver |         0          1 |     Total
-----------+----------------------+----------
         0 |13,850,484  3,463,014 |17,313,498 
           |     80.00      20.00 |    100.00 
-----------+----------------------+----------
         1 |    91,295     22,967 |   114,262 
           |     79.90      20.10 |    100.00 
-----------+----------------------+----------
     Total |13,941,779  3,485,981 |17,427,760 
           |     80.00      20.00 |    100.00 

+----------------+
| Key            |
|----------------|
|   frequency    |
| row percentage |
+----------------+

           |   Hospitalised for
    Kidney |       Covid-19
   disease |         0          1 |     Total
-----------+----------------------+----------
         0 |13,244,456  3,311,998 |16,556,454 
           |     80.00      20.00 |    100.00 
-----------+----------------------+----------
         1 |   697,323    173,983 |   871,306 
           |     80.03      19.97 |    100.00 
-----------+----------------------+----------
     Total |13,941,779  3,485,981 |17,427,760 
           |     80.00      20.00 |    100.00 

+----------------+
| Key            |
|----------------|
|   frequency    |
| row percentage |
+----------------+

     Organ |   Hospitalised for
transplant |       Covid-19
 recipient |         0          1 |     Total
-----------+----------------------+----------
         0 |13,925,750  3,481,884 |17,407,634 
           |     80.00      20.00 |    100.00 
-----------+----------------------+----------
         1 |    16,029      4,097 |    20,126 
           |     79.64      20.36 |    100.00 
-----------+----------------------+----------
     Total |13,941,779  3,485,981 |17,427,760 
           |     80.00      20.00 |    100.00 

+----------------+
| Key            |
|----------------|
|   frequency    |
| row percentage |
+----------------+

    Spleen |
  problems |
(dysplenia |   Hospitalised for
  , sickle |       Covid-19
     cell) |         0          1 |     Total
-----------+----------------------+----------
         0 |13,919,181  3,480,382 |17,399,563 
           |     80.00      20.00 |    100.00 
-----------+----------------------+----------
         1 |    22,598      5,599 |    28,197 
           |     80.14      19.86 |    100.00 
-----------+----------------------+----------
     Total |13,941,779  3,485,981 |17,427,760 
           |     80.00      20.00 |    100.00 

+----------------+
| Key            |
|----------------|
|   frequency    |
| row percentage |
+----------------+

  RA, SLE, |
 Psoriasis |   Hospitalised for
(autoimmun |       Covid-19
e disease) |         0          1 |     Total
-----------+----------------------+----------
         0 |13,233,588  3,308,819 |16,542,407 
           |     80.00      20.00 |    100.00 
-----------+----------------------+----------
         1 |   708,191    177,162 |   885,353 
           |     79.99      20.01 |    100.00 
-----------+----------------------+----------
     Total |13,941,779  3,485,981 |17,427,760 
           |     80.00      20.00 |    100.00 

+----------------+
| Key            |
|----------------|
|   frequency    |
| row percentage |
+----------------+

  Index of |
  Multiple |   Hospitalised for
Deprivatio |       Covid-19
   n (IMD) |         0          1 |     Total
-----------+----------------------+----------
         1 | 2,675,542    669,341 | 3,344,883 
           |     79.99      20.01 |    100.00 
-----------+----------------------+----------
         2 | 2,784,666    696,499 | 3,481,165 
           |     79.99      20.01 |    100.00 
-----------+----------------------+----------
         3 | 2,788,219    696,225 | 3,484,444 
           |     80.02      19.98 |    100.00 
-----------+----------------------+----------
         4 | 2,781,980    696,548 | 3,478,528 
           |     79.98      20.02 |    100.00 
-----------+----------------------+----------
         5 | 2,800,433    699,956 | 3,500,389 
           |     80.00      20.00 |    100.00 
-----------+----------------------+----------
     Total |13,830,840  3,458,569 |17,289,409 
           |     80.00      20.00 |    100.00 

+----------------+
| Key            |
|----------------|
|   frequency    |
| row percentage |
+----------------+

           |  Admitted to ITU for
   Grouped |       Covid-19
       age |         0          1 |     Total
-----------+----------------------+----------
    18-<40 | 5,991,548         48 | 5,991,596 
           |    100.00       0.00 |    100.00 
-----------+----------------------+----------
    40-<50 | 2,875,850         68 | 2,875,918 
           |    100.00       0.00 |    100.00 
-----------+----------------------+----------
    50-<60 | 3,069,321        170 | 3,069,491 
           |     99.99       0.01 |    100.00 
-----------+----------------------+----------
    60-<70 | 2,405,515        193 | 2,405,708 
           |     99.99       0.01 |    100.00 
-----------+----------------------+----------
    70-<80 | 1,948,084        146 | 1,948,230 
           |     99.99       0.01 |    100.00 
-----------+----------------------+----------
       80+ | 1,136,789         28 | 1,136,817 
           |    100.00       0.00 |    100.00 
-----------+----------------------+----------
     Total |17,427,107        653 |17,427,760 
           |    100.00       0.00 |    100.00 

+----------------+
| Key            |
|----------------|
|   frequency    |
| row percentage |
+----------------+

           |  Admitted to ITU for
           |       Covid-19
      Male |         0          1 |     Total
-----------+----------------------+----------
         0 | 8,730,657        164 | 8,730,821 
           |    100.00       0.00 |    100.00 
-----------+----------------------+----------
         1 | 8,696,450        489 | 8,696,939 
           |     99.99       0.01 |    100.00 
-----------+----------------------+----------
     Total |17,427,107        653 |17,427,760 
           |    100.00       0.00 |    100.00 

+----------------+
| Key            |
|----------------|
|   frequency    |
| row percentage |
+----------------+

###############################
BMI redacted due to low numbers
###############################


+----------------+
| Key            |
|----------------|
|   frequency    |
| row percentage |
+----------------+

             |  Admitted to ITU for
     Smoking |       Covid-19
      status |         0          1 |     Total
-------------+----------------------+----------
       Never | 5,225,340        198 | 5,225,538 
             |    100.00       0.00 |    100.00 
-------------+----------------------+----------
      Former | 7,320,550        292 | 7,320,842 
             |    100.00       0.00 |    100.00 
-------------+----------------------+----------
     Current | 2,929,578         91 | 2,929,669 
             |    100.00       0.00 |    100.00 
-------------+----------------------+----------
Unknown (.u) | 1,951,639         72 | 1,951,711 
             |    100.00       0.00 |    100.00 
-------------+----------------------+----------
       Total |17,427,107        653 |17,427,760 
             |    100.00       0.00 |    100.00 

+----------------+
| Key            |
|----------------|
|   frequency    |
| row percentage |
+----------------+

Respirator |
 y disease |  Admitted to ITU for
    (excl. |       Covid-19
   asthma) |         0          1 |     Total
-----------+----------------------+----------
         0 |16,715,858        591 |16,716,449 
           |    100.00       0.00 |    100.00 
-----------+----------------------+----------
         1 |   711,249         62 |   711,311 
           |     99.99       0.01 |    100.00 
-----------+----------------------+----------
     Total |17,427,107        653 |17,427,760 
           |    100.00       0.00 |    100.00 

+----------------+
| Key            |
|----------------|
|   frequency    |
| row percentage |
+----------------+

           |  Admitted to ITU for
           |       Covid-19
    Asthma |         0          1 |     Total
-----------+----------------------+----------
         0 |16,037,339        555 |16,037,894 
           |    100.00       0.00 |    100.00 
-----------+----------------------+----------
         1 | 1,389,768         98 | 1,389,866 
           |     99.99       0.01 |    100.00 
-----------+----------------------+----------
     Total |17,427,107        653 |17,427,760 
           |    100.00       0.00 |    100.00 

+----------------+
| Key            |
|----------------|
|   frequency    |
| row percentage |
+----------------+

           |  Admitted to ITU for
     Heart |       Covid-19
   disease |         0          1 |     Total
-----------+----------------------+----------
         0 |16,253,847        559 |16,254,406 
           |    100.00       0.00 |    100.00 
-----------+----------------------+----------
         1 | 1,173,260         94 | 1,173,354 
           |     99.99       0.01 |    100.00 
-----------+----------------------+----------
     Total |17,427,107        653 |17,427,760 
           |    100.00       0.00 |    100.00 

+----------------+
| Key            |
|----------------|
|   frequency    |
| row percentage |
+----------------+

           |  Admitted to ITU for
           |       Covid-19
  Diabetes |         0          1 |     Total
-----------+----------------------+----------
         0 |15,699,838        443 |15,700,281 
           |    100.00       0.00 |    100.00 
-----------+----------------------+----------
         1 | 1,727,269        210 | 1,727,479 
           |     99.99       0.01 |    100.00 
-----------+----------------------+----------
     Total |17,427,107        653 |17,427,760 
           |    100.00       0.00 |    100.00 

+----------------+
| Key            |
|----------------|
|   frequency    |
| row percentage |
+----------------+

#######################################
Lung cancer redacted due to low numbers
#######################################

+----------------+
| Key            |
|----------------|
|   frequency    |
| row percentage |
+----------------+

           |  Admitted to ITU for
     Haem. |       Covid-19
    cancer |         0          1 |     Total
-----------+----------------------+----------
         0 |17,326,666        638 |17,327,304 
           |    100.00       0.00 |    100.00 
-----------+----------------------+----------
         1 |   100,441         15 |   100,456 
           |     99.99       0.01 |    100.00 
-----------+----------------------+----------
     Total |17,427,107        653 |17,427,760 
           |    100.00       0.00 |    100.00 

+----------------+
| Key            |
|----------------|
|   frequency    |
| row percentage |
+----------------+

           |  Admitted to ITU for
           |       Covid-19
Any cancer |         0          1 |     Total
-----------+----------------------+----------
         0 |16,585,866        603 |16,586,469 
           |    100.00       0.00 |    100.00 
-----------+----------------------+----------
         1 |   841,241         50 |   841,291 
           |     99.99       0.01 |    100.00 
-----------+----------------------+----------
     Total |17,427,107        653 |17,427,760 
           |    100.00       0.00 |    100.00 

+----------------+
| Key            |
|----------------|
|   frequency    |
| row percentage |
+----------------+

##################################################
Cancer other than haem redacted due to low numbers
##################################################

+----------------+
| Key            |
|----------------|
|   frequency    |
| row percentage |
+----------------+

#################################
Liver redacted due to low numbers
#################################

+----------------+
| Key            |
|----------------|
|   frequency    |
| row percentage |
+----------------+

           |  Admitted to ITU for
    Kidney |       Covid-19
   disease |         0          1 |     Total
-----------+----------------------+----------
         0 |16,555,832        622 |16,556,454 
           |    100.00       0.00 |    100.00 
-----------+----------------------+----------
         1 |   871,275         31 |   871,306 
           |    100.00       0.00 |    100.00 
-----------+----------------------+----------
     Total |17,427,107        653 |17,427,760 
           |    100.00       0.00 |    100.00 

+----------------+
| Key            |
|----------------|
|   frequency    |
| row percentage |
+----------------+

############################################
Organ transplant redacted due to low numbers
############################################

+----------------+
| Key            |
|----------------|
|   frequency    |
| row percentage |
+----------------+

##################################
Spleen redacted due to low numbers
##################################

+----------------+
| Key            |
|----------------|
|   frequency    |
| row percentage |
+----------------+

  RA, SLE, |
 Psoriasis |  Admitted to ITU for
(autoimmun |       Covid-19
e disease) |         0          1 |     Total
-----------+----------------------+----------
         0 |16,541,805        602 |16,542,407 
           |    100.00       0.00 |    100.00 
-----------+----------------------+----------
         1 |   885,302         51 |   885,353 
           |     99.99       0.01 |    100.00 
-----------+----------------------+----------
     Total |17,427,107        653 |17,427,760 
           |    100.00       0.00 |    100.00 

+----------------+
| Key            |
|----------------|
|   frequency    |
| row percentage |
+----------------+

  Index of |
  Multiple |  Admitted to ITU for
Deprivatio |       Covid-19
   n (IMD) |         0          1 |     Total
-----------+----------------------+----------
         1 | 3,344,754        129 | 3,344,883 
           |    100.00       0.00 |    100.00 
-----------+----------------------+----------
         2 | 3,481,013        152 | 3,481,165 
           |    100.00       0.00 |    100.00 
-----------+----------------------+----------
         3 | 3,484,313        131 | 3,484,444 
           |    100.00       0.00 |    100.00 
-----------+----------------------+----------
         4 | 3,478,423        105 | 3,478,528 
           |    100.00       0.00 |    100.00 
-----------+----------------------+----------
         5 | 3,500,254        135 | 3,500,389 
           |    100.00       0.00 |    100.00 
-----------+----------------------+----------
     Total |17,288,757        652 |17,289,409 
           |    100.00       0.00 |    100.00 

. 
. 
. 
. * Close the log file
. log close
      name:  <unnamed>
       log:  E:\analyses\opencorona-risk-factors-research\analysis\output/an_de
> scriptive_tables.log
  log type:  text
 closed on:  22 Apr 2020, 08:48:20
-------------------------------------------------------------------------------
